
<!DOCTYPE html>
<html>


<head>
	<meta charset='UTF-8' /> 
	<meta name='description' content='' />
	<meta name='robots' content='noodp, noydir' />
	<meta name='viewport' content='width=device-width, initial-scale=1' />
	<meta id="timeStampFormat" name="timeStampFormat" content='MMM d, yyyy hh:mm:ss a'/>
	
	<link href='https://fonts.googleapis.com/css?family=Source+Sans+Pro:400,600' rel='stylesheet' type='text/css' />
	<link href="https://fonts.googleapis.com/icon?family=Material+Icons" rel="stylesheet" />

		<link href='https://cdn.rawgit.com/anshooarora/extentreports-java/b4a58fcfd1e137bd9287244035a7c80d3d73b3af/dist/css/extent.css' type='text/css' rel='stylesheet' />
	
	<title>E-Learning</title>

	<style type='text/css'>
			
            
                
            
		
	</style>
</head>

	<body class='extent dark default hide-overflow '>
		<div id='theme-selector' alt='Click to toggle theme. To enable by default, use theme configuration.' title='Click to toggle theme. To enable by default, use theme configuration.'>
			<span><i class='material-icons'>desktop_windows</i></span>
		</div>

<nav>
	<div class="nav-wrapper">
		<a href="#!" class="brand-logo blue darken-3">Extent</a>

		<!-- slideout menu -->
		<ul id='slide-out' class='side-nav fixed hide-on-med-and-down'>
			<li class='waves-effect active'><a href='#!' view='test-view' onclick="configureView(0);chartsView('test');"><i class='material-icons'>dashboard</i></a></li>
						<li class='waves-effect'><a href='#!' view='exception-view' onclick="configureView(2)"><i class='material-icons'>bug_report</i></a></li>
			<li class='waves-effect'><a href='#!' onclick="configureView(-1);chartsView('dashboard');" view='dashboard-view'><i class='material-icons'>track_changes</i></i></a></li>
		</ul>

		<!-- report name -->
		<span class='report-name'>Tata Studi Automation Report - Milestone 1</span>
		
		<!-- report headline -->
		<span class='report-headline'></span>

		<!-- nav-right -->
		<ul id='nav-mobile' class='right hide-on-med-and-down nav-right'>
			<li>
                <a href='#!'>
                    <span class='label suite-start-time blue darken-3'>Feb 3, 2021 01:54:46 PM</span>
				</a>
			</li>
			<li>
                <a href='#!'>
                    <span class='label blue darken-3'>3.1.5</span>
				</a>
			</li>
		</ul>
	</div>
</nav>

		<!-- container -->
		<div class='container'>

<div id='test-view' class='view'>
				
	<section id='controls'>
		<div class='controls grey lighten-4'>
			<!-- test toggle -->
			<div class='chip transparent'>
				<a class='dropdown-button tests-toggle' data-activates='tests-toggle' data-constrainwidth='true' data-beloworigin='true' data-hover='true' href='#'>
					<i class='material-icons'>warning</i> Status
				</a>
				<ul id='tests-toggle' class='dropdown-content'>
											<li status='pass'><a href='#!'>Pass <i class='material-icons green-text'>check_circle</i></a></li>
						<li status='fail'><a href='#!'>Fail <i class='material-icons red-text'>cancel</i></a></li>
					<li class='divider'></li>
					<li status='clear' clear='true'><a href='#!'>Clear Filters <i class='material-icons'>clear</i></a></li>
				</ul>
			</div>
			<!-- test toggle -->

			<!-- category toggle -->
			<!-- category toggle -->

			<!-- clear filters -->
			<div class='chip transparent hide'>
				<a class='' id='clear-filters' alt='Clear Filters' title='Clear Filters'>
					<i class='material-icons'>close</i> Clear
				</a>
			</div>
			<!-- clear filters -->

			<!-- enable dashboard -->
			<div id='toggle-test-view-charts' class='chip transparent'>
				<a class='pink-text' id='enable-dashboard' alt='Enable Dashboard' title='Enable Dashboard'>
					<i class='material-icons'>track_changes</i> Dashboard
				</a>
			</div>
			<!-- enable dashboard -->

			<!-- search -->
			<div class='chip transparent' alt='Search Tests' title='Search Tests'>
				<a href="#" class='search-div'>
					<i class='material-icons'>search</i> Search
				</a>

				<div class='input-field left hide'>
					<input id='search-tests' type='text' class='validate browser-default' placeholder='Search Tests...'>
				</div>
				
			</div>
			<!-- search -->
		</div>
	</section>


<div id='test-view-charts' class='subview-full'>
	<div id='charts-row' class='row nm-v nm-h'>
		<div class='col s12 m6 l6 np-h'>
			<div class='card-panel nm-v'>
				<div class='left panel-name'>Tests</div>
				<div class='chart-box'>
					<canvas id='parent-analysis' width='100' height='80'></canvas>
				</div>
				<div class='block text-small'>
					<span class='tooltipped' data-position='top' data-tooltip='60.606%'><span class='strong'>20</span> test(s) passed</span>
				</div>
				<div class='block text-small'>
					<span class='strong tooltipped' data-position='top' data-tooltip='39.394%'>13</span> test(s) failed, <span class='strong tooltipped' data-position='top' data-tooltip='0%'>0</span> others
				</div>
			</div>
		</div>
		
		<div class='col s12 m6 l6 np-h'>
			<div class='card-panel nm-v'>
				<div class='left panel-name'>Steps</div>
				<div class='chart-box'>
					<canvas id='child-analysis' width='100' height='80'></canvas>
				</div>
				<div class='block text-small'>
					<span class='tooltipped' data-position='top' data-tooltip='8.386%'><span class='strong'>40</span> step(s) passed</span>
				</div>
				<div class='block text-small'>
					<span class='strong tooltipped' data-position='top' data-tooltip='10.901%'>52</span> step(s) failed, <span class='strong tooltipped' data-position='top' data-tooltip='80.713%'>385</span> others
				</div>
			</div>
		</div>
		
	</div>
</div>

	<div class='subview-left left'>
		
		<div class='view-summary'>
			<h5>Tests</h5>
			<ul id='test-collection' class='test-collection'>
				
				
				<li class='test displayed active  pass' status='pass' bdd='false' test-id='2'>
					<div class='test-heading'>
						<span class='test-name'>TC01_Verify_MCQ_Questions_In_Revision</span>
						<span class='test-time'>Feb 3, 2021 01:56:06 PM</span>
						<span class='test-status right pass'>pass</span>
					</div>
					<div class='test-content hide'>
<div class='test-time-info'>
	<span class='label start-time'>Feb 3, 2021 01:56:06 PM</span>
	<span class='label end-time'>Feb 3, 2021 01:56:44 PM</span>
	<span class='label time-taken grey lighten-1 white-text'>0h 0m 37s+810ms</span>
</div>
	<div class='test-steps'>
		<table class='bordered table-results'>
			<thead>
				<tr>
					<th>Status</th>
					<th>Timestamp</th>
					<th>Details</th>
				</tr>
			</thead>
			<tbody>
				<tr class='log' status='info'>
					<td class='status info' title='info' alt='info'><i class='material-icons'>info_outline</i></td>
					<td class='timestamp'>1:56:06 PM</td>
					<td class='step-details'>On Test Start : TC01_Verify_MCQ_Questions_In_Revision</td>
				</tr>
				<tr class='log' status='info'>
					<td class='status info' title='info' alt='info'><i class='material-icons'>info_outline</i></td>
					<td class='timestamp'>1:56:10 PM</td>
					<td class='step-details'>Open Test Unit</td>
				</tr>
				<tr class='log' status='info'>
					<td class='status info' title='info' alt='info'><i class='material-icons'>info_outline</i></td>
					<td class='timestamp'>1:56:11 PM</td>
					<td class='step-details'>A New Law</td>
				</tr>
				<tr class='log' status='info'>
					<td class='status info' title='info' alt='info'><i class='material-icons'>info_outline</i></td>
					<td class='timestamp'>1:56:15 PM</td>
					<td class='step-details'>Opening Revision in Test Unit</td>
				</tr>
				<tr class='log' status='info'>
					<td class='status info' title='info' alt='info'><i class='material-icons'>info_outline</i></td>
					<td class='timestamp'>1:56:18 PM</td>
					<td class='step-details'>Video started</td>
				</tr>
				<tr class='log' status='info'>
					<td class='status info' title='info' alt='info'><i class='material-icons'>info_outline</i></td>
					<td class='timestamp'>1:56:30 PM</td>
					<td class='step-details'>Total questions : 6</td>
				</tr>
				<tr class='log' status='info'>
					<td class='status info' title='info' alt='info'><i class='material-icons'>info_outline</i></td>
					<td class='timestamp'>1:56:33 PM</td>
					<td class='step-details'>Question 1 Visible</td>
				</tr>
				<tr class='log' status='info'>
					<td class='status info' title='info' alt='info'><i class='material-icons'>info_outline</i></td>
					<td class='timestamp'>1:56:33 PM</td>
					<td class='step-details'>Click on Next</td>
				</tr>
				<tr class='log' status='info'>
					<td class='status info' title='info' alt='info'><i class='material-icons'>info_outline</i></td>
					<td class='timestamp'>1:56:35 PM</td>
					<td class='step-details'>Question 2 Visible</td>
				</tr>
				<tr class='log' status='info'>
					<td class='status info' title='info' alt='info'><i class='material-icons'>info_outline</i></td>
					<td class='timestamp'>1:56:35 PM</td>
					<td class='step-details'>Click on Next</td>
				</tr>
				<tr class='log' status='info'>
					<td class='status info' title='info' alt='info'><i class='material-icons'>info_outline</i></td>
					<td class='timestamp'>1:56:37 PM</td>
					<td class='step-details'>Question 3 Visible</td>
				</tr>
				<tr class='log' status='info'>
					<td class='status info' title='info' alt='info'><i class='material-icons'>info_outline</i></td>
					<td class='timestamp'>1:56:37 PM</td>
					<td class='step-details'>Click on Next</td>
				</tr>
				<tr class='log' status='info'>
					<td class='status info' title='info' alt='info'><i class='material-icons'>info_outline</i></td>
					<td class='timestamp'>1:56:39 PM</td>
					<td class='step-details'>Question 4 Visible</td>
				</tr>
				<tr class='log' status='info'>
					<td class='status info' title='info' alt='info'><i class='material-icons'>info_outline</i></td>
					<td class='timestamp'>1:56:39 PM</td>
					<td class='step-details'>Click on Next</td>
				</tr>
				<tr class='log' status='info'>
					<td class='status info' title='info' alt='info'><i class='material-icons'>info_outline</i></td>
					<td class='timestamp'>1:56:40 PM</td>
					<td class='step-details'>Question 5 Visible</td>
				</tr>
				<tr class='log' status='info'>
					<td class='status info' title='info' alt='info'><i class='material-icons'>info_outline</i></td>
					<td class='timestamp'>1:56:40 PM</td>
					<td class='step-details'>Click on Next</td>
				</tr>
				<tr class='log' status='info'>
					<td class='status info' title='info' alt='info'><i class='material-icons'>info_outline</i></td>
					<td class='timestamp'>1:56:43 PM</td>
					<td class='step-details'>Question 6 Visible</td>
				</tr>
				<tr class='log' status='info'>
					<td class='status info' title='info' alt='info'><i class='material-icons'>info_outline</i></td>
					<td class='timestamp'>1:56:43 PM</td>
					<td class='step-details'>Click on Next</td>
				</tr>
				<tr class='log' status='info'>
					<td class='status info' title='info' alt='info'><i class='material-icons'>info_outline</i></td>
					<td class='timestamp'>1:56:43 PM</td>
					<td class='step-details'>On Test Success : TC01_Verify_MCQ_Questions_In_Revision</td>
				</tr>
				<tr class='log' status='pass'>
					<td class='status pass' title='pass' alt='pass'><i class='material-icons'>check_circle</i></td>
					<td class='timestamp'>1:56:43 PM</td>
					<td class='step-details'><span class='label white-text green'>TC01_Verify_MCQ_Questions_In_Revision</span></td>
				</tr>
				<tr class='log' status='pass'>
					<td class='status pass' title='pass' alt='pass'><i class='material-icons'>check_circle</i></td>
					<td class='timestamp'>1:56:44 PM</td>
					<td class='step-details'>TC01_Verify_MCQ_Questions_In_Revision Passed<img data-featherlight='C:\Users\Dell\eclipse-workspace\TATA_Studi\TATA_Studi\Screenshots\TC01_Verify_MCQ_Questions_In_Revision ExtendReport 03-02-21 01-56-43.png' width='10%' src='C:\Users\Dell\eclipse-workspace\TATA_Studi\TATA_Studi\Screenshots\TC01_Verify_MCQ_Questions_In_Revision ExtendReport 03-02-21 01-56-43.png' data-src='C:\Users\Dell\eclipse-workspace\TATA_Studi\TATA_Studi\Screenshots\TC01_Verify_MCQ_Questions_In_Revision ExtendReport 03-02-21 01-56-43.png'></td>
				</tr>
			</tbody>
		</table>
	</div>
					</div>
				</li>
				
				
				<li class='test displayed active  fail' status='fail' bdd='false' test-id='3'>
					<div class='test-heading'>
						<span class='test-name'>TC02_To_Verify_MCQ_Answers_Is_In_Default_State_In_Revision</span>
						<span class='test-time'>Feb 3, 2021 01:56:45 PM</span>
						<span class='test-status right fail'>fail</span>
					</div>
					<div class='test-content hide'>
<div class='test-time-info'>
	<span class='label start-time'>Feb 3, 2021 01:56:45 PM</span>
	<span class='label end-time'>Feb 3, 2021 01:56:46 PM</span>
	<span class='label time-taken grey lighten-1 white-text'>0h 0m 0s+703ms</span>
</div>
	<div class='test-steps'>
		<table class='bordered table-results'>
			<thead>
				<tr>
					<th>Status</th>
					<th>Timestamp</th>
					<th>Details</th>
				</tr>
			</thead>
			<tbody>
				<tr class='log' status='info'>
					<td class='status info' title='info' alt='info'><i class='material-icons'>info_outline</i></td>
					<td class='timestamp'>1:56:45 PM</td>
					<td class='step-details'>On Test Start : TC02_To_Verify_MCQ_Answers_Is_In_Default_State_In_Revision</td>
				</tr>
				<tr class='log' status='fail'>
					<td class='status fail' title='fail' alt='fail'><i class='material-icons'>cancel</i></td>
					<td class='timestamp'>1:56:45 PM</td>
					<td class='step-details'>On Test Failure : TC02_To_Verify_MCQ_Answers_Is_In_Default_State_In_Revision</td>
				</tr>
				<tr class='log' status='fail'>
					<td class='status fail' title='fail' alt='fail'><i class='material-icons'>cancel</i></td>
					<td class='timestamp'>1:56:45 PM</td>
					<td class='step-details'><span class='label white-text red'>TC02_To_Verify_MCQ_Answers_Is_In_Default_State_In_Revision</span></td>
				</tr>
				<tr class='log' status='info'>
					<td class='status info' title='info' alt='info'><i class='material-icons'>info_outline</i></td>
					<td class='timestamp'>1:56:45 PM</td>
					<td class='step-details'>Fails Test</td>
				</tr>
				<tr class='log' status='fail'>
					<td class='status fail' title='fail' alt='fail'><i class='material-icons'>cancel</i></td>
					<td class='timestamp'>1:56:45 PM</td>
					<td class='step-details'><pre>java.lang.AssertionError: expected [true] but found [false]
	at org.testng.Assert.fail(Assert.java:96)
	at org.testng.Assert.failNotEquals(Assert.java:776)
	at org.testng.Assert.assertTrue(Assert.java:44)
	at org.testng.Assert.assertTrue(Assert.java:54)
	at studi.co.testScripts.AFS_UserStory_76.TC02_To_Verify_MCQ_Answers_Is_In_Default_State_In_Revision(AFS_UserStory_76.java:125)
	at java.base/jdk.internal.reflect.NativeMethodAccessorImpl.invoke0(Native Method)
	at java.base/jdk.internal.reflect.NativeMethodAccessorImpl.invoke(NativeMethodAccessorImpl.java:62)
	at java.base/jdk.internal.reflect.DelegatingMethodAccessorImpl.invoke(DelegatingMethodAccessorImpl.java:43)
	at java.base/java.lang.reflect.Method.invoke(Method.java:566)
	at org.testng.internal.MethodInvocationHelper.invokeMethod(MethodInvocationHelper.java:124)
	at org.testng.internal.Invoker.invokeMethod(Invoker.java:583)
	at org.testng.internal.Invoker.invokeTestMethod(Invoker.java:719)
	at org.testng.internal.Invoker.invokeTestMethods(Invoker.java:989)
	at org.testng.internal.TestMethodWorker.invokeTestMethods(TestMethodWorker.java:125)
	at org.testng.internal.TestMethodWorker.run(TestMethodWorker.java:109)
	at org.testng.TestRunner.privateRun(TestRunner.java:648)
	at org.testng.TestRunner.run(TestRunner.java:505)
	at org.testng.SuiteRunner.runTest(SuiteRunner.java:455)
	at org.testng.SuiteRunner.runSequentially(SuiteRunner.java:450)
	at org.testng.SuiteRunner.privateRun(SuiteRunner.java:415)
	at org.testng.SuiteRunner.run(SuiteRunner.java:364)
	at org.testng.SuiteRunnerWorker.runSuite(SuiteRunnerWorker.java:52)
	at org.testng.SuiteRunnerWorker.run(SuiteRunnerWorker.java:84)
	at org.testng.TestNG.runSuitesSequentially(TestNG.java:1208)
	at org.testng.TestNG.runSuitesLocally(TestNG.java:1137)
	at org.testng.TestNG.runSuites(TestNG.java:1049)
	at org.testng.TestNG.run(TestNG.java:1017)
	at org.testng.remote.AbstractRemoteTestNG.run(AbstractRemoteTestNG.java:115)
	at org.testng.remote.RemoteTestNG.initAndRun(RemoteTestNG.java:251)
	at org.testng.remote.RemoteTestNG.main(RemoteTestNG.java:77)
</pre></td>
				</tr>
				<tr class='log' status='fail'>
					<td class='status fail' title='fail' alt='fail'><i class='material-icons'>cancel</i></td>
					<td class='timestamp'>1:56:46 PM</td>
					<td class='step-details'>expected [true] but found [false]<img data-featherlight='C:\Users\Dell\eclipse-workspace\TATA_Studi\TATA_Studi\Screenshots\TC02_To_Verify_MCQ_Answers_Is_In_Default_State_In_Revision ExtendReport 03-02-21 01-56-45.png' width='10%' src='C:\Users\Dell\eclipse-workspace\TATA_Studi\TATA_Studi\Screenshots\TC02_To_Verify_MCQ_Answers_Is_In_Default_State_In_Revision ExtendReport 03-02-21 01-56-45.png' data-src='C:\Users\Dell\eclipse-workspace\TATA_Studi\TATA_Studi\Screenshots\TC02_To_Verify_MCQ_Answers_Is_In_Default_State_In_Revision ExtendReport 03-02-21 01-56-45.png'></td>
				</tr>
			</tbody>
		</table>
	</div>
					</div>
				</li>
				
				
				<li class='test displayed active  fail' status='fail' bdd='false' test-id='4'>
					<div class='test-heading'>
						<span class='test-name'>TC03_To_Verify_Multiple_Answers_Shown_For_MCQ_In_Revision</span>
						<span class='test-time'>Feb 3, 2021 01:56:47 PM</span>
						<span class='test-status right fail'>fail</span>
					</div>
					<div class='test-content hide'>
<div class='test-time-info'>
	<span class='label start-time'>Feb 3, 2021 01:56:47 PM</span>
	<span class='label end-time'>Feb 3, 2021 01:56:48 PM</span>
	<span class='label time-taken grey lighten-1 white-text'>0h 0m 0s+672ms</span>
</div>
	<div class='test-steps'>
		<table class='bordered table-results'>
			<thead>
				<tr>
					<th>Status</th>
					<th>Timestamp</th>
					<th>Details</th>
				</tr>
			</thead>
			<tbody>
				<tr class='log' status='info'>
					<td class='status info' title='info' alt='info'><i class='material-icons'>info_outline</i></td>
					<td class='timestamp'>1:56:47 PM</td>
					<td class='step-details'>On Test Start : TC03_To_Verify_Multiple_Answers_Shown_For_MCQ_In_Revision</td>
				</tr>
				<tr class='log' status='fail'>
					<td class='status fail' title='fail' alt='fail'><i class='material-icons'>cancel</i></td>
					<td class='timestamp'>1:56:47 PM</td>
					<td class='step-details'>On Test Failure : TC03_To_Verify_Multiple_Answers_Shown_For_MCQ_In_Revision</td>
				</tr>
				<tr class='log' status='fail'>
					<td class='status fail' title='fail' alt='fail'><i class='material-icons'>cancel</i></td>
					<td class='timestamp'>1:56:47 PM</td>
					<td class='step-details'><span class='label white-text red'>TC03_To_Verify_Multiple_Answers_Shown_For_MCQ_In_Revision</span></td>
				</tr>
				<tr class='log' status='info'>
					<td class='status info' title='info' alt='info'><i class='material-icons'>info_outline</i></td>
					<td class='timestamp'>1:56:47 PM</td>
					<td class='step-details'>Fails Test</td>
				</tr>
				<tr class='log' status='fail'>
					<td class='status fail' title='fail' alt='fail'><i class='material-icons'>cancel</i></td>
					<td class='timestamp'>1:56:47 PM</td>
					<td class='step-details'><pre>java.lang.AssertionError: expected [true] but found [false]
	at org.testng.Assert.fail(Assert.java:96)
	at org.testng.Assert.failNotEquals(Assert.java:776)
	at org.testng.Assert.assertTrue(Assert.java:44)
	at org.testng.Assert.assertTrue(Assert.java:54)
	at studi.co.testScripts.AFS_UserStory_76.TC03_To_Verify_Multiple_Answers_Shown_For_MCQ_In_Revision(AFS_UserStory_76.java:134)
	at java.base/jdk.internal.reflect.NativeMethodAccessorImpl.invoke0(Native Method)
	at java.base/jdk.internal.reflect.NativeMethodAccessorImpl.invoke(NativeMethodAccessorImpl.java:62)
	at java.base/jdk.internal.reflect.DelegatingMethodAccessorImpl.invoke(DelegatingMethodAccessorImpl.java:43)
	at java.base/java.lang.reflect.Method.invoke(Method.java:566)
	at org.testng.internal.MethodInvocationHelper.invokeMethod(MethodInvocationHelper.java:124)
	at org.testng.internal.Invoker.invokeMethod(Invoker.java:583)
	at org.testng.internal.Invoker.invokeTestMethod(Invoker.java:719)
	at org.testng.internal.Invoker.invokeTestMethods(Invoker.java:989)
	at org.testng.internal.TestMethodWorker.invokeTestMethods(TestMethodWorker.java:125)
	at org.testng.internal.TestMethodWorker.run(TestMethodWorker.java:109)
	at org.testng.TestRunner.privateRun(TestRunner.java:648)
	at org.testng.TestRunner.run(TestRunner.java:505)
	at org.testng.SuiteRunner.runTest(SuiteRunner.java:455)
	at org.testng.SuiteRunner.runSequentially(SuiteRunner.java:450)
	at org.testng.SuiteRunner.privateRun(SuiteRunner.java:415)
	at org.testng.SuiteRunner.run(SuiteRunner.java:364)
	at org.testng.SuiteRunnerWorker.runSuite(SuiteRunnerWorker.java:52)
	at org.testng.SuiteRunnerWorker.run(SuiteRunnerWorker.java:84)
	at org.testng.TestNG.runSuitesSequentially(TestNG.java:1208)
	at org.testng.TestNG.runSuitesLocally(TestNG.java:1137)
	at org.testng.TestNG.runSuites(TestNG.java:1049)
	at org.testng.TestNG.run(TestNG.java:1017)
	at org.testng.remote.AbstractRemoteTestNG.run(AbstractRemoteTestNG.java:115)
	at org.testng.remote.RemoteTestNG.initAndRun(RemoteTestNG.java:251)
	at org.testng.remote.RemoteTestNG.main(RemoteTestNG.java:77)
</pre></td>
				</tr>
				<tr class='log' status='fail'>
					<td class='status fail' title='fail' alt='fail'><i class='material-icons'>cancel</i></td>
					<td class='timestamp'>1:56:48 PM</td>
					<td class='step-details'>expected [true] but found [false]<img data-featherlight='C:\Users\Dell\eclipse-workspace\TATA_Studi\TATA_Studi\Screenshots\TC03_To_Verify_Multiple_Answers_Shown_For_MCQ_In_Revision ExtendReport 03-02-21 01-56-47.png' width='10%' src='C:\Users\Dell\eclipse-workspace\TATA_Studi\TATA_Studi\Screenshots\TC03_To_Verify_Multiple_Answers_Shown_For_MCQ_In_Revision ExtendReport 03-02-21 01-56-47.png' data-src='C:\Users\Dell\eclipse-workspace\TATA_Studi\TATA_Studi\Screenshots\TC03_To_Verify_Multiple_Answers_Shown_For_MCQ_In_Revision ExtendReport 03-02-21 01-56-47.png'></td>
				</tr>
			</tbody>
		</table>
	</div>
					</div>
				</li>
				
				
				<li class='test displayed active  fail' status='fail' bdd='false' test-id='5'>
					<div class='test-heading'>
						<span class='test-name'>TC04_To_Verify_MCQ_Answers_Can_Be_Select_In_Revision</span>
						<span class='test-time'>Feb 3, 2021 01:56:49 PM</span>
						<span class='test-status right fail'>fail</span>
					</div>
					<div class='test-content hide'>
<div class='test-time-info'>
	<span class='label start-time'>Feb 3, 2021 01:56:49 PM</span>
	<span class='label end-time'>Feb 3, 2021 01:56:50 PM</span>
	<span class='label time-taken grey lighten-1 white-text'>0h 0m 0s+668ms</span>
</div>
	<div class='test-steps'>
		<table class='bordered table-results'>
			<thead>
				<tr>
					<th>Status</th>
					<th>Timestamp</th>
					<th>Details</th>
				</tr>
			</thead>
			<tbody>
				<tr class='log' status='info'>
					<td class='status info' title='info' alt='info'><i class='material-icons'>info_outline</i></td>
					<td class='timestamp'>1:56:49 PM</td>
					<td class='step-details'>On Test Start : TC04_To_Verify_MCQ_Answers_Can_Be_Select_In_Revision</td>
				</tr>
				<tr class='log' status='fail'>
					<td class='status fail' title='fail' alt='fail'><i class='material-icons'>cancel</i></td>
					<td class='timestamp'>1:56:49 PM</td>
					<td class='step-details'>On Test Failure : TC04_To_Verify_MCQ_Answers_Can_Be_Select_In_Revision</td>
				</tr>
				<tr class='log' status='fail'>
					<td class='status fail' title='fail' alt='fail'><i class='material-icons'>cancel</i></td>
					<td class='timestamp'>1:56:49 PM</td>
					<td class='step-details'><span class='label white-text red'>TC04_To_Verify_MCQ_Answers_Can_Be_Select_In_Revision</span></td>
				</tr>
				<tr class='log' status='info'>
					<td class='status info' title='info' alt='info'><i class='material-icons'>info_outline</i></td>
					<td class='timestamp'>1:56:49 PM</td>
					<td class='step-details'>Fails Test</td>
				</tr>
				<tr class='log' status='fail'>
					<td class='status fail' title='fail' alt='fail'><i class='material-icons'>cancel</i></td>
					<td class='timestamp'>1:56:49 PM</td>
					<td class='step-details'><pre>java.lang.AssertionError: expected [true] but found [false]
	at org.testng.Assert.fail(Assert.java:96)
	at org.testng.Assert.failNotEquals(Assert.java:776)
	at org.testng.Assert.assertTrue(Assert.java:44)
	at org.testng.Assert.assertTrue(Assert.java:54)
	at studi.co.testScripts.AFS_UserStory_76.TC04_To_Verify_MCQ_Answers_Can_Be_Select_In_Revision(AFS_UserStory_76.java:143)
	at java.base/jdk.internal.reflect.NativeMethodAccessorImpl.invoke0(Native Method)
	at java.base/jdk.internal.reflect.NativeMethodAccessorImpl.invoke(NativeMethodAccessorImpl.java:62)
	at java.base/jdk.internal.reflect.DelegatingMethodAccessorImpl.invoke(DelegatingMethodAccessorImpl.java:43)
	at java.base/java.lang.reflect.Method.invoke(Method.java:566)
	at org.testng.internal.MethodInvocationHelper.invokeMethod(MethodInvocationHelper.java:124)
	at org.testng.internal.Invoker.invokeMethod(Invoker.java:583)
	at org.testng.internal.Invoker.invokeTestMethod(Invoker.java:719)
	at org.testng.internal.Invoker.invokeTestMethods(Invoker.java:989)
	at org.testng.internal.TestMethodWorker.invokeTestMethods(TestMethodWorker.java:125)
	at org.testng.internal.TestMethodWorker.run(TestMethodWorker.java:109)
	at org.testng.TestRunner.privateRun(TestRunner.java:648)
	at org.testng.TestRunner.run(TestRunner.java:505)
	at org.testng.SuiteRunner.runTest(SuiteRunner.java:455)
	at org.testng.SuiteRunner.runSequentially(SuiteRunner.java:450)
	at org.testng.SuiteRunner.privateRun(SuiteRunner.java:415)
	at org.testng.SuiteRunner.run(SuiteRunner.java:364)
	at org.testng.SuiteRunnerWorker.runSuite(SuiteRunnerWorker.java:52)
	at org.testng.SuiteRunnerWorker.run(SuiteRunnerWorker.java:84)
	at org.testng.TestNG.runSuitesSequentially(TestNG.java:1208)
	at org.testng.TestNG.runSuitesLocally(TestNG.java:1137)
	at org.testng.TestNG.runSuites(TestNG.java:1049)
	at org.testng.TestNG.run(TestNG.java:1017)
	at org.testng.remote.AbstractRemoteTestNG.run(AbstractRemoteTestNG.java:115)
	at org.testng.remote.RemoteTestNG.initAndRun(RemoteTestNG.java:251)
	at org.testng.remote.RemoteTestNG.main(RemoteTestNG.java:77)
</pre></td>
				</tr>
				<tr class='log' status='fail'>
					<td class='status fail' title='fail' alt='fail'><i class='material-icons'>cancel</i></td>
					<td class='timestamp'>1:56:50 PM</td>
					<td class='step-details'>expected [true] but found [false]<img data-featherlight='C:\Users\Dell\eclipse-workspace\TATA_Studi\TATA_Studi\Screenshots\TC04_To_Verify_MCQ_Answers_Can_Be_Select_In_Revision ExtendReport 03-02-21 01-56-49.png' width='10%' src='C:\Users\Dell\eclipse-workspace\TATA_Studi\TATA_Studi\Screenshots\TC04_To_Verify_MCQ_Answers_Can_Be_Select_In_Revision ExtendReport 03-02-21 01-56-49.png' data-src='C:\Users\Dell\eclipse-workspace\TATA_Studi\TATA_Studi\Screenshots\TC04_To_Verify_MCQ_Answers_Can_Be_Select_In_Revision ExtendReport 03-02-21 01-56-49.png'></td>
				</tr>
			</tbody>
		</table>
	</div>
					</div>
				</li>
				
				
				<li class='test displayed active  fail' status='fail' bdd='false' test-id='6'>
					<div class='test-heading'>
						<span class='test-name'>TC05_To_Verify_Multiple_MSQ_Answer_Can_Be_Select_In_Revision</span>
						<span class='test-time'>Feb 3, 2021 01:56:51 PM</span>
						<span class='test-status right fail'>fail</span>
					</div>
					<div class='test-content hide'>
<div class='test-time-info'>
	<span class='label start-time'>Feb 3, 2021 01:56:51 PM</span>
	<span class='label end-time'>Feb 3, 2021 01:56:52 PM</span>
	<span class='label time-taken grey lighten-1 white-text'>0h 0m 0s+692ms</span>
</div>
	<div class='test-steps'>
		<table class='bordered table-results'>
			<thead>
				<tr>
					<th>Status</th>
					<th>Timestamp</th>
					<th>Details</th>
				</tr>
			</thead>
			<tbody>
				<tr class='log' status='info'>
					<td class='status info' title='info' alt='info'><i class='material-icons'>info_outline</i></td>
					<td class='timestamp'>1:56:51 PM</td>
					<td class='step-details'>On Test Start : TC05_To_Verify_Multiple_MSQ_Answer_Can_Be_Select_In_Revision</td>
				</tr>
				<tr class='log' status='fail'>
					<td class='status fail' title='fail' alt='fail'><i class='material-icons'>cancel</i></td>
					<td class='timestamp'>1:56:51 PM</td>
					<td class='step-details'>On Test Failure : TC05_To_Verify_Multiple_MSQ_Answer_Can_Be_Select_In_Revision</td>
				</tr>
				<tr class='log' status='fail'>
					<td class='status fail' title='fail' alt='fail'><i class='material-icons'>cancel</i></td>
					<td class='timestamp'>1:56:51 PM</td>
					<td class='step-details'><span class='label white-text red'>TC05_To_Verify_Multiple_MSQ_Answer_Can_Be_Select_In_Revision</span></td>
				</tr>
				<tr class='log' status='info'>
					<td class='status info' title='info' alt='info'><i class='material-icons'>info_outline</i></td>
					<td class='timestamp'>1:56:51 PM</td>
					<td class='step-details'>Fails Test</td>
				</tr>
				<tr class='log' status='fail'>
					<td class='status fail' title='fail' alt='fail'><i class='material-icons'>cancel</i></td>
					<td class='timestamp'>1:56:51 PM</td>
					<td class='step-details'><pre>java.lang.AssertionError: expected [true] but found [false]
	at org.testng.Assert.fail(Assert.java:96)
	at org.testng.Assert.failNotEquals(Assert.java:776)
	at org.testng.Assert.assertTrue(Assert.java:44)
	at org.testng.Assert.assertTrue(Assert.java:54)
	at studi.co.testScripts.AFS_UserStory_76.TC05_To_Verify_Multiple_MSQ_Answer_Can_Be_Select_In_Revision(AFS_UserStory_76.java:149)
	at java.base/jdk.internal.reflect.NativeMethodAccessorImpl.invoke0(Native Method)
	at java.base/jdk.internal.reflect.NativeMethodAccessorImpl.invoke(NativeMethodAccessorImpl.java:62)
	at java.base/jdk.internal.reflect.DelegatingMethodAccessorImpl.invoke(DelegatingMethodAccessorImpl.java:43)
	at java.base/java.lang.reflect.Method.invoke(Method.java:566)
	at org.testng.internal.MethodInvocationHelper.invokeMethod(MethodInvocationHelper.java:124)
	at org.testng.internal.Invoker.invokeMethod(Invoker.java:583)
	at org.testng.internal.Invoker.invokeTestMethod(Invoker.java:719)
	at org.testng.internal.Invoker.invokeTestMethods(Invoker.java:989)
	at org.testng.internal.TestMethodWorker.invokeTestMethods(TestMethodWorker.java:125)
	at org.testng.internal.TestMethodWorker.run(TestMethodWorker.java:109)
	at org.testng.TestRunner.privateRun(TestRunner.java:648)
	at org.testng.TestRunner.run(TestRunner.java:505)
	at org.testng.SuiteRunner.runTest(SuiteRunner.java:455)
	at org.testng.SuiteRunner.runSequentially(SuiteRunner.java:450)
	at org.testng.SuiteRunner.privateRun(SuiteRunner.java:415)
	at org.testng.SuiteRunner.run(SuiteRunner.java:364)
	at org.testng.SuiteRunnerWorker.runSuite(SuiteRunnerWorker.java:52)
	at org.testng.SuiteRunnerWorker.run(SuiteRunnerWorker.java:84)
	at org.testng.TestNG.runSuitesSequentially(TestNG.java:1208)
	at org.testng.TestNG.runSuitesLocally(TestNG.java:1137)
	at org.testng.TestNG.runSuites(TestNG.java:1049)
	at org.testng.TestNG.run(TestNG.java:1017)
	at org.testng.remote.AbstractRemoteTestNG.run(AbstractRemoteTestNG.java:115)
	at org.testng.remote.RemoteTestNG.initAndRun(RemoteTestNG.java:251)
	at org.testng.remote.RemoteTestNG.main(RemoteTestNG.java:77)
</pre></td>
				</tr>
				<tr class='log' status='fail'>
					<td class='status fail' title='fail' alt='fail'><i class='material-icons'>cancel</i></td>
					<td class='timestamp'>1:56:52 PM</td>
					<td class='step-details'>expected [true] but found [false]<img data-featherlight='C:\Users\Dell\eclipse-workspace\TATA_Studi\TATA_Studi\Screenshots\TC05_To_Verify_Multiple_MSQ_Answer_Can_Be_Select_In_Revision ExtendReport 03-02-21 01-56-51.png' width='10%' src='C:\Users\Dell\eclipse-workspace\TATA_Studi\TATA_Studi\Screenshots\TC05_To_Verify_Multiple_MSQ_Answer_Can_Be_Select_In_Revision ExtendReport 03-02-21 01-56-51.png' data-src='C:\Users\Dell\eclipse-workspace\TATA_Studi\TATA_Studi\Screenshots\TC05_To_Verify_Multiple_MSQ_Answer_Can_Be_Select_In_Revision ExtendReport 03-02-21 01-56-51.png'></td>
				</tr>
			</tbody>
		</table>
	</div>
					</div>
				</li>
				
				
				<li class='test displayed active  fail' status='fail' bdd='false' test-id='7'>
					<div class='test-heading'>
						<span class='test-name'>TC06_To_Verify_Correct_Feedback_Shown_After_MCQ_Answer_Selection_In_Revision</span>
						<span class='test-time'>Feb 3, 2021 01:56:53 PM</span>
						<span class='test-status right fail'>fail</span>
					</div>
					<div class='test-content hide'>
<div class='test-time-info'>
	<span class='label start-time'>Feb 3, 2021 01:56:53 PM</span>
	<span class='label end-time'>Feb 3, 2021 01:56:54 PM</span>
	<span class='label time-taken grey lighten-1 white-text'>0h 0m 0s+675ms</span>
</div>
	<div class='test-steps'>
		<table class='bordered table-results'>
			<thead>
				<tr>
					<th>Status</th>
					<th>Timestamp</th>
					<th>Details</th>
				</tr>
			</thead>
			<tbody>
				<tr class='log' status='info'>
					<td class='status info' title='info' alt='info'><i class='material-icons'>info_outline</i></td>
					<td class='timestamp'>1:56:53 PM</td>
					<td class='step-details'>On Test Start : TC06_To_Verify_Correct_Feedback_Shown_After_MCQ_Answer_Selection_In_Revision</td>
				</tr>
				<tr class='log' status='fail'>
					<td class='status fail' title='fail' alt='fail'><i class='material-icons'>cancel</i></td>
					<td class='timestamp'>1:56:53 PM</td>
					<td class='step-details'>On Test Failure : TC06_To_Verify_Correct_Feedback_Shown_After_MCQ_Answer_Selection_In_Revision</td>
				</tr>
				<tr class='log' status='fail'>
					<td class='status fail' title='fail' alt='fail'><i class='material-icons'>cancel</i></td>
					<td class='timestamp'>1:56:53 PM</td>
					<td class='step-details'><span class='label white-text red'>TC06_To_Verify_Correct_Feedback_Shown_After_MCQ_Answer_Selection_In_Revision</span></td>
				</tr>
				<tr class='log' status='info'>
					<td class='status info' title='info' alt='info'><i class='material-icons'>info_outline</i></td>
					<td class='timestamp'>1:56:53 PM</td>
					<td class='step-details'>Fails Test</td>
				</tr>
				<tr class='log' status='fail'>
					<td class='status fail' title='fail' alt='fail'><i class='material-icons'>cancel</i></td>
					<td class='timestamp'>1:56:53 PM</td>
					<td class='step-details'><pre>java.lang.AssertionError: expected [true] but found [false]
	at org.testng.Assert.fail(Assert.java:96)
	at org.testng.Assert.failNotEquals(Assert.java:776)
	at org.testng.Assert.assertTrue(Assert.java:44)
	at org.testng.Assert.assertTrue(Assert.java:54)
	at studi.co.testScripts.AFS_UserStory_76.TC06_To_Verify_Correct_Feedback_Shown_After_MCQ_Answer_Selection_In_Revision(AFS_UserStory_76.java:155)
	at java.base/jdk.internal.reflect.NativeMethodAccessorImpl.invoke0(Native Method)
	at java.base/jdk.internal.reflect.NativeMethodAccessorImpl.invoke(NativeMethodAccessorImpl.java:62)
	at java.base/jdk.internal.reflect.DelegatingMethodAccessorImpl.invoke(DelegatingMethodAccessorImpl.java:43)
	at java.base/java.lang.reflect.Method.invoke(Method.java:566)
	at org.testng.internal.MethodInvocationHelper.invokeMethod(MethodInvocationHelper.java:124)
	at org.testng.internal.Invoker.invokeMethod(Invoker.java:583)
	at org.testng.internal.Invoker.invokeTestMethod(Invoker.java:719)
	at org.testng.internal.Invoker.invokeTestMethods(Invoker.java:989)
	at org.testng.internal.TestMethodWorker.invokeTestMethods(TestMethodWorker.java:125)
	at org.testng.internal.TestMethodWorker.run(TestMethodWorker.java:109)
	at org.testng.TestRunner.privateRun(TestRunner.java:648)
	at org.testng.TestRunner.run(TestRunner.java:505)
	at org.testng.SuiteRunner.runTest(SuiteRunner.java:455)
	at org.testng.SuiteRunner.runSequentially(SuiteRunner.java:450)
	at org.testng.SuiteRunner.privateRun(SuiteRunner.java:415)
	at org.testng.SuiteRunner.run(SuiteRunner.java:364)
	at org.testng.SuiteRunnerWorker.runSuite(SuiteRunnerWorker.java:52)
	at org.testng.SuiteRunnerWorker.run(SuiteRunnerWorker.java:84)
	at org.testng.TestNG.runSuitesSequentially(TestNG.java:1208)
	at org.testng.TestNG.runSuitesLocally(TestNG.java:1137)
	at org.testng.TestNG.runSuites(TestNG.java:1049)
	at org.testng.TestNG.run(TestNG.java:1017)
	at org.testng.remote.AbstractRemoteTestNG.run(AbstractRemoteTestNG.java:115)
	at org.testng.remote.RemoteTestNG.initAndRun(RemoteTestNG.java:251)
	at org.testng.remote.RemoteTestNG.main(RemoteTestNG.java:77)
</pre></td>
				</tr>
				<tr class='log' status='fail'>
					<td class='status fail' title='fail' alt='fail'><i class='material-icons'>cancel</i></td>
					<td class='timestamp'>1:56:54 PM</td>
					<td class='step-details'>expected [true] but found [false]<img data-featherlight='C:\Users\Dell\eclipse-workspace\TATA_Studi\TATA_Studi\Screenshots\TC06_To_Verify_Correct_Feedback_Shown_After_MCQ_Answer_Selection_In_Revision ExtendReport 03-02-21 01-56-53.png' width='10%' src='C:\Users\Dell\eclipse-workspace\TATA_Studi\TATA_Studi\Screenshots\TC06_To_Verify_Correct_Feedback_Shown_After_MCQ_Answer_Selection_In_Revision ExtendReport 03-02-21 01-56-53.png' data-src='C:\Users\Dell\eclipse-workspace\TATA_Studi\TATA_Studi\Screenshots\TC06_To_Verify_Correct_Feedback_Shown_After_MCQ_Answer_Selection_In_Revision ExtendReport 03-02-21 01-56-53.png'></td>
				</tr>
			</tbody>
		</table>
	</div>
					</div>
				</li>
				
				
				<li class='test displayed active  fail' status='fail' bdd='false' test-id='8'>
					<div class='test-heading'>
						<span class='test-name'>TC07_To_Verify_State_Of_Answer_Should_Be_Maintained_For_MCQ_Answer_In_Revision</span>
						<span class='test-time'>Feb 3, 2021 01:56:55 PM</span>
						<span class='test-status right fail'>fail</span>
					</div>
					<div class='test-content hide'>
<div class='test-time-info'>
	<span class='label start-time'>Feb 3, 2021 01:56:55 PM</span>
	<span class='label end-time'>Feb 3, 2021 01:56:56 PM</span>
	<span class='label time-taken grey lighten-1 white-text'>0h 0m 0s+672ms</span>
</div>
	<div class='test-steps'>
		<table class='bordered table-results'>
			<thead>
				<tr>
					<th>Status</th>
					<th>Timestamp</th>
					<th>Details</th>
				</tr>
			</thead>
			<tbody>
				<tr class='log' status='info'>
					<td class='status info' title='info' alt='info'><i class='material-icons'>info_outline</i></td>
					<td class='timestamp'>1:56:55 PM</td>
					<td class='step-details'>On Test Start : TC07_To_Verify_State_Of_Answer_Should_Be_Maintained_For_MCQ_Answer_In_Revision</td>
				</tr>
				<tr class='log' status='fail'>
					<td class='status fail' title='fail' alt='fail'><i class='material-icons'>cancel</i></td>
					<td class='timestamp'>1:56:55 PM</td>
					<td class='step-details'>On Test Failure : TC07_To_Verify_State_Of_Answer_Should_Be_Maintained_For_MCQ_Answer_In_Revision</td>
				</tr>
				<tr class='log' status='fail'>
					<td class='status fail' title='fail' alt='fail'><i class='material-icons'>cancel</i></td>
					<td class='timestamp'>1:56:55 PM</td>
					<td class='step-details'><span class='label white-text red'>TC07_To_Verify_State_Of_Answer_Should_Be_Maintained_For_MCQ_Answer_In_Revision</span></td>
				</tr>
				<tr class='log' status='info'>
					<td class='status info' title='info' alt='info'><i class='material-icons'>info_outline</i></td>
					<td class='timestamp'>1:56:55 PM</td>
					<td class='step-details'>Fails Test</td>
				</tr>
				<tr class='log' status='fail'>
					<td class='status fail' title='fail' alt='fail'><i class='material-icons'>cancel</i></td>
					<td class='timestamp'>1:56:55 PM</td>
					<td class='step-details'><pre>java.lang.AssertionError: expected [true] but found [false]
	at org.testng.Assert.fail(Assert.java:96)
	at org.testng.Assert.failNotEquals(Assert.java:776)
	at org.testng.Assert.assertTrue(Assert.java:44)
	at org.testng.Assert.assertTrue(Assert.java:54)
	at studi.co.testScripts.AFS_UserStory_76.TC07_To_Verify_State_Of_Answer_Should_Be_Maintained_For_MCQ_Answer_In_Revision(AFS_UserStory_76.java:162)
	at java.base/jdk.internal.reflect.NativeMethodAccessorImpl.invoke0(Native Method)
	at java.base/jdk.internal.reflect.NativeMethodAccessorImpl.invoke(NativeMethodAccessorImpl.java:62)
	at java.base/jdk.internal.reflect.DelegatingMethodAccessorImpl.invoke(DelegatingMethodAccessorImpl.java:43)
	at java.base/java.lang.reflect.Method.invoke(Method.java:566)
	at org.testng.internal.MethodInvocationHelper.invokeMethod(MethodInvocationHelper.java:124)
	at org.testng.internal.Invoker.invokeMethod(Invoker.java:583)
	at org.testng.internal.Invoker.invokeTestMethod(Invoker.java:719)
	at org.testng.internal.Invoker.invokeTestMethods(Invoker.java:989)
	at org.testng.internal.TestMethodWorker.invokeTestMethods(TestMethodWorker.java:125)
	at org.testng.internal.TestMethodWorker.run(TestMethodWorker.java:109)
	at org.testng.TestRunner.privateRun(TestRunner.java:648)
	at org.testng.TestRunner.run(TestRunner.java:505)
	at org.testng.SuiteRunner.runTest(SuiteRunner.java:455)
	at org.testng.SuiteRunner.runSequentially(SuiteRunner.java:450)
	at org.testng.SuiteRunner.privateRun(SuiteRunner.java:415)
	at org.testng.SuiteRunner.run(SuiteRunner.java:364)
	at org.testng.SuiteRunnerWorker.runSuite(SuiteRunnerWorker.java:52)
	at org.testng.SuiteRunnerWorker.run(SuiteRunnerWorker.java:84)
	at org.testng.TestNG.runSuitesSequentially(TestNG.java:1208)
	at org.testng.TestNG.runSuitesLocally(TestNG.java:1137)
	at org.testng.TestNG.runSuites(TestNG.java:1049)
	at org.testng.TestNG.run(TestNG.java:1017)
	at org.testng.remote.AbstractRemoteTestNG.run(AbstractRemoteTestNG.java:115)
	at org.testng.remote.RemoteTestNG.initAndRun(RemoteTestNG.java:251)
	at org.testng.remote.RemoteTestNG.main(RemoteTestNG.java:77)
</pre></td>
				</tr>
				<tr class='log' status='fail'>
					<td class='status fail' title='fail' alt='fail'><i class='material-icons'>cancel</i></td>
					<td class='timestamp'>1:56:56 PM</td>
					<td class='step-details'>expected [true] but found [false]<img data-featherlight='C:\Users\Dell\eclipse-workspace\TATA_Studi\TATA_Studi\Screenshots\TC07_To_Verify_State_Of_Answer_Should_Be_Maintained_For_MCQ_Answer_In_Revision ExtendReport 03-02-21 01-56-55.png' width='10%' src='C:\Users\Dell\eclipse-workspace\TATA_Studi\TATA_Studi\Screenshots\TC07_To_Verify_State_Of_Answer_Should_Be_Maintained_For_MCQ_Answer_In_Revision ExtendReport 03-02-21 01-56-55.png' data-src='C:\Users\Dell\eclipse-workspace\TATA_Studi\TATA_Studi\Screenshots\TC07_To_Verify_State_Of_Answer_Should_Be_Maintained_For_MCQ_Answer_In_Revision ExtendReport 03-02-21 01-56-55.png'></td>
				</tr>
			</tbody>
		</table>
	</div>
					</div>
				</li>
				
				
				<li class='test displayed active  fail' status='fail' bdd='false' test-id='9'>
					<div class='test-heading'>
						<span class='test-name'>TC08_To_Verify_Correct_Incorrect_Feedback_Shown_After_MCQ_Answer_Selection_In_Revision</span>
						<span class='test-time'>Feb 3, 2021 01:56:57 PM</span>
						<span class='test-status right fail'>fail</span>
					</div>
					<div class='test-content hide'>
<div class='test-time-info'>
	<span class='label start-time'>Feb 3, 2021 01:56:57 PM</span>
	<span class='label end-time'>Feb 3, 2021 01:56:58 PM</span>
	<span class='label time-taken grey lighten-1 white-text'>0h 0m 0s+675ms</span>
</div>
	<div class='test-steps'>
		<table class='bordered table-results'>
			<thead>
				<tr>
					<th>Status</th>
					<th>Timestamp</th>
					<th>Details</th>
				</tr>
			</thead>
			<tbody>
				<tr class='log' status='info'>
					<td class='status info' title='info' alt='info'><i class='material-icons'>info_outline</i></td>
					<td class='timestamp'>1:56:57 PM</td>
					<td class='step-details'>On Test Start : TC08_To_Verify_Correct_Incorrect_Feedback_Shown_After_MCQ_Answer_Selection_In_Revision</td>
				</tr>
				<tr class='log' status='fail'>
					<td class='status fail' title='fail' alt='fail'><i class='material-icons'>cancel</i></td>
					<td class='timestamp'>1:56:57 PM</td>
					<td class='step-details'>On Test Failure : TC08_To_Verify_Correct_Incorrect_Feedback_Shown_After_MCQ_Answer_Selection_In_Revision</td>
				</tr>
				<tr class='log' status='fail'>
					<td class='status fail' title='fail' alt='fail'><i class='material-icons'>cancel</i></td>
					<td class='timestamp'>1:56:57 PM</td>
					<td class='step-details'><span class='label white-text red'>TC08_To_Verify_Correct_Incorrect_Feedback_Shown_After_MCQ_Answer_Selection_In_Revision</span></td>
				</tr>
				<tr class='log' status='info'>
					<td class='status info' title='info' alt='info'><i class='material-icons'>info_outline</i></td>
					<td class='timestamp'>1:56:57 PM</td>
					<td class='step-details'>Fails Test</td>
				</tr>
				<tr class='log' status='fail'>
					<td class='status fail' title='fail' alt='fail'><i class='material-icons'>cancel</i></td>
					<td class='timestamp'>1:56:57 PM</td>
					<td class='step-details'><pre>java.lang.AssertionError: expected [true] but found [false]
	at org.testng.Assert.fail(Assert.java:96)
	at org.testng.Assert.failNotEquals(Assert.java:776)
	at org.testng.Assert.assertTrue(Assert.java:44)
	at org.testng.Assert.assertTrue(Assert.java:54)
	at studi.co.testScripts.AFS_UserStory_76.TC08_To_Verify_Correct_Incorrect_Feedback_Shown_After_MCQ_Answer_Selection_In_Revision(AFS_UserStory_76.java:169)
	at java.base/jdk.internal.reflect.NativeMethodAccessorImpl.invoke0(Native Method)
	at java.base/jdk.internal.reflect.NativeMethodAccessorImpl.invoke(NativeMethodAccessorImpl.java:62)
	at java.base/jdk.internal.reflect.DelegatingMethodAccessorImpl.invoke(DelegatingMethodAccessorImpl.java:43)
	at java.base/java.lang.reflect.Method.invoke(Method.java:566)
	at org.testng.internal.MethodInvocationHelper.invokeMethod(MethodInvocationHelper.java:124)
	at org.testng.internal.Invoker.invokeMethod(Invoker.java:583)
	at org.testng.internal.Invoker.invokeTestMethod(Invoker.java:719)
	at org.testng.internal.Invoker.invokeTestMethods(Invoker.java:989)
	at org.testng.internal.TestMethodWorker.invokeTestMethods(TestMethodWorker.java:125)
	at org.testng.internal.TestMethodWorker.run(TestMethodWorker.java:109)
	at org.testng.TestRunner.privateRun(TestRunner.java:648)
	at org.testng.TestRunner.run(TestRunner.java:505)
	at org.testng.SuiteRunner.runTest(SuiteRunner.java:455)
	at org.testng.SuiteRunner.runSequentially(SuiteRunner.java:450)
	at org.testng.SuiteRunner.privateRun(SuiteRunner.java:415)
	at org.testng.SuiteRunner.run(SuiteRunner.java:364)
	at org.testng.SuiteRunnerWorker.runSuite(SuiteRunnerWorker.java:52)
	at org.testng.SuiteRunnerWorker.run(SuiteRunnerWorker.java:84)
	at org.testng.TestNG.runSuitesSequentially(TestNG.java:1208)
	at org.testng.TestNG.runSuitesLocally(TestNG.java:1137)
	at org.testng.TestNG.runSuites(TestNG.java:1049)
	at org.testng.TestNG.run(TestNG.java:1017)
	at org.testng.remote.AbstractRemoteTestNG.run(AbstractRemoteTestNG.java:115)
	at org.testng.remote.RemoteTestNG.initAndRun(RemoteTestNG.java:251)
	at org.testng.remote.RemoteTestNG.main(RemoteTestNG.java:77)
</pre></td>
				</tr>
				<tr class='log' status='fail'>
					<td class='status fail' title='fail' alt='fail'><i class='material-icons'>cancel</i></td>
					<td class='timestamp'>1:56:58 PM</td>
					<td class='step-details'>expected [true] but found [false]<img data-featherlight='C:\Users\Dell\eclipse-workspace\TATA_Studi\TATA_Studi\Screenshots\TC08_To_Verify_Correct_Incorrect_Feedback_Shown_After_MCQ_Answer_Selection_In_Revision ExtendReport 03-02-21 01-56-57.png' width='10%' src='C:\Users\Dell\eclipse-workspace\TATA_Studi\TATA_Studi\Screenshots\TC08_To_Verify_Correct_Incorrect_Feedback_Shown_After_MCQ_Answer_Selection_In_Revision ExtendReport 03-02-21 01-56-57.png' data-src='C:\Users\Dell\eclipse-workspace\TATA_Studi\TATA_Studi\Screenshots\TC08_To_Verify_Correct_Incorrect_Feedback_Shown_After_MCQ_Answer_Selection_In_Revision ExtendReport 03-02-21 01-56-57.png'></td>
				</tr>
			</tbody>
		</table>
	</div>
					</div>
				</li>
				
				
				<li class='test displayed active  pass' status='pass' bdd='false' test-id='10'>
					<div class='test-heading'>
						<span class='test-name'>TC09_To_Verify_Attempting_MCQ_Quiz_Is_Not_Mandatory_In_Revision</span>
						<span class='test-time'>Feb 3, 2021 01:56:59 PM</span>
						<span class='test-status right pass'>pass</span>
					</div>
					<div class='test-content hide'>
<div class='test-time-info'>
	<span class='label start-time'>Feb 3, 2021 01:56:59 PM</span>
	<span class='label end-time'>Feb 3, 2021 01:57:49 PM</span>
	<span class='label time-taken grey lighten-1 white-text'>0h 0m 49s+886ms</span>
</div>
	<div class='test-steps'>
		<table class='bordered table-results'>
			<thead>
				<tr>
					<th>Status</th>
					<th>Timestamp</th>
					<th>Details</th>
				</tr>
			</thead>
			<tbody>
				<tr class='log' status='info'>
					<td class='status info' title='info' alt='info'><i class='material-icons'>info_outline</i></td>
					<td class='timestamp'>1:56:59 PM</td>
					<td class='step-details'>On Test Start : TC09_To_Verify_Attempting_MCQ_Quiz_Is_Not_Mandatory_In_Revision</td>
				</tr>
				<tr class='log' status='info'>
					<td class='status info' title='info' alt='info'><i class='material-icons'>info_outline</i></td>
					<td class='timestamp'>1:57:12 PM</td>
					<td class='step-details'>Open Test Unit</td>
				</tr>
				<tr class='log' status='info'>
					<td class='status info' title='info' alt='info'><i class='material-icons'>info_outline</i></td>
					<td class='timestamp'>1:57:13 PM</td>
					<td class='step-details'>Estimation of Numbers</td>
				</tr>
				<tr class='log' status='info'>
					<td class='status info' title='info' alt='info'><i class='material-icons'>info_outline</i></td>
					<td class='timestamp'>1:57:19 PM</td>
					<td class='step-details'>Opening Revision in Test Unit</td>
				</tr>
				<tr class='log' status='info'>
					<td class='status info' title='info' alt='info'><i class='material-icons'>info_outline</i></td>
					<td class='timestamp'>1:57:22 PM</td>
					<td class='step-details'>Video started</td>
				</tr>
				<tr class='log' status='info'>
					<td class='status info' title='info' alt='info'><i class='material-icons'>info_outline</i></td>
					<td class='timestamp'>1:57:37 PM</td>
					<td class='step-details'>Total questions : 6</td>
				</tr>
				<tr class='log' status='info'>
					<td class='status info' title='info' alt='info'><i class='material-icons'>info_outline</i></td>
					<td class='timestamp'>1:57:40 PM</td>
					<td class='step-details'>Question 1</td>
				</tr>
				<tr class='log' status='info'>
					<td class='status info' title='info' alt='info'><i class='material-icons'>info_outline</i></td>
					<td class='timestamp'>1:57:40 PM</td>
					<td class='step-details'>Click on Next</td>
				</tr>
				<tr class='log' status='info'>
					<td class='status info' title='info' alt='info'><i class='material-icons'>info_outline</i></td>
					<td class='timestamp'>1:57:41 PM</td>
					<td class='step-details'>Question 2</td>
				</tr>
				<tr class='log' status='info'>
					<td class='status info' title='info' alt='info'><i class='material-icons'>info_outline</i></td>
					<td class='timestamp'>1:57:41 PM</td>
					<td class='step-details'>Click on Next</td>
				</tr>
				<tr class='log' status='info'>
					<td class='status info' title='info' alt='info'><i class='material-icons'>info_outline</i></td>
					<td class='timestamp'>1:57:43 PM</td>
					<td class='step-details'>Question 3</td>
				</tr>
				<tr class='log' status='info'>
					<td class='status info' title='info' alt='info'><i class='material-icons'>info_outline</i></td>
					<td class='timestamp'>1:57:43 PM</td>
					<td class='step-details'>Click on Next</td>
				</tr>
				<tr class='log' status='info'>
					<td class='status info' title='info' alt='info'><i class='material-icons'>info_outline</i></td>
					<td class='timestamp'>1:57:45 PM</td>
					<td class='step-details'>Question 4</td>
				</tr>
				<tr class='log' status='info'>
					<td class='status info' title='info' alt='info'><i class='material-icons'>info_outline</i></td>
					<td class='timestamp'>1:57:45 PM</td>
					<td class='step-details'>Click on Next</td>
				</tr>
				<tr class='log' status='info'>
					<td class='status info' title='info' alt='info'><i class='material-icons'>info_outline</i></td>
					<td class='timestamp'>1:57:46 PM</td>
					<td class='step-details'>Question 5</td>
				</tr>
				<tr class='log' status='info'>
					<td class='status info' title='info' alt='info'><i class='material-icons'>info_outline</i></td>
					<td class='timestamp'>1:57:46 PM</td>
					<td class='step-details'>Click on Next</td>
				</tr>
				<tr class='log' status='info'>
					<td class='status info' title='info' alt='info'><i class='material-icons'>info_outline</i></td>
					<td class='timestamp'>1:57:48 PM</td>
					<td class='step-details'>Question 6</td>
				</tr>
				<tr class='log' status='info'>
					<td class='status info' title='info' alt='info'><i class='material-icons'>info_outline</i></td>
					<td class='timestamp'>1:57:48 PM</td>
					<td class='step-details'>Click on Next</td>
				</tr>
				<tr class='log' status='info'>
					<td class='status info' title='info' alt='info'><i class='material-icons'>info_outline</i></td>
					<td class='timestamp'>1:57:48 PM</td>
					<td class='step-details'>Revision ended without attemting any question</td>
				</tr>
				<tr class='log' status='info'>
					<td class='status info' title='info' alt='info'><i class='material-icons'>info_outline</i></td>
					<td class='timestamp'>1:57:48 PM</td>
					<td class='step-details'>On Test Success : TC09_To_Verify_Attempting_MCQ_Quiz_Is_Not_Mandatory_In_Revision</td>
				</tr>
				<tr class='log' status='pass'>
					<td class='status pass' title='pass' alt='pass'><i class='material-icons'>check_circle</i></td>
					<td class='timestamp'>1:57:48 PM</td>
					<td class='step-details'><span class='label white-text green'>TC09_To_Verify_Attempting_MCQ_Quiz_Is_Not_Mandatory_In_Revision</span></td>
				</tr>
				<tr class='log' status='pass'>
					<td class='status pass' title='pass' alt='pass'><i class='material-icons'>check_circle</i></td>
					<td class='timestamp'>1:57:49 PM</td>
					<td class='step-details'>TC09_To_Verify_Attempting_MCQ_Quiz_Is_Not_Mandatory_In_Revision Passed<img data-featherlight='C:\Users\Dell\eclipse-workspace\TATA_Studi\TATA_Studi\Screenshots\TC09_To_Verify_Attempting_MCQ_Quiz_Is_Not_Mandatory_In_Revision ExtendReport 03-02-21 01-57-48.png' width='10%' src='C:\Users\Dell\eclipse-workspace\TATA_Studi\TATA_Studi\Screenshots\TC09_To_Verify_Attempting_MCQ_Quiz_Is_Not_Mandatory_In_Revision ExtendReport 03-02-21 01-57-48.png' data-src='C:\Users\Dell\eclipse-workspace\TATA_Studi\TATA_Studi\Screenshots\TC09_To_Verify_Attempting_MCQ_Quiz_Is_Not_Mandatory_In_Revision ExtendReport 03-02-21 01-57-48.png'></td>
				</tr>
			</tbody>
		</table>
	</div>
					</div>
				</li>
				
				
				<li class='test displayed active  fail' status='fail' bdd='false' test-id='11'>
					<div class='test-heading'>
						<span class='test-name'>TC10_To_Verify_User_Can_Click_On_All_MCQ_Answers_In_Revision</span>
						<span class='test-time'>Feb 3, 2021 01:57:50 PM</span>
						<span class='test-status right fail'>fail</span>
					</div>
					<div class='test-content hide'>
<div class='test-time-info'>
	<span class='label start-time'>Feb 3, 2021 01:57:50 PM</span>
	<span class='label end-time'>Feb 3, 2021 01:57:51 PM</span>
	<span class='label time-taken grey lighten-1 white-text'>0h 0m 0s+667ms</span>
</div>
	<div class='test-steps'>
		<table class='bordered table-results'>
			<thead>
				<tr>
					<th>Status</th>
					<th>Timestamp</th>
					<th>Details</th>
				</tr>
			</thead>
			<tbody>
				<tr class='log' status='info'>
					<td class='status info' title='info' alt='info'><i class='material-icons'>info_outline</i></td>
					<td class='timestamp'>1:57:50 PM</td>
					<td class='step-details'>On Test Start : TC10_To_Verify_User_Can_Click_On_All_MCQ_Answers_In_Revision</td>
				</tr>
				<tr class='log' status='fail'>
					<td class='status fail' title='fail' alt='fail'><i class='material-icons'>cancel</i></td>
					<td class='timestamp'>1:57:50 PM</td>
					<td class='step-details'>On Test Failure : TC10_To_Verify_User_Can_Click_On_All_MCQ_Answers_In_Revision</td>
				</tr>
				<tr class='log' status='fail'>
					<td class='status fail' title='fail' alt='fail'><i class='material-icons'>cancel</i></td>
					<td class='timestamp'>1:57:50 PM</td>
					<td class='step-details'><span class='label white-text red'>TC10_To_Verify_User_Can_Click_On_All_MCQ_Answers_In_Revision</span></td>
				</tr>
				<tr class='log' status='info'>
					<td class='status info' title='info' alt='info'><i class='material-icons'>info_outline</i></td>
					<td class='timestamp'>1:57:50 PM</td>
					<td class='step-details'>Fails Test</td>
				</tr>
				<tr class='log' status='fail'>
					<td class='status fail' title='fail' alt='fail'><i class='material-icons'>cancel</i></td>
					<td class='timestamp'>1:57:50 PM</td>
					<td class='step-details'><pre>java.lang.AssertionError: expected [true] but found [false]
	at org.testng.Assert.fail(Assert.java:96)
	at org.testng.Assert.failNotEquals(Assert.java:776)
	at org.testng.Assert.assertTrue(Assert.java:44)
	at org.testng.Assert.assertTrue(Assert.java:54)
	at studi.co.testScripts.AFS_UserStory_76.TC10_To_Verify_User_Can_Click_On_All_MCQ_Answers_In_Revision(AFS_UserStory_76.java:183)
	at java.base/jdk.internal.reflect.NativeMethodAccessorImpl.invoke0(Native Method)
	at java.base/jdk.internal.reflect.NativeMethodAccessorImpl.invoke(NativeMethodAccessorImpl.java:62)
	at java.base/jdk.internal.reflect.DelegatingMethodAccessorImpl.invoke(DelegatingMethodAccessorImpl.java:43)
	at java.base/java.lang.reflect.Method.invoke(Method.java:566)
	at org.testng.internal.MethodInvocationHelper.invokeMethod(MethodInvocationHelper.java:124)
	at org.testng.internal.Invoker.invokeMethod(Invoker.java:583)
	at org.testng.internal.Invoker.invokeTestMethod(Invoker.java:719)
	at org.testng.internal.Invoker.invokeTestMethods(Invoker.java:989)
	at org.testng.internal.TestMethodWorker.invokeTestMethods(TestMethodWorker.java:125)
	at org.testng.internal.TestMethodWorker.run(TestMethodWorker.java:109)
	at org.testng.TestRunner.privateRun(TestRunner.java:648)
	at org.testng.TestRunner.run(TestRunner.java:505)
	at org.testng.SuiteRunner.runTest(SuiteRunner.java:455)
	at org.testng.SuiteRunner.runSequentially(SuiteRunner.java:450)
	at org.testng.SuiteRunner.privateRun(SuiteRunner.java:415)
	at org.testng.SuiteRunner.run(SuiteRunner.java:364)
	at org.testng.SuiteRunnerWorker.runSuite(SuiteRunnerWorker.java:52)
	at org.testng.SuiteRunnerWorker.run(SuiteRunnerWorker.java:84)
	at org.testng.TestNG.runSuitesSequentially(TestNG.java:1208)
	at org.testng.TestNG.runSuitesLocally(TestNG.java:1137)
	at org.testng.TestNG.runSuites(TestNG.java:1049)
	at org.testng.TestNG.run(TestNG.java:1017)
	at org.testng.remote.AbstractRemoteTestNG.run(AbstractRemoteTestNG.java:115)
	at org.testng.remote.RemoteTestNG.initAndRun(RemoteTestNG.java:251)
	at org.testng.remote.RemoteTestNG.main(RemoteTestNG.java:77)
</pre></td>
				</tr>
				<tr class='log' status='fail'>
					<td class='status fail' title='fail' alt='fail'><i class='material-icons'>cancel</i></td>
					<td class='timestamp'>1:57:51 PM</td>
					<td class='step-details'>expected [true] but found [false]<img data-featherlight='C:\Users\Dell\eclipse-workspace\TATA_Studi\TATA_Studi\Screenshots\TC10_To_Verify_User_Can_Click_On_All_MCQ_Answers_In_Revision ExtendReport 03-02-21 01-57-50.png' width='10%' src='C:\Users\Dell\eclipse-workspace\TATA_Studi\TATA_Studi\Screenshots\TC10_To_Verify_User_Can_Click_On_All_MCQ_Answers_In_Revision ExtendReport 03-02-21 01-57-50.png' data-src='C:\Users\Dell\eclipse-workspace\TATA_Studi\TATA_Studi\Screenshots\TC10_To_Verify_User_Can_Click_On_All_MCQ_Answers_In_Revision ExtendReport 03-02-21 01-57-50.png'></td>
				</tr>
			</tbody>
		</table>
	</div>
					</div>
				</li>
				
				
				<li class='test displayed active  pass' status='pass' bdd='false' test-id='12'>
					<div class='test-heading'>
						<span class='test-name'>TC11_To_Verify_User_Can_Abandon_MCQ_Quiz_In_Revision</span>
						<span class='test-time'>Feb 3, 2021 01:57:52 PM</span>
						<span class='test-status right pass'>pass</span>
					</div>
					<div class='test-content hide'>
<div class='test-time-info'>
	<span class='label start-time'>Feb 3, 2021 01:57:52 PM</span>
	<span class='label end-time'>Feb 3, 2021 01:58:34 PM</span>
	<span class='label time-taken grey lighten-1 white-text'>0h 0m 41s+885ms</span>
</div>
	<div class='test-steps'>
		<table class='bordered table-results'>
			<thead>
				<tr>
					<th>Status</th>
					<th>Timestamp</th>
					<th>Details</th>
				</tr>
			</thead>
			<tbody>
				<tr class='log' status='info'>
					<td class='status info' title='info' alt='info'><i class='material-icons'>info_outline</i></td>
					<td class='timestamp'>1:57:52 PM</td>
					<td class='step-details'>On Test Start : TC11_To_Verify_User_Can_Abandon_MCQ_Quiz_In_Revision</td>
				</tr>
				<tr class='log' status='info'>
					<td class='status info' title='info' alt='info'><i class='material-icons'>info_outline</i></td>
					<td class='timestamp'>1:58:08 PM</td>
					<td class='step-details'>Open Test Unit</td>
				</tr>
				<tr class='log' status='info'>
					<td class='status info' title='info' alt='info'><i class='material-icons'>info_outline</i></td>
					<td class='timestamp'>1:58:09 PM</td>
					<td class='step-details'>Estimation of Numbers</td>
				</tr>
				<tr class='log' status='info'>
					<td class='status info' title='info' alt='info'><i class='material-icons'>info_outline</i></td>
					<td class='timestamp'>1:58:13 PM</td>
					<td class='step-details'>Opening Revision in Test Unit</td>
				</tr>
				<tr class='log' status='info'>
					<td class='status info' title='info' alt='info'><i class='material-icons'>info_outline</i></td>
					<td class='timestamp'>1:58:16 PM</td>
					<td class='step-details'>Video started</td>
				</tr>
				<tr class='log' status='info'>
					<td class='status info' title='info' alt='info'><i class='material-icons'>info_outline</i></td>
					<td class='timestamp'>1:58:29 PM</td>
					<td class='step-details'>Total questions : 6</td>
				</tr>
				<tr class='log' status='info'>
					<td class='status info' title='info' alt='info'><i class='material-icons'>info_outline</i></td>
					<td class='timestamp'>1:58:32 PM</td>
					<td class='step-details'>Clicked on Back Button</td>
				</tr>
				<tr class='log' status='info'>
					<td class='status info' title='info' alt='info'><i class='material-icons'>info_outline</i></td>
					<td class='timestamp'>1:58:32 PM</td>
					<td class='step-details'>Ending Test</td>
				</tr>
				<tr class='log' status='info'>
					<td class='status info' title='info' alt='info'><i class='material-icons'>info_outline</i></td>
					<td class='timestamp'>1:58:34 PM</td>
					<td class='step-details'>revision aboanded succesfully</td>
				</tr>
				<tr class='log' status='info'>
					<td class='status info' title='info' alt='info'><i class='material-icons'>info_outline</i></td>
					<td class='timestamp'>1:58:34 PM</td>
					<td class='step-details'>On Test Success : TC11_To_Verify_User_Can_Abandon_MCQ_Quiz_In_Revision</td>
				</tr>
				<tr class='log' status='pass'>
					<td class='status pass' title='pass' alt='pass'><i class='material-icons'>check_circle</i></td>
					<td class='timestamp'>1:58:34 PM</td>
					<td class='step-details'><span class='label white-text green'>TC11_To_Verify_User_Can_Abandon_MCQ_Quiz_In_Revision</span></td>
				</tr>
				<tr class='log' status='pass'>
					<td class='status pass' title='pass' alt='pass'><i class='material-icons'>check_circle</i></td>
					<td class='timestamp'>1:58:34 PM</td>
					<td class='step-details'>TC11_To_Verify_User_Can_Abandon_MCQ_Quiz_In_Revision Passed<img data-featherlight='C:\Users\Dell\eclipse-workspace\TATA_Studi\TATA_Studi\Screenshots\TC11_To_Verify_User_Can_Abandon_MCQ_Quiz_In_Revision ExtendReport 03-02-21 01-58-34.png' width='10%' src='C:\Users\Dell\eclipse-workspace\TATA_Studi\TATA_Studi\Screenshots\TC11_To_Verify_User_Can_Abandon_MCQ_Quiz_In_Revision ExtendReport 03-02-21 01-58-34.png' data-src='C:\Users\Dell\eclipse-workspace\TATA_Studi\TATA_Studi\Screenshots\TC11_To_Verify_User_Can_Abandon_MCQ_Quiz_In_Revision ExtendReport 03-02-21 01-58-34.png'></td>
				</tr>
			</tbody>
		</table>
	</div>
					</div>
				</li>
				
				
				<li class='test displayed active  pass' status='pass' bdd='false' test-id='13'>
					<div class='test-heading'>
						<span class='test-name'>TC12_Verify_MCQ_Questions_In_Pratice</span>
						<span class='test-time'>Feb 3, 2021 01:58:36 PM</span>
						<span class='test-status right pass'>pass</span>
					</div>
					<div class='test-content hide'>
<div class='test-time-info'>
	<span class='label start-time'>Feb 3, 2021 01:58:36 PM</span>
	<span class='label end-time'>Feb 3, 2021 02:00:18 PM</span>
	<span class='label time-taken grey lighten-1 white-text'>0h 1m 41s+838ms</span>
</div>
	<div class='test-steps'>
		<table class='bordered table-results'>
			<thead>
				<tr>
					<th>Status</th>
					<th>Timestamp</th>
					<th>Details</th>
				</tr>
			</thead>
			<tbody>
				<tr class='log' status='info'>
					<td class='status info' title='info' alt='info'><i class='material-icons'>info_outline</i></td>
					<td class='timestamp'>1:58:36 PM</td>
					<td class='step-details'>On Test Start : TC12_Verify_MCQ_Questions_In_Pratice</td>
				</tr>
				<tr class='log' status='info'>
					<td class='status info' title='info' alt='info'><i class='material-icons'>info_outline</i></td>
					<td class='timestamp'>1:58:51 PM</td>
					<td class='step-details'>Open Test Unit</td>
				</tr>
				<tr class='log' status='info'>
					<td class='status info' title='info' alt='info'><i class='material-icons'>info_outline</i></td>
					<td class='timestamp'>1:58:51 PM</td>
					<td class='step-details'>A New Law</td>
				</tr>
				<tr class='log' status='info'>
					<td class='status info' title='info' alt='info'><i class='material-icons'>info_outline</i></td>
					<td class='timestamp'>1:58:56 PM</td>
					<td class='step-details'>Opening Practice in Test Unit</td>
				</tr>
				<tr class='log' status='info'>
					<td class='status info' title='info' alt='info'><i class='material-icons'>info_outline</i></td>
					<td class='timestamp'>1:59:03 PM</td>
					<td class='step-details'>Question 1</td>
				</tr>
				<tr class='log' status='info'>
					<td class='status info' title='info' alt='info'><i class='material-icons'>info_outline</i></td>
					<td class='timestamp'>1:59:14 PM</td>
					<td class='step-details'>Question 2</td>
				</tr>
				<tr class='log' status='info'>
					<td class='status info' title='info' alt='info'><i class='material-icons'>info_outline</i></td>
					<td class='timestamp'>1:59:30 PM</td>
					<td class='step-details'>Answer count 5</td>
				</tr>
				<tr class='log' status='info'>
					<td class='status info' title='info' alt='info'><i class='material-icons'>info_outline</i></td>
					<td class='timestamp'>1:59:30 PM</td>
					<td class='step-details'>Answer 1  displayed</td>
				</tr>
				<tr class='log' status='info'>
					<td class='status info' title='info' alt='info'><i class='material-icons'>info_outline</i></td>
					<td class='timestamp'>1:59:30 PM</td>
					<td class='step-details'>Answer 2  displayed</td>
				</tr>
				<tr class='log' status='info'>
					<td class='status info' title='info' alt='info'><i class='material-icons'>info_outline</i></td>
					<td class='timestamp'>1:59:30 PM</td>
					<td class='step-details'>Answer 3  displayed</td>
				</tr>
				<tr class='log' status='info'>
					<td class='status info' title='info' alt='info'><i class='material-icons'>info_outline</i></td>
					<td class='timestamp'>1:59:30 PM</td>
					<td class='step-details'>Answer 4  displayed</td>
				</tr>
				<tr class='log' status='info'>
					<td class='status info' title='info' alt='info'><i class='material-icons'>info_outline</i></td>
					<td class='timestamp'>1:59:31 PM</td>
					<td class='step-details'>Answer 5  displayed</td>
				</tr>
				<tr class='log' status='info'>
					<td class='status info' title='info' alt='info'><i class='material-icons'>info_outline</i></td>
					<td class='timestamp'>1:59:32 PM</td>
					<td class='step-details'>Question 3</td>
				</tr>
				<tr class='log' status='info'>
					<td class='status info' title='info' alt='info'><i class='material-icons'>info_outline</i></td>
					<td class='timestamp'>1:59:42 PM</td>
					<td class='step-details'>Question 4</td>
				</tr>
				<tr class='log' status='info'>
					<td class='status info' title='info' alt='info'><i class='material-icons'>info_outline</i></td>
					<td class='timestamp'>1:59:58 PM</td>
					<td class='step-details'>Answer count 5</td>
				</tr>
				<tr class='log' status='info'>
					<td class='status info' title='info' alt='info'><i class='material-icons'>info_outline</i></td>
					<td class='timestamp'>1:59:58 PM</td>
					<td class='step-details'>Answer 1  displayed</td>
				</tr>
				<tr class='log' status='info'>
					<td class='status info' title='info' alt='info'><i class='material-icons'>info_outline</i></td>
					<td class='timestamp'>1:59:58 PM</td>
					<td class='step-details'>Answer 2  displayed</td>
				</tr>
				<tr class='log' status='info'>
					<td class='status info' title='info' alt='info'><i class='material-icons'>info_outline</i></td>
					<td class='timestamp'>1:59:58 PM</td>
					<td class='step-details'>Answer 3  displayed</td>
				</tr>
				<tr class='log' status='info'>
					<td class='status info' title='info' alt='info'><i class='material-icons'>info_outline</i></td>
					<td class='timestamp'>1:59:58 PM</td>
					<td class='step-details'>Answer 4  displayed</td>
				</tr>
				<tr class='log' status='info'>
					<td class='status info' title='info' alt='info'><i class='material-icons'>info_outline</i></td>
					<td class='timestamp'>1:59:58 PM</td>
					<td class='step-details'>Answer 5  displayed</td>
				</tr>
				<tr class='log' status='info'>
					<td class='status info' title='info' alt='info'><i class='material-icons'>info_outline</i></td>
					<td class='timestamp'>2:00:00 PM</td>
					<td class='step-details'>Question 5</td>
				</tr>
				<tr class='log' status='info'>
					<td class='status info' title='info' alt='info'><i class='material-icons'>info_outline</i></td>
					<td class='timestamp'>2:00:17 PM</td>
					<td class='step-details'>Answer count 5</td>
				</tr>
				<tr class='log' status='info'>
					<td class='status info' title='info' alt='info'><i class='material-icons'>info_outline</i></td>
					<td class='timestamp'>2:00:17 PM</td>
					<td class='step-details'>Answer 1  displayed</td>
				</tr>
				<tr class='log' status='info'>
					<td class='status info' title='info' alt='info'><i class='material-icons'>info_outline</i></td>
					<td class='timestamp'>2:00:17 PM</td>
					<td class='step-details'>Answer 2  displayed</td>
				</tr>
				<tr class='log' status='info'>
					<td class='status info' title='info' alt='info'><i class='material-icons'>info_outline</i></td>
					<td class='timestamp'>2:00:17 PM</td>
					<td class='step-details'>Answer 3  displayed</td>
				</tr>
				<tr class='log' status='info'>
					<td class='status info' title='info' alt='info'><i class='material-icons'>info_outline</i></td>
					<td class='timestamp'>2:00:17 PM</td>
					<td class='step-details'>Answer 4  displayed</td>
				</tr>
				<tr class='log' status='info'>
					<td class='status info' title='info' alt='info'><i class='material-icons'>info_outline</i></td>
					<td class='timestamp'>2:00:17 PM</td>
					<td class='step-details'>Answer 5  displayed</td>
				</tr>
				<tr class='log' status='info'>
					<td class='status info' title='info' alt='info'><i class='material-icons'>info_outline</i></td>
					<td class='timestamp'>2:00:17 PM</td>
					<td class='step-details'>3 MCQ displayed</td>
				</tr>
				<tr class='log' status='info'>
					<td class='status info' title='info' alt='info'><i class='material-icons'>info_outline</i></td>
					<td class='timestamp'>2:00:17 PM</td>
					<td class='step-details'>On Test Success : TC12_Verify_MCQ_Questions_In_Pratice</td>
				</tr>
				<tr class='log' status='pass'>
					<td class='status pass' title='pass' alt='pass'><i class='material-icons'>check_circle</i></td>
					<td class='timestamp'>2:00:17 PM</td>
					<td class='step-details'><span class='label white-text green'>TC12_Verify_MCQ_Questions_In_Pratice</span></td>
				</tr>
				<tr class='log' status='pass'>
					<td class='status pass' title='pass' alt='pass'><i class='material-icons'>check_circle</i></td>
					<td class='timestamp'>2:00:18 PM</td>
					<td class='step-details'>TC12_Verify_MCQ_Questions_In_Pratice Passed<img data-featherlight='C:\Users\Dell\eclipse-workspace\TATA_Studi\TATA_Studi\Screenshots\TC12_Verify_MCQ_Questions_In_Pratice ExtendReport 03-02-21 02-00-17.png' width='10%' src='C:\Users\Dell\eclipse-workspace\TATA_Studi\TATA_Studi\Screenshots\TC12_Verify_MCQ_Questions_In_Pratice ExtendReport 03-02-21 02-00-17.png' data-src='C:\Users\Dell\eclipse-workspace\TATA_Studi\TATA_Studi\Screenshots\TC12_Verify_MCQ_Questions_In_Pratice ExtendReport 03-02-21 02-00-17.png'></td>
				</tr>
			</tbody>
		</table>
	</div>
					</div>
				</li>
				
				
				<li class='test displayed active  pass' status='pass' bdd='false' test-id='14'>
					<div class='test-heading'>
						<span class='test-name'>TC13_To_Verify_MCQ_Answers_Is_In_Default_State_In_Practice</span>
						<span class='test-time'>Feb 3, 2021 02:00:19 PM</span>
						<span class='test-status right pass'>pass</span>
					</div>
					<div class='test-content hide'>
<div class='test-time-info'>
	<span class='label start-time'>Feb 3, 2021 02:00:19 PM</span>
	<span class='label end-time'>Feb 3, 2021 02:02:16 PM</span>
	<span class='label time-taken grey lighten-1 white-text'>0h 1m 56s+880ms</span>
</div>
	<div class='test-steps'>
		<table class='bordered table-results'>
			<thead>
				<tr>
					<th>Status</th>
					<th>Timestamp</th>
					<th>Details</th>
				</tr>
			</thead>
			<tbody>
				<tr class='log' status='info'>
					<td class='status info' title='info' alt='info'><i class='material-icons'>info_outline</i></td>
					<td class='timestamp'>2:00:19 PM</td>
					<td class='step-details'>On Test Start : TC13_To_Verify_MCQ_Answers_Is_In_Default_State_In_Practice</td>
				</tr>
				<tr class='log' status='info'>
					<td class='status info' title='info' alt='info'><i class='material-icons'>info_outline</i></td>
					<td class='timestamp'>2:00:36 PM</td>
					<td class='step-details'>Open Test Unit</td>
				</tr>
				<tr class='log' status='info'>
					<td class='status info' title='info' alt='info'><i class='material-icons'>info_outline</i></td>
					<td class='timestamp'>2:00:36 PM</td>
					<td class='step-details'>A New Law</td>
				</tr>
				<tr class='log' status='info'>
					<td class='status info' title='info' alt='info'><i class='material-icons'>info_outline</i></td>
					<td class='timestamp'>2:00:41 PM</td>
					<td class='step-details'>Opening Practice in Test Unit</td>
				</tr>
				<tr class='log' status='info'>
					<td class='status info' title='info' alt='info'><i class='material-icons'>info_outline</i></td>
					<td class='timestamp'>2:00:50 PM</td>
					<td class='step-details'>Question 1</td>
				</tr>
				<tr class='log' status='info'>
					<td class='status info' title='info' alt='info'><i class='material-icons'>info_outline</i></td>
					<td class='timestamp'>2:01:02 PM</td>
					<td class='step-details'>Question 2</td>
				</tr>
				<tr class='log' status='info'>
					<td class='status info' title='info' alt='info'><i class='material-icons'>info_outline</i></td>
					<td class='timestamp'>2:01:20 PM</td>
					<td class='step-details'>Question 2</td>
				</tr>
				<tr class='log' status='info'>
					<td class='status info' title='info' alt='info'><i class='material-icons'>info_outline</i></td>
					<td class='timestamp'>2:01:24 PM</td>
					<td class='step-details'>Question 3</td>
				</tr>
				<tr class='log' status='info'>
					<td class='status info' title='info' alt='info'><i class='material-icons'>info_outline</i></td>
					<td class='timestamp'>2:01:36 PM</td>
					<td class='step-details'>Question 4</td>
				</tr>
				<tr class='log' status='info'>
					<td class='status info' title='info' alt='info'><i class='material-icons'>info_outline</i></td>
					<td class='timestamp'>2:01:53 PM</td>
					<td class='step-details'>Question 4</td>
				</tr>
				<tr class='log' status='info'>
					<td class='status info' title='info' alt='info'><i class='material-icons'>info_outline</i></td>
					<td class='timestamp'>2:01:58 PM</td>
					<td class='step-details'>Question 5</td>
				</tr>
				<tr class='log' status='info'>
					<td class='status info' title='info' alt='info'><i class='material-icons'>info_outline</i></td>
					<td class='timestamp'>2:02:14 PM</td>
					<td class='step-details'>Answer 1  is unchecked as default</td>
				</tr>
				<tr class='log' status='info'>
					<td class='status info' title='info' alt='info'><i class='material-icons'>info_outline</i></td>
					<td class='timestamp'>2:02:14 PM</td>
					<td class='step-details'>Answer 2  is unchecked as default</td>
				</tr>
				<tr class='log' status='info'>
					<td class='status info' title='info' alt='info'><i class='material-icons'>info_outline</i></td>
					<td class='timestamp'>2:02:14 PM</td>
					<td class='step-details'>Answer 3  is unchecked as default</td>
				</tr>
				<tr class='log' status='info'>
					<td class='status info' title='info' alt='info'><i class='material-icons'>info_outline</i></td>
					<td class='timestamp'>2:02:14 PM</td>
					<td class='step-details'>Answer 4  is unchecked as default</td>
				</tr>
				<tr class='log' status='info'>
					<td class='status info' title='info' alt='info'><i class='material-icons'>info_outline</i></td>
					<td class='timestamp'>2:02:14 PM</td>
					<td class='step-details'>Answer 5  is unchecked as default</td>
				</tr>
				<tr class='log' status='info'>
					<td class='status info' title='info' alt='info'><i class='material-icons'>info_outline</i></td>
					<td class='timestamp'>2:02:15 PM</td>
					<td class='step-details'>3 MCQ displayed</td>
				</tr>
				<tr class='log' status='info'>
					<td class='status info' title='info' alt='info'><i class='material-icons'>info_outline</i></td>
					<td class='timestamp'>2:02:15 PM</td>
					<td class='step-details'>On Test Success : TC13_To_Verify_MCQ_Answers_Is_In_Default_State_In_Practice</td>
				</tr>
				<tr class='log' status='pass'>
					<td class='status pass' title='pass' alt='pass'><i class='material-icons'>check_circle</i></td>
					<td class='timestamp'>2:02:15 PM</td>
					<td class='step-details'><span class='label white-text green'>TC13_To_Verify_MCQ_Answers_Is_In_Default_State_In_Practice</span></td>
				</tr>
				<tr class='log' status='pass'>
					<td class='status pass' title='pass' alt='pass'><i class='material-icons'>check_circle</i></td>
					<td class='timestamp'>2:02:16 PM</td>
					<td class='step-details'>TC13_To_Verify_MCQ_Answers_Is_In_Default_State_In_Practice Passed<img data-featherlight='C:\Users\Dell\eclipse-workspace\TATA_Studi\TATA_Studi\Screenshots\TC13_To_Verify_MCQ_Answers_Is_In_Default_State_In_Practice ExtendReport 03-02-21 02-02-15.png' width='10%' src='C:\Users\Dell\eclipse-workspace\TATA_Studi\TATA_Studi\Screenshots\TC13_To_Verify_MCQ_Answers_Is_In_Default_State_In_Practice ExtendReport 03-02-21 02-02-15.png' data-src='C:\Users\Dell\eclipse-workspace\TATA_Studi\TATA_Studi\Screenshots\TC13_To_Verify_MCQ_Answers_Is_In_Default_State_In_Practice ExtendReport 03-02-21 02-02-15.png'></td>
				</tr>
			</tbody>
		</table>
	</div>
					</div>
				</li>
				
				
				<li class='test displayed active  pass' status='pass' bdd='false' test-id='15'>
					<div class='test-heading'>
						<span class='test-name'>TC14_To_Verify_Multiple_Answers_Shown_For_MCQ_In_Practice</span>
						<span class='test-time'>Feb 3, 2021 02:02:17 PM</span>
						<span class='test-status right pass'>pass</span>
					</div>
					<div class='test-content hide'>
<div class='test-time-info'>
	<span class='label start-time'>Feb 3, 2021 02:02:17 PM</span>
	<span class='label end-time'>Feb 3, 2021 02:04:00 PM</span>
	<span class='label time-taken grey lighten-1 white-text'>0h 1m 42s+567ms</span>
</div>
	<div class='test-steps'>
		<table class='bordered table-results'>
			<thead>
				<tr>
					<th>Status</th>
					<th>Timestamp</th>
					<th>Details</th>
				</tr>
			</thead>
			<tbody>
				<tr class='log' status='info'>
					<td class='status info' title='info' alt='info'><i class='material-icons'>info_outline</i></td>
					<td class='timestamp'>2:02:17 PM</td>
					<td class='step-details'>On Test Start : TC14_To_Verify_Multiple_Answers_Shown_For_MCQ_In_Practice</td>
				</tr>
				<tr class='log' status='info'>
					<td class='status info' title='info' alt='info'><i class='material-icons'>info_outline</i></td>
					<td class='timestamp'>2:02:33 PM</td>
					<td class='step-details'>Open Test Unit</td>
				</tr>
				<tr class='log' status='info'>
					<td class='status info' title='info' alt='info'><i class='material-icons'>info_outline</i></td>
					<td class='timestamp'>2:02:33 PM</td>
					<td class='step-details'>A New Law</td>
				</tr>
				<tr class='log' status='info'>
					<td class='status info' title='info' alt='info'><i class='material-icons'>info_outline</i></td>
					<td class='timestamp'>2:02:38 PM</td>
					<td class='step-details'>Opening Practice in Test Unit</td>
				</tr>
				<tr class='log' status='info'>
					<td class='status info' title='info' alt='info'><i class='material-icons'>info_outline</i></td>
					<td class='timestamp'>2:02:46 PM</td>
					<td class='step-details'>Question 1</td>
				</tr>
				<tr class='log' status='info'>
					<td class='status info' title='info' alt='info'><i class='material-icons'>info_outline</i></td>
					<td class='timestamp'>2:02:56 PM</td>
					<td class='step-details'>Answer count 4</td>
				</tr>
				<tr class='log' status='info'>
					<td class='status info' title='info' alt='info'><i class='material-icons'>info_outline</i></td>
					<td class='timestamp'>2:02:58 PM</td>
					<td class='step-details'>Question 2</td>
				</tr>
				<tr class='log' status='info'>
					<td class='status info' title='info' alt='info'><i class='material-icons'>info_outline</i></td>
					<td class='timestamp'>2:03:13 PM</td>
					<td class='step-details'>Multiple answers available for question 2</td>
				</tr>
				<tr class='log' status='info'>
					<td class='status info' title='info' alt='info'><i class='material-icons'>info_outline</i></td>
					<td class='timestamp'>2:03:15 PM</td>
					<td class='step-details'>Question 3</td>
				</tr>
				<tr class='log' status='info'>
					<td class='status info' title='info' alt='info'><i class='material-icons'>info_outline</i></td>
					<td class='timestamp'>2:03:23 PM</td>
					<td class='step-details'>Answer count 4</td>
				</tr>
				<tr class='log' status='info'>
					<td class='status info' title='info' alt='info'><i class='material-icons'>info_outline</i></td>
					<td class='timestamp'>2:03:25 PM</td>
					<td class='step-details'>Question 4</td>
				</tr>
				<tr class='log' status='info'>
					<td class='status info' title='info' alt='info'><i class='material-icons'>info_outline</i></td>
					<td class='timestamp'>2:03:40 PM</td>
					<td class='step-details'>Multiple answers available for question 4</td>
				</tr>
				<tr class='log' status='info'>
					<td class='status info' title='info' alt='info'><i class='material-icons'>info_outline</i></td>
					<td class='timestamp'>2:03:42 PM</td>
					<td class='step-details'>Question 5</td>
				</tr>
				<tr class='log' status='info'>
					<td class='status info' title='info' alt='info'><i class='material-icons'>info_outline</i></td>
					<td class='timestamp'>2:03:58 PM</td>
					<td class='step-details'>Multiple answers available for question 5</td>
				</tr>
				<tr class='log' status='info'>
					<td class='status info' title='info' alt='info'><i class='material-icons'>info_outline</i></td>
					<td class='timestamp'>2:03:59 PM</td>
					<td class='step-details'>3 MCQ displayed</td>
				</tr>
				<tr class='log' status='info'>
					<td class='status info' title='info' alt='info'><i class='material-icons'>info_outline</i></td>
					<td class='timestamp'>2:03:59 PM</td>
					<td class='step-details'>On Test Success : TC14_To_Verify_Multiple_Answers_Shown_For_MCQ_In_Practice</td>
				</tr>
				<tr class='log' status='pass'>
					<td class='status pass' title='pass' alt='pass'><i class='material-icons'>check_circle</i></td>
					<td class='timestamp'>2:03:59 PM</td>
					<td class='step-details'><span class='label white-text green'>TC14_To_Verify_Multiple_Answers_Shown_For_MCQ_In_Practice</span></td>
				</tr>
				<tr class='log' status='pass'>
					<td class='status pass' title='pass' alt='pass'><i class='material-icons'>check_circle</i></td>
					<td class='timestamp'>2:04:00 PM</td>
					<td class='step-details'>TC14_To_Verify_Multiple_Answers_Shown_For_MCQ_In_Practice Passed<img data-featherlight='C:\Users\Dell\eclipse-workspace\TATA_Studi\TATA_Studi\Screenshots\TC14_To_Verify_Multiple_Answers_Shown_For_MCQ_In_Practice ExtendReport 03-02-21 02-03-59.png' width='10%' src='C:\Users\Dell\eclipse-workspace\TATA_Studi\TATA_Studi\Screenshots\TC14_To_Verify_Multiple_Answers_Shown_For_MCQ_In_Practice ExtendReport 03-02-21 02-03-59.png' data-src='C:\Users\Dell\eclipse-workspace\TATA_Studi\TATA_Studi\Screenshots\TC14_To_Verify_Multiple_Answers_Shown_For_MCQ_In_Practice ExtendReport 03-02-21 02-03-59.png'></td>
				</tr>
			</tbody>
		</table>
	</div>
					</div>
				</li>
				
				
				<li class='test displayed active  pass' status='pass' bdd='false' test-id='16'>
					<div class='test-heading'>
						<span class='test-name'>TC15_To_Verify_MCQ_Answers_Can_Be_Select_In_Practice</span>
						<span class='test-time'>Feb 3, 2021 02:04:01 PM</span>
						<span class='test-status right pass'>pass</span>
					</div>
					<div class='test-content hide'>
<div class='test-time-info'>
	<span class='label start-time'>Feb 3, 2021 02:04:01 PM</span>
	<span class='label end-time'>Feb 3, 2021 02:06:06 PM</span>
	<span class='label time-taken grey lighten-1 white-text'>0h 2m 4s+318ms</span>
</div>
	<div class='test-steps'>
		<table class='bordered table-results'>
			<thead>
				<tr>
					<th>Status</th>
					<th>Timestamp</th>
					<th>Details</th>
				</tr>
			</thead>
			<tbody>
				<tr class='log' status='info'>
					<td class='status info' title='info' alt='info'><i class='material-icons'>info_outline</i></td>
					<td class='timestamp'>2:04:01 PM</td>
					<td class='step-details'>On Test Start : TC15_To_Verify_MCQ_Answers_Can_Be_Select_In_Practice</td>
				</tr>
				<tr class='log' status='info'>
					<td class='status info' title='info' alt='info'><i class='material-icons'>info_outline</i></td>
					<td class='timestamp'>2:04:17 PM</td>
					<td class='step-details'>Open Test Unit</td>
				</tr>
				<tr class='log' status='info'>
					<td class='status info' title='info' alt='info'><i class='material-icons'>info_outline</i></td>
					<td class='timestamp'>2:04:17 PM</td>
					<td class='step-details'>A New Law</td>
				</tr>
				<tr class='log' status='info'>
					<td class='status info' title='info' alt='info'><i class='material-icons'>info_outline</i></td>
					<td class='timestamp'>2:04:22 PM</td>
					<td class='step-details'>Opening Practice in Test Unit</td>
				</tr>
				<tr class='log' status='info'>
					<td class='status info' title='info' alt='info'><i class='material-icons'>info_outline</i></td>
					<td class='timestamp'>2:04:37 PM</td>
					<td class='step-details'>Answer count 4</td>
				</tr>
				<tr class='log' status='info'>
					<td class='status info' title='info' alt='info'><i class='material-icons'>info_outline</i></td>
					<td class='timestamp'>2:04:55 PM</td>
					<td class='step-details'>Question 2</td>
				</tr>
				<tr class='log' status='info'>
					<td class='status info' title='info' alt='info'><i class='material-icons'>info_outline</i></td>
					<td class='timestamp'>2:04:56 PM</td>
					<td class='step-details'>1 can be select or unselect</td>
				</tr>
				<tr class='log' status='info'>
					<td class='status info' title='info' alt='info'><i class='material-icons'>info_outline</i></td>
					<td class='timestamp'>2:04:58 PM</td>
					<td class='step-details'>2 can be select or unselect</td>
				</tr>
				<tr class='log' status='info'>
					<td class='status info' title='info' alt='info'><i class='material-icons'>info_outline</i></td>
					<td class='timestamp'>2:04:59 PM</td>
					<td class='step-details'>3 can be select or unselect</td>
				</tr>
				<tr class='log' status='info'>
					<td class='status info' title='info' alt='info'><i class='material-icons'>info_outline</i></td>
					<td class='timestamp'>2:05:00 PM</td>
					<td class='step-details'>4 can be select or unselect</td>
				</tr>
				<tr class='log' status='info'>
					<td class='status info' title='info' alt='info'><i class='material-icons'>info_outline</i></td>
					<td class='timestamp'>2:05:01 PM</td>
					<td class='step-details'>5 can be select or unselect</td>
				</tr>
				<tr class='log' status='info'>
					<td class='status info' title='info' alt='info'><i class='material-icons'>info_outline</i></td>
					<td class='timestamp'>2:05:12 PM</td>
					<td class='step-details'>Answer count 4</td>
				</tr>
				<tr class='log' status='info'>
					<td class='status info' title='info' alt='info'><i class='material-icons'>info_outline</i></td>
					<td class='timestamp'>2:05:28 PM</td>
					<td class='step-details'>Question 4</td>
				</tr>
				<tr class='log' status='info'>
					<td class='status info' title='info' alt='info'><i class='material-icons'>info_outline</i></td>
					<td class='timestamp'>2:05:30 PM</td>
					<td class='step-details'>1 can be select or unselect</td>
				</tr>
				<tr class='log' status='info'>
					<td class='status info' title='info' alt='info'><i class='material-icons'>info_outline</i></td>
					<td class='timestamp'>2:05:31 PM</td>
					<td class='step-details'>2 can be select or unselect</td>
				</tr>
				<tr class='log' status='info'>
					<td class='status info' title='info' alt='info'><i class='material-icons'>info_outline</i></td>
					<td class='timestamp'>2:05:32 PM</td>
					<td class='step-details'>3 can be select or unselect</td>
				</tr>
				<tr class='log' status='info'>
					<td class='status info' title='info' alt='info'><i class='material-icons'>info_outline</i></td>
					<td class='timestamp'>2:05:33 PM</td>
					<td class='step-details'>4 can be select or unselect</td>
				</tr>
				<tr class='log' status='info'>
					<td class='status info' title='info' alt='info'><i class='material-icons'>info_outline</i></td>
					<td class='timestamp'>2:05:34 PM</td>
					<td class='step-details'>5 can be select or unselect</td>
				</tr>
				<tr class='log' status='info'>
					<td class='status info' title='info' alt='info'><i class='material-icons'>info_outline</i></td>
					<td class='timestamp'>2:05:51 PM</td>
					<td class='step-details'>Question 5</td>
				</tr>
				<tr class='log' status='info'>
					<td class='status info' title='info' alt='info'><i class='material-icons'>info_outline</i></td>
					<td class='timestamp'>2:05:54 PM</td>
					<td class='step-details'>1 can be select or unselect</td>
				</tr>
				<tr class='log' status='info'>
					<td class='status info' title='info' alt='info'><i class='material-icons'>info_outline</i></td>
					<td class='timestamp'>2:05:56 PM</td>
					<td class='step-details'>2 can be select or unselect</td>
				</tr>
				<tr class='log' status='info'>
					<td class='status info' title='info' alt='info'><i class='material-icons'>info_outline</i></td>
					<td class='timestamp'>2:05:57 PM</td>
					<td class='step-details'>3 can be select or unselect</td>
				</tr>
				<tr class='log' status='info'>
					<td class='status info' title='info' alt='info'><i class='material-icons'>info_outline</i></td>
					<td class='timestamp'>2:05:59 PM</td>
					<td class='step-details'>4 can be select or unselect</td>
				</tr>
				<tr class='log' status='info'>
					<td class='status info' title='info' alt='info'><i class='material-icons'>info_outline</i></td>
					<td class='timestamp'>2:06:00 PM</td>
					<td class='step-details'>5 can be select or unselect</td>
				</tr>
				<tr class='log' status='info'>
					<td class='status info' title='info' alt='info'><i class='material-icons'>info_outline</i></td>
					<td class='timestamp'>2:06:03 PM</td>
					<td class='step-details'>3 MCQ displayed</td>
				</tr>
				<tr class='log' status='info'>
					<td class='status info' title='info' alt='info'><i class='material-icons'>info_outline</i></td>
					<td class='timestamp'>2:06:05 PM</td>
					<td class='step-details'>On Test Success : TC15_To_Verify_MCQ_Answers_Can_Be_Select_In_Practice</td>
				</tr>
				<tr class='log' status='pass'>
					<td class='status pass' title='pass' alt='pass'><i class='material-icons'>check_circle</i></td>
					<td class='timestamp'>2:06:05 PM</td>
					<td class='step-details'><span class='label white-text green'>TC15_To_Verify_MCQ_Answers_Can_Be_Select_In_Practice</span></td>
				</tr>
				<tr class='log' status='pass'>
					<td class='status pass' title='pass' alt='pass'><i class='material-icons'>check_circle</i></td>
					<td class='timestamp'>2:06:06 PM</td>
					<td class='step-details'>TC15_To_Verify_MCQ_Answers_Can_Be_Select_In_Practice Passed<img data-featherlight='C:\Users\Dell\eclipse-workspace\TATA_Studi\TATA_Studi\Screenshots\TC15_To_Verify_MCQ_Answers_Can_Be_Select_In_Practice ExtendReport 03-02-21 02-06-05.png' width='10%' src='C:\Users\Dell\eclipse-workspace\TATA_Studi\TATA_Studi\Screenshots\TC15_To_Verify_MCQ_Answers_Can_Be_Select_In_Practice ExtendReport 03-02-21 02-06-05.png' data-src='C:\Users\Dell\eclipse-workspace\TATA_Studi\TATA_Studi\Screenshots\TC15_To_Verify_MCQ_Answers_Can_Be_Select_In_Practice ExtendReport 03-02-21 02-06-05.png'></td>
				</tr>
			</tbody>
		</table>
	</div>
					</div>
				</li>
				
				
				<li class='test displayed active  pass' status='pass' bdd='false' test-id='17'>
					<div class='test-heading'>
						<span class='test-name'>TC16_To_Verify_Multiple_MSQ_Answer_Can_Be_Select_In_Practice</span>
						<span class='test-time'>Feb 3, 2021 02:06:07 PM</span>
						<span class='test-status right pass'>pass</span>
					</div>
					<div class='test-content hide'>
<div class='test-time-info'>
	<span class='label start-time'>Feb 3, 2021 02:06:07 PM</span>
	<span class='label end-time'>Feb 3, 2021 02:08:08 PM</span>
	<span class='label time-taken grey lighten-1 white-text'>0h 2m 1s+381ms</span>
</div>
	<div class='test-steps'>
		<table class='bordered table-results'>
			<thead>
				<tr>
					<th>Status</th>
					<th>Timestamp</th>
					<th>Details</th>
				</tr>
			</thead>
			<tbody>
				<tr class='log' status='info'>
					<td class='status info' title='info' alt='info'><i class='material-icons'>info_outline</i></td>
					<td class='timestamp'>2:06:07 PM</td>
					<td class='step-details'>On Test Start : TC16_To_Verify_Multiple_MSQ_Answer_Can_Be_Select_In_Practice</td>
				</tr>
				<tr class='log' status='info'>
					<td class='status info' title='info' alt='info'><i class='material-icons'>info_outline</i></td>
					<td class='timestamp'>2:06:22 PM</td>
					<td class='step-details'>Open Test Unit</td>
				</tr>
				<tr class='log' status='info'>
					<td class='status info' title='info' alt='info'><i class='material-icons'>info_outline</i></td>
					<td class='timestamp'>2:06:22 PM</td>
					<td class='step-details'>A New Law</td>
				</tr>
				<tr class='log' status='info'>
					<td class='status info' title='info' alt='info'><i class='material-icons'>info_outline</i></td>
					<td class='timestamp'>2:06:27 PM</td>
					<td class='step-details'>Opening Practice in Test Unit</td>
				</tr>
				<tr class='log' status='info'>
					<td class='status info' title='info' alt='info'><i class='material-icons'>info_outline</i></td>
					<td class='timestamp'>2:06:33 PM</td>
					<td class='step-details'>Question 1</td>
				</tr>
				<tr class='log' status='info'>
					<td class='status info' title='info' alt='info'><i class='material-icons'>info_outline</i></td>
					<td class='timestamp'>2:06:36 PM</td>
					<td class='step-details'>Answer count 4</td>
				</tr>
				<tr class='log' status='info'>
					<td class='status info' title='info' alt='info'><i class='material-icons'>info_outline</i></td>
					<td class='timestamp'>2:06:43 PM</td>
					<td class='step-details'>Answer count 4</td>
				</tr>
				<tr class='log' status='info'>
					<td class='status info' title='info' alt='info'><i class='material-icons'>info_outline</i></td>
					<td class='timestamp'>2:06:44 PM</td>
					<td class='step-details'>Question 2</td>
				</tr>
				<tr class='log' status='info'>
					<td class='status info' title='info' alt='info'><i class='material-icons'>info_outline</i></td>
					<td class='timestamp'>2:06:46 PM</td>
					<td class='step-details'>Answer count 5</td>
				</tr>
				<tr class='log' status='info'>
					<td class='status info' title='info' alt='info'><i class='material-icons'>info_outline</i></td>
					<td class='timestamp'>2:07:07 PM</td>
					<td class='step-details'>Answers are multiselect</td>
				</tr>
				<tr class='log' status='info'>
					<td class='status info' title='info' alt='info'><i class='material-icons'>info_outline</i></td>
					<td class='timestamp'>2:07:08 PM</td>
					<td class='step-details'>Question 3</td>
				</tr>
				<tr class='log' status='info'>
					<td class='status info' title='info' alt='info'><i class='material-icons'>info_outline</i></td>
					<td class='timestamp'>2:07:11 PM</td>
					<td class='step-details'>Answer count 4</td>
				</tr>
				<tr class='log' status='info'>
					<td class='status info' title='info' alt='info'><i class='material-icons'>info_outline</i></td>
					<td class='timestamp'>2:07:17 PM</td>
					<td class='step-details'>Answer count 4</td>
				</tr>
				<tr class='log' status='info'>
					<td class='status info' title='info' alt='info'><i class='material-icons'>info_outline</i></td>
					<td class='timestamp'>2:07:19 PM</td>
					<td class='step-details'>Question 4</td>
				</tr>
				<tr class='log' status='info'>
					<td class='status info' title='info' alt='info'><i class='material-icons'>info_outline</i></td>
					<td class='timestamp'>2:07:21 PM</td>
					<td class='step-details'>Answer count 5</td>
				</tr>
				<tr class='log' status='info'>
					<td class='status info' title='info' alt='info'><i class='material-icons'>info_outline</i></td>
					<td class='timestamp'>2:07:44 PM</td>
					<td class='step-details'>Answers are multiselect</td>
				</tr>
				<tr class='log' status='info'>
					<td class='status info' title='info' alt='info'><i class='material-icons'>info_outline</i></td>
					<td class='timestamp'>2:07:45 PM</td>
					<td class='step-details'>Question 5</td>
				</tr>
				<tr class='log' status='info'>
					<td class='status info' title='info' alt='info'><i class='material-icons'>info_outline</i></td>
					<td class='timestamp'>2:07:47 PM</td>
					<td class='step-details'>Answer count 5</td>
				</tr>
				<tr class='log' status='info'>
					<td class='status info' title='info' alt='info'><i class='material-icons'>info_outline</i></td>
					<td class='timestamp'>2:08:08 PM</td>
					<td class='step-details'>Answers are multiselect</td>
				</tr>
				<tr class='log' status='info'>
					<td class='status info' title='info' alt='info'><i class='material-icons'>info_outline</i></td>
					<td class='timestamp'>2:08:08 PM</td>
					<td class='step-details'>3 MCQ displayed</td>
				</tr>
				<tr class='log' status='info'>
					<td class='status info' title='info' alt='info'><i class='material-icons'>info_outline</i></td>
					<td class='timestamp'>2:08:08 PM</td>
					<td class='step-details'>On Test Success : TC16_To_Verify_Multiple_MSQ_Answer_Can_Be_Select_In_Practice</td>
				</tr>
				<tr class='log' status='pass'>
					<td class='status pass' title='pass' alt='pass'><i class='material-icons'>check_circle</i></td>
					<td class='timestamp'>2:08:08 PM</td>
					<td class='step-details'><span class='label white-text green'>TC16_To_Verify_Multiple_MSQ_Answer_Can_Be_Select_In_Practice</span></td>
				</tr>
				<tr class='log' status='pass'>
					<td class='status pass' title='pass' alt='pass'><i class='material-icons'>check_circle</i></td>
					<td class='timestamp'>2:08:08 PM</td>
					<td class='step-details'>TC16_To_Verify_Multiple_MSQ_Answer_Can_Be_Select_In_Practice Passed<img data-featherlight='C:\Users\Dell\eclipse-workspace\TATA_Studi\TATA_Studi\Screenshots\TC16_To_Verify_Multiple_MSQ_Answer_Can_Be_Select_In_Practice ExtendReport 03-02-21 02-08-08.png' width='10%' src='C:\Users\Dell\eclipse-workspace\TATA_Studi\TATA_Studi\Screenshots\TC16_To_Verify_Multiple_MSQ_Answer_Can_Be_Select_In_Practice ExtendReport 03-02-21 02-08-08.png' data-src='C:\Users\Dell\eclipse-workspace\TATA_Studi\TATA_Studi\Screenshots\TC16_To_Verify_Multiple_MSQ_Answer_Can_Be_Select_In_Practice ExtendReport 03-02-21 02-08-08.png'></td>
				</tr>
			</tbody>
		</table>
	</div>
					</div>
				</li>
				
				
				<li class='test displayed active  fail' status='fail' bdd='false' test-id='18'>
					<div class='test-heading'>
						<span class='test-name'>TC17_To_Verify_Correct_Feedback_Shown_After_MCQ_Answer_Selection_In_Practice</span>
						<span class='test-time'>Feb 3, 2021 02:08:10 PM</span>
						<span class='test-status right fail'>fail</span>
					</div>
					<div class='test-content hide'>
<div class='test-time-info'>
	<span class='label start-time'>Feb 3, 2021 02:08:10 PM</span>
	<span class='label end-time'>Feb 3, 2021 02:08:10 PM</span>
	<span class='label time-taken grey lighten-1 white-text'>0h 0m 0s+696ms</span>
</div>
	<div class='test-steps'>
		<table class='bordered table-results'>
			<thead>
				<tr>
					<th>Status</th>
					<th>Timestamp</th>
					<th>Details</th>
				</tr>
			</thead>
			<tbody>
				<tr class='log' status='info'>
					<td class='status info' title='info' alt='info'><i class='material-icons'>info_outline</i></td>
					<td class='timestamp'>2:08:10 PM</td>
					<td class='step-details'>On Test Start : TC17_To_Verify_Correct_Feedback_Shown_After_MCQ_Answer_Selection_In_Practice</td>
				</tr>
				<tr class='log' status='fail'>
					<td class='status fail' title='fail' alt='fail'><i class='material-icons'>cancel</i></td>
					<td class='timestamp'>2:08:10 PM</td>
					<td class='step-details'>On Test Failure : TC17_To_Verify_Correct_Feedback_Shown_After_MCQ_Answer_Selection_In_Practice</td>
				</tr>
				<tr class='log' status='fail'>
					<td class='status fail' title='fail' alt='fail'><i class='material-icons'>cancel</i></td>
					<td class='timestamp'>2:08:10 PM</td>
					<td class='step-details'><span class='label white-text red'>TC17_To_Verify_Correct_Feedback_Shown_After_MCQ_Answer_Selection_In_Practice</span></td>
				</tr>
				<tr class='log' status='info'>
					<td class='status info' title='info' alt='info'><i class='material-icons'>info_outline</i></td>
					<td class='timestamp'>2:08:10 PM</td>
					<td class='step-details'>Fails Test</td>
				</tr>
				<tr class='log' status='fail'>
					<td class='status fail' title='fail' alt='fail'><i class='material-icons'>cancel</i></td>
					<td class='timestamp'>2:08:10 PM</td>
					<td class='step-details'><pre>java.lang.AssertionError: expected [true] but found [false]
	at org.testng.Assert.fail(Assert.java:96)
	at org.testng.Assert.failNotEquals(Assert.java:776)
	at org.testng.Assert.assertTrue(Assert.java:44)
	at org.testng.Assert.assertTrue(Assert.java:54)
	at studi.co.testScripts.AFS_UserStory_76.TC17_To_Verify_Correct_Feedback_Shown_After_MCQ_Answer_Selection_In_Practice(AFS_UserStory_76.java:74)
	at java.base/jdk.internal.reflect.NativeMethodAccessorImpl.invoke0(Native Method)
	at java.base/jdk.internal.reflect.NativeMethodAccessorImpl.invoke(NativeMethodAccessorImpl.java:62)
	at java.base/jdk.internal.reflect.DelegatingMethodAccessorImpl.invoke(DelegatingMethodAccessorImpl.java:43)
	at java.base/java.lang.reflect.Method.invoke(Method.java:566)
	at org.testng.internal.MethodInvocationHelper.invokeMethod(MethodInvocationHelper.java:124)
	at org.testng.internal.Invoker.invokeMethod(Invoker.java:583)
	at org.testng.internal.Invoker.invokeTestMethod(Invoker.java:719)
	at org.testng.internal.Invoker.invokeTestMethods(Invoker.java:989)
	at org.testng.internal.TestMethodWorker.invokeTestMethods(TestMethodWorker.java:125)
	at org.testng.internal.TestMethodWorker.run(TestMethodWorker.java:109)
	at org.testng.TestRunner.privateRun(TestRunner.java:648)
	at org.testng.TestRunner.run(TestRunner.java:505)
	at org.testng.SuiteRunner.runTest(SuiteRunner.java:455)
	at org.testng.SuiteRunner.runSequentially(SuiteRunner.java:450)
	at org.testng.SuiteRunner.privateRun(SuiteRunner.java:415)
	at org.testng.SuiteRunner.run(SuiteRunner.java:364)
	at org.testng.SuiteRunnerWorker.runSuite(SuiteRunnerWorker.java:52)
	at org.testng.SuiteRunnerWorker.run(SuiteRunnerWorker.java:84)
	at org.testng.TestNG.runSuitesSequentially(TestNG.java:1208)
	at org.testng.TestNG.runSuitesLocally(TestNG.java:1137)
	at org.testng.TestNG.runSuites(TestNG.java:1049)
	at org.testng.TestNG.run(TestNG.java:1017)
	at org.testng.remote.AbstractRemoteTestNG.run(AbstractRemoteTestNG.java:115)
	at org.testng.remote.RemoteTestNG.initAndRun(RemoteTestNG.java:251)
	at org.testng.remote.RemoteTestNG.main(RemoteTestNG.java:77)
</pre></td>
				</tr>
				<tr class='log' status='fail'>
					<td class='status fail' title='fail' alt='fail'><i class='material-icons'>cancel</i></td>
					<td class='timestamp'>2:08:10 PM</td>
					<td class='step-details'>expected [true] but found [false]<img data-featherlight='C:\Users\Dell\eclipse-workspace\TATA_Studi\TATA_Studi\Screenshots\TC17_To_Verify_Correct_Feedback_Shown_After_MCQ_Answer_Selection_In_Practice ExtendReport 03-02-21 02-08-10.png' width='10%' src='C:\Users\Dell\eclipse-workspace\TATA_Studi\TATA_Studi\Screenshots\TC17_To_Verify_Correct_Feedback_Shown_After_MCQ_Answer_Selection_In_Practice ExtendReport 03-02-21 02-08-10.png' data-src='C:\Users\Dell\eclipse-workspace\TATA_Studi\TATA_Studi\Screenshots\TC17_To_Verify_Correct_Feedback_Shown_After_MCQ_Answer_Selection_In_Practice ExtendReport 03-02-21 02-08-10.png'></td>
				</tr>
			</tbody>
		</table>
	</div>
					</div>
				</li>
				
				
				<li class='test displayed active  fail' status='fail' bdd='false' test-id='19'>
					<div class='test-heading'>
						<span class='test-name'>TC18_To_Verify_Correct_Feedback_Shown_Under_Hamburger_Menu_In_Practice</span>
						<span class='test-time'>Feb 3, 2021 02:08:12 PM</span>
						<span class='test-status right fail'>fail</span>
					</div>
					<div class='test-content hide'>
<div class='test-time-info'>
	<span class='label start-time'>Feb 3, 2021 02:08:12 PM</span>
	<span class='label end-time'>Feb 3, 2021 02:08:12 PM</span>
	<span class='label time-taken grey lighten-1 white-text'>0h 0m 0s+664ms</span>
</div>
	<div class='test-steps'>
		<table class='bordered table-results'>
			<thead>
				<tr>
					<th>Status</th>
					<th>Timestamp</th>
					<th>Details</th>
				</tr>
			</thead>
			<tbody>
				<tr class='log' status='info'>
					<td class='status info' title='info' alt='info'><i class='material-icons'>info_outline</i></td>
					<td class='timestamp'>2:08:12 PM</td>
					<td class='step-details'>On Test Start : TC18_To_Verify_Correct_Feedback_Shown_Under_Hamburger_Menu_In_Practice</td>
				</tr>
				<tr class='log' status='fail'>
					<td class='status fail' title='fail' alt='fail'><i class='material-icons'>cancel</i></td>
					<td class='timestamp'>2:08:12 PM</td>
					<td class='step-details'>On Test Failure : TC18_To_Verify_Correct_Feedback_Shown_Under_Hamburger_Menu_In_Practice</td>
				</tr>
				<tr class='log' status='fail'>
					<td class='status fail' title='fail' alt='fail'><i class='material-icons'>cancel</i></td>
					<td class='timestamp'>2:08:12 PM</td>
					<td class='step-details'><span class='label white-text red'>TC18_To_Verify_Correct_Feedback_Shown_Under_Hamburger_Menu_In_Practice</span></td>
				</tr>
				<tr class='log' status='info'>
					<td class='status info' title='info' alt='info'><i class='material-icons'>info_outline</i></td>
					<td class='timestamp'>2:08:12 PM</td>
					<td class='step-details'>Fails Test</td>
				</tr>
				<tr class='log' status='fail'>
					<td class='status fail' title='fail' alt='fail'><i class='material-icons'>cancel</i></td>
					<td class='timestamp'>2:08:12 PM</td>
					<td class='step-details'><pre>java.lang.AssertionError: expected [true] but found [false]
	at org.testng.Assert.fail(Assert.java:96)
	at org.testng.Assert.failNotEquals(Assert.java:776)
	at org.testng.Assert.assertTrue(Assert.java:44)
	at org.testng.Assert.assertTrue(Assert.java:54)
	at studi.co.testScripts.AFS_UserStory_76.TC18_To_Verify_Correct_Feedback_Shown_Under_Hamburger_Menu_In_Practice(AFS_UserStory_76.java:84)
	at java.base/jdk.internal.reflect.NativeMethodAccessorImpl.invoke0(Native Method)
	at java.base/jdk.internal.reflect.NativeMethodAccessorImpl.invoke(NativeMethodAccessorImpl.java:62)
	at java.base/jdk.internal.reflect.DelegatingMethodAccessorImpl.invoke(DelegatingMethodAccessorImpl.java:43)
	at java.base/java.lang.reflect.Method.invoke(Method.java:566)
	at org.testng.internal.MethodInvocationHelper.invokeMethod(MethodInvocationHelper.java:124)
	at org.testng.internal.Invoker.invokeMethod(Invoker.java:583)
	at org.testng.internal.Invoker.invokeTestMethod(Invoker.java:719)
	at org.testng.internal.Invoker.invokeTestMethods(Invoker.java:989)
	at org.testng.internal.TestMethodWorker.invokeTestMethods(TestMethodWorker.java:125)
	at org.testng.internal.TestMethodWorker.run(TestMethodWorker.java:109)
	at org.testng.TestRunner.privateRun(TestRunner.java:648)
	at org.testng.TestRunner.run(TestRunner.java:505)
	at org.testng.SuiteRunner.runTest(SuiteRunner.java:455)
	at org.testng.SuiteRunner.runSequentially(SuiteRunner.java:450)
	at org.testng.SuiteRunner.privateRun(SuiteRunner.java:415)
	at org.testng.SuiteRunner.run(SuiteRunner.java:364)
	at org.testng.SuiteRunnerWorker.runSuite(SuiteRunnerWorker.java:52)
	at org.testng.SuiteRunnerWorker.run(SuiteRunnerWorker.java:84)
	at org.testng.TestNG.runSuitesSequentially(TestNG.java:1208)
	at org.testng.TestNG.runSuitesLocally(TestNG.java:1137)
	at org.testng.TestNG.runSuites(TestNG.java:1049)
	at org.testng.TestNG.run(TestNG.java:1017)
	at org.testng.remote.AbstractRemoteTestNG.run(AbstractRemoteTestNG.java:115)
	at org.testng.remote.RemoteTestNG.initAndRun(RemoteTestNG.java:251)
	at org.testng.remote.RemoteTestNG.main(RemoteTestNG.java:77)
</pre></td>
				</tr>
				<tr class='log' status='fail'>
					<td class='status fail' title='fail' alt='fail'><i class='material-icons'>cancel</i></td>
					<td class='timestamp'>2:08:12 PM</td>
					<td class='step-details'>expected [true] but found [false]<img data-featherlight='C:\Users\Dell\eclipse-workspace\TATA_Studi\TATA_Studi\Screenshots\TC18_To_Verify_Correct_Feedback_Shown_Under_Hamburger_Menu_In_Practice ExtendReport 03-02-21 02-08-12.png' width='10%' src='C:\Users\Dell\eclipse-workspace\TATA_Studi\TATA_Studi\Screenshots\TC18_To_Verify_Correct_Feedback_Shown_Under_Hamburger_Menu_In_Practice ExtendReport 03-02-21 02-08-12.png' data-src='C:\Users\Dell\eclipse-workspace\TATA_Studi\TATA_Studi\Screenshots\TC18_To_Verify_Correct_Feedback_Shown_Under_Hamburger_Menu_In_Practice ExtendReport 03-02-21 02-08-12.png'></td>
				</tr>
			</tbody>
		</table>
	</div>
					</div>
				</li>
				
				
				<li class='test displayed active  pass' status='pass' bdd='false' test-id='20'>
					<div class='test-heading'>
						<span class='test-name'>TC19_To_Verify_Attempting_MCQ_Quiz_Is_Mandatory_In_Practice</span>
						<span class='test-time'>Feb 3, 2021 02:08:14 PM</span>
						<span class='test-status right pass'>pass</span>
					</div>
					<div class='test-content hide'>
<div class='test-time-info'>
	<span class='label start-time'>Feb 3, 2021 02:08:14 PM</span>
	<span class='label end-time'>Feb 3, 2021 02:08:58 PM</span>
	<span class='label time-taken grey lighten-1 white-text'>0h 0m 44s+314ms</span>
</div>
	<div class='test-steps'>
		<table class='bordered table-results'>
			<thead>
				<tr>
					<th>Status</th>
					<th>Timestamp</th>
					<th>Details</th>
				</tr>
			</thead>
			<tbody>
				<tr class='log' status='info'>
					<td class='status info' title='info' alt='info'><i class='material-icons'>info_outline</i></td>
					<td class='timestamp'>2:08:14 PM</td>
					<td class='step-details'>On Test Start : TC19_To_Verify_Attempting_MCQ_Quiz_Is_Mandatory_In_Practice</td>
				</tr>
				<tr class='log' status='info'>
					<td class='status info' title='info' alt='info'><i class='material-icons'>info_outline</i></td>
					<td class='timestamp'>2:08:30 PM</td>
					<td class='step-details'>Open Test Unit</td>
				</tr>
				<tr class='log' status='info'>
					<td class='status info' title='info' alt='info'><i class='material-icons'>info_outline</i></td>
					<td class='timestamp'>2:08:30 PM</td>
					<td class='step-details'>A New Law</td>
				</tr>
				<tr class='log' status='info'>
					<td class='status info' title='info' alt='info'><i class='material-icons'>info_outline</i></td>
					<td class='timestamp'>2:08:35 PM</td>
					<td class='step-details'>Opening Practice in Test Unit</td>
				</tr>
				<tr class='log' status='info'>
					<td class='status info' title='info' alt='info'><i class='material-icons'>info_outline</i></td>
					<td class='timestamp'>2:08:43 PM</td>
					<td class='step-details'>question number 1</td>
				</tr>
				<tr class='log' status='info'>
					<td class='status info' title='info' alt='info'><i class='material-icons'>info_outline</i></td>
					<td class='timestamp'>2:08:44 PM</td>
					<td class='step-details'>answerCont = 4</td>
				</tr>
				<tr class='log' status='info'>
					<td class='status info' title='info' alt='info'><i class='material-icons'>info_outline</i></td>
					<td class='timestamp'>2:08:46 PM</td>
					<td class='step-details'>question number 2</td>
				</tr>
				<tr class='log' status='info'>
					<td class='status info' title='info' alt='info'><i class='material-icons'>info_outline</i></td>
					<td class='timestamp'>2:08:47 PM</td>
					<td class='step-details'>answerCont = 5</td>
				</tr>
				<tr class='log' status='info'>
					<td class='status info' title='info' alt='info'><i class='material-icons'>info_outline</i></td>
					<td class='timestamp'>2:08:49 PM</td>
					<td class='step-details'>question number 3</td>
				</tr>
				<tr class='log' status='info'>
					<td class='status info' title='info' alt='info'><i class='material-icons'>info_outline</i></td>
					<td class='timestamp'>2:08:50 PM</td>
					<td class='step-details'>answerCont = 4</td>
				</tr>
				<tr class='log' status='info'>
					<td class='status info' title='info' alt='info'><i class='material-icons'>info_outline</i></td>
					<td class='timestamp'>2:08:51 PM</td>
					<td class='step-details'>question number 4</td>
				</tr>
				<tr class='log' status='info'>
					<td class='status info' title='info' alt='info'><i class='material-icons'>info_outline</i></td>
					<td class='timestamp'>2:08:52 PM</td>
					<td class='step-details'>answerCont = 5</td>
				</tr>
				<tr class='log' status='info'>
					<td class='status info' title='info' alt='info'><i class='material-icons'>info_outline</i></td>
					<td class='timestamp'>2:08:54 PM</td>
					<td class='step-details'>question number 5</td>
				</tr>
				<tr class='log' status='info'>
					<td class='status info' title='info' alt='info'><i class='material-icons'>info_outline</i></td>
					<td class='timestamp'>2:08:55 PM</td>
					<td class='step-details'>answerCont = 5</td>
				</tr>
				<tr class='log' status='info'>
					<td class='status info' title='info' alt='info'><i class='material-icons'>info_outline</i></td>
					<td class='timestamp'>2:08:57 PM</td>
					<td class='step-details'>Unattempted question appear again. So it's mandetory for practice</td>
				</tr>
				<tr class='log' status='info'>
					<td class='status info' title='info' alt='info'><i class='material-icons'>info_outline</i></td>
					<td class='timestamp'>2:08:57 PM</td>
					<td class='step-details'>On Test Success : TC19_To_Verify_Attempting_MCQ_Quiz_Is_Mandatory_In_Practice</td>
				</tr>
				<tr class='log' status='pass'>
					<td class='status pass' title='pass' alt='pass'><i class='material-icons'>check_circle</i></td>
					<td class='timestamp'>2:08:57 PM</td>
					<td class='step-details'><span class='label white-text green'>TC19_To_Verify_Attempting_MCQ_Quiz_Is_Mandatory_In_Practice</span></td>
				</tr>
				<tr class='log' status='pass'>
					<td class='status pass' title='pass' alt='pass'><i class='material-icons'>check_circle</i></td>
					<td class='timestamp'>2:08:58 PM</td>
					<td class='step-details'>TC19_To_Verify_Attempting_MCQ_Quiz_Is_Mandatory_In_Practice Passed<img data-featherlight='C:\Users\Dell\eclipse-workspace\TATA_Studi\TATA_Studi\Screenshots\TC19_To_Verify_Attempting_MCQ_Quiz_Is_Mandatory_In_Practice ExtendReport 03-02-21 02-08-57.png' width='10%' src='C:\Users\Dell\eclipse-workspace\TATA_Studi\TATA_Studi\Screenshots\TC19_To_Verify_Attempting_MCQ_Quiz_Is_Mandatory_In_Practice ExtendReport 03-02-21 02-08-57.png' data-src='C:\Users\Dell\eclipse-workspace\TATA_Studi\TATA_Studi\Screenshots\TC19_To_Verify_Attempting_MCQ_Quiz_Is_Mandatory_In_Practice ExtendReport 03-02-21 02-08-57.png'></td>
				</tr>
			</tbody>
		</table>
	</div>
					</div>
				</li>
				
				
				<li class='test displayed active  fail' status='fail' bdd='false' test-id='21'>
					<div class='test-heading'>
						<span class='test-name'>TC20_To_Verify_In_Wrong_Answer_Selection_User_Should_Get_1_More_Attempt_For_MCQ_In_Practice</span>
						<span class='test-time'>Feb 3, 2021 02:08:59 PM</span>
						<span class='test-status right fail'>fail</span>
					</div>
					<div class='test-content hide'>
<div class='test-time-info'>
	<span class='label start-time'>Feb 3, 2021 02:08:59 PM</span>
	<span class='label end-time'>Feb 3, 2021 02:09:00 PM</span>
	<span class='label time-taken grey lighten-1 white-text'>0h 0m 0s+732ms</span>
</div>
	<div class='test-steps'>
		<table class='bordered table-results'>
			<thead>
				<tr>
					<th>Status</th>
					<th>Timestamp</th>
					<th>Details</th>
				</tr>
			</thead>
			<tbody>
				<tr class='log' status='info'>
					<td class='status info' title='info' alt='info'><i class='material-icons'>info_outline</i></td>
					<td class='timestamp'>2:08:59 PM</td>
					<td class='step-details'>On Test Start : TC20_To_Verify_In_Wrong_Answer_Selection_User_Should_Get_1_More_Attempt_For_MCQ_In_Practice</td>
				</tr>
				<tr class='log' status='fail'>
					<td class='status fail' title='fail' alt='fail'><i class='material-icons'>cancel</i></td>
					<td class='timestamp'>2:08:59 PM</td>
					<td class='step-details'>On Test Failure : TC20_To_Verify_In_Wrong_Answer_Selection_User_Should_Get_1_More_Attempt_For_MCQ_In_Practice</td>
				</tr>
				<tr class='log' status='fail'>
					<td class='status fail' title='fail' alt='fail'><i class='material-icons'>cancel</i></td>
					<td class='timestamp'>2:08:59 PM</td>
					<td class='step-details'><span class='label white-text red'>TC20_To_Verify_In_Wrong_Answer_Selection_User_Should_Get_1_More_Attempt_For_MCQ_In_Practice</span></td>
				</tr>
				<tr class='log' status='info'>
					<td class='status info' title='info' alt='info'><i class='material-icons'>info_outline</i></td>
					<td class='timestamp'>2:08:59 PM</td>
					<td class='step-details'>Fails Test</td>
				</tr>
				<tr class='log' status='fail'>
					<td class='status fail' title='fail' alt='fail'><i class='material-icons'>cancel</i></td>
					<td class='timestamp'>2:08:59 PM</td>
					<td class='step-details'><pre>junit.framework.AssertionFailedError
	at junit.framework.Assert.fail(Assert.java:47)
	at junit.framework.Assert.assertTrue(Assert.java:20)
	at junit.framework.Assert.assertTrue(Assert.java:27)
	at studi.co.pageModules.Module_Receive_Questions_Practice.Module_Verify_In_Wrong_Answer_Selection_User_Should_Get_1_More_Attempt_For_MCQ_In_Practice(Module_Receive_Questions_Practice.java:1254)
	at studi.co.testScripts.AFS_UserStory_76.TC20_To_Verify_In_Wrong_Answer_Selection_User_Should_Get_1_More_Attempt_For_MCQ_In_Practice(AFS_UserStory_76.java:104)
	at java.base/jdk.internal.reflect.NativeMethodAccessorImpl.invoke0(Native Method)
	at java.base/jdk.internal.reflect.NativeMethodAccessorImpl.invoke(NativeMethodAccessorImpl.java:62)
	at java.base/jdk.internal.reflect.DelegatingMethodAccessorImpl.invoke(DelegatingMethodAccessorImpl.java:43)
	at java.base/java.lang.reflect.Method.invoke(Method.java:566)
	at org.testng.internal.MethodInvocationHelper.invokeMethod(MethodInvocationHelper.java:124)
	at org.testng.internal.Invoker.invokeMethod(Invoker.java:583)
	at org.testng.internal.Invoker.invokeTestMethod(Invoker.java:719)
	at org.testng.internal.Invoker.invokeTestMethods(Invoker.java:989)
	at org.testng.internal.TestMethodWorker.invokeTestMethods(TestMethodWorker.java:125)
	at org.testng.internal.TestMethodWorker.run(TestMethodWorker.java:109)
	at org.testng.TestRunner.privateRun(TestRunner.java:648)
	at org.testng.TestRunner.run(TestRunner.java:505)
	at org.testng.SuiteRunner.runTest(SuiteRunner.java:455)
	at org.testng.SuiteRunner.runSequentially(SuiteRunner.java:450)
	at org.testng.SuiteRunner.privateRun(SuiteRunner.java:415)
	at org.testng.SuiteRunner.run(SuiteRunner.java:364)
	at org.testng.SuiteRunnerWorker.runSuite(SuiteRunnerWorker.java:52)
	at org.testng.SuiteRunnerWorker.run(SuiteRunnerWorker.java:84)
	at org.testng.TestNG.runSuitesSequentially(TestNG.java:1208)
	at org.testng.TestNG.runSuitesLocally(TestNG.java:1137)
	at org.testng.TestNG.runSuites(TestNG.java:1049)
	at org.testng.TestNG.run(TestNG.java:1017)
	at org.testng.remote.AbstractRemoteTestNG.run(AbstractRemoteTestNG.java:115)
	at org.testng.remote.RemoteTestNG.initAndRun(RemoteTestNG.java:251)
	at org.testng.remote.RemoteTestNG.main(RemoteTestNG.java:77)
</pre></td>
				</tr>
				<tr class='log' status='fail'>
					<td class='status fail' title='fail' alt='fail'><i class='material-icons'>cancel</i></td>
					<td class='timestamp'>2:09:00 PM</td>
					<td class='step-details'><img data-featherlight='C:\Users\Dell\eclipse-workspace\TATA_Studi\TATA_Studi\Screenshots\TC20_To_Verify_In_Wrong_Answer_Selection_User_Should_Get_1_More_Attempt_For_MCQ_In_Practice ExtendReport 03-02-21 02-08-59.png' width='10%' src='C:\Users\Dell\eclipse-workspace\TATA_Studi\TATA_Studi\Screenshots\TC20_To_Verify_In_Wrong_Answer_Selection_User_Should_Get_1_More_Attempt_For_MCQ_In_Practice ExtendReport 03-02-21 02-08-59.png' data-src='C:\Users\Dell\eclipse-workspace\TATA_Studi\TATA_Studi\Screenshots\TC20_To_Verify_In_Wrong_Answer_Selection_User_Should_Get_1_More_Attempt_For_MCQ_In_Practice ExtendReport 03-02-21 02-08-59.png'></td>
				</tr>
			</tbody>
		</table>
	</div>
					</div>
				</li>
				
				
				<li class='test displayed active  pass' status='pass' bdd='false' test-id='22'>
					<div class='test-heading'>
						<span class='test-name'>TC21_To_Verify_User_Can_Abond_MCQ_Quiz_In_Practice</span>
						<span class='test-time'>Feb 3, 2021 02:09:01 PM</span>
						<span class='test-status right pass'>pass</span>
					</div>
					<div class='test-content hide'>
<div class='test-time-info'>
	<span class='label start-time'>Feb 3, 2021 02:09:01 PM</span>
	<span class='label end-time'>Feb 3, 2021 02:09:39 PM</span>
	<span class='label time-taken grey lighten-1 white-text'>0h 0m 37s+620ms</span>
</div>
	<div class='test-steps'>
		<table class='bordered table-results'>
			<thead>
				<tr>
					<th>Status</th>
					<th>Timestamp</th>
					<th>Details</th>
				</tr>
			</thead>
			<tbody>
				<tr class='log' status='info'>
					<td class='status info' title='info' alt='info'><i class='material-icons'>info_outline</i></td>
					<td class='timestamp'>2:09:01 PM</td>
					<td class='step-details'>On Test Start : TC21_To_Verify_User_Can_Abond_MCQ_Quiz_In_Practice</td>
				</tr>
				<tr class='log' status='info'>
					<td class='status info' title='info' alt='info'><i class='material-icons'>info_outline</i></td>
					<td class='timestamp'>2:09:15 PM</td>
					<td class='step-details'>Open Test Unit</td>
				</tr>
				<tr class='log' status='info'>
					<td class='status info' title='info' alt='info'><i class='material-icons'>info_outline</i></td>
					<td class='timestamp'>2:09:15 PM</td>
					<td class='step-details'>A New Law</td>
				</tr>
				<tr class='log' status='info'>
					<td class='status info' title='info' alt='info'><i class='material-icons'>info_outline</i></td>
					<td class='timestamp'>2:09:21 PM</td>
					<td class='step-details'>Opening Practice in Test Unit</td>
				</tr>
				<tr class='log' status='info'>
					<td class='status info' title='info' alt='info'><i class='material-icons'>info_outline</i></td>
					<td class='timestamp'>2:09:26 PM</td>
					<td class='step-details'>Total 5 appeared</td>
				</tr>
				<tr class='log' status='info'>
					<td class='status info' title='info' alt='info'><i class='material-icons'>info_outline</i></td>
					<td class='timestamp'>2:09:31 PM</td>
					<td class='step-details'>Pressing back button</td>
				</tr>
				<tr class='log' status='info'>
					<td class='status info' title='info' alt='info'><i class='material-icons'>info_outline</i></td>
					<td class='timestamp'>2:09:32 PM</td>
					<td class='step-details'>Select NO option of cancel practice</td>
				</tr>
				<tr class='log' status='info'>
					<td class='status info' title='info' alt='info'><i class='material-icons'>info_outline</i></td>
					<td class='timestamp'>2:09:32 PM</td>
					<td class='step-details'>Same question available</td>
				</tr>
				<tr class='log' status='info'>
					<td class='status info' title='info' alt='info'><i class='material-icons'>info_outline</i></td>
					<td class='timestamp'>2:09:32 PM</td>
					<td class='step-details'>Pressing back button</td>
				</tr>
				<tr class='log' status='info'>
					<td class='status info' title='info' alt='info'><i class='material-icons'>info_outline</i></td>
					<td class='timestamp'>2:09:33 PM</td>
					<td class='step-details'>Select YES option of cancel practice</td>
				</tr>
				<tr class='log' status='info'>
					<td class='status info' title='info' alt='info'><i class='material-icons'>info_outline</i></td>
					<td class='timestamp'>2:09:38 PM</td>
					<td class='step-details'>On Test Success : TC21_To_Verify_User_Can_Abond_MCQ_Quiz_In_Practice</td>
				</tr>
				<tr class='log' status='pass'>
					<td class='status pass' title='pass' alt='pass'><i class='material-icons'>check_circle</i></td>
					<td class='timestamp'>2:09:38 PM</td>
					<td class='step-details'><span class='label white-text green'>TC21_To_Verify_User_Can_Abond_MCQ_Quiz_In_Practice</span></td>
				</tr>
				<tr class='log' status='pass'>
					<td class='status pass' title='pass' alt='pass'><i class='material-icons'>check_circle</i></td>
					<td class='timestamp'>2:09:39 PM</td>
					<td class='step-details'>TC21_To_Verify_User_Can_Abond_MCQ_Quiz_In_Practice Passed<img data-featherlight='C:\Users\Dell\eclipse-workspace\TATA_Studi\TATA_Studi\Screenshots\TC21_To_Verify_User_Can_Abond_MCQ_Quiz_In_Practice ExtendReport 03-02-21 02-09-38.png' width='10%' src='C:\Users\Dell\eclipse-workspace\TATA_Studi\TATA_Studi\Screenshots\TC21_To_Verify_User_Can_Abond_MCQ_Quiz_In_Practice ExtendReport 03-02-21 02-09-38.png' data-src='C:\Users\Dell\eclipse-workspace\TATA_Studi\TATA_Studi\Screenshots\TC21_To_Verify_User_Can_Abond_MCQ_Quiz_In_Practice ExtendReport 03-02-21 02-09-38.png'></td>
				</tr>
			</tbody>
		</table>
	</div>
					</div>
				</li>
				
				
				<li class='test displayed active  pass' status='pass' bdd='false' test-id='23'>
					<div class='test-heading'>
						<span class='test-name'>TC22_To_Verify_Receive_MCQ_Questions_In_Test</span>
						<span class='test-time'>Feb 3, 2021 02:09:40 PM</span>
						<span class='test-status right pass'>pass</span>
					</div>
					<div class='test-content hide'>
<div class='test-time-info'>
	<span class='label start-time'>Feb 3, 2021 02:09:40 PM</span>
	<span class='label end-time'>Feb 3, 2021 02:11:22 PM</span>
	<span class='label time-taken grey lighten-1 white-text'>0h 1m 41s+583ms</span>
</div>
	<div class='test-steps'>
		<table class='bordered table-results'>
			<thead>
				<tr>
					<th>Status</th>
					<th>Timestamp</th>
					<th>Details</th>
				</tr>
			</thead>
			<tbody>
				<tr class='log' status='info'>
					<td class='status info' title='info' alt='info'><i class='material-icons'>info_outline</i></td>
					<td class='timestamp'>2:09:40 PM</td>
					<td class='step-details'>On Test Start : TC22_To_Verify_Receive_MCQ_Questions_In_Test</td>
				</tr>
				<tr class='log' status='info'>
					<td class='status info' title='info' alt='info'><i class='material-icons'>info_outline</i></td>
					<td class='timestamp'>2:09:56 PM</td>
					<td class='step-details'>Opening Test Unit</td>
				</tr>
				<tr class='log' status='info'>
					<td class='status info' title='info' alt='info'><i class='material-icons'>info_outline</i></td>
					<td class='timestamp'>2:10:01 PM</td>
					<td class='step-details'>Opening Test</td>
				</tr>
				<tr class='log' status='info'>
					<td class='status info' title='info' alt='info'><i class='material-icons'>info_outline</i></td>
					<td class='timestamp'>2:10:13 PM</td>
					<td class='step-details'>Popup closed</td>
				</tr>
				<tr class='log' status='info'>
					<td class='status info' title='info' alt='info'><i class='material-icons'>info_outline</i></td>
					<td class='timestamp'>2:10:33 PM</td>
					<td class='step-details'>Answer 1  displayed</td>
				</tr>
				<tr class='log' status='info'>
					<td class='status info' title='info' alt='info'><i class='material-icons'>info_outline</i></td>
					<td class='timestamp'>2:10:33 PM</td>
					<td class='step-details'>Answer 2  displayed</td>
				</tr>
				<tr class='log' status='info'>
					<td class='status info' title='info' alt='info'><i class='material-icons'>info_outline</i></td>
					<td class='timestamp'>2:10:33 PM</td>
					<td class='step-details'>Answer 3  displayed</td>
				</tr>
				<tr class='log' status='info'>
					<td class='status info' title='info' alt='info'><i class='material-icons'>info_outline</i></td>
					<td class='timestamp'>2:10:34 PM</td>
					<td class='step-details'>Answer 4  displayed</td>
				</tr>
				<tr class='log' status='info'>
					<td class='status info' title='info' alt='info'><i class='material-icons'>info_outline</i></td>
					<td class='timestamp'>2:10:34 PM</td>
					<td class='step-details'>Answer 5  displayed</td>
				</tr>
				<tr class='log' status='info'>
					<td class='status info' title='info' alt='info'><i class='material-icons'>info_outline</i></td>
					<td class='timestamp'>2:10:43 PM</td>
					<td class='step-details'>Answer count 4</td>
				</tr>
				<tr class='log' status='info'>
					<td class='status info' title='info' alt='info'><i class='material-icons'>info_outline</i></td>
					<td class='timestamp'>2:10:58 PM</td>
					<td class='step-details'>Answer 1  displayed</td>
				</tr>
				<tr class='log' status='info'>
					<td class='status info' title='info' alt='info'><i class='material-icons'>info_outline</i></td>
					<td class='timestamp'>2:10:58 PM</td>
					<td class='step-details'>Answer 2  displayed</td>
				</tr>
				<tr class='log' status='info'>
					<td class='status info' title='info' alt='info'><i class='material-icons'>info_outline</i></td>
					<td class='timestamp'>2:10:58 PM</td>
					<td class='step-details'>Answer 3  displayed</td>
				</tr>
				<tr class='log' status='info'>
					<td class='status info' title='info' alt='info'><i class='material-icons'>info_outline</i></td>
					<td class='timestamp'>2:10:58 PM</td>
					<td class='step-details'>Answer 4  displayed</td>
				</tr>
				<tr class='log' status='info'>
					<td class='status info' title='info' alt='info'><i class='material-icons'>info_outline</i></td>
					<td class='timestamp'>2:10:58 PM</td>
					<td class='step-details'>Answer 5  displayed</td>
				</tr>
				<tr class='log' status='info'>
					<td class='status info' title='info' alt='info'><i class='material-icons'>info_outline</i></td>
					<td class='timestamp'>2:11:07 PM</td>
					<td class='step-details'>Answer count 4</td>
				</tr>
				<tr class='log' status='info'>
					<td class='status info' title='info' alt='info'><i class='material-icons'>info_outline</i></td>
					<td class='timestamp'>2:11:21 PM</td>
					<td class='step-details'>Answer 1  displayed</td>
				</tr>
				<tr class='log' status='info'>
					<td class='status info' title='info' alt='info'><i class='material-icons'>info_outline</i></td>
					<td class='timestamp'>2:11:21 PM</td>
					<td class='step-details'>Answer 2  displayed</td>
				</tr>
				<tr class='log' status='info'>
					<td class='status info' title='info' alt='info'><i class='material-icons'>info_outline</i></td>
					<td class='timestamp'>2:11:21 PM</td>
					<td class='step-details'>Answer 3  displayed</td>
				</tr>
				<tr class='log' status='info'>
					<td class='status info' title='info' alt='info'><i class='material-icons'>info_outline</i></td>
					<td class='timestamp'>2:11:21 PM</td>
					<td class='step-details'>Answer 4  displayed</td>
				</tr>
				<tr class='log' status='info'>
					<td class='status info' title='info' alt='info'><i class='material-icons'>info_outline</i></td>
					<td class='timestamp'>2:11:21 PM</td>
					<td class='step-details'>Answer 5  displayed</td>
				</tr>
				<tr class='log' status='info'>
					<td class='status info' title='info' alt='info'><i class='material-icons'>info_outline</i></td>
					<td class='timestamp'>2:11:21 PM</td>
					<td class='step-details'>3 MCQ displayed</td>
				</tr>
				<tr class='log' status='info'>
					<td class='status info' title='info' alt='info'><i class='material-icons'>info_outline</i></td>
					<td class='timestamp'>2:11:21 PM</td>
					<td class='step-details'>On Test Success : TC22_To_Verify_Receive_MCQ_Questions_In_Test</td>
				</tr>
				<tr class='log' status='pass'>
					<td class='status pass' title='pass' alt='pass'><i class='material-icons'>check_circle</i></td>
					<td class='timestamp'>2:11:21 PM</td>
					<td class='step-details'><span class='label white-text green'>TC22_To_Verify_Receive_MCQ_Questions_In_Test</span></td>
				</tr>
				<tr class='log' status='pass'>
					<td class='status pass' title='pass' alt='pass'><i class='material-icons'>check_circle</i></td>
					<td class='timestamp'>2:11:22 PM</td>
					<td class='step-details'>TC22_To_Verify_Receive_MCQ_Questions_In_Test Passed<img data-featherlight='C:\Users\Dell\eclipse-workspace\TATA_Studi\TATA_Studi\Screenshots\TC22_To_Verify_Receive_MCQ_Questions_In_Test ExtendReport 03-02-21 02-11-21.png' width='10%' src='C:\Users\Dell\eclipse-workspace\TATA_Studi\TATA_Studi\Screenshots\TC22_To_Verify_Receive_MCQ_Questions_In_Test ExtendReport 03-02-21 02-11-21.png' data-src='C:\Users\Dell\eclipse-workspace\TATA_Studi\TATA_Studi\Screenshots\TC22_To_Verify_Receive_MCQ_Questions_In_Test ExtendReport 03-02-21 02-11-21.png'></td>
				</tr>
			</tbody>
		</table>
	</div>
					</div>
				</li>
				
				
				<li class='test displayed active  pass' status='pass' bdd='false' test-id='24'>
					<div class='test-heading'>
						<span class='test-name'>TC23_Module_Receive_MCQ_Answers_In_Default_State_In_Test</span>
						<span class='test-time'>Feb 3, 2021 02:11:23 PM</span>
						<span class='test-status right pass'>pass</span>
					</div>
					<div class='test-content hide'>
<div class='test-time-info'>
	<span class='label start-time'>Feb 3, 2021 02:11:23 PM</span>
	<span class='label end-time'>Feb 3, 2021 02:13:09 PM</span>
	<span class='label time-taken grey lighten-1 white-text'>0h 1m 45s+861ms</span>
</div>
	<div class='test-steps'>
		<table class='bordered table-results'>
			<thead>
				<tr>
					<th>Status</th>
					<th>Timestamp</th>
					<th>Details</th>
				</tr>
			</thead>
			<tbody>
				<tr class='log' status='info'>
					<td class='status info' title='info' alt='info'><i class='material-icons'>info_outline</i></td>
					<td class='timestamp'>2:11:23 PM</td>
					<td class='step-details'>On Test Start : TC23_Module_Receive_MCQ_Answers_In_Default_State_In_Test</td>
				</tr>
				<tr class='log' status='info'>
					<td class='status info' title='info' alt='info'><i class='material-icons'>info_outline</i></td>
					<td class='timestamp'>2:11:39 PM</td>
					<td class='step-details'>Opening Test Unit</td>
				</tr>
				<tr class='log' status='info'>
					<td class='status info' title='info' alt='info'><i class='material-icons'>info_outline</i></td>
					<td class='timestamp'>2:11:44 PM</td>
					<td class='step-details'>Opening Test</td>
				</tr>
				<tr class='log' status='info'>
					<td class='status info' title='info' alt='info'><i class='material-icons'>info_outline</i></td>
					<td class='timestamp'>2:11:56 PM</td>
					<td class='step-details'>Popup closed</td>
				</tr>
				<tr class='log' status='info'>
					<td class='status info' title='info' alt='info'><i class='material-icons'>info_outline</i></td>
					<td class='timestamp'>2:12:15 PM</td>
					<td class='step-details'>Answer 1  is unchecked as default</td>
				</tr>
				<tr class='log' status='info'>
					<td class='status info' title='info' alt='info'><i class='material-icons'>info_outline</i></td>
					<td class='timestamp'>2:12:15 PM</td>
					<td class='step-details'>Answer 2  is unchecked as default</td>
				</tr>
				<tr class='log' status='info'>
					<td class='status info' title='info' alt='info'><i class='material-icons'>info_outline</i></td>
					<td class='timestamp'>2:12:15 PM</td>
					<td class='step-details'>Answer 3  is unchecked as default</td>
				</tr>
				<tr class='log' status='info'>
					<td class='status info' title='info' alt='info'><i class='material-icons'>info_outline</i></td>
					<td class='timestamp'>2:12:15 PM</td>
					<td class='step-details'>Answer 4  is unchecked as default</td>
				</tr>
				<tr class='log' status='info'>
					<td class='status info' title='info' alt='info'><i class='material-icons'>info_outline</i></td>
					<td class='timestamp'>2:12:15 PM</td>
					<td class='step-details'>Answer 5  is unchecked as default</td>
				</tr>
				<tr class='log' status='info'>
					<td class='status info' title='info' alt='info'><i class='material-icons'>info_outline</i></td>
					<td class='timestamp'>2:12:41 PM</td>
					<td class='step-details'>Answer 1  is unchecked as default</td>
				</tr>
				<tr class='log' status='info'>
					<td class='status info' title='info' alt='info'><i class='material-icons'>info_outline</i></td>
					<td class='timestamp'>2:12:41 PM</td>
					<td class='step-details'>Answer 2  is unchecked as default</td>
				</tr>
				<tr class='log' status='info'>
					<td class='status info' title='info' alt='info'><i class='material-icons'>info_outline</i></td>
					<td class='timestamp'>2:12:41 PM</td>
					<td class='step-details'>Answer 3  is unchecked as default</td>
				</tr>
				<tr class='log' status='info'>
					<td class='status info' title='info' alt='info'><i class='material-icons'>info_outline</i></td>
					<td class='timestamp'>2:12:41 PM</td>
					<td class='step-details'>Answer 4  is unchecked as default</td>
				</tr>
				<tr class='log' status='info'>
					<td class='status info' title='info' alt='info'><i class='material-icons'>info_outline</i></td>
					<td class='timestamp'>2:12:41 PM</td>
					<td class='step-details'>Answer 5  is unchecked as default</td>
				</tr>
				<tr class='log' status='info'>
					<td class='status info' title='info' alt='info'><i class='material-icons'>info_outline</i></td>
					<td class='timestamp'>2:13:08 PM</td>
					<td class='step-details'>Answer 1  is unchecked as default</td>
				</tr>
				<tr class='log' status='info'>
					<td class='status info' title='info' alt='info'><i class='material-icons'>info_outline</i></td>
					<td class='timestamp'>2:13:08 PM</td>
					<td class='step-details'>Answer 2  is unchecked as default</td>
				</tr>
				<tr class='log' status='info'>
					<td class='status info' title='info' alt='info'><i class='material-icons'>info_outline</i></td>
					<td class='timestamp'>2:13:08 PM</td>
					<td class='step-details'>Answer 3  is unchecked as default</td>
				</tr>
				<tr class='log' status='info'>
					<td class='status info' title='info' alt='info'><i class='material-icons'>info_outline</i></td>
					<td class='timestamp'>2:13:08 PM</td>
					<td class='step-details'>Answer 4  is unchecked as default</td>
				</tr>
				<tr class='log' status='info'>
					<td class='status info' title='info' alt='info'><i class='material-icons'>info_outline</i></td>
					<td class='timestamp'>2:13:08 PM</td>
					<td class='step-details'>Answer 5  is unchecked as default</td>
				</tr>
				<tr class='log' status='info'>
					<td class='status info' title='info' alt='info'><i class='material-icons'>info_outline</i></td>
					<td class='timestamp'>2:13:08 PM</td>
					<td class='step-details'>3 MCQ displayed</td>
				</tr>
				<tr class='log' status='info'>
					<td class='status info' title='info' alt='info'><i class='material-icons'>info_outline</i></td>
					<td class='timestamp'>2:13:08 PM</td>
					<td class='step-details'>On Test Success : TC23_Module_Receive_MCQ_Answers_In_Default_State_In_Test</td>
				</tr>
				<tr class='log' status='pass'>
					<td class='status pass' title='pass' alt='pass'><i class='material-icons'>check_circle</i></td>
					<td class='timestamp'>2:13:08 PM</td>
					<td class='step-details'><span class='label white-text green'>TC23_Module_Receive_MCQ_Answers_In_Default_State_In_Test</span></td>
				</tr>
				<tr class='log' status='pass'>
					<td class='status pass' title='pass' alt='pass'><i class='material-icons'>check_circle</i></td>
					<td class='timestamp'>2:13:09 PM</td>
					<td class='step-details'>TC23_Module_Receive_MCQ_Answers_In_Default_State_In_Test Passed<img data-featherlight='C:\Users\Dell\eclipse-workspace\TATA_Studi\TATA_Studi\Screenshots\TC23_Module_Receive_MCQ_Answers_In_Default_State_In_Test ExtendReport 03-02-21 02-13-08.png' width='10%' src='C:\Users\Dell\eclipse-workspace\TATA_Studi\TATA_Studi\Screenshots\TC23_Module_Receive_MCQ_Answers_In_Default_State_In_Test ExtendReport 03-02-21 02-13-08.png' data-src='C:\Users\Dell\eclipse-workspace\TATA_Studi\TATA_Studi\Screenshots\TC23_Module_Receive_MCQ_Answers_In_Default_State_In_Test ExtendReport 03-02-21 02-13-08.png'></td>
				</tr>
			</tbody>
		</table>
	</div>
					</div>
				</li>
				
				
				<li class='test displayed active  pass' status='pass' bdd='false' test-id='25'>
					<div class='test-heading'>
						<span class='test-name'>TC24_To_Verify_Multiple_Answers_Shown_For_MCQ_In_Test</span>
						<span class='test-time'>Feb 3, 2021 02:13:11 PM</span>
						<span class='test-status right pass'>pass</span>
					</div>
					<div class='test-content hide'>
<div class='test-time-info'>
	<span class='label start-time'>Feb 3, 2021 02:13:11 PM</span>
	<span class='label end-time'>Feb 3, 2021 02:14:49 PM</span>
	<span class='label time-taken grey lighten-1 white-text'>0h 1m 38s+26ms</span>
</div>
	<div class='test-steps'>
		<table class='bordered table-results'>
			<thead>
				<tr>
					<th>Status</th>
					<th>Timestamp</th>
					<th>Details</th>
				</tr>
			</thead>
			<tbody>
				<tr class='log' status='info'>
					<td class='status info' title='info' alt='info'><i class='material-icons'>info_outline</i></td>
					<td class='timestamp'>2:13:11 PM</td>
					<td class='step-details'>On Test Start : TC24_To_Verify_Multiple_Answers_Shown_For_MCQ_In_Test</td>
				</tr>
				<tr class='log' status='info'>
					<td class='status info' title='info' alt='info'><i class='material-icons'>info_outline</i></td>
					<td class='timestamp'>2:13:24 PM</td>
					<td class='step-details'>Opening Test Unit</td>
				</tr>
				<tr class='log' status='info'>
					<td class='status info' title='info' alt='info'><i class='material-icons'>info_outline</i></td>
					<td class='timestamp'>2:13:30 PM</td>
					<td class='step-details'>Opening Test</td>
				</tr>
				<tr class='log' status='info'>
					<td class='status info' title='info' alt='info'><i class='material-icons'>info_outline</i></td>
					<td class='timestamp'>2:13:42 PM</td>
					<td class='step-details'>Popup closed</td>
				</tr>
				<tr class='log' status='info'>
					<td class='status info' title='info' alt='info'><i class='material-icons'>info_outline</i></td>
					<td class='timestamp'>2:13:44 PM</td>
					<td class='step-details'>Question 1</td>
				</tr>
				<tr class='log' status='info'>
					<td class='status info' title='info' alt='info'><i class='material-icons'>info_outline</i></td>
					<td class='timestamp'>2:13:59 PM</td>
					<td class='step-details'>Multiple answers available for question 1</td>
				</tr>
				<tr class='log' status='info'>
					<td class='status info' title='info' alt='info'><i class='material-icons'>info_outline</i></td>
					<td class='timestamp'>2:14:02 PM</td>
					<td class='step-details'>Question 2</td>
				</tr>
				<tr class='log' status='info'>
					<td class='status info' title='info' alt='info'><i class='material-icons'>info_outline</i></td>
					<td class='timestamp'>2:14:08 PM</td>
					<td class='step-details'>Answer count 5</td>
				</tr>
				<tr class='log' status='info'>
					<td class='status info' title='info' alt='info'><i class='material-icons'>info_outline</i></td>
					<td class='timestamp'>2:14:11 PM</td>
					<td class='step-details'>Question 3</td>
				</tr>
				<tr class='log' status='info'>
					<td class='status info' title='info' alt='info'><i class='material-icons'>info_outline</i></td>
					<td class='timestamp'>2:14:23 PM</td>
					<td class='step-details'>Multiple answers available for question 3</td>
				</tr>
				<tr class='log' status='info'>
					<td class='status info' title='info' alt='info'><i class='material-icons'>info_outline</i></td>
					<td class='timestamp'>2:14:25 PM</td>
					<td class='step-details'>Question 4</td>
				</tr>
				<tr class='log' status='info'>
					<td class='status info' title='info' alt='info'><i class='material-icons'>info_outline</i></td>
					<td class='timestamp'>2:14:32 PM</td>
					<td class='step-details'>Answer count 4</td>
				</tr>
				<tr class='log' status='info'>
					<td class='status info' title='info' alt='info'><i class='material-icons'>info_outline</i></td>
					<td class='timestamp'>2:14:34 PM</td>
					<td class='step-details'>Question 5</td>
				</tr>
				<tr class='log' status='info'>
					<td class='status info' title='info' alt='info'><i class='material-icons'>info_outline</i></td>
					<td class='timestamp'>2:14:47 PM</td>
					<td class='step-details'>Multiple answers available for question 5</td>
				</tr>
				<tr class='log' status='info'>
					<td class='status info' title='info' alt='info'><i class='material-icons'>info_outline</i></td>
					<td class='timestamp'>2:14:48 PM</td>
					<td class='step-details'>3 MCQ displayed</td>
				</tr>
				<tr class='log' status='info'>
					<td class='status info' title='info' alt='info'><i class='material-icons'>info_outline</i></td>
					<td class='timestamp'>2:14:48 PM</td>
					<td class='step-details'>On Test Success : TC24_To_Verify_Multiple_Answers_Shown_For_MCQ_In_Test</td>
				</tr>
				<tr class='log' status='pass'>
					<td class='status pass' title='pass' alt='pass'><i class='material-icons'>check_circle</i></td>
					<td class='timestamp'>2:14:48 PM</td>
					<td class='step-details'><span class='label white-text green'>TC24_To_Verify_Multiple_Answers_Shown_For_MCQ_In_Test</span></td>
				</tr>
				<tr class='log' status='pass'>
					<td class='status pass' title='pass' alt='pass'><i class='material-icons'>check_circle</i></td>
					<td class='timestamp'>2:14:49 PM</td>
					<td class='step-details'>TC24_To_Verify_Multiple_Answers_Shown_For_MCQ_In_Test Passed<img data-featherlight='C:\Users\Dell\eclipse-workspace\TATA_Studi\TATA_Studi\Screenshots\TC24_To_Verify_Multiple_Answers_Shown_For_MCQ_In_Test ExtendReport 03-02-21 02-14-48.png' width='10%' src='C:\Users\Dell\eclipse-workspace\TATA_Studi\TATA_Studi\Screenshots\TC24_To_Verify_Multiple_Answers_Shown_For_MCQ_In_Test ExtendReport 03-02-21 02-14-48.png' data-src='C:\Users\Dell\eclipse-workspace\TATA_Studi\TATA_Studi\Screenshots\TC24_To_Verify_Multiple_Answers_Shown_For_MCQ_In_Test ExtendReport 03-02-21 02-14-48.png'></td>
				</tr>
			</tbody>
		</table>
	</div>
					</div>
				</li>
				
				
				<li class='test displayed active  pass' status='pass' bdd='false' test-id='26'>
					<div class='test-heading'>
						<span class='test-name'>TC25_To_Verify_MCQ_Answers_Can_Be_Select_In_Test</span>
						<span class='test-time'>Feb 3, 2021 02:14:50 PM</span>
						<span class='test-status right pass'>pass</span>
					</div>
					<div class='test-content hide'>
<div class='test-time-info'>
	<span class='label start-time'>Feb 3, 2021 02:14:50 PM</span>
	<span class='label end-time'>Feb 3, 2021 02:16:40 PM</span>
	<span class='label time-taken grey lighten-1 white-text'>0h 1m 50s+93ms</span>
</div>
	<div class='test-steps'>
		<table class='bordered table-results'>
			<thead>
				<tr>
					<th>Status</th>
					<th>Timestamp</th>
					<th>Details</th>
				</tr>
			</thead>
			<tbody>
				<tr class='log' status='info'>
					<td class='status info' title='info' alt='info'><i class='material-icons'>info_outline</i></td>
					<td class='timestamp'>2:14:50 PM</td>
					<td class='step-details'>On Test Start : TC25_To_Verify_MCQ_Answers_Can_Be_Select_In_Test</td>
				</tr>
				<tr class='log' status='info'>
					<td class='status info' title='info' alt='info'><i class='material-icons'>info_outline</i></td>
					<td class='timestamp'>2:15:06 PM</td>
					<td class='step-details'>Opening Test Unit</td>
				</tr>
				<tr class='log' status='info'>
					<td class='status info' title='info' alt='info'><i class='material-icons'>info_outline</i></td>
					<td class='timestamp'>2:15:10 PM</td>
					<td class='step-details'>Opening Test</td>
				</tr>
				<tr class='log' status='info'>
					<td class='status info' title='info' alt='info'><i class='material-icons'>info_outline</i></td>
					<td class='timestamp'>2:15:22 PM</td>
					<td class='step-details'>Popup closed</td>
				</tr>
				<tr class='log' status='info'>
					<td class='status info' title='info' alt='info'><i class='material-icons'>info_outline</i></td>
					<td class='timestamp'>2:15:41 PM</td>
					<td class='step-details'>1 can be select or unselect</td>
				</tr>
				<tr class='log' status='info'>
					<td class='status info' title='info' alt='info'><i class='material-icons'>info_outline</i></td>
					<td class='timestamp'>2:15:41 PM</td>
					<td class='step-details'>2 can be select or unselect</td>
				</tr>
				<tr class='log' status='info'>
					<td class='status info' title='info' alt='info'><i class='material-icons'>info_outline</i></td>
					<td class='timestamp'>2:15:41 PM</td>
					<td class='step-details'>3 can be select or unselect</td>
				</tr>
				<tr class='log' status='info'>
					<td class='status info' title='info' alt='info'><i class='material-icons'>info_outline</i></td>
					<td class='timestamp'>2:15:43 PM</td>
					<td class='step-details'>4 can be select or unselect</td>
				</tr>
				<tr class='log' status='info'>
					<td class='status info' title='info' alt='info'><i class='material-icons'>info_outline</i></td>
					<td class='timestamp'>2:15:43 PM</td>
					<td class='step-details'>5 can be select or unselect</td>
				</tr>
				<tr class='log' status='info'>
					<td class='status info' title='info' alt='info'><i class='material-icons'>info_outline</i></td>
					<td class='timestamp'>2:15:52 PM</td>
					<td class='step-details'>Answer count 4</td>
				</tr>
				<tr class='log' status='info'>
					<td class='status info' title='info' alt='info'><i class='material-icons'>info_outline</i></td>
					<td class='timestamp'>2:16:08 PM</td>
					<td class='step-details'>1 can be select or unselect</td>
				</tr>
				<tr class='log' status='info'>
					<td class='status info' title='info' alt='info'><i class='material-icons'>info_outline</i></td>
					<td class='timestamp'>2:16:08 PM</td>
					<td class='step-details'>2 can be select or unselect</td>
				</tr>
				<tr class='log' status='info'>
					<td class='status info' title='info' alt='info'><i class='material-icons'>info_outline</i></td>
					<td class='timestamp'>2:16:08 PM</td>
					<td class='step-details'>3 can be select or unselect</td>
				</tr>
				<tr class='log' status='info'>
					<td class='status info' title='info' alt='info'><i class='material-icons'>info_outline</i></td>
					<td class='timestamp'>2:16:10 PM</td>
					<td class='step-details'>4 can be select or unselect</td>
				</tr>
				<tr class='log' status='info'>
					<td class='status info' title='info' alt='info'><i class='material-icons'>info_outline</i></td>
					<td class='timestamp'>2:16:10 PM</td>
					<td class='step-details'>5 can be select or unselect</td>
				</tr>
				<tr class='log' status='info'>
					<td class='status info' title='info' alt='info'><i class='material-icons'>info_outline</i></td>
					<td class='timestamp'>2:16:20 PM</td>
					<td class='step-details'>Answer count 4</td>
				</tr>
				<tr class='log' status='info'>
					<td class='status info' title='info' alt='info'><i class='material-icons'>info_outline</i></td>
					<td class='timestamp'>2:16:35 PM</td>
					<td class='step-details'>1 can be select or unselect</td>
				</tr>
				<tr class='log' status='info'>
					<td class='status info' title='info' alt='info'><i class='material-icons'>info_outline</i></td>
					<td class='timestamp'>2:16:36 PM</td>
					<td class='step-details'>2 can be select or unselect</td>
				</tr>
				<tr class='log' status='info'>
					<td class='status info' title='info' alt='info'><i class='material-icons'>info_outline</i></td>
					<td class='timestamp'>2:16:37 PM</td>
					<td class='step-details'>3 can be select or unselect</td>
				</tr>
				<tr class='log' status='info'>
					<td class='status info' title='info' alt='info'><i class='material-icons'>info_outline</i></td>
					<td class='timestamp'>2:16:37 PM</td>
					<td class='step-details'>4 can be select or unselect</td>
				</tr>
				<tr class='log' status='info'>
					<td class='status info' title='info' alt='info'><i class='material-icons'>info_outline</i></td>
					<td class='timestamp'>2:16:38 PM</td>
					<td class='step-details'>5 can be select or unselect</td>
				</tr>
				<tr class='log' status='info'>
					<td class='status info' title='info' alt='info'><i class='material-icons'>info_outline</i></td>
					<td class='timestamp'>2:16:39 PM</td>
					<td class='step-details'>3 MCQ displayed</td>
				</tr>
				<tr class='log' status='info'>
					<td class='status info' title='info' alt='info'><i class='material-icons'>info_outline</i></td>
					<td class='timestamp'>2:16:39 PM</td>
					<td class='step-details'>On Test Success : TC25_To_Verify_MCQ_Answers_Can_Be_Select_In_Test</td>
				</tr>
				<tr class='log' status='pass'>
					<td class='status pass' title='pass' alt='pass'><i class='material-icons'>check_circle</i></td>
					<td class='timestamp'>2:16:39 PM</td>
					<td class='step-details'><span class='label white-text green'>TC25_To_Verify_MCQ_Answers_Can_Be_Select_In_Test</span></td>
				</tr>
				<tr class='log' status='pass'>
					<td class='status pass' title='pass' alt='pass'><i class='material-icons'>check_circle</i></td>
					<td class='timestamp'>2:16:40 PM</td>
					<td class='step-details'>TC25_To_Verify_MCQ_Answers_Can_Be_Select_In_Test Passed<img data-featherlight='C:\Users\Dell\eclipse-workspace\TATA_Studi\TATA_Studi\Screenshots\TC25_To_Verify_MCQ_Answers_Can_Be_Select_In_Test ExtendReport 03-02-21 02-16-39.png' width='10%' src='C:\Users\Dell\eclipse-workspace\TATA_Studi\TATA_Studi\Screenshots\TC25_To_Verify_MCQ_Answers_Can_Be_Select_In_Test ExtendReport 03-02-21 02-16-39.png' data-src='C:\Users\Dell\eclipse-workspace\TATA_Studi\TATA_Studi\Screenshots\TC25_To_Verify_MCQ_Answers_Can_Be_Select_In_Test ExtendReport 03-02-21 02-16-39.png'></td>
				</tr>
			</tbody>
		</table>
	</div>
					</div>
				</li>
				
				
				<li class='test displayed active  pass' status='pass' bdd='false' test-id='27'>
					<div class='test-heading'>
						<span class='test-name'>TC26_To_Verify_Multiple_MSQ_Answer_Can_Be_Select_In_Test</span>
						<span class='test-time'>Feb 3, 2021 02:16:41 PM</span>
						<span class='test-status right pass'>pass</span>
					</div>
					<div class='test-content hide'>
<div class='test-time-info'>
	<span class='label start-time'>Feb 3, 2021 02:16:41 PM</span>
	<span class='label end-time'>Feb 3, 2021 02:18:40 PM</span>
	<span class='label time-taken grey lighten-1 white-text'>0h 1m 58s+766ms</span>
</div>
	<div class='test-steps'>
		<table class='bordered table-results'>
			<thead>
				<tr>
					<th>Status</th>
					<th>Timestamp</th>
					<th>Details</th>
				</tr>
			</thead>
			<tbody>
				<tr class='log' status='info'>
					<td class='status info' title='info' alt='info'><i class='material-icons'>info_outline</i></td>
					<td class='timestamp'>2:16:41 PM</td>
					<td class='step-details'>On Test Start : TC26_To_Verify_Multiple_MSQ_Answer_Can_Be_Select_In_Test</td>
				</tr>
				<tr class='log' status='info'>
					<td class='status info' title='info' alt='info'><i class='material-icons'>info_outline</i></td>
					<td class='timestamp'>2:16:57 PM</td>
					<td class='step-details'>Opening Test Unit</td>
				</tr>
				<tr class='log' status='info'>
					<td class='status info' title='info' alt='info'><i class='material-icons'>info_outline</i></td>
					<td class='timestamp'>2:17:03 PM</td>
					<td class='step-details'>Opening Test</td>
				</tr>
				<tr class='log' status='info'>
					<td class='status info' title='info' alt='info'><i class='material-icons'>info_outline</i></td>
					<td class='timestamp'>2:17:14 PM</td>
					<td class='step-details'>Popup closed</td>
				</tr>
				<tr class='log' status='info'>
					<td class='status info' title='info' alt='info'><i class='material-icons'>info_outline</i></td>
					<td class='timestamp'>2:17:16 PM</td>
					<td class='step-details'>Answer count 5</td>
				</tr>
				<tr class='log' status='info'>
					<td class='status info' title='info' alt='info'><i class='material-icons'>info_outline</i></td>
					<td class='timestamp'>2:17:38 PM</td>
					<td class='step-details'>Answers are multiselect</td>
				</tr>
				<tr class='log' status='info'>
					<td class='status info' title='info' alt='info'><i class='material-icons'>info_outline</i></td>
					<td class='timestamp'>2:17:40 PM</td>
					<td class='step-details'>Answer count 4</td>
				</tr>
				<tr class='log' status='info'>
					<td class='status info' title='info' alt='info'><i class='material-icons'>info_outline</i></td>
					<td class='timestamp'>2:17:47 PM</td>
					<td class='step-details'>Answer count 4</td>
				</tr>
				<tr class='log' status='info'>
					<td class='status info' title='info' alt='info'><i class='material-icons'>info_outline</i></td>
					<td class='timestamp'>2:17:49 PM</td>
					<td class='step-details'>Answer count 5</td>
				</tr>
				<tr class='log' status='info'>
					<td class='status info' title='info' alt='info'><i class='material-icons'>info_outline</i></td>
					<td class='timestamp'>2:18:08 PM</td>
					<td class='step-details'>Answers are multiselect</td>
				</tr>
				<tr class='log' status='info'>
					<td class='status info' title='info' alt='info'><i class='material-icons'>info_outline</i></td>
					<td class='timestamp'>2:18:10 PM</td>
					<td class='step-details'>Answer count 4</td>
				</tr>
				<tr class='log' status='info'>
					<td class='status info' title='info' alt='info'><i class='material-icons'>info_outline</i></td>
					<td class='timestamp'>2:18:17 PM</td>
					<td class='step-details'>Answer count 4</td>
				</tr>
				<tr class='log' status='info'>
					<td class='status info' title='info' alt='info'><i class='material-icons'>info_outline</i></td>
					<td class='timestamp'>2:18:19 PM</td>
					<td class='step-details'>Answer count 5</td>
				</tr>
				<tr class='log' status='info'>
					<td class='status info' title='info' alt='info'><i class='material-icons'>info_outline</i></td>
					<td class='timestamp'>2:18:39 PM</td>
					<td class='step-details'>Answers are multiselect</td>
				</tr>
				<tr class='log' status='info'>
					<td class='status info' title='info' alt='info'><i class='material-icons'>info_outline</i></td>
					<td class='timestamp'>2:18:39 PM</td>
					<td class='step-details'>3 MCQ displayed</td>
				</tr>
				<tr class='log' status='info'>
					<td class='status info' title='info' alt='info'><i class='material-icons'>info_outline</i></td>
					<td class='timestamp'>2:18:39 PM</td>
					<td class='step-details'>On Test Success : TC26_To_Verify_Multiple_MSQ_Answer_Can_Be_Select_In_Test</td>
				</tr>
				<tr class='log' status='pass'>
					<td class='status pass' title='pass' alt='pass'><i class='material-icons'>check_circle</i></td>
					<td class='timestamp'>2:18:39 PM</td>
					<td class='step-details'><span class='label white-text green'>TC26_To_Verify_Multiple_MSQ_Answer_Can_Be_Select_In_Test</span></td>
				</tr>
				<tr class='log' status='pass'>
					<td class='status pass' title='pass' alt='pass'><i class='material-icons'>check_circle</i></td>
					<td class='timestamp'>2:18:40 PM</td>
					<td class='step-details'>TC26_To_Verify_Multiple_MSQ_Answer_Can_Be_Select_In_Test Passed<img data-featherlight='C:\Users\Dell\eclipse-workspace\TATA_Studi\TATA_Studi\Screenshots\TC26_To_Verify_Multiple_MSQ_Answer_Can_Be_Select_In_Test ExtendReport 03-02-21 02-18-39.png' width='10%' src='C:\Users\Dell\eclipse-workspace\TATA_Studi\TATA_Studi\Screenshots\TC26_To_Verify_Multiple_MSQ_Answer_Can_Be_Select_In_Test ExtendReport 03-02-21 02-18-39.png' data-src='C:\Users\Dell\eclipse-workspace\TATA_Studi\TATA_Studi\Screenshots\TC26_To_Verify_Multiple_MSQ_Answer_Can_Be_Select_In_Test ExtendReport 03-02-21 02-18-39.png'></td>
				</tr>
			</tbody>
		</table>
	</div>
					</div>
				</li>
				
				
				<li class='test displayed active  fail' status='fail' bdd='false' test-id='28'>
					<div class='test-heading'>
						<span class='test-name'>TC27_To_Verify_Correct_Feedback_Shown_After_MCQ_Answer_Selection_In_Test</span>
						<span class='test-time'>Feb 3, 2021 02:18:42 PM</span>
						<span class='test-status right fail'>fail</span>
					</div>
					<div class='test-content hide'>
<div class='test-time-info'>
	<span class='label start-time'>Feb 3, 2021 02:18:42 PM</span>
	<span class='label end-time'>Feb 3, 2021 02:18:42 PM</span>
	<span class='label time-taken grey lighten-1 white-text'>0h 0m 0s+722ms</span>
</div>
	<div class='test-steps'>
		<table class='bordered table-results'>
			<thead>
				<tr>
					<th>Status</th>
					<th>Timestamp</th>
					<th>Details</th>
				</tr>
			</thead>
			<tbody>
				<tr class='log' status='info'>
					<td class='status info' title='info' alt='info'><i class='material-icons'>info_outline</i></td>
					<td class='timestamp'>2:18:42 PM</td>
					<td class='step-details'>On Test Start : TC27_To_Verify_Correct_Feedback_Shown_After_MCQ_Answer_Selection_In_Test</td>
				</tr>
				<tr class='log' status='fail'>
					<td class='status fail' title='fail' alt='fail'><i class='material-icons'>cancel</i></td>
					<td class='timestamp'>2:18:42 PM</td>
					<td class='step-details'>On Test Failure : TC27_To_Verify_Correct_Feedback_Shown_After_MCQ_Answer_Selection_In_Test</td>
				</tr>
				<tr class='log' status='fail'>
					<td class='status fail' title='fail' alt='fail'><i class='material-icons'>cancel</i></td>
					<td class='timestamp'>2:18:42 PM</td>
					<td class='step-details'><span class='label white-text red'>TC27_To_Verify_Correct_Feedback_Shown_After_MCQ_Answer_Selection_In_Test</span></td>
				</tr>
				<tr class='log' status='info'>
					<td class='status info' title='info' alt='info'><i class='material-icons'>info_outline</i></td>
					<td class='timestamp'>2:18:42 PM</td>
					<td class='step-details'>Fails Test</td>
				</tr>
				<tr class='log' status='fail'>
					<td class='status fail' title='fail' alt='fail'><i class='material-icons'>cancel</i></td>
					<td class='timestamp'>2:18:42 PM</td>
					<td class='step-details'><pre>java.lang.AssertionError: expected [true] but found [false]
	at org.testng.Assert.fail(Assert.java:96)
	at org.testng.Assert.failNotEquals(Assert.java:776)
	at org.testng.Assert.assertTrue(Assert.java:44)
	at org.testng.Assert.assertTrue(Assert.java:54)
	at studi.co.testScripts.AFS_UserStory_76.TC27_To_Verify_Correct_Feedback_Shown_After_MCQ_Answer_Selection_In_Test(AFS_UserStory_76.java:233)
	at java.base/jdk.internal.reflect.NativeMethodAccessorImpl.invoke0(Native Method)
	at java.base/jdk.internal.reflect.NativeMethodAccessorImpl.invoke(NativeMethodAccessorImpl.java:62)
	at java.base/jdk.internal.reflect.DelegatingMethodAccessorImpl.invoke(DelegatingMethodAccessorImpl.java:43)
	at java.base/java.lang.reflect.Method.invoke(Method.java:566)
	at org.testng.internal.MethodInvocationHelper.invokeMethod(MethodInvocationHelper.java:124)
	at org.testng.internal.Invoker.invokeMethod(Invoker.java:583)
	at org.testng.internal.Invoker.invokeTestMethod(Invoker.java:719)
	at org.testng.internal.Invoker.invokeTestMethods(Invoker.java:989)
	at org.testng.internal.TestMethodWorker.invokeTestMethods(TestMethodWorker.java:125)
	at org.testng.internal.TestMethodWorker.run(TestMethodWorker.java:109)
	at org.testng.TestRunner.privateRun(TestRunner.java:648)
	at org.testng.TestRunner.run(TestRunner.java:505)
	at org.testng.SuiteRunner.runTest(SuiteRunner.java:455)
	at org.testng.SuiteRunner.runSequentially(SuiteRunner.java:450)
	at org.testng.SuiteRunner.privateRun(SuiteRunner.java:415)
	at org.testng.SuiteRunner.run(SuiteRunner.java:364)
	at org.testng.SuiteRunnerWorker.runSuite(SuiteRunnerWorker.java:52)
	at org.testng.SuiteRunnerWorker.run(SuiteRunnerWorker.java:84)
	at org.testng.TestNG.runSuitesSequentially(TestNG.java:1208)
	at org.testng.TestNG.runSuitesLocally(TestNG.java:1137)
	at org.testng.TestNG.runSuites(TestNG.java:1049)
	at org.testng.TestNG.run(TestNG.java:1017)
	at org.testng.remote.AbstractRemoteTestNG.run(AbstractRemoteTestNG.java:115)
	at org.testng.remote.RemoteTestNG.initAndRun(RemoteTestNG.java:251)
	at org.testng.remote.RemoteTestNG.main(RemoteTestNG.java:77)
</pre></td>
				</tr>
				<tr class='log' status='fail'>
					<td class='status fail' title='fail' alt='fail'><i class='material-icons'>cancel</i></td>
					<td class='timestamp'>2:18:42 PM</td>
					<td class='step-details'>expected [true] but found [false]<img data-featherlight='C:\Users\Dell\eclipse-workspace\TATA_Studi\TATA_Studi\Screenshots\TC27_To_Verify_Correct_Feedback_Shown_After_MCQ_Answer_Selection_In_Test ExtendReport 03-02-21 02-18-42.png' width='10%' src='C:\Users\Dell\eclipse-workspace\TATA_Studi\TATA_Studi\Screenshots\TC27_To_Verify_Correct_Feedback_Shown_After_MCQ_Answer_Selection_In_Test ExtendReport 03-02-21 02-18-42.png' data-src='C:\Users\Dell\eclipse-workspace\TATA_Studi\TATA_Studi\Screenshots\TC27_To_Verify_Correct_Feedback_Shown_After_MCQ_Answer_Selection_In_Test ExtendReport 03-02-21 02-18-42.png'></td>
				</tr>
			</tbody>
		</table>
	</div>
					</div>
				</li>
				
				
				<li class='test displayed active  fail' status='fail' bdd='false' test-id='29'>
					<div class='test-heading'>
						<span class='test-name'>TC28_To_Verify_Correct_Feedback_Shown_Under_Hamburger_Menu_In_Test</span>
						<span class='test-time'>Feb 3, 2021 02:18:44 PM</span>
						<span class='test-status right fail'>fail</span>
					</div>
					<div class='test-content hide'>
<div class='test-time-info'>
	<span class='label start-time'>Feb 3, 2021 02:18:44 PM</span>
	<span class='label end-time'>Feb 3, 2021 02:18:44 PM</span>
	<span class='label time-taken grey lighten-1 white-text'>0h 0m 0s+706ms</span>
</div>
	<div class='test-steps'>
		<table class='bordered table-results'>
			<thead>
				<tr>
					<th>Status</th>
					<th>Timestamp</th>
					<th>Details</th>
				</tr>
			</thead>
			<tbody>
				<tr class='log' status='info'>
					<td class='status info' title='info' alt='info'><i class='material-icons'>info_outline</i></td>
					<td class='timestamp'>2:18:44 PM</td>
					<td class='step-details'>On Test Start : TC28_To_Verify_Correct_Feedback_Shown_Under_Hamburger_Menu_In_Test</td>
				</tr>
				<tr class='log' status='fail'>
					<td class='status fail' title='fail' alt='fail'><i class='material-icons'>cancel</i></td>
					<td class='timestamp'>2:18:44 PM</td>
					<td class='step-details'>On Test Failure : TC28_To_Verify_Correct_Feedback_Shown_Under_Hamburger_Menu_In_Test</td>
				</tr>
				<tr class='log' status='fail'>
					<td class='status fail' title='fail' alt='fail'><i class='material-icons'>cancel</i></td>
					<td class='timestamp'>2:18:44 PM</td>
					<td class='step-details'><span class='label white-text red'>TC28_To_Verify_Correct_Feedback_Shown_Under_Hamburger_Menu_In_Test</span></td>
				</tr>
				<tr class='log' status='info'>
					<td class='status info' title='info' alt='info'><i class='material-icons'>info_outline</i></td>
					<td class='timestamp'>2:18:44 PM</td>
					<td class='step-details'>Fails Test</td>
				</tr>
				<tr class='log' status='fail'>
					<td class='status fail' title='fail' alt='fail'><i class='material-icons'>cancel</i></td>
					<td class='timestamp'>2:18:44 PM</td>
					<td class='step-details'><pre>java.lang.AssertionError: expected [true] but found [false]
	at org.testng.Assert.fail(Assert.java:96)
	at org.testng.Assert.failNotEquals(Assert.java:776)
	at org.testng.Assert.assertTrue(Assert.java:44)
	at org.testng.Assert.assertTrue(Assert.java:54)
	at studi.co.testScripts.AFS_UserStory_76.TC28_To_Verify_Correct_Feedback_Shown_Under_Hamburger_Menu_In_Test(AFS_UserStory_76.java:242)
	at java.base/jdk.internal.reflect.NativeMethodAccessorImpl.invoke0(Native Method)
	at java.base/jdk.internal.reflect.NativeMethodAccessorImpl.invoke(NativeMethodAccessorImpl.java:62)
	at java.base/jdk.internal.reflect.DelegatingMethodAccessorImpl.invoke(DelegatingMethodAccessorImpl.java:43)
	at java.base/java.lang.reflect.Method.invoke(Method.java:566)
	at org.testng.internal.MethodInvocationHelper.invokeMethod(MethodInvocationHelper.java:124)
	at org.testng.internal.Invoker.invokeMethod(Invoker.java:583)
	at org.testng.internal.Invoker.invokeTestMethod(Invoker.java:719)
	at org.testng.internal.Invoker.invokeTestMethods(Invoker.java:989)
	at org.testng.internal.TestMethodWorker.invokeTestMethods(TestMethodWorker.java:125)
	at org.testng.internal.TestMethodWorker.run(TestMethodWorker.java:109)
	at org.testng.TestRunner.privateRun(TestRunner.java:648)
	at org.testng.TestRunner.run(TestRunner.java:505)
	at org.testng.SuiteRunner.runTest(SuiteRunner.java:455)
	at org.testng.SuiteRunner.runSequentially(SuiteRunner.java:450)
	at org.testng.SuiteRunner.privateRun(SuiteRunner.java:415)
	at org.testng.SuiteRunner.run(SuiteRunner.java:364)
	at org.testng.SuiteRunnerWorker.runSuite(SuiteRunnerWorker.java:52)
	at org.testng.SuiteRunnerWorker.run(SuiteRunnerWorker.java:84)
	at org.testng.TestNG.runSuitesSequentially(TestNG.java:1208)
	at org.testng.TestNG.runSuitesLocally(TestNG.java:1137)
	at org.testng.TestNG.runSuites(TestNG.java:1049)
	at org.testng.TestNG.run(TestNG.java:1017)
	at org.testng.remote.AbstractRemoteTestNG.run(AbstractRemoteTestNG.java:115)
	at org.testng.remote.RemoteTestNG.initAndRun(RemoteTestNG.java:251)
	at org.testng.remote.RemoteTestNG.main(RemoteTestNG.java:77)
</pre></td>
				</tr>
				<tr class='log' status='fail'>
					<td class='status fail' title='fail' alt='fail'><i class='material-icons'>cancel</i></td>
					<td class='timestamp'>2:18:44 PM</td>
					<td class='step-details'>expected [true] but found [false]<img data-featherlight='C:\Users\Dell\eclipse-workspace\TATA_Studi\TATA_Studi\Screenshots\TC28_To_Verify_Correct_Feedback_Shown_Under_Hamburger_Menu_In_Test ExtendReport 03-02-21 02-18-44.png' width='10%' src='C:\Users\Dell\eclipse-workspace\TATA_Studi\TATA_Studi\Screenshots\TC28_To_Verify_Correct_Feedback_Shown_Under_Hamburger_Menu_In_Test ExtendReport 03-02-21 02-18-44.png' data-src='C:\Users\Dell\eclipse-workspace\TATA_Studi\TATA_Studi\Screenshots\TC28_To_Verify_Correct_Feedback_Shown_Under_Hamburger_Menu_In_Test ExtendReport 03-02-21 02-18-44.png'></td>
				</tr>
			</tbody>
		</table>
	</div>
					</div>
				</li>
				
				
				<li class='test displayed active  pass' status='pass' bdd='false' test-id='30'>
					<div class='test-heading'>
						<span class='test-name'>TC29_To_Verify_Attempting_MCQ_Quiz_Is_Not_Mandatory_In_Test</span>
						<span class='test-time'>Feb 3, 2021 02:18:46 PM</span>
						<span class='test-status right pass'>pass</span>
					</div>
					<div class='test-content hide'>
<div class='test-time-info'>
	<span class='label start-time'>Feb 3, 2021 02:18:46 PM</span>
	<span class='label end-time'>Feb 3, 2021 02:19:45 PM</span>
	<span class='label time-taken grey lighten-1 white-text'>0h 0m 59s+488ms</span>
</div>
	<div class='test-steps'>
		<table class='bordered table-results'>
			<thead>
				<tr>
					<th>Status</th>
					<th>Timestamp</th>
					<th>Details</th>
				</tr>
			</thead>
			<tbody>
				<tr class='log' status='info'>
					<td class='status info' title='info' alt='info'><i class='material-icons'>info_outline</i></td>
					<td class='timestamp'>2:18:46 PM</td>
					<td class='step-details'>On Test Start : TC29_To_Verify_Attempting_MCQ_Quiz_Is_Not_Mandatory_In_Test</td>
				</tr>
				<tr class='log' status='info'>
					<td class='status info' title='info' alt='info'><i class='material-icons'>info_outline</i></td>
					<td class='timestamp'>2:19:01 PM</td>
					<td class='step-details'>Opening Test Unit</td>
				</tr>
				<tr class='log' status='info'>
					<td class='status info' title='info' alt='info'><i class='material-icons'>info_outline</i></td>
					<td class='timestamp'>2:19:06 PM</td>
					<td class='step-details'>Opening Test</td>
				</tr>
				<tr class='log' status='info'>
					<td class='status info' title='info' alt='info'><i class='material-icons'>info_outline</i></td>
					<td class='timestamp'>2:19:18 PM</td>
					<td class='step-details'>Popup closed</td>
				</tr>
				<tr class='log' status='info'>
					<td class='status info' title='info' alt='info'><i class='material-icons'>info_outline</i></td>
					<td class='timestamp'>2:19:22 PM</td>
					<td class='step-details'>Move to Next Question</td>
				</tr>
				<tr class='log' status='info'>
					<td class='status info' title='info' alt='info'><i class='material-icons'>info_outline</i></td>
					<td class='timestamp'>2:19:24 PM</td>
					<td class='step-details'>Answer count 4</td>
				</tr>
				<tr class='log' status='info'>
					<td class='status info' title='info' alt='info'><i class='material-icons'>info_outline</i></td>
					<td class='timestamp'>2:19:25 PM</td>
					<td class='step-details'>Move to Next Question</td>
				</tr>
				<tr class='log' status='info'>
					<td class='status info' title='info' alt='info'><i class='material-icons'>info_outline</i></td>
					<td class='timestamp'>2:19:28 PM</td>
					<td class='step-details'>Move to Next Question</td>
				</tr>
				<tr class='log' status='info'>
					<td class='status info' title='info' alt='info'><i class='material-icons'>info_outline</i></td>
					<td class='timestamp'>2:19:30 PM</td>
					<td class='step-details'>Answer count 4</td>
				</tr>
				<tr class='log' status='info'>
					<td class='status info' title='info' alt='info'><i class='material-icons'>info_outline</i></td>
					<td class='timestamp'>2:19:31 PM</td>
					<td class='step-details'>Move to Next Question</td>
				</tr>
				<tr class='log' status='info'>
					<td class='status info' title='info' alt='info'><i class='material-icons'>info_outline</i></td>
					<td class='timestamp'>2:19:31 PM</td>
					<td class='step-details'>Move to Previous Question</td>
				</tr>
				<tr class='log' status='info'>
					<td class='status info' title='info' alt='info'><i class='material-icons'>info_outline</i></td>
					<td class='timestamp'>2:19:33 PM</td>
					<td class='step-details'>Move to Previous Question</td>
				</tr>
				<tr class='log' status='info'>
					<td class='status info' title='info' alt='info'><i class='material-icons'>info_outline</i></td>
					<td class='timestamp'>2:19:34 PM</td>
					<td class='step-details'>Move to Previous Question</td>
				</tr>
				<tr class='log' status='info'>
					<td class='status info' title='info' alt='info'><i class='material-icons'>info_outline</i></td>
					<td class='timestamp'>2:19:36 PM</td>
					<td class='step-details'>Move to Previous Question</td>
				</tr>
				<tr class='log' status='info'>
					<td class='status info' title='info' alt='info'><i class='material-icons'>info_outline</i></td>
					<td class='timestamp'>2:19:39 PM</td>
					<td class='step-details'>Opening Hamberger</td>
				</tr>
				<tr class='log' status='info'>
					<td class='status info' title='info' alt='info'><i class='material-icons'>info_outline</i></td>
					<td class='timestamp'>2:19:41 PM</td>
					<td class='step-details'>Submit Test</td>
				</tr>
				<tr class='log' status='info'>
					<td class='status info' title='info' alt='info'><i class='material-icons'>info_outline</i></td>
					<td class='timestamp'>2:19:44 PM</td>
					<td class='step-details'>Test submitted</td>
				</tr>
				<tr class='log' status='info'>
					<td class='status info' title='info' alt='info'><i class='material-icons'>info_outline</i></td>
					<td class='timestamp'>2:19:44 PM</td>
					<td class='step-details'>On Test Success : TC29_To_Verify_Attempting_MCQ_Quiz_Is_Not_Mandatory_In_Test</td>
				</tr>
				<tr class='log' status='pass'>
					<td class='status pass' title='pass' alt='pass'><i class='material-icons'>check_circle</i></td>
					<td class='timestamp'>2:19:44 PM</td>
					<td class='step-details'><span class='label white-text green'>TC29_To_Verify_Attempting_MCQ_Quiz_Is_Not_Mandatory_In_Test</span></td>
				</tr>
				<tr class='log' status='pass'>
					<td class='status pass' title='pass' alt='pass'><i class='material-icons'>check_circle</i></td>
					<td class='timestamp'>2:19:45 PM</td>
					<td class='step-details'>TC29_To_Verify_Attempting_MCQ_Quiz_Is_Not_Mandatory_In_Test Passed<img data-featherlight='C:\Users\Dell\eclipse-workspace\TATA_Studi\TATA_Studi\Screenshots\TC29_To_Verify_Attempting_MCQ_Quiz_Is_Not_Mandatory_In_Test ExtendReport 03-02-21 02-19-44.png' width='10%' src='C:\Users\Dell\eclipse-workspace\TATA_Studi\TATA_Studi\Screenshots\TC29_To_Verify_Attempting_MCQ_Quiz_Is_Not_Mandatory_In_Test ExtendReport 03-02-21 02-19-44.png' data-src='C:\Users\Dell\eclipse-workspace\TATA_Studi\TATA_Studi\Screenshots\TC29_To_Verify_Attempting_MCQ_Quiz_Is_Not_Mandatory_In_Test ExtendReport 03-02-21 02-19-44.png'></td>
				</tr>
			</tbody>
		</table>
	</div>
					</div>
				</li>
				
				
				<li class='test displayed active  pass' status='pass' bdd='false' test-id='31'>
					<div class='test-heading'>
						<span class='test-name'>TC30_To_Verify_User_Should_Be_Able_To_Flag_The_MCQ_Question_With_Hamburger_In_Test</span>
						<span class='test-time'>Feb 3, 2021 02:19:46 PM</span>
						<span class='test-status right pass'>pass</span>
					</div>
					<div class='test-content hide'>
<div class='test-time-info'>
	<span class='label start-time'>Feb 3, 2021 02:19:46 PM</span>
	<span class='label end-time'>Feb 3, 2021 02:21:15 PM</span>
	<span class='label time-taken grey lighten-1 white-text'>0h 1m 28s+816ms</span>
</div>
	<div class='test-steps'>
		<table class='bordered table-results'>
			<thead>
				<tr>
					<th>Status</th>
					<th>Timestamp</th>
					<th>Details</th>
				</tr>
			</thead>
			<tbody>
				<tr class='log' status='info'>
					<td class='status info' title='info' alt='info'><i class='material-icons'>info_outline</i></td>
					<td class='timestamp'>2:19:46 PM</td>
					<td class='step-details'>On Test Start : TC30_To_Verify_User_Should_Be_Able_To_Flag_The_MCQ_Question_With_Hamburger_In_Test</td>
				</tr>
				<tr class='log' status='info'>
					<td class='status info' title='info' alt='info'><i class='material-icons'>info_outline</i></td>
					<td class='timestamp'>2:20:02 PM</td>
					<td class='step-details'>Opening Test Unit</td>
				</tr>
				<tr class='log' status='info'>
					<td class='status info' title='info' alt='info'><i class='material-icons'>info_outline</i></td>
					<td class='timestamp'>2:20:07 PM</td>
					<td class='step-details'>Opening Test</td>
				</tr>
				<tr class='log' status='info'>
					<td class='status info' title='info' alt='info'><i class='material-icons'>info_outline</i></td>
					<td class='timestamp'>2:20:19 PM</td>
					<td class='step-details'>Popup closed</td>
				</tr>
				<tr class='log' status='info'>
					<td class='status info' title='info' alt='info'><i class='material-icons'>info_outline</i></td>
					<td class='timestamp'>2:20:27 PM</td>
					<td class='step-details'>quesetiong flag</td>
				</tr>
				<tr class='log' status='info'>
					<td class='status info' title='info' alt='info'><i class='material-icons'>info_outline</i></td>
					<td class='timestamp'>2:20:30 PM</td>
					<td class='step-details'>Hamburger flag</td>
				</tr>
				<tr class='log' status='info'>
					<td class='status info' title='info' alt='info'><i class='material-icons'>info_outline</i></td>
					<td class='timestamp'>2:20:31 PM</td>
					<td class='step-details'>java.util.HashMap$KeyIterator@539953af</td>
				</tr>
				<tr class='log' status='info'>
					<td class='status info' title='info' alt='info'><i class='material-icons'>info_outline</i></td>
					<td class='timestamp'>2:20:31 PM</td>
					<td class='step-details'>quesetion number</td>
				</tr>
				<tr class='log' status='info'>
					<td class='status info' title='info' alt='info'><i class='material-icons'>info_outline</i></td>
					<td class='timestamp'>2:20:33 PM</td>
					<td class='step-details'>quesetiong flag</td>
				</tr>
				<tr class='log' status='info'>
					<td class='status info' title='info' alt='info'><i class='material-icons'>info_outline</i></td>
					<td class='timestamp'>2:20:38 PM</td>
					<td class='step-details'>quesetiong flag</td>
				</tr>
				<tr class='log' status='info'>
					<td class='status info' title='info' alt='info'><i class='material-icons'>info_outline</i></td>
					<td class='timestamp'>2:20:40 PM</td>
					<td class='step-details'>Hamburger flag</td>
				</tr>
				<tr class='log' status='info'>
					<td class='status info' title='info' alt='info'><i class='material-icons'>info_outline</i></td>
					<td class='timestamp'>2:20:41 PM</td>
					<td class='step-details'>java.util.HashMap$KeyIterator@539953af</td>
				</tr>
				<tr class='log' status='info'>
					<td class='status info' title='info' alt='info'><i class='material-icons'>info_outline</i></td>
					<td class='timestamp'>2:20:41 PM</td>
					<td class='step-details'>quesetion number</td>
				</tr>
				<tr class='log' status='info'>
					<td class='status info' title='info' alt='info'><i class='material-icons'>info_outline</i></td>
					<td class='timestamp'>2:20:43 PM</td>
					<td class='step-details'>quesetiong flag</td>
				</tr>
				<tr class='log' status='info'>
					<td class='status info' title='info' alt='info'><i class='material-icons'>info_outline</i></td>
					<td class='timestamp'>2:20:48 PM</td>
					<td class='step-details'>quesetiong flag</td>
				</tr>
				<tr class='log' status='info'>
					<td class='status info' title='info' alt='info'><i class='material-icons'>info_outline</i></td>
					<td class='timestamp'>2:20:51 PM</td>
					<td class='step-details'>Hamburger flag</td>
				</tr>
				<tr class='log' status='info'>
					<td class='status info' title='info' alt='info'><i class='material-icons'>info_outline</i></td>
					<td class='timestamp'>2:20:51 PM</td>
					<td class='step-details'>java.util.HashMap$KeyIterator@539953af</td>
				</tr>
				<tr class='log' status='info'>
					<td class='status info' title='info' alt='info'><i class='material-icons'>info_outline</i></td>
					<td class='timestamp'>2:20:51 PM</td>
					<td class='step-details'>quesetion number</td>
				</tr>
				<tr class='log' status='info'>
					<td class='status info' title='info' alt='info'><i class='material-icons'>info_outline</i></td>
					<td class='timestamp'>2:20:53 PM</td>
					<td class='step-details'>quesetiong flag</td>
				</tr>
				<tr class='log' status='info'>
					<td class='status info' title='info' alt='info'><i class='material-icons'>info_outline</i></td>
					<td class='timestamp'>2:20:58 PM</td>
					<td class='step-details'>quesetiong flag</td>
				</tr>
				<tr class='log' status='info'>
					<td class='status info' title='info' alt='info'><i class='material-icons'>info_outline</i></td>
					<td class='timestamp'>2:21:01 PM</td>
					<td class='step-details'>Hamburger flag</td>
				</tr>
				<tr class='log' status='info'>
					<td class='status info' title='info' alt='info'><i class='material-icons'>info_outline</i></td>
					<td class='timestamp'>2:21:01 PM</td>
					<td class='step-details'>java.util.HashMap$KeyIterator@539953af</td>
				</tr>
				<tr class='log' status='info'>
					<td class='status info' title='info' alt='info'><i class='material-icons'>info_outline</i></td>
					<td class='timestamp'>2:21:02 PM</td>
					<td class='step-details'>quesetion number</td>
				</tr>
				<tr class='log' status='info'>
					<td class='status info' title='info' alt='info'><i class='material-icons'>info_outline</i></td>
					<td class='timestamp'>2:21:03 PM</td>
					<td class='step-details'>quesetiong flag</td>
				</tr>
				<tr class='log' status='info'>
					<td class='status info' title='info' alt='info'><i class='material-icons'>info_outline</i></td>
					<td class='timestamp'>2:21:08 PM</td>
					<td class='step-details'>quesetiong flag</td>
				</tr>
				<tr class='log' status='info'>
					<td class='status info' title='info' alt='info'><i class='material-icons'>info_outline</i></td>
					<td class='timestamp'>2:21:11 PM</td>
					<td class='step-details'>Hamburger flag</td>
				</tr>
				<tr class='log' status='info'>
					<td class='status info' title='info' alt='info'><i class='material-icons'>info_outline</i></td>
					<td class='timestamp'>2:21:12 PM</td>
					<td class='step-details'>java.util.HashMap$KeyIterator@539953af</td>
				</tr>
				<tr class='log' status='info'>
					<td class='status info' title='info' alt='info'><i class='material-icons'>info_outline</i></td>
					<td class='timestamp'>2:21:12 PM</td>
					<td class='step-details'>quesetion number</td>
				</tr>
				<tr class='log' status='info'>
					<td class='status info' title='info' alt='info'><i class='material-icons'>info_outline</i></td>
					<td class='timestamp'>2:21:13 PM</td>
					<td class='step-details'>quesetiong flag</td>
				</tr>
				<tr class='log' status='info'>
					<td class='status info' title='info' alt='info'><i class='material-icons'>info_outline</i></td>
					<td class='timestamp'>2:21:15 PM</td>
					<td class='step-details'>On Test Success : TC30_To_Verify_User_Should_Be_Able_To_Flag_The_MCQ_Question_With_Hamburger_In_Test</td>
				</tr>
				<tr class='log' status='pass'>
					<td class='status pass' title='pass' alt='pass'><i class='material-icons'>check_circle</i></td>
					<td class='timestamp'>2:21:15 PM</td>
					<td class='step-details'><span class='label white-text green'>TC30_To_Verify_User_Should_Be_Able_To_Flag_The_MCQ_Question_With_Hamburger_In_Test</span></td>
				</tr>
				<tr class='log' status='pass'>
					<td class='status pass' title='pass' alt='pass'><i class='material-icons'>check_circle</i></td>
					<td class='timestamp'>2:21:15 PM</td>
					<td class='step-details'>TC30_To_Verify_User_Should_Be_Able_To_Flag_The_MCQ_Question_With_Hamburger_In_Test Passed<img data-featherlight='C:\Users\Dell\eclipse-workspace\TATA_Studi\TATA_Studi\Screenshots\TC30_To_Verify_User_Should_Be_Able_To_Flag_The_MCQ_Question_With_Hamburger_In_Test ExtendReport 03-02-21 02-21-15.png' width='10%' src='C:\Users\Dell\eclipse-workspace\TATA_Studi\TATA_Studi\Screenshots\TC30_To_Verify_User_Should_Be_Able_To_Flag_The_MCQ_Question_With_Hamburger_In_Test ExtendReport 03-02-21 02-21-15.png' data-src='C:\Users\Dell\eclipse-workspace\TATA_Studi\TATA_Studi\Screenshots\TC30_To_Verify_User_Should_Be_Able_To_Flag_The_MCQ_Question_With_Hamburger_In_Test ExtendReport 03-02-21 02-21-15.png'></td>
				</tr>
			</tbody>
		</table>
	</div>
					</div>
				</li>
				
				
				<li class='test displayed active  pass' status='pass' bdd='false' test-id='32'>
					<div class='test-heading'>
						<span class='test-name'>TC31_To_Verify_User_Should_Be_Able_To_Flag_The_MCQ_Question_In_Test</span>
						<span class='test-time'>Feb 3, 2021 02:21:17 PM</span>
						<span class='test-status right pass'>pass</span>
					</div>
					<div class='test-content hide'>
<div class='test-time-info'>
	<span class='label start-time'>Feb 3, 2021 02:21:17 PM</span>
	<span class='label end-time'>Feb 3, 2021 02:22:09 PM</span>
	<span class='label time-taken grey lighten-1 white-text'>0h 0m 52s+655ms</span>
</div>
	<div class='test-steps'>
		<table class='bordered table-results'>
			<thead>
				<tr>
					<th>Status</th>
					<th>Timestamp</th>
					<th>Details</th>
				</tr>
			</thead>
			<tbody>
				<tr class='log' status='info'>
					<td class='status info' title='info' alt='info'><i class='material-icons'>info_outline</i></td>
					<td class='timestamp'>2:21:17 PM</td>
					<td class='step-details'>On Test Start : TC31_To_Verify_User_Should_Be_Able_To_Flag_The_MCQ_Question_In_Test</td>
				</tr>
				<tr class='log' status='info'>
					<td class='status info' title='info' alt='info'><i class='material-icons'>info_outline</i></td>
					<td class='timestamp'>2:21:32 PM</td>
					<td class='step-details'>Opening Test Unit</td>
				</tr>
				<tr class='log' status='info'>
					<td class='status info' title='info' alt='info'><i class='material-icons'>info_outline</i></td>
					<td class='timestamp'>2:21:38 PM</td>
					<td class='step-details'>Opening Test</td>
				</tr>
				<tr class='log' status='info'>
					<td class='status info' title='info' alt='info'><i class='material-icons'>info_outline</i></td>
					<td class='timestamp'>2:21:49 PM</td>
					<td class='step-details'>Popup closed</td>
				</tr>
				<tr class='log' status='info'>
					<td class='status info' title='info' alt='info'><i class='material-icons'>info_outline</i></td>
					<td class='timestamp'>2:21:58 PM</td>
					<td class='step-details'>quesetion flag selected</td>
				</tr>
				<tr class='log' status='info'>
					<td class='status info' title='info' alt='info'><i class='material-icons'>info_outline</i></td>
					<td class='timestamp'>2:22:00 PM</td>
					<td class='step-details'>quesetion flag selected</td>
				</tr>
				<tr class='log' status='info'>
					<td class='status info' title='info' alt='info'><i class='material-icons'>info_outline</i></td>
					<td class='timestamp'>2:22:03 PM</td>
					<td class='step-details'>quesetion flag selected</td>
				</tr>
				<tr class='log' status='info'>
					<td class='status info' title='info' alt='info'><i class='material-icons'>info_outline</i></td>
					<td class='timestamp'>2:22:06 PM</td>
					<td class='step-details'>quesetion flag selected</td>
				</tr>
				<tr class='log' status='info'>
					<td class='status info' title='info' alt='info'><i class='material-icons'>info_outline</i></td>
					<td class='timestamp'>2:22:09 PM</td>
					<td class='step-details'>quesetion flag selected</td>
				</tr>
				<tr class='log' status='info'>
					<td class='status info' title='info' alt='info'><i class='material-icons'>info_outline</i></td>
					<td class='timestamp'>2:22:09 PM</td>
					<td class='step-details'>On Test Success : TC31_To_Verify_User_Should_Be_Able_To_Flag_The_MCQ_Question_In_Test</td>
				</tr>
				<tr class='log' status='pass'>
					<td class='status pass' title='pass' alt='pass'><i class='material-icons'>check_circle</i></td>
					<td class='timestamp'>2:22:09 PM</td>
					<td class='step-details'><span class='label white-text green'>TC31_To_Verify_User_Should_Be_Able_To_Flag_The_MCQ_Question_In_Test</span></td>
				</tr>
				<tr class='log' status='pass'>
					<td class='status pass' title='pass' alt='pass'><i class='material-icons'>check_circle</i></td>
					<td class='timestamp'>2:22:09 PM</td>
					<td class='step-details'>TC31_To_Verify_User_Should_Be_Able_To_Flag_The_MCQ_Question_In_Test Passed<img data-featherlight='C:\Users\Dell\eclipse-workspace\TATA_Studi\TATA_Studi\Screenshots\TC31_To_Verify_User_Should_Be_Able_To_Flag_The_MCQ_Question_In_Test ExtendReport 03-02-21 02-22-09.png' width='10%' src='C:\Users\Dell\eclipse-workspace\TATA_Studi\TATA_Studi\Screenshots\TC31_To_Verify_User_Should_Be_Able_To_Flag_The_MCQ_Question_In_Test ExtendReport 03-02-21 02-22-09.png' data-src='C:\Users\Dell\eclipse-workspace\TATA_Studi\TATA_Studi\Screenshots\TC31_To_Verify_User_Should_Be_Able_To_Flag_The_MCQ_Question_In_Test ExtendReport 03-02-21 02-22-09.png'></td>
				</tr>
			</tbody>
		</table>
	</div>
					</div>
				</li>
				
				
				<li class='test displayed active  pass' status='pass' bdd='false' test-id='33'>
					<div class='test-heading'>
						<span class='test-name'>TC32_To_Verify_Marks_Shown_With_MCQ_In_Test</span>
						<span class='test-time'>Feb 3, 2021 02:22:11 PM</span>
						<span class='test-status right pass'>pass</span>
					</div>
					<div class='test-content hide'>
<div class='test-time-info'>
	<span class='label start-time'>Feb 3, 2021 02:22:11 PM</span>
	<span class='label end-time'>Feb 3, 2021 02:22:58 PM</span>
	<span class='label time-taken grey lighten-1 white-text'>0h 0m 47s+53ms</span>
</div>
	<div class='test-steps'>
		<table class='bordered table-results'>
			<thead>
				<tr>
					<th>Status</th>
					<th>Timestamp</th>
					<th>Details</th>
				</tr>
			</thead>
			<tbody>
				<tr class='log' status='info'>
					<td class='status info' title='info' alt='info'><i class='material-icons'>info_outline</i></td>
					<td class='timestamp'>2:22:11 PM</td>
					<td class='step-details'>On Test Start : TC32_To_Verify_Marks_Shown_With_MCQ_In_Test</td>
				</tr>
				<tr class='log' status='info'>
					<td class='status info' title='info' alt='info'><i class='material-icons'>info_outline</i></td>
					<td class='timestamp'>2:22:27 PM</td>
					<td class='step-details'>Opening Test Unit</td>
				</tr>
				<tr class='log' status='info'>
					<td class='status info' title='info' alt='info'><i class='material-icons'>info_outline</i></td>
					<td class='timestamp'>2:22:32 PM</td>
					<td class='step-details'>Opening Test</td>
				</tr>
				<tr class='log' status='info'>
					<td class='status info' title='info' alt='info'><i class='material-icons'>info_outline</i></td>
					<td class='timestamp'>2:22:44 PM</td>
					<td class='step-details'>Popup closed</td>
				</tr>
				<tr class='log' status='info'>
					<td class='status info' title='info' alt='info'><i class='material-icons'>info_outline</i></td>
					<td class='timestamp'>2:22:46 PM</td>
					<td class='step-details'>Markes shown for question 1</td>
				</tr>
				<tr class='log' status='info'>
					<td class='status info' title='info' alt='info'><i class='material-icons'>info_outline</i></td>
					<td class='timestamp'>2:22:49 PM</td>
					<td class='step-details'>Markes shown for question 2</td>
				</tr>
				<tr class='log' status='info'>
					<td class='status info' title='info' alt='info'><i class='material-icons'>info_outline</i></td>
					<td class='timestamp'>2:22:52 PM</td>
					<td class='step-details'>Markes shown for question 3</td>
				</tr>
				<tr class='log' status='info'>
					<td class='status info' title='info' alt='info'><i class='material-icons'>info_outline</i></td>
					<td class='timestamp'>2:22:54 PM</td>
					<td class='step-details'>Markes shown for question 4</td>
				</tr>
				<tr class='log' status='info'>
					<td class='status info' title='info' alt='info'><i class='material-icons'>info_outline</i></td>
					<td class='timestamp'>2:22:56 PM</td>
					<td class='step-details'>Markes shown for question 5</td>
				</tr>
				<tr class='log' status='info'>
					<td class='status info' title='info' alt='info'><i class='material-icons'>info_outline</i></td>
					<td class='timestamp'>2:22:57 PM</td>
					<td class='step-details'>On Test Success : TC32_To_Verify_Marks_Shown_With_MCQ_In_Test</td>
				</tr>
				<tr class='log' status='pass'>
					<td class='status pass' title='pass' alt='pass'><i class='material-icons'>check_circle</i></td>
					<td class='timestamp'>2:22:57 PM</td>
					<td class='step-details'><span class='label white-text green'>TC32_To_Verify_Marks_Shown_With_MCQ_In_Test</span></td>
				</tr>
				<tr class='log' status='pass'>
					<td class='status pass' title='pass' alt='pass'><i class='material-icons'>check_circle</i></td>
					<td class='timestamp'>2:22:58 PM</td>
					<td class='step-details'>TC32_To_Verify_Marks_Shown_With_MCQ_In_Test Passed<img data-featherlight='C:\Users\Dell\eclipse-workspace\TATA_Studi\TATA_Studi\Screenshots\TC32_To_Verify_Marks_Shown_With_MCQ_In_Test ExtendReport 03-02-21 02-22-57.png' width='10%' src='C:\Users\Dell\eclipse-workspace\TATA_Studi\TATA_Studi\Screenshots\TC32_To_Verify_Marks_Shown_With_MCQ_In_Test ExtendReport 03-02-21 02-22-57.png' data-src='C:\Users\Dell\eclipse-workspace\TATA_Studi\TATA_Studi\Screenshots\TC32_To_Verify_Marks_Shown_With_MCQ_In_Test ExtendReport 03-02-21 02-22-57.png'></td>
				</tr>
			</tbody>
		</table>
	</div>
					</div>
				</li>
				
				
				<li class='test displayed active  pass' status='pass' bdd='false' test-id='34'>
					<div class='test-heading'>
						<span class='test-name'>TC33_To_Verify_User_Can_Abond_MCQ_Quiz_In_Test</span>
						<span class='test-time'>Feb 3, 2021 02:22:59 PM</span>
						<span class='test-status right pass'>pass</span>
					</div>
					<div class='test-content hide'>
<div class='test-time-info'>
	<span class='label start-time'>Feb 3, 2021 02:22:59 PM</span>
	<span class='label end-time'>Feb 3, 2021 02:23:44 PM</span>
	<span class='label time-taken grey lighten-1 white-text'>0h 0m 44s+827ms</span>
</div>
	<div class='test-steps'>
		<table class='bordered table-results'>
			<thead>
				<tr>
					<th>Status</th>
					<th>Timestamp</th>
					<th>Details</th>
				</tr>
			</thead>
			<tbody>
				<tr class='log' status='info'>
					<td class='status info' title='info' alt='info'><i class='material-icons'>info_outline</i></td>
					<td class='timestamp'>2:22:59 PM</td>
					<td class='step-details'>On Test Start : TC33_To_Verify_User_Can_Abond_MCQ_Quiz_In_Test</td>
				</tr>
				<tr class='log' status='info'>
					<td class='status info' title='info' alt='info'><i class='material-icons'>info_outline</i></td>
					<td class='timestamp'>2:23:15 PM</td>
					<td class='step-details'>Opening Test Unit</td>
				</tr>
				<tr class='log' status='info'>
					<td class='status info' title='info' alt='info'><i class='material-icons'>info_outline</i></td>
					<td class='timestamp'>2:23:19 PM</td>
					<td class='step-details'>Opening Test</td>
				</tr>
				<tr class='log' status='info'>
					<td class='status info' title='info' alt='info'><i class='material-icons'>info_outline</i></td>
					<td class='timestamp'>2:23:32 PM</td>
					<td class='step-details'>Popup closed</td>
				</tr>
				<tr class='log' status='info'>
					<td class='status info' title='info' alt='info'><i class='material-icons'>info_outline</i></td>
					<td class='timestamp'>2:23:37 PM</td>
					<td class='step-details'>Same question appeared</td>
				</tr>
				<tr class='log' status='info'>
					<td class='status info' title='info' alt='info'><i class='material-icons'>info_outline</i></td>
					<td class='timestamp'>2:23:43 PM</td>
					<td class='step-details'>On Test Success : TC33_To_Verify_User_Can_Abond_MCQ_Quiz_In_Test</td>
				</tr>
				<tr class='log' status='pass'>
					<td class='status pass' title='pass' alt='pass'><i class='material-icons'>check_circle</i></td>
					<td class='timestamp'>2:23:43 PM</td>
					<td class='step-details'><span class='label white-text green'>TC33_To_Verify_User_Can_Abond_MCQ_Quiz_In_Test</span></td>
				</tr>
				<tr class='log' status='pass'>
					<td class='status pass' title='pass' alt='pass'><i class='material-icons'>check_circle</i></td>
					<td class='timestamp'>2:23:44 PM</td>
					<td class='step-details'>TC33_To_Verify_User_Can_Abond_MCQ_Quiz_In_Test Passed<img data-featherlight='C:\Users\Dell\eclipse-workspace\TATA_Studi\TATA_Studi\Screenshots\TC33_To_Verify_User_Can_Abond_MCQ_Quiz_In_Test ExtendReport 03-02-21 02-23-43.png' width='10%' src='C:\Users\Dell\eclipse-workspace\TATA_Studi\TATA_Studi\Screenshots\TC33_To_Verify_User_Can_Abond_MCQ_Quiz_In_Test ExtendReport 03-02-21 02-23-43.png' data-src='C:\Users\Dell\eclipse-workspace\TATA_Studi\TATA_Studi\Screenshots\TC33_To_Verify_User_Can_Abond_MCQ_Quiz_In_Test ExtendReport 03-02-21 02-23-43.png'></td>
				</tr>
			</tbody>
		</table>
	</div>
					</div>
				</li>
			</ul>
		</div>
	</div>
	<!-- subview left -->

	<div class='subview-right left'>
		<div class='view-summary'>
			<h5 class='test-name'></h5>

			<div id='step-filters' class="right">
				<span class="blue-text" status="info" alt="info" title="info"><i class="material-icons">info_outline</i></span>
				<span class="green-text" status="pass" alt="pass" title="pass"><i class="material-icons">check_circle</i></span>
				<span class="red-text" status="fail" alt="fail" title="fail"><i class="material-icons">cancel</i></span>
				<span class="red-text text-darken-4" status="fatal" alt="fatal" title="fatal"><i class="material-icons">cancel</i></span>
				<span class="pink-text text-lighten-1" status="error" alt="error" title="error"><i class="material-icons">error</i></span>
				<span class="orange-text" alt="warning" status="warning" title="warning"><i class="material-icons">warning</i></span>
				<span class="teal-text" status="skip" alt="skip" title="skip"><i class="material-icons">redo</i></span>
				<span status="clear" alt="Clear filters" title="Clear filters"><i class="material-icons">clear</i></span>
			</div>
		</div>
	</div>
	<!-- subview right -->

</div>
<!-- test view -->
<!-- category view -->
<div id='exception-view' class='view hide'>

    <section id='controls'>
        <div class='controls grey lighten-4'>
            <!-- search -->
            <div class='chip transparent' alt='Search Tests' title='Search Tests'>
                <a href="#" class='search-div'>
                    <i class='material-icons'>search</i> Search
                </a>

                <div class='input-field left hide'>
                    <input id='search-tests' type='text' class='validate browser-default' placeholder='Search Tests...'>
                </div>

            </div>
            <!-- search -->
        </div>
    </section>

    <div class='subview-left left'>

        <div class='view-summary'>
            <h5>Exceptions</h3>
                <ul id='exception-collection' class='exception-collection'>

                        <li class='exception displayed active'>
                            <div class='exception-heading'>
                                <span class='exception-name'>java.lang.AssertionError</span>
                                <span class='exception-count right'><span class='label red lighten-1 white-text'>12</span></span>
                            </div>
                            <div class='exception-content hide'>
                                <div class='exception-tests'>
                                    <table class='bordered table-results'>
                                        <thead>
                                        <tr>
                                            <th>Timestamp</th>
                                            <th>TestName</th>
                                            <th>Status</th>
                                        </tr>
                                        </thead>
                                        <tbody>
                                                    <tr>
                                                        <td>Feb 3, 2021 01:56:45 PM</td>
                                                        <td class='linked' test-id='3'>TC02_To_Verify_MCQ_Answers_Is_In_Default_State_In_Revision</td>
                                                        <td><pre><pre>java.lang.AssertionError: expected [true] but found [false]
	at org.testng.Assert.fail(Assert.java:96)
	at org.testng.Assert.failNotEquals(Assert.java:776)
	at org.testng.Assert.assertTrue(Assert.java:44)
	at org.testng.Assert.assertTrue(Assert.java:54)
	at studi.co.testScripts.AFS_UserStory_76.TC02_To_Verify_MCQ_Answers_Is_In_Default_State_In_Revision(AFS_UserStory_76.java:125)
	at java.base/jdk.internal.reflect.NativeMethodAccessorImpl.invoke0(Native Method)
	at java.base/jdk.internal.reflect.NativeMethodAccessorImpl.invoke(NativeMethodAccessorImpl.java:62)
	at java.base/jdk.internal.reflect.DelegatingMethodAccessorImpl.invoke(DelegatingMethodAccessorImpl.java:43)
	at java.base/java.lang.reflect.Method.invoke(Method.java:566)
	at org.testng.internal.MethodInvocationHelper.invokeMethod(MethodInvocationHelper.java:124)
	at org.testng.internal.Invoker.invokeMethod(Invoker.java:583)
	at org.testng.internal.Invoker.invokeTestMethod(Invoker.java:719)
	at org.testng.internal.Invoker.invokeTestMethods(Invoker.java:989)
	at org.testng.internal.TestMethodWorker.invokeTestMethods(TestMethodWorker.java:125)
	at org.testng.internal.TestMethodWorker.run(TestMethodWorker.java:109)
	at org.testng.TestRunner.privateRun(TestRunner.java:648)
	at org.testng.TestRunner.run(TestRunner.java:505)
	at org.testng.SuiteRunner.runTest(SuiteRunner.java:455)
	at org.testng.SuiteRunner.runSequentially(SuiteRunner.java:450)
	at org.testng.SuiteRunner.privateRun(SuiteRunner.java:415)
	at org.testng.SuiteRunner.run(SuiteRunner.java:364)
	at org.testng.SuiteRunnerWorker.runSuite(SuiteRunnerWorker.java:52)
	at org.testng.SuiteRunnerWorker.run(SuiteRunnerWorker.java:84)
	at org.testng.TestNG.runSuitesSequentially(TestNG.java:1208)
	at org.testng.TestNG.runSuitesLocally(TestNG.java:1137)
	at org.testng.TestNG.runSuites(TestNG.java:1049)
	at org.testng.TestNG.run(TestNG.java:1017)
	at org.testng.remote.AbstractRemoteTestNG.run(AbstractRemoteTestNG.java:115)
	at org.testng.remote.RemoteTestNG.initAndRun(RemoteTestNG.java:251)
	at org.testng.remote.RemoteTestNG.main(RemoteTestNG.java:77)
</pre></pre></td>
                                                    </tr>
                                                    <tr>
                                                        <td>Feb 3, 2021 01:56:47 PM</td>
                                                        <td class='linked' test-id='4'>TC03_To_Verify_Multiple_Answers_Shown_For_MCQ_In_Revision</td>
                                                        <td><pre><pre>java.lang.AssertionError: expected [true] but found [false]
	at org.testng.Assert.fail(Assert.java:96)
	at org.testng.Assert.failNotEquals(Assert.java:776)
	at org.testng.Assert.assertTrue(Assert.java:44)
	at org.testng.Assert.assertTrue(Assert.java:54)
	at studi.co.testScripts.AFS_UserStory_76.TC03_To_Verify_Multiple_Answers_Shown_For_MCQ_In_Revision(AFS_UserStory_76.java:134)
	at java.base/jdk.internal.reflect.NativeMethodAccessorImpl.invoke0(Native Method)
	at java.base/jdk.internal.reflect.NativeMethodAccessorImpl.invoke(NativeMethodAccessorImpl.java:62)
	at java.base/jdk.internal.reflect.DelegatingMethodAccessorImpl.invoke(DelegatingMethodAccessorImpl.java:43)
	at java.base/java.lang.reflect.Method.invoke(Method.java:566)
	at org.testng.internal.MethodInvocationHelper.invokeMethod(MethodInvocationHelper.java:124)
	at org.testng.internal.Invoker.invokeMethod(Invoker.java:583)
	at org.testng.internal.Invoker.invokeTestMethod(Invoker.java:719)
	at org.testng.internal.Invoker.invokeTestMethods(Invoker.java:989)
	at org.testng.internal.TestMethodWorker.invokeTestMethods(TestMethodWorker.java:125)
	at org.testng.internal.TestMethodWorker.run(TestMethodWorker.java:109)
	at org.testng.TestRunner.privateRun(TestRunner.java:648)
	at org.testng.TestRunner.run(TestRunner.java:505)
	at org.testng.SuiteRunner.runTest(SuiteRunner.java:455)
	at org.testng.SuiteRunner.runSequentially(SuiteRunner.java:450)
	at org.testng.SuiteRunner.privateRun(SuiteRunner.java:415)
	at org.testng.SuiteRunner.run(SuiteRunner.java:364)
	at org.testng.SuiteRunnerWorker.runSuite(SuiteRunnerWorker.java:52)
	at org.testng.SuiteRunnerWorker.run(SuiteRunnerWorker.java:84)
	at org.testng.TestNG.runSuitesSequentially(TestNG.java:1208)
	at org.testng.TestNG.runSuitesLocally(TestNG.java:1137)
	at org.testng.TestNG.runSuites(TestNG.java:1049)
	at org.testng.TestNG.run(TestNG.java:1017)
	at org.testng.remote.AbstractRemoteTestNG.run(AbstractRemoteTestNG.java:115)
	at org.testng.remote.RemoteTestNG.initAndRun(RemoteTestNG.java:251)
	at org.testng.remote.RemoteTestNG.main(RemoteTestNG.java:77)
</pre></pre></td>
                                                    </tr>
                                                    <tr>
                                                        <td>Feb 3, 2021 01:56:49 PM</td>
                                                        <td class='linked' test-id='5'>TC04_To_Verify_MCQ_Answers_Can_Be_Select_In_Revision</td>
                                                        <td><pre><pre>java.lang.AssertionError: expected [true] but found [false]
	at org.testng.Assert.fail(Assert.java:96)
	at org.testng.Assert.failNotEquals(Assert.java:776)
	at org.testng.Assert.assertTrue(Assert.java:44)
	at org.testng.Assert.assertTrue(Assert.java:54)
	at studi.co.testScripts.AFS_UserStory_76.TC04_To_Verify_MCQ_Answers_Can_Be_Select_In_Revision(AFS_UserStory_76.java:143)
	at java.base/jdk.internal.reflect.NativeMethodAccessorImpl.invoke0(Native Method)
	at java.base/jdk.internal.reflect.NativeMethodAccessorImpl.invoke(NativeMethodAccessorImpl.java:62)
	at java.base/jdk.internal.reflect.DelegatingMethodAccessorImpl.invoke(DelegatingMethodAccessorImpl.java:43)
	at java.base/java.lang.reflect.Method.invoke(Method.java:566)
	at org.testng.internal.MethodInvocationHelper.invokeMethod(MethodInvocationHelper.java:124)
	at org.testng.internal.Invoker.invokeMethod(Invoker.java:583)
	at org.testng.internal.Invoker.invokeTestMethod(Invoker.java:719)
	at org.testng.internal.Invoker.invokeTestMethods(Invoker.java:989)
	at org.testng.internal.TestMethodWorker.invokeTestMethods(TestMethodWorker.java:125)
	at org.testng.internal.TestMethodWorker.run(TestMethodWorker.java:109)
	at org.testng.TestRunner.privateRun(TestRunner.java:648)
	at org.testng.TestRunner.run(TestRunner.java:505)
	at org.testng.SuiteRunner.runTest(SuiteRunner.java:455)
	at org.testng.SuiteRunner.runSequentially(SuiteRunner.java:450)
	at org.testng.SuiteRunner.privateRun(SuiteRunner.java:415)
	at org.testng.SuiteRunner.run(SuiteRunner.java:364)
	at org.testng.SuiteRunnerWorker.runSuite(SuiteRunnerWorker.java:52)
	at org.testng.SuiteRunnerWorker.run(SuiteRunnerWorker.java:84)
	at org.testng.TestNG.runSuitesSequentially(TestNG.java:1208)
	at org.testng.TestNG.runSuitesLocally(TestNG.java:1137)
	at org.testng.TestNG.runSuites(TestNG.java:1049)
	at org.testng.TestNG.run(TestNG.java:1017)
	at org.testng.remote.AbstractRemoteTestNG.run(AbstractRemoteTestNG.java:115)
	at org.testng.remote.RemoteTestNG.initAndRun(RemoteTestNG.java:251)
	at org.testng.remote.RemoteTestNG.main(RemoteTestNG.java:77)
</pre></pre></td>
                                                    </tr>
                                                    <tr>
                                                        <td>Feb 3, 2021 01:56:51 PM</td>
                                                        <td class='linked' test-id='6'>TC05_To_Verify_Multiple_MSQ_Answer_Can_Be_Select_In_Revision</td>
                                                        <td><pre><pre>java.lang.AssertionError: expected [true] but found [false]
	at org.testng.Assert.fail(Assert.java:96)
	at org.testng.Assert.failNotEquals(Assert.java:776)
	at org.testng.Assert.assertTrue(Assert.java:44)
	at org.testng.Assert.assertTrue(Assert.java:54)
	at studi.co.testScripts.AFS_UserStory_76.TC05_To_Verify_Multiple_MSQ_Answer_Can_Be_Select_In_Revision(AFS_UserStory_76.java:149)
	at java.base/jdk.internal.reflect.NativeMethodAccessorImpl.invoke0(Native Method)
	at java.base/jdk.internal.reflect.NativeMethodAccessorImpl.invoke(NativeMethodAccessorImpl.java:62)
	at java.base/jdk.internal.reflect.DelegatingMethodAccessorImpl.invoke(DelegatingMethodAccessorImpl.java:43)
	at java.base/java.lang.reflect.Method.invoke(Method.java:566)
	at org.testng.internal.MethodInvocationHelper.invokeMethod(MethodInvocationHelper.java:124)
	at org.testng.internal.Invoker.invokeMethod(Invoker.java:583)
	at org.testng.internal.Invoker.invokeTestMethod(Invoker.java:719)
	at org.testng.internal.Invoker.invokeTestMethods(Invoker.java:989)
	at org.testng.internal.TestMethodWorker.invokeTestMethods(TestMethodWorker.java:125)
	at org.testng.internal.TestMethodWorker.run(TestMethodWorker.java:109)
	at org.testng.TestRunner.privateRun(TestRunner.java:648)
	at org.testng.TestRunner.run(TestRunner.java:505)
	at org.testng.SuiteRunner.runTest(SuiteRunner.java:455)
	at org.testng.SuiteRunner.runSequentially(SuiteRunner.java:450)
	at org.testng.SuiteRunner.privateRun(SuiteRunner.java:415)
	at org.testng.SuiteRunner.run(SuiteRunner.java:364)
	at org.testng.SuiteRunnerWorker.runSuite(SuiteRunnerWorker.java:52)
	at org.testng.SuiteRunnerWorker.run(SuiteRunnerWorker.java:84)
	at org.testng.TestNG.runSuitesSequentially(TestNG.java:1208)
	at org.testng.TestNG.runSuitesLocally(TestNG.java:1137)
	at org.testng.TestNG.runSuites(TestNG.java:1049)
	at org.testng.TestNG.run(TestNG.java:1017)
	at org.testng.remote.AbstractRemoteTestNG.run(AbstractRemoteTestNG.java:115)
	at org.testng.remote.RemoteTestNG.initAndRun(RemoteTestNG.java:251)
	at org.testng.remote.RemoteTestNG.main(RemoteTestNG.java:77)
</pre></pre></td>
                                                    </tr>
                                                    <tr>
                                                        <td>Feb 3, 2021 01:56:53 PM</td>
                                                        <td class='linked' test-id='7'>TC06_To_Verify_Correct_Feedback_Shown_After_MCQ_Answer_Selection_In_Revision</td>
                                                        <td><pre><pre>java.lang.AssertionError: expected [true] but found [false]
	at org.testng.Assert.fail(Assert.java:96)
	at org.testng.Assert.failNotEquals(Assert.java:776)
	at org.testng.Assert.assertTrue(Assert.java:44)
	at org.testng.Assert.assertTrue(Assert.java:54)
	at studi.co.testScripts.AFS_UserStory_76.TC06_To_Verify_Correct_Feedback_Shown_After_MCQ_Answer_Selection_In_Revision(AFS_UserStory_76.java:155)
	at java.base/jdk.internal.reflect.NativeMethodAccessorImpl.invoke0(Native Method)
	at java.base/jdk.internal.reflect.NativeMethodAccessorImpl.invoke(NativeMethodAccessorImpl.java:62)
	at java.base/jdk.internal.reflect.DelegatingMethodAccessorImpl.invoke(DelegatingMethodAccessorImpl.java:43)
	at java.base/java.lang.reflect.Method.invoke(Method.java:566)
	at org.testng.internal.MethodInvocationHelper.invokeMethod(MethodInvocationHelper.java:124)
	at org.testng.internal.Invoker.invokeMethod(Invoker.java:583)
	at org.testng.internal.Invoker.invokeTestMethod(Invoker.java:719)
	at org.testng.internal.Invoker.invokeTestMethods(Invoker.java:989)
	at org.testng.internal.TestMethodWorker.invokeTestMethods(TestMethodWorker.java:125)
	at org.testng.internal.TestMethodWorker.run(TestMethodWorker.java:109)
	at org.testng.TestRunner.privateRun(TestRunner.java:648)
	at org.testng.TestRunner.run(TestRunner.java:505)
	at org.testng.SuiteRunner.runTest(SuiteRunner.java:455)
	at org.testng.SuiteRunner.runSequentially(SuiteRunner.java:450)
	at org.testng.SuiteRunner.privateRun(SuiteRunner.java:415)
	at org.testng.SuiteRunner.run(SuiteRunner.java:364)
	at org.testng.SuiteRunnerWorker.runSuite(SuiteRunnerWorker.java:52)
	at org.testng.SuiteRunnerWorker.run(SuiteRunnerWorker.java:84)
	at org.testng.TestNG.runSuitesSequentially(TestNG.java:1208)
	at org.testng.TestNG.runSuitesLocally(TestNG.java:1137)
	at org.testng.TestNG.runSuites(TestNG.java:1049)
	at org.testng.TestNG.run(TestNG.java:1017)
	at org.testng.remote.AbstractRemoteTestNG.run(AbstractRemoteTestNG.java:115)
	at org.testng.remote.RemoteTestNG.initAndRun(RemoteTestNG.java:251)
	at org.testng.remote.RemoteTestNG.main(RemoteTestNG.java:77)
</pre></pre></td>
                                                    </tr>
                                                    <tr>
                                                        <td>Feb 3, 2021 01:56:55 PM</td>
                                                        <td class='linked' test-id='8'>TC07_To_Verify_State_Of_Answer_Should_Be_Maintained_For_MCQ_Answer_In_Revision</td>
                                                        <td><pre><pre>java.lang.AssertionError: expected [true] but found [false]
	at org.testng.Assert.fail(Assert.java:96)
	at org.testng.Assert.failNotEquals(Assert.java:776)
	at org.testng.Assert.assertTrue(Assert.java:44)
	at org.testng.Assert.assertTrue(Assert.java:54)
	at studi.co.testScripts.AFS_UserStory_76.TC07_To_Verify_State_Of_Answer_Should_Be_Maintained_For_MCQ_Answer_In_Revision(AFS_UserStory_76.java:162)
	at java.base/jdk.internal.reflect.NativeMethodAccessorImpl.invoke0(Native Method)
	at java.base/jdk.internal.reflect.NativeMethodAccessorImpl.invoke(NativeMethodAccessorImpl.java:62)
	at java.base/jdk.internal.reflect.DelegatingMethodAccessorImpl.invoke(DelegatingMethodAccessorImpl.java:43)
	at java.base/java.lang.reflect.Method.invoke(Method.java:566)
	at org.testng.internal.MethodInvocationHelper.invokeMethod(MethodInvocationHelper.java:124)
	at org.testng.internal.Invoker.invokeMethod(Invoker.java:583)
	at org.testng.internal.Invoker.invokeTestMethod(Invoker.java:719)
	at org.testng.internal.Invoker.invokeTestMethods(Invoker.java:989)
	at org.testng.internal.TestMethodWorker.invokeTestMethods(TestMethodWorker.java:125)
	at org.testng.internal.TestMethodWorker.run(TestMethodWorker.java:109)
	at org.testng.TestRunner.privateRun(TestRunner.java:648)
	at org.testng.TestRunner.run(TestRunner.java:505)
	at org.testng.SuiteRunner.runTest(SuiteRunner.java:455)
	at org.testng.SuiteRunner.runSequentially(SuiteRunner.java:450)
	at org.testng.SuiteRunner.privateRun(SuiteRunner.java:415)
	at org.testng.SuiteRunner.run(SuiteRunner.java:364)
	at org.testng.SuiteRunnerWorker.runSuite(SuiteRunnerWorker.java:52)
	at org.testng.SuiteRunnerWorker.run(SuiteRunnerWorker.java:84)
	at org.testng.TestNG.runSuitesSequentially(TestNG.java:1208)
	at org.testng.TestNG.runSuitesLocally(TestNG.java:1137)
	at org.testng.TestNG.runSuites(TestNG.java:1049)
	at org.testng.TestNG.run(TestNG.java:1017)
	at org.testng.remote.AbstractRemoteTestNG.run(AbstractRemoteTestNG.java:115)
	at org.testng.remote.RemoteTestNG.initAndRun(RemoteTestNG.java:251)
	at org.testng.remote.RemoteTestNG.main(RemoteTestNG.java:77)
</pre></pre></td>
                                                    </tr>
                                                    <tr>
                                                        <td>Feb 3, 2021 01:56:57 PM</td>
                                                        <td class='linked' test-id='9'>TC08_To_Verify_Correct_Incorrect_Feedback_Shown_After_MCQ_Answer_Selection_In_Revision</td>
                                                        <td><pre><pre>java.lang.AssertionError: expected [true] but found [false]
	at org.testng.Assert.fail(Assert.java:96)
	at org.testng.Assert.failNotEquals(Assert.java:776)
	at org.testng.Assert.assertTrue(Assert.java:44)
	at org.testng.Assert.assertTrue(Assert.java:54)
	at studi.co.testScripts.AFS_UserStory_76.TC08_To_Verify_Correct_Incorrect_Feedback_Shown_After_MCQ_Answer_Selection_In_Revision(AFS_UserStory_76.java:169)
	at java.base/jdk.internal.reflect.NativeMethodAccessorImpl.invoke0(Native Method)
	at java.base/jdk.internal.reflect.NativeMethodAccessorImpl.invoke(NativeMethodAccessorImpl.java:62)
	at java.base/jdk.internal.reflect.DelegatingMethodAccessorImpl.invoke(DelegatingMethodAccessorImpl.java:43)
	at java.base/java.lang.reflect.Method.invoke(Method.java:566)
	at org.testng.internal.MethodInvocationHelper.invokeMethod(MethodInvocationHelper.java:124)
	at org.testng.internal.Invoker.invokeMethod(Invoker.java:583)
	at org.testng.internal.Invoker.invokeTestMethod(Invoker.java:719)
	at org.testng.internal.Invoker.invokeTestMethods(Invoker.java:989)
	at org.testng.internal.TestMethodWorker.invokeTestMethods(TestMethodWorker.java:125)
	at org.testng.internal.TestMethodWorker.run(TestMethodWorker.java:109)
	at org.testng.TestRunner.privateRun(TestRunner.java:648)
	at org.testng.TestRunner.run(TestRunner.java:505)
	at org.testng.SuiteRunner.runTest(SuiteRunner.java:455)
	at org.testng.SuiteRunner.runSequentially(SuiteRunner.java:450)
	at org.testng.SuiteRunner.privateRun(SuiteRunner.java:415)
	at org.testng.SuiteRunner.run(SuiteRunner.java:364)
	at org.testng.SuiteRunnerWorker.runSuite(SuiteRunnerWorker.java:52)
	at org.testng.SuiteRunnerWorker.run(SuiteRunnerWorker.java:84)
	at org.testng.TestNG.runSuitesSequentially(TestNG.java:1208)
	at org.testng.TestNG.runSuitesLocally(TestNG.java:1137)
	at org.testng.TestNG.runSuites(TestNG.java:1049)
	at org.testng.TestNG.run(TestNG.java:1017)
	at org.testng.remote.AbstractRemoteTestNG.run(AbstractRemoteTestNG.java:115)
	at org.testng.remote.RemoteTestNG.initAndRun(RemoteTestNG.java:251)
	at org.testng.remote.RemoteTestNG.main(RemoteTestNG.java:77)
</pre></pre></td>
                                                    </tr>
                                                    <tr>
                                                        <td>Feb 3, 2021 01:57:50 PM</td>
                                                        <td class='linked' test-id='11'>TC10_To_Verify_User_Can_Click_On_All_MCQ_Answers_In_Revision</td>
                                                        <td><pre><pre>java.lang.AssertionError: expected [true] but found [false]
	at org.testng.Assert.fail(Assert.java:96)
	at org.testng.Assert.failNotEquals(Assert.java:776)
	at org.testng.Assert.assertTrue(Assert.java:44)
	at org.testng.Assert.assertTrue(Assert.java:54)
	at studi.co.testScripts.AFS_UserStory_76.TC10_To_Verify_User_Can_Click_On_All_MCQ_Answers_In_Revision(AFS_UserStory_76.java:183)
	at java.base/jdk.internal.reflect.NativeMethodAccessorImpl.invoke0(Native Method)
	at java.base/jdk.internal.reflect.NativeMethodAccessorImpl.invoke(NativeMethodAccessorImpl.java:62)
	at java.base/jdk.internal.reflect.DelegatingMethodAccessorImpl.invoke(DelegatingMethodAccessorImpl.java:43)
	at java.base/java.lang.reflect.Method.invoke(Method.java:566)
	at org.testng.internal.MethodInvocationHelper.invokeMethod(MethodInvocationHelper.java:124)
	at org.testng.internal.Invoker.invokeMethod(Invoker.java:583)
	at org.testng.internal.Invoker.invokeTestMethod(Invoker.java:719)
	at org.testng.internal.Invoker.invokeTestMethods(Invoker.java:989)
	at org.testng.internal.TestMethodWorker.invokeTestMethods(TestMethodWorker.java:125)
	at org.testng.internal.TestMethodWorker.run(TestMethodWorker.java:109)
	at org.testng.TestRunner.privateRun(TestRunner.java:648)
	at org.testng.TestRunner.run(TestRunner.java:505)
	at org.testng.SuiteRunner.runTest(SuiteRunner.java:455)
	at org.testng.SuiteRunner.runSequentially(SuiteRunner.java:450)
	at org.testng.SuiteRunner.privateRun(SuiteRunner.java:415)
	at org.testng.SuiteRunner.run(SuiteRunner.java:364)
	at org.testng.SuiteRunnerWorker.runSuite(SuiteRunnerWorker.java:52)
	at org.testng.SuiteRunnerWorker.run(SuiteRunnerWorker.java:84)
	at org.testng.TestNG.runSuitesSequentially(TestNG.java:1208)
	at org.testng.TestNG.runSuitesLocally(TestNG.java:1137)
	at org.testng.TestNG.runSuites(TestNG.java:1049)
	at org.testng.TestNG.run(TestNG.java:1017)
	at org.testng.remote.AbstractRemoteTestNG.run(AbstractRemoteTestNG.java:115)
	at org.testng.remote.RemoteTestNG.initAndRun(RemoteTestNG.java:251)
	at org.testng.remote.RemoteTestNG.main(RemoteTestNG.java:77)
</pre></pre></td>
                                                    </tr>
                                                    <tr>
                                                        <td>Feb 3, 2021 02:08:10 PM</td>
                                                        <td class='linked' test-id='18'>TC17_To_Verify_Correct_Feedback_Shown_After_MCQ_Answer_Selection_In_Practice</td>
                                                        <td><pre><pre>java.lang.AssertionError: expected [true] but found [false]
	at org.testng.Assert.fail(Assert.java:96)
	at org.testng.Assert.failNotEquals(Assert.java:776)
	at org.testng.Assert.assertTrue(Assert.java:44)
	at org.testng.Assert.assertTrue(Assert.java:54)
	at studi.co.testScripts.AFS_UserStory_76.TC17_To_Verify_Correct_Feedback_Shown_After_MCQ_Answer_Selection_In_Practice(AFS_UserStory_76.java:74)
	at java.base/jdk.internal.reflect.NativeMethodAccessorImpl.invoke0(Native Method)
	at java.base/jdk.internal.reflect.NativeMethodAccessorImpl.invoke(NativeMethodAccessorImpl.java:62)
	at java.base/jdk.internal.reflect.DelegatingMethodAccessorImpl.invoke(DelegatingMethodAccessorImpl.java:43)
	at java.base/java.lang.reflect.Method.invoke(Method.java:566)
	at org.testng.internal.MethodInvocationHelper.invokeMethod(MethodInvocationHelper.java:124)
	at org.testng.internal.Invoker.invokeMethod(Invoker.java:583)
	at org.testng.internal.Invoker.invokeTestMethod(Invoker.java:719)
	at org.testng.internal.Invoker.invokeTestMethods(Invoker.java:989)
	at org.testng.internal.TestMethodWorker.invokeTestMethods(TestMethodWorker.java:125)
	at org.testng.internal.TestMethodWorker.run(TestMethodWorker.java:109)
	at org.testng.TestRunner.privateRun(TestRunner.java:648)
	at org.testng.TestRunner.run(TestRunner.java:505)
	at org.testng.SuiteRunner.runTest(SuiteRunner.java:455)
	at org.testng.SuiteRunner.runSequentially(SuiteRunner.java:450)
	at org.testng.SuiteRunner.privateRun(SuiteRunner.java:415)
	at org.testng.SuiteRunner.run(SuiteRunner.java:364)
	at org.testng.SuiteRunnerWorker.runSuite(SuiteRunnerWorker.java:52)
	at org.testng.SuiteRunnerWorker.run(SuiteRunnerWorker.java:84)
	at org.testng.TestNG.runSuitesSequentially(TestNG.java:1208)
	at org.testng.TestNG.runSuitesLocally(TestNG.java:1137)
	at org.testng.TestNG.runSuites(TestNG.java:1049)
	at org.testng.TestNG.run(TestNG.java:1017)
	at org.testng.remote.AbstractRemoteTestNG.run(AbstractRemoteTestNG.java:115)
	at org.testng.remote.RemoteTestNG.initAndRun(RemoteTestNG.java:251)
	at org.testng.remote.RemoteTestNG.main(RemoteTestNG.java:77)
</pre></pre></td>
                                                    </tr>
                                                    <tr>
                                                        <td>Feb 3, 2021 02:08:12 PM</td>
                                                        <td class='linked' test-id='19'>TC18_To_Verify_Correct_Feedback_Shown_Under_Hamburger_Menu_In_Practice</td>
                                                        <td><pre><pre>java.lang.AssertionError: expected [true] but found [false]
	at org.testng.Assert.fail(Assert.java:96)
	at org.testng.Assert.failNotEquals(Assert.java:776)
	at org.testng.Assert.assertTrue(Assert.java:44)
	at org.testng.Assert.assertTrue(Assert.java:54)
	at studi.co.testScripts.AFS_UserStory_76.TC18_To_Verify_Correct_Feedback_Shown_Under_Hamburger_Menu_In_Practice(AFS_UserStory_76.java:84)
	at java.base/jdk.internal.reflect.NativeMethodAccessorImpl.invoke0(Native Method)
	at java.base/jdk.internal.reflect.NativeMethodAccessorImpl.invoke(NativeMethodAccessorImpl.java:62)
	at java.base/jdk.internal.reflect.DelegatingMethodAccessorImpl.invoke(DelegatingMethodAccessorImpl.java:43)
	at java.base/java.lang.reflect.Method.invoke(Method.java:566)
	at org.testng.internal.MethodInvocationHelper.invokeMethod(MethodInvocationHelper.java:124)
	at org.testng.internal.Invoker.invokeMethod(Invoker.java:583)
	at org.testng.internal.Invoker.invokeTestMethod(Invoker.java:719)
	at org.testng.internal.Invoker.invokeTestMethods(Invoker.java:989)
	at org.testng.internal.TestMethodWorker.invokeTestMethods(TestMethodWorker.java:125)
	at org.testng.internal.TestMethodWorker.run(TestMethodWorker.java:109)
	at org.testng.TestRunner.privateRun(TestRunner.java:648)
	at org.testng.TestRunner.run(TestRunner.java:505)
	at org.testng.SuiteRunner.runTest(SuiteRunner.java:455)
	at org.testng.SuiteRunner.runSequentially(SuiteRunner.java:450)
	at org.testng.SuiteRunner.privateRun(SuiteRunner.java:415)
	at org.testng.SuiteRunner.run(SuiteRunner.java:364)
	at org.testng.SuiteRunnerWorker.runSuite(SuiteRunnerWorker.java:52)
	at org.testng.SuiteRunnerWorker.run(SuiteRunnerWorker.java:84)
	at org.testng.TestNG.runSuitesSequentially(TestNG.java:1208)
	at org.testng.TestNG.runSuitesLocally(TestNG.java:1137)
	at org.testng.TestNG.runSuites(TestNG.java:1049)
	at org.testng.TestNG.run(TestNG.java:1017)
	at org.testng.remote.AbstractRemoteTestNG.run(AbstractRemoteTestNG.java:115)
	at org.testng.remote.RemoteTestNG.initAndRun(RemoteTestNG.java:251)
	at org.testng.remote.RemoteTestNG.main(RemoteTestNG.java:77)
</pre></pre></td>
                                                    </tr>
                                                    <tr>
                                                        <td>Feb 3, 2021 02:18:42 PM</td>
                                                        <td class='linked' test-id='28'>TC27_To_Verify_Correct_Feedback_Shown_After_MCQ_Answer_Selection_In_Test</td>
                                                        <td><pre><pre>java.lang.AssertionError: expected [true] but found [false]
	at org.testng.Assert.fail(Assert.java:96)
	at org.testng.Assert.failNotEquals(Assert.java:776)
	at org.testng.Assert.assertTrue(Assert.java:44)
	at org.testng.Assert.assertTrue(Assert.java:54)
	at studi.co.testScripts.AFS_UserStory_76.TC27_To_Verify_Correct_Feedback_Shown_After_MCQ_Answer_Selection_In_Test(AFS_UserStory_76.java:233)
	at java.base/jdk.internal.reflect.NativeMethodAccessorImpl.invoke0(Native Method)
	at java.base/jdk.internal.reflect.NativeMethodAccessorImpl.invoke(NativeMethodAccessorImpl.java:62)
	at java.base/jdk.internal.reflect.DelegatingMethodAccessorImpl.invoke(DelegatingMethodAccessorImpl.java:43)
	at java.base/java.lang.reflect.Method.invoke(Method.java:566)
	at org.testng.internal.MethodInvocationHelper.invokeMethod(MethodInvocationHelper.java:124)
	at org.testng.internal.Invoker.invokeMethod(Invoker.java:583)
	at org.testng.internal.Invoker.invokeTestMethod(Invoker.java:719)
	at org.testng.internal.Invoker.invokeTestMethods(Invoker.java:989)
	at org.testng.internal.TestMethodWorker.invokeTestMethods(TestMethodWorker.java:125)
	at org.testng.internal.TestMethodWorker.run(TestMethodWorker.java:109)
	at org.testng.TestRunner.privateRun(TestRunner.java:648)
	at org.testng.TestRunner.run(TestRunner.java:505)
	at org.testng.SuiteRunner.runTest(SuiteRunner.java:455)
	at org.testng.SuiteRunner.runSequentially(SuiteRunner.java:450)
	at org.testng.SuiteRunner.privateRun(SuiteRunner.java:415)
	at org.testng.SuiteRunner.run(SuiteRunner.java:364)
	at org.testng.SuiteRunnerWorker.runSuite(SuiteRunnerWorker.java:52)
	at org.testng.SuiteRunnerWorker.run(SuiteRunnerWorker.java:84)
	at org.testng.TestNG.runSuitesSequentially(TestNG.java:1208)
	at org.testng.TestNG.runSuitesLocally(TestNG.java:1137)
	at org.testng.TestNG.runSuites(TestNG.java:1049)
	at org.testng.TestNG.run(TestNG.java:1017)
	at org.testng.remote.AbstractRemoteTestNG.run(AbstractRemoteTestNG.java:115)
	at org.testng.remote.RemoteTestNG.initAndRun(RemoteTestNG.java:251)
	at org.testng.remote.RemoteTestNG.main(RemoteTestNG.java:77)
</pre></pre></td>
                                                    </tr>
                                                    <tr>
                                                        <td>Feb 3, 2021 02:18:44 PM</td>
                                                        <td class='linked' test-id='29'>TC28_To_Verify_Correct_Feedback_Shown_Under_Hamburger_Menu_In_Test</td>
                                                        <td><pre><pre>java.lang.AssertionError: expected [true] but found [false]
	at org.testng.Assert.fail(Assert.java:96)
	at org.testng.Assert.failNotEquals(Assert.java:776)
	at org.testng.Assert.assertTrue(Assert.java:44)
	at org.testng.Assert.assertTrue(Assert.java:54)
	at studi.co.testScripts.AFS_UserStory_76.TC28_To_Verify_Correct_Feedback_Shown_Under_Hamburger_Menu_In_Test(AFS_UserStory_76.java:242)
	at java.base/jdk.internal.reflect.NativeMethodAccessorImpl.invoke0(Native Method)
	at java.base/jdk.internal.reflect.NativeMethodAccessorImpl.invoke(NativeMethodAccessorImpl.java:62)
	at java.base/jdk.internal.reflect.DelegatingMethodAccessorImpl.invoke(DelegatingMethodAccessorImpl.java:43)
	at java.base/java.lang.reflect.Method.invoke(Method.java:566)
	at org.testng.internal.MethodInvocationHelper.invokeMethod(MethodInvocationHelper.java:124)
	at org.testng.internal.Invoker.invokeMethod(Invoker.java:583)
	at org.testng.internal.Invoker.invokeTestMethod(Invoker.java:719)
	at org.testng.internal.Invoker.invokeTestMethods(Invoker.java:989)
	at org.testng.internal.TestMethodWorker.invokeTestMethods(TestMethodWorker.java:125)
	at org.testng.internal.TestMethodWorker.run(TestMethodWorker.java:109)
	at org.testng.TestRunner.privateRun(TestRunner.java:648)
	at org.testng.TestRunner.run(TestRunner.java:505)
	at org.testng.SuiteRunner.runTest(SuiteRunner.java:455)
	at org.testng.SuiteRunner.runSequentially(SuiteRunner.java:450)
	at org.testng.SuiteRunner.privateRun(SuiteRunner.java:415)
	at org.testng.SuiteRunner.run(SuiteRunner.java:364)
	at org.testng.SuiteRunnerWorker.runSuite(SuiteRunnerWorker.java:52)
	at org.testng.SuiteRunnerWorker.run(SuiteRunnerWorker.java:84)
	at org.testng.TestNG.runSuitesSequentially(TestNG.java:1208)
	at org.testng.TestNG.runSuitesLocally(TestNG.java:1137)
	at org.testng.TestNG.runSuites(TestNG.java:1049)
	at org.testng.TestNG.run(TestNG.java:1017)
	at org.testng.remote.AbstractRemoteTestNG.run(AbstractRemoteTestNG.java:115)
	at org.testng.remote.RemoteTestNG.initAndRun(RemoteTestNG.java:251)
	at org.testng.remote.RemoteTestNG.main(RemoteTestNG.java:77)
</pre></pre></td>
                                                    </tr>
                                        </tbody>
                                    </table>
                                </div>
                            </div>
                        </li>
                        <li class='exception displayed active'>
                            <div class='exception-heading'>
                                <span class='exception-name'>junit.framework.AssertionFailedError</span>
                                <span class='exception-count right'><span class='label red lighten-1 white-text'>1</span></span>
                            </div>
                            <div class='exception-content hide'>
                                <div class='exception-tests'>
                                    <table class='bordered table-results'>
                                        <thead>
                                        <tr>
                                            <th>Timestamp</th>
                                            <th>TestName</th>
                                            <th>Status</th>
                                        </tr>
                                        </thead>
                                        <tbody>
                                                    <tr>
                                                        <td>Feb 3, 2021 02:08:59 PM</td>
                                                        <td class='linked' test-id='21'>TC20_To_Verify_In_Wrong_Answer_Selection_User_Should_Get_1_More_Attempt_For_MCQ_In_Practice</td>
                                                        <td><pre><pre>junit.framework.AssertionFailedError
	at junit.framework.Assert.fail(Assert.java:47)
	at junit.framework.Assert.assertTrue(Assert.java:20)
	at junit.framework.Assert.assertTrue(Assert.java:27)
	at studi.co.pageModules.Module_Receive_Questions_Practice.Module_Verify_In_Wrong_Answer_Selection_User_Should_Get_1_More_Attempt_For_MCQ_In_Practice(Module_Receive_Questions_Practice.java:1254)
	at studi.co.testScripts.AFS_UserStory_76.TC20_To_Verify_In_Wrong_Answer_Selection_User_Should_Get_1_More_Attempt_For_MCQ_In_Practice(AFS_UserStory_76.java:104)
	at java.base/jdk.internal.reflect.NativeMethodAccessorImpl.invoke0(Native Method)
	at java.base/jdk.internal.reflect.NativeMethodAccessorImpl.invoke(NativeMethodAccessorImpl.java:62)
	at java.base/jdk.internal.reflect.DelegatingMethodAccessorImpl.invoke(DelegatingMethodAccessorImpl.java:43)
	at java.base/java.lang.reflect.Method.invoke(Method.java:566)
	at org.testng.internal.MethodInvocationHelper.invokeMethod(MethodInvocationHelper.java:124)
	at org.testng.internal.Invoker.invokeMethod(Invoker.java:583)
	at org.testng.internal.Invoker.invokeTestMethod(Invoker.java:719)
	at org.testng.internal.Invoker.invokeTestMethods(Invoker.java:989)
	at org.testng.internal.TestMethodWorker.invokeTestMethods(TestMethodWorker.java:125)
	at org.testng.internal.TestMethodWorker.run(TestMethodWorker.java:109)
	at org.testng.TestRunner.privateRun(TestRunner.java:648)
	at org.testng.TestRunner.run(TestRunner.java:505)
	at org.testng.SuiteRunner.runTest(SuiteRunner.java:455)
	at org.testng.SuiteRunner.runSequentially(SuiteRunner.java:450)
	at org.testng.SuiteRunner.privateRun(SuiteRunner.java:415)
	at org.testng.SuiteRunner.run(SuiteRunner.java:364)
	at org.testng.SuiteRunnerWorker.runSuite(SuiteRunnerWorker.java:52)
	at org.testng.SuiteRunnerWorker.run(SuiteRunnerWorker.java:84)
	at org.testng.TestNG.runSuitesSequentially(TestNG.java:1208)
	at org.testng.TestNG.runSuitesLocally(TestNG.java:1137)
	at org.testng.TestNG.runSuites(TestNG.java:1049)
	at org.testng.TestNG.run(TestNG.java:1017)
	at org.testng.remote.AbstractRemoteTestNG.run(AbstractRemoteTestNG.java:115)
	at org.testng.remote.RemoteTestNG.initAndRun(RemoteTestNG.java:251)
	at org.testng.remote.RemoteTestNG.main(RemoteTestNG.java:77)
</pre></pre></td>
                                                    </tr>
                                        </tbody>
                                    </table>
                                </div>
                            </div>
                        </li>
                </ul>
        </div>
    </div>

    <div class='subview-right left'>
        <div class='view-summary'>
            <h5 class='exception-name'></h5>
        </div>
    </div>
</div>
<!-- exception view -->
<div id='dashboard-view' class='view hide'>
	<div class='card-panel transparent np-v'>
		<h5>Dashboard</h5>

		<div class='row'>
			<div class='col s2'>
				<div class='card-panel r'>
					Tests
					<div class='panel-lead'>33</div>
				</div>
			</div>
			<div class='col s2'>
				<div class='card-panel r'>
					Steps
					<div class='panel-lead'>477</div>
				</div>
			</div>
			<div class='col s2'>
				<div class='card-panel r'>
					Start
					<div class='panel-lead'>Feb 3, 2021 01:54:46 PM</div>
				</div>
			</div>
			<div class='col s2'>
				<div class='card-panel r'>
			 		End
			 		<div class='panel-lead'>Feb 3, 2021 02:23:45 PM</div>
				</div>
			</div>
			<div class='col s2'>
				<div class='card-panel r'>
					Time Taken
					<div class='panel-lead'>0h 28m 59s+370ms</div>
				</div>
			</div>
			<div class='col s4'>
				<div class='card-panel dashboard-environment'>
					<span class='right label cyan white-text'>Environment</span><p>&nbsp;</p>
					
					<table>
						<tr>
							<th>Name</th>
							<th>Value</th>
						</tr>
							<tr>
								<td>Tester</td>
								<td>Author</td>
							</tr>
					</table>
				</div>
			</div>
		</div>
	</div>
</div>
<!-- dashboard view -->
<!-- testrunner-logs view -->
		</div>
		<!-- container -->

		<script>
			var statusGroup = {
				passParent: 20,
				failParent: 13,
				fatalParent: 0,
				errorParent: 0,
				warningParent: 0,
				skipParent: 0,
				exceptionsParent: 13,
				
				passChild: 40,
				failChild: 52,
				fatalChild: 0,
				errorChild: 0,
				warningChild: 0,
				skipChild: 0,
				infoChild: 385,
				exceptionsChild: 52,
				
				passGrandChild: 0,
				failGrandChild: 0,
				fatalGrandChild: 0,
				errorGrandChild: 0,
				warningGrandChild: 0,
				skipGrandChild: 0,
				infoGrandChild: 0,
				exceptionsGrandChild: 0,
			};
		</script>
		
			<script src='https://cdn.rawgit.com/anshooarora/extentreports-java/fca20fb7653aade98810546ab96a2a4360e3e712/dist/js/extent.js' type='text/javascript'></script>
		
		
 		<script type='text/javascript'>
 			
            
                $(document).ready(function() {
                    
                });
            
		
 		</script>
	</body>
	
</html>
