
<!DOCTYPE html>
<html>


<head>
	<meta charset='UTF-8' /> 
	<meta name='description' content='' />
	<meta name='robots' content='noodp, noydir' />
	<meta name='viewport' content='width=device-width, initial-scale=1' />
	<meta id="timeStampFormat" name="timeStampFormat" content='MMM d, yyyy hh:mm:ss a'/>
	
	<link href='https://fonts.googleapis.com/css?family=Source+Sans+Pro:400,600' rel='stylesheet' type='text/css' />
	<link href="https://fonts.googleapis.com/icon?family=Material+Icons" rel="stylesheet" />

		<link href='https://cdn.rawgit.com/anshooarora/extentreports-java/b4a58fcfd1e137bd9287244035a7c80d3d73b3af/dist/css/extent.css' type='text/css' rel='stylesheet' />
	
	<title>E-Learning</title>

	<style type='text/css'>
			
            
                
            
		
	</style>
</head>

	<body class='extent dark default hide-overflow '>
		<div id='theme-selector' alt='Click to toggle theme. To enable by default, use theme configuration.' title='Click to toggle theme. To enable by default, use theme configuration.'>
			<span><i class='material-icons'>desktop_windows</i></span>
		</div>

<nav>
	<div class="nav-wrapper">
		<a href="#!" class="brand-logo blue darken-3">Extent</a>

		<!-- slideout menu -->
		<ul id='slide-out' class='side-nav fixed hide-on-med-and-down'>
			<li class='waves-effect active'><a href='#!' view='test-view' onclick="configureView(0);chartsView('test');"><i class='material-icons'>dashboard</i></a></li>
						<li class='waves-effect'><a href='#!' view='exception-view' onclick="configureView(2)"><i class='material-icons'>bug_report</i></a></li>
			<li class='waves-effect'><a href='#!' onclick="configureView(-1);chartsView('dashboard');" view='dashboard-view'><i class='material-icons'>track_changes</i></i></a></li>
		</ul>

		<!-- report name -->
		<span class='report-name'>Tata Studi Automation Report</span>
		
		<!-- report headline -->
		<span class='report-headline'></span>

		<!-- nav-right -->
		<ul id='nav-mobile' class='right hide-on-med-and-down nav-right'>
			<li>
                <a href='#!'>
                    <span class='label suite-start-time blue darken-3'>May 1, 2021 10:35:58 PM</span>
				</a>
			</li>
			<li>
                <a href='#!'>
                    <span class='label blue darken-3'>3.1.5</span>
				</a>
			</li>
		</ul>
	</div>
</nav>

		<!-- container -->
		<div class='container'>

<div id='test-view' class='view'>
				
	<section id='controls'>
		<div class='controls grey lighten-4'>
			<!-- test toggle -->
			<div class='chip transparent'>
				<a class='dropdown-button tests-toggle' data-activates='tests-toggle' data-constrainwidth='true' data-beloworigin='true' data-hover='true' href='#'>
					<i class='material-icons'>warning</i> Status
				</a>
				<ul id='tests-toggle' class='dropdown-content'>
											<li status='pass'><a href='#!'>Pass <i class='material-icons green-text'>check_circle</i></a></li>
						<li status='fail'><a href='#!'>Fail <i class='material-icons red-text'>cancel</i></a></li>
					<li class='divider'></li>
					<li status='clear' clear='true'><a href='#!'>Clear Filters <i class='material-icons'>clear</i></a></li>
				</ul>
			</div>
			<!-- test toggle -->

			<!-- category toggle -->
			<!-- category toggle -->

			<!-- clear filters -->
			<div class='chip transparent hide'>
				<a class='' id='clear-filters' alt='Clear Filters' title='Clear Filters'>
					<i class='material-icons'>close</i> Clear
				</a>
			</div>
			<!-- clear filters -->

			<!-- enable dashboard -->
			<div id='toggle-test-view-charts' class='chip transparent'>
				<a class='pink-text' id='enable-dashboard' alt='Enable Dashboard' title='Enable Dashboard'>
					<i class='material-icons'>track_changes</i> Dashboard
				</a>
			</div>
			<!-- enable dashboard -->

			<!-- search -->
			<div class='chip transparent' alt='Search Tests' title='Search Tests'>
				<a href="#" class='search-div'>
					<i class='material-icons'>search</i> Search
				</a>

				<div class='input-field left hide'>
					<input id='search-tests' type='text' class='validate browser-default' placeholder='Search Tests...'>
				</div>
				
			</div>
			<!-- search -->
		</div>
	</section>


<div id='test-view-charts' class='subview-full'>
	<div id='charts-row' class='row nm-v nm-h'>
		<div class='col s12 m6 l6 np-h'>
			<div class='card-panel nm-v'>
				<div class='left panel-name'>Tests</div>
				<div class='chart-box'>
					<canvas id='parent-analysis' width='100' height='80'></canvas>
				</div>
				<div class='block text-small'>
					<span class='tooltipped' data-position='top' data-tooltip='83.784%'><span class='strong'>31</span> test(s) passed</span>
				</div>
				<div class='block text-small'>
					<span class='strong tooltipped' data-position='top' data-tooltip='16.216%'>6</span> test(s) failed, <span class='strong tooltipped' data-position='top' data-tooltip='0%'>0</span> others
				</div>
			</div>
		</div>
		
		<div class='col s12 m6 l6 np-h'>
			<div class='card-panel nm-v'>
				<div class='left panel-name'>Steps</div>
				<div class='chart-box'>
					<canvas id='child-analysis' width='100' height='80'></canvas>
				</div>
				<div class='block text-small'>
					<span class='tooltipped' data-position='top' data-tooltip='17.08%'><span class='strong'>62</span> step(s) passed</span>
				</div>
				<div class='block text-small'>
					<span class='strong tooltipped' data-position='top' data-tooltip='6.612%'>24</span> step(s) failed, <span class='strong tooltipped' data-position='top' data-tooltip='76.309%'>277</span> others
				</div>
			</div>
		</div>
		
	</div>
</div>

	<div class='subview-left left'>
		
		<div class='view-summary'>
			<h5>Tests</h5>
			<ul id='test-collection' class='test-collection'>
				
				
				<li class='test displayed active  fail' status='fail' bdd='false' test-id='2'>
					<div class='test-heading'>
						<span class='test-name'>T06_To_Verify_Filter_Option</span>
						<span class='test-time'>May 1, 2021 10:36:14 PM</span>
						<span class='test-status right fail'>fail</span>
					</div>
					<div class='test-content hide'>
<div class='test-time-info'>
	<span class='label start-time'>May 1, 2021 10:36:14 PM</span>
	<span class='label end-time'>May 1, 2021 10:37:18 PM</span>
	<span class='label time-taken grey lighten-1 white-text'>0h 1m 4s+417ms</span>
</div>
	<div class='test-steps'>
		<table class='bordered table-results'>
			<thead>
				<tr>
					<th>Status</th>
					<th>Timestamp</th>
					<th>Details</th>
				</tr>
			</thead>
			<tbody>
				<tr class='log' status='info'>
					<td class='status info' title='info' alt='info'><i class='material-icons'>info_outline</i></td>
					<td class='timestamp'>10:36:14 PM</td>
					<td class='step-details'>On Test Start : T06_To_Verify_Filter_Option</td>
				</tr>
				<tr class='log' status='info'>
					<td class='status info' title='info' alt='info'><i class='material-icons'>info_outline</i></td>
					<td class='timestamp'>10:36:26 PM</td>
					<td class='step-details'>User can be navigated to the landing page after login</td>
				</tr>
				<tr class='log' status='info'>
					<td class='status info' title='info' alt='info'><i class='material-icons'>info_outline</i></td>
					<td class='timestamp'>10:36:33 PM</td>
					<td class='step-details'>User able to navigate to MyLessons Page</td>
				</tr>
				<tr class='log' status='info'>
					<td class='status info' title='info' alt='info'><i class='material-icons'>info_outline</i></td>
					<td class='timestamp'>10:36:40 PM</td>
					<td class='step-details'>At the bottom Review Plan button is displayed</td>
				</tr>
				<tr class='log' status='info'>
					<td class='status info' title='info' alt='info'><i class='material-icons'>info_outline</i></td>
					<td class='timestamp'>10:36:47 PM</td>
					<td class='step-details'>User can click on Review Plan button and can navigate to Review Plan Page</td>
				</tr>
				<tr class='log' status='fail'>
					<td class='status fail' title='fail' alt='fail'><i class='material-icons'>cancel</i></td>
					<td class='timestamp'>10:37:17 PM</td>
					<td class='step-details'>On Test Failure : T06_To_Verify_Filter_Option</td>
				</tr>
				<tr class='log' status='fail'>
					<td class='status fail' title='fail' alt='fail'><i class='material-icons'>cancel</i></td>
					<td class='timestamp'>10:37:17 PM</td>
					<td class='step-details'><span class='label white-text red'>T06_To_Verify_Filter_Option</span></td>
				</tr>
				<tr class='log' status='info'>
					<td class='status info' title='info' alt='info'><i class='material-icons'>info_outline</i></td>
					<td class='timestamp'>10:37:17 PM</td>
					<td class='step-details'>Fails Test</td>
				</tr>
				<tr class='log' status='fail'>
					<td class='status fail' title='fail' alt='fail'><i class='material-icons'>cancel</i></td>
					<td class='timestamp'>10:37:17 PM</td>
					<td class='step-details'><textarea>org.openqa.selenium.NoSuchElementException: Can't locate an element by this strategy: By.chained({By.xpath: /hierarchy/android.widget.FrameLayout/android.widget.LinearLayout/android.widget.FrameLayout/android.widget.LinearLayout/android.widget.FrameLayout/android.view.ViewGroup/android.view.ViewGroup/android.widget.ScrollView/android.view.ViewGroup/android.view.ViewGroup[1]/android.webkit.WebView/android.webkit.WebView/android.view.View/android.widget.Button})
	at io.appium.java_client.pagefactory.AppiumElementLocator.findElement(AppiumElementLocator.java:126)
	at io.appium.java_client.pagefactory.interceptors.InterceptorOfASingleElement.intercept(InterceptorOfASingleElement.java:59)
	at io.appium.java_client.android.AndroidElement$$EnhancerByCGLIB$$b598166c.click(<generated>)
	at studi.co.pageModules.Module_ReviewPlan.toVerify_Filter_Option(Module_ReviewPlan.java:237)
	at studi.co.testScripts.AFS_UserStory_1046.T06_To_Verify_Filter_Option(AFS_UserStory_1046.java:78)
	at java.base/jdk.internal.reflect.NativeMethodAccessorImpl.invoke0(Native Method)
	at java.base/jdk.internal.reflect.NativeMethodAccessorImpl.invoke(NativeMethodAccessorImpl.java:64)
	at java.base/jdk.internal.reflect.DelegatingMethodAccessorImpl.invoke(DelegatingMethodAccessorImpl.java:43)
	at java.base/java.lang.reflect.Method.invoke(Method.java:564)
	at org.testng.internal.MethodInvocationHelper.invokeMethod(MethodInvocationHelper.java:124)
	at org.testng.internal.Invoker.invokeMethod(Invoker.java:583)
	at org.testng.internal.Invoker.invokeTestMethod(Invoker.java:719)
	at org.testng.internal.Invoker.invokeTestMethods(Invoker.java:989)
	at org.testng.internal.TestMethodWorker.invokeTestMethods(TestMethodWorker.java:125)
	at org.testng.internal.TestMethodWorker.run(TestMethodWorker.java:109)
	at org.testng.TestRunner.privateRun(TestRunner.java:648)
	at org.testng.TestRunner.run(TestRunner.java:505)
	at org.testng.SuiteRunner.runTest(SuiteRunner.java:455)
	at org.testng.SuiteRunner.runSequentially(SuiteRunner.java:450)
	at org.testng.SuiteRunner.privateRun(SuiteRunner.java:415)
	at org.testng.SuiteRunner.run(SuiteRunner.java:364)
	at org.testng.SuiteRunnerWorker.runSuite(SuiteRunnerWorker.java:52)
	at org.testng.SuiteRunnerWorker.run(SuiteRunnerWorker.java:84)
	at org.testng.TestNG.runSuitesSequentially(TestNG.java:1208)
	at org.testng.TestNG.runSuitesLocally(TestNG.java:1137)
	at org.testng.TestNG.runSuites(TestNG.java:1049)
	at org.testng.TestNG.run(TestNG.java:1017)
	at org.testng.remote.AbstractRemoteTestNG.run(AbstractRemoteTestNG.java:115)
	at org.testng.remote.RemoteTestNG.initAndRun(RemoteTestNG.java:251)
	at org.testng.remote.RemoteTestNG.main(RemoteTestNG.java:77)
Caused by: org.openqa.selenium.TimeoutException: Expected condition failed: waiting for io.appium.java_client.pagefactory.AppiumElementLocator$WaitingFunction@2015b2cd (tried for 1 second(s) with 500 milliseconds interval)
	at org.openqa.selenium.support.ui.FluentWait.timeoutException(FluentWait.java:304)
	at org.openqa.selenium.support.ui.FluentWait.until(FluentWait.java:272)
	at io.appium.java_client.pagefactory.AppiumElementLocator.waitFor(AppiumElementLocator.java:99)
	at io.appium.java_client.pagefactory.AppiumElementLocator.findElement(AppiumElementLocator.java:119)
	... 29 more
Caused by: org.openqa.selenium.NoSuchElementException: Cannot locate an element using By.chained({By.xpath: /hierarchy/android.widget.FrameLayout/android.widget.LinearLayout/android.widget.FrameLayout/android.widget.LinearLayout/android.widget.FrameLayout/android.view.ViewGroup/android.view.ViewGroup/android.widget.ScrollView/android.view.ViewGroup/android.view.ViewGroup[1]/android.webkit.WebView/android.webkit.WebView/android.view.View/android.widget.Button})
For documentation on this error, please visit: https://www.seleniumhq.org/exceptions/no_such_element.html
Build info: version: '3.141.59', revision: 'e82be7d358', time: '2018-11-14T08:17:03'
System info: host: 'DESKTOP-TMI6UL6', ip: '192.168.29.241', os.name: 'Windows 10', os.arch: 'amd64', os.version: '10.0', java.version: '15.0.2'
Driver info: driver.version: AppiumDriver
	at io.appium.java_client.pagefactory.bys.builder.ByChained.findElement(ByChained.java:74)
	at org.openqa.selenium.remote.RemoteWebDriver.findElement(RemoteWebDriver.java:315)
	at io.appium.java_client.DefaultGenericMobileDriver.findElement(DefaultGenericMobileDriver.java:58)
	at io.appium.java_client.AppiumDriver.findElement(AppiumDriver.java:1)
	at io.appium.java_client.pagefactory.bys.ContentMappedBy.findElement(ContentMappedBy.java:50)
	at org.openqa.selenium.remote.RemoteWebDriver.findElement(RemoteWebDriver.java:315)
	at io.appium.java_client.DefaultGenericMobileDriver.findElement(DefaultGenericMobileDriver.java:58)
	at io.appium.java_client.AppiumDriver.findElement(AppiumDriver.java:1)
	at io.appium.java_client.pagefactory.AppiumElementLocator.lambda$0(AppiumElementLocator.java:120)
	at io.appium.java_client.pagefactory.AppiumElementLocator$WaitingFunction.apply(AppiumElementLocator.java:172)
	at io.appium.java_client.pagefactory.AppiumElementLocator$WaitingFunction.apply(AppiumElementLocator.java:1)
	at org.openqa.selenium.support.ui.FluentWait.until(FluentWait.java:249)
	... 31 more
</textarea></td>
				</tr>
				<tr class='log' status='fail'>
					<td class='status fail' title='fail' alt='fail'><i class='material-icons'>cancel</i></td>
					<td class='timestamp'>10:37:18 PM</td>
					<td class='step-details'>Can't locate an element by this strategy: By.chained({By.xpath: /hierarchy/android.widget.FrameLayout/android.widget.LinearLayout/android.widget.FrameLayout/android.widget.LinearLayout/android.widget.FrameLayout/android.view.ViewGroup/android.view.ViewGroup/android.widget.ScrollView/android.view.ViewGroup/android.view.ViewGroup[1]/android.webkit.WebView/android.webkit.WebView/android.view.View/android.widget.Button})<img data-featherlight='C:\Users\LENOVO\git\TATA_Studi\Screenshots\T06_To_Verify_Filter_Option ExtendReport 01-05-21 10-37-17.png' width='10%' src='C:\Users\LENOVO\git\TATA_Studi\Screenshots\T06_To_Verify_Filter_Option ExtendReport 01-05-21 10-37-17.png' data-src='C:\Users\LENOVO\git\TATA_Studi\Screenshots\T06_To_Verify_Filter_Option ExtendReport 01-05-21 10-37-17.png'></td>
				</tr>
			</tbody>
		</table>
	</div>
					</div>
				</li>
				
				
				<li class='test displayed active  fail' status='fail' bdd='false' test-id='3'>
					<div class='test-heading'>
						<span class='test-name'>T05_To_Verify_Progress_of_Active_Plan_Datewise</span>
						<span class='test-time'>May 1, 2021 10:37:25 PM</span>
						<span class='test-status right fail'>fail</span>
					</div>
					<div class='test-content hide'>
<div class='test-time-info'>
	<span class='label start-time'>May 1, 2021 10:37:25 PM</span>
	<span class='label end-time'>May 1, 2021 10:38:31 PM</span>
	<span class='label time-taken grey lighten-1 white-text'>0h 1m 6s+255ms</span>
</div>
	<div class='test-steps'>
		<table class='bordered table-results'>
			<thead>
				<tr>
					<th>Status</th>
					<th>Timestamp</th>
					<th>Details</th>
				</tr>
			</thead>
			<tbody>
				<tr class='log' status='info'>
					<td class='status info' title='info' alt='info'><i class='material-icons'>info_outline</i></td>
					<td class='timestamp'>10:37:25 PM</td>
					<td class='step-details'>On Test Start : T05_To_Verify_Progress_of_Active_Plan_Datewise</td>
				</tr>
				<tr class='log' status='info'>
					<td class='status info' title='info' alt='info'><i class='material-icons'>info_outline</i></td>
					<td class='timestamp'>10:37:38 PM</td>
					<td class='step-details'>User can be navigated to the landing page after login</td>
				</tr>
				<tr class='log' status='info'>
					<td class='status info' title='info' alt='info'><i class='material-icons'>info_outline</i></td>
					<td class='timestamp'>10:37:44 PM</td>
					<td class='step-details'>User able to navigate to MyLessons Page</td>
				</tr>
				<tr class='log' status='info'>
					<td class='status info' title='info' alt='info'><i class='material-icons'>info_outline</i></td>
					<td class='timestamp'>10:37:51 PM</td>
					<td class='step-details'>At the bottom Review Plan button is displayed</td>
				</tr>
				<tr class='log' status='info'>
					<td class='status info' title='info' alt='info'><i class='material-icons'>info_outline</i></td>
					<td class='timestamp'>10:37:57 PM</td>
					<td class='step-details'>User can click on Review Plan button and can navigate to Review Plan Page</td>
				</tr>
				<tr class='log' status='info'>
					<td class='status info' title='info' alt='info'><i class='material-icons'>info_outline</i></td>
					<td class='timestamp'>10:37:59 PM</td>
					<td class='step-details'>Clicked on a graph on a Date</td>
				</tr>
				<tr class='log' status='fail'>
					<td class='status fail' title='fail' alt='fail'><i class='material-icons'>cancel</i></td>
					<td class='timestamp'>10:38:30 PM</td>
					<td class='step-details'>On Test Failure : T05_To_Verify_Progress_of_Active_Plan_Datewise</td>
				</tr>
				<tr class='log' status='fail'>
					<td class='status fail' title='fail' alt='fail'><i class='material-icons'>cancel</i></td>
					<td class='timestamp'>10:38:30 PM</td>
					<td class='step-details'><span class='label white-text red'>T05_To_Verify_Progress_of_Active_Plan_Datewise</span></td>
				</tr>
				<tr class='log' status='info'>
					<td class='status info' title='info' alt='info'><i class='material-icons'>info_outline</i></td>
					<td class='timestamp'>10:38:30 PM</td>
					<td class='step-details'>Fails Test</td>
				</tr>
				<tr class='log' status='fail'>
					<td class='status fail' title='fail' alt='fail'><i class='material-icons'>cancel</i></td>
					<td class='timestamp'>10:38:30 PM</td>
					<td class='step-details'><textarea>org.openqa.selenium.NoSuchElementException: Can't locate an element by this strategy: By.chained({By.xpath: hierarchy/android.widget.FrameLayout/android.widget.LinearLayout/android.widget.FrameLayout/android.widget.LinearLayout/android.widget.FrameLayout/android.view.ViewGroup/android.view.ViewGroup/android.widget.ScrollView/android.view.ViewGroup/android.view.ViewGroup[1]/android.webkit.WebView/android.webkit.WebView/android.view.View/android.view.View[3]/android.view.View/android.view.View/android.widget.Image/android.view.View[10]})
	at io.appium.java_client.pagefactory.AppiumElementLocator.findElement(AppiumElementLocator.java:126)
	at io.appium.java_client.pagefactory.interceptors.InterceptorOfASingleElement.intercept(InterceptorOfASingleElement.java:59)
	at io.appium.java_client.android.AndroidElement$$EnhancerByCGLIB$$b598166c.isDisplayed(<generated>)
	at studi.co.pageModules.Module_ReviewPlan.toVerify_Progress_of_Active_Plan_Datewise(Module_ReviewPlan.java:218)
	at studi.co.testScripts.AFS_UserStory_1046.T05_To_Verify_Progress_of_Active_Plan_Datewise(AFS_UserStory_1046.java:71)
	at java.base/jdk.internal.reflect.NativeMethodAccessorImpl.invoke0(Native Method)
	at java.base/jdk.internal.reflect.NativeMethodAccessorImpl.invoke(NativeMethodAccessorImpl.java:64)
	at java.base/jdk.internal.reflect.DelegatingMethodAccessorImpl.invoke(DelegatingMethodAccessorImpl.java:43)
	at java.base/java.lang.reflect.Method.invoke(Method.java:564)
	at org.testng.internal.MethodInvocationHelper.invokeMethod(MethodInvocationHelper.java:124)
	at org.testng.internal.Invoker.invokeMethod(Invoker.java:583)
	at org.testng.internal.Invoker.invokeTestMethod(Invoker.java:719)
	at org.testng.internal.Invoker.invokeTestMethods(Invoker.java:989)
	at org.testng.internal.TestMethodWorker.invokeTestMethods(TestMethodWorker.java:125)
	at org.testng.internal.TestMethodWorker.run(TestMethodWorker.java:109)
	at org.testng.TestRunner.privateRun(TestRunner.java:648)
	at org.testng.TestRunner.run(TestRunner.java:505)
	at org.testng.SuiteRunner.runTest(SuiteRunner.java:455)
	at org.testng.SuiteRunner.runSequentially(SuiteRunner.java:450)
	at org.testng.SuiteRunner.privateRun(SuiteRunner.java:415)
	at org.testng.SuiteRunner.run(SuiteRunner.java:364)
	at org.testng.SuiteRunnerWorker.runSuite(SuiteRunnerWorker.java:52)
	at org.testng.SuiteRunnerWorker.run(SuiteRunnerWorker.java:84)
	at org.testng.TestNG.runSuitesSequentially(TestNG.java:1208)
	at org.testng.TestNG.runSuitesLocally(TestNG.java:1137)
	at org.testng.TestNG.runSuites(TestNG.java:1049)
	at org.testng.TestNG.run(TestNG.java:1017)
	at org.testng.remote.AbstractRemoteTestNG.run(AbstractRemoteTestNG.java:115)
	at org.testng.remote.RemoteTestNG.initAndRun(RemoteTestNG.java:251)
	at org.testng.remote.RemoteTestNG.main(RemoteTestNG.java:77)
Caused by: org.openqa.selenium.TimeoutException: Expected condition failed: waiting for io.appium.java_client.pagefactory.AppiumElementLocator$WaitingFunction@f08fdce (tried for 1 second(s) with 500 milliseconds interval)
	at org.openqa.selenium.support.ui.FluentWait.timeoutException(FluentWait.java:304)
	at org.openqa.selenium.support.ui.FluentWait.until(FluentWait.java:272)
	at io.appium.java_client.pagefactory.AppiumElementLocator.waitFor(AppiumElementLocator.java:99)
	at io.appium.java_client.pagefactory.AppiumElementLocator.findElement(AppiumElementLocator.java:119)
	... 29 more
Caused by: org.openqa.selenium.NoSuchElementException: Cannot locate an element using By.chained({By.xpath: hierarchy/android.widget.FrameLayout/android.widget.LinearLayout/android.widget.FrameLayout/android.widget.LinearLayout/android.widget.FrameLayout/android.view.ViewGroup/android.view.ViewGroup/android.widget.ScrollView/android.view.ViewGroup/android.view.ViewGroup[1]/android.webkit.WebView/android.webkit.WebView/android.view.View/android.view.View[3]/android.view.View/android.view.View/android.widget.Image/android.view.View[10]})
For documentation on this error, please visit: https://www.seleniumhq.org/exceptions/no_such_element.html
Build info: version: '3.141.59', revision: 'e82be7d358', time: '2018-11-14T08:17:03'
System info: host: 'DESKTOP-TMI6UL6', ip: '192.168.29.241', os.name: 'Windows 10', os.arch: 'amd64', os.version: '10.0', java.version: '15.0.2'
Driver info: driver.version: AppiumDriver
	at io.appium.java_client.pagefactory.bys.builder.ByChained.findElement(ByChained.java:74)
	at org.openqa.selenium.remote.RemoteWebDriver.findElement(RemoteWebDriver.java:315)
	at io.appium.java_client.DefaultGenericMobileDriver.findElement(DefaultGenericMobileDriver.java:58)
	at io.appium.java_client.AppiumDriver.findElement(AppiumDriver.java:1)
	at io.appium.java_client.pagefactory.bys.ContentMappedBy.findElement(ContentMappedBy.java:50)
	at org.openqa.selenium.remote.RemoteWebDriver.findElement(RemoteWebDriver.java:315)
	at io.appium.java_client.DefaultGenericMobileDriver.findElement(DefaultGenericMobileDriver.java:58)
	at io.appium.java_client.AppiumDriver.findElement(AppiumDriver.java:1)
	at io.appium.java_client.pagefactory.AppiumElementLocator.lambda$0(AppiumElementLocator.java:120)
	at io.appium.java_client.pagefactory.AppiumElementLocator$WaitingFunction.apply(AppiumElementLocator.java:172)
	at io.appium.java_client.pagefactory.AppiumElementLocator$WaitingFunction.apply(AppiumElementLocator.java:1)
	at org.openqa.selenium.support.ui.FluentWait.until(FluentWait.java:249)
	... 31 more
</textarea></td>
				</tr>
				<tr class='log' status='fail'>
					<td class='status fail' title='fail' alt='fail'><i class='material-icons'>cancel</i></td>
					<td class='timestamp'>10:38:31 PM</td>
					<td class='step-details'>Can't locate an element by this strategy: By.chained({By.xpath: hierarchy/android.widget.FrameLayout/android.widget.LinearLayout/android.widget.FrameLayout/android.widget.LinearLayout/android.widget.FrameLayout/android.view.ViewGroup/android.view.ViewGroup/android.widget.ScrollView/android.view.ViewGroup/android.view.ViewGroup[1]/android.webkit.WebView/android.webkit.WebView/android.view.View/android.view.View[3]/android.view.View/android.view.View/android.widget.Image/android.view.View[10]})<img data-featherlight='C:\Users\LENOVO\git\TATA_Studi\Screenshots\T05_To_Verify_Progress_of_Active_Plan_Datewise ExtendReport 01-05-21 10-38-30.png' width='10%' src='C:\Users\LENOVO\git\TATA_Studi\Screenshots\T05_To_Verify_Progress_of_Active_Plan_Datewise ExtendReport 01-05-21 10-38-30.png' data-src='C:\Users\LENOVO\git\TATA_Studi\Screenshots\T05_To_Verify_Progress_of_Active_Plan_Datewise ExtendReport 01-05-21 10-38-30.png'></td>
				</tr>
			</tbody>
		</table>
	</div>
					</div>
				</li>
				
				
				<li class='test displayed active  fail' status='fail' bdd='false' test-id='4'>
					<div class='test-heading'>
						<span class='test-name'>T07_To_Verify_Full_Plan_in_Graph</span>
						<span class='test-time'>May 1, 2021 10:38:37 PM</span>
						<span class='test-status right fail'>fail</span>
					</div>
					<div class='test-content hide'>
<div class='test-time-info'>
	<span class='label start-time'>May 1, 2021 10:38:37 PM</span>
	<span class='label end-time'>May 1, 2021 10:39:41 PM</span>
	<span class='label time-taken grey lighten-1 white-text'>0h 1m 3s+808ms</span>
</div>
	<div class='test-steps'>
		<table class='bordered table-results'>
			<thead>
				<tr>
					<th>Status</th>
					<th>Timestamp</th>
					<th>Details</th>
				</tr>
			</thead>
			<tbody>
				<tr class='log' status='info'>
					<td class='status info' title='info' alt='info'><i class='material-icons'>info_outline</i></td>
					<td class='timestamp'>10:38:37 PM</td>
					<td class='step-details'>On Test Start : T07_To_Verify_Full_Plan_in_Graph</td>
				</tr>
				<tr class='log' status='info'>
					<td class='status info' title='info' alt='info'><i class='material-icons'>info_outline</i></td>
					<td class='timestamp'>10:38:50 PM</td>
					<td class='step-details'>User can be navigated to the landing page after login</td>
				</tr>
				<tr class='log' status='info'>
					<td class='status info' title='info' alt='info'><i class='material-icons'>info_outline</i></td>
					<td class='timestamp'>10:38:57 PM</td>
					<td class='step-details'>User able to navigate to MyLessons Page</td>
				</tr>
				<tr class='log' status='info'>
					<td class='status info' title='info' alt='info'><i class='material-icons'>info_outline</i></td>
					<td class='timestamp'>10:39:04 PM</td>
					<td class='step-details'>At the bottom Review Plan button is displayed</td>
				</tr>
				<tr class='log' status='info'>
					<td class='status info' title='info' alt='info'><i class='material-icons'>info_outline</i></td>
					<td class='timestamp'>10:39:10 PM</td>
					<td class='step-details'>User can click on Review Plan button and can navigate to Review Plan Page</td>
				</tr>
				<tr class='log' status='fail'>
					<td class='status fail' title='fail' alt='fail'><i class='material-icons'>cancel</i></td>
					<td class='timestamp'>10:39:40 PM</td>
					<td class='step-details'>On Test Failure : T07_To_Verify_Full_Plan_in_Graph</td>
				</tr>
				<tr class='log' status='fail'>
					<td class='status fail' title='fail' alt='fail'><i class='material-icons'>cancel</i></td>
					<td class='timestamp'>10:39:40 PM</td>
					<td class='step-details'><span class='label white-text red'>T07_To_Verify_Full_Plan_in_Graph</span></td>
				</tr>
				<tr class='log' status='info'>
					<td class='status info' title='info' alt='info'><i class='material-icons'>info_outline</i></td>
					<td class='timestamp'>10:39:40 PM</td>
					<td class='step-details'>Fails Test</td>
				</tr>
				<tr class='log' status='fail'>
					<td class='status fail' title='fail' alt='fail'><i class='material-icons'>cancel</i></td>
					<td class='timestamp'>10:39:40 PM</td>
					<td class='step-details'><textarea>org.openqa.selenium.NoSuchElementException: Can't locate an element by this strategy: By.chained({By.xpath: /hierarchy/android.widget.FrameLayout/android.widget.LinearLayout/android.widget.FrameLayout/android.widget.LinearLayout/android.widget.FrameLayout/android.view.ViewGroup/android.view.ViewGroup/android.widget.ScrollView/android.view.ViewGroup/android.view.ViewGroup[1]/android.webkit.WebView/android.webkit.WebView/android.view.View/android.view.View[3]/android.view.View/android.view.View/android.widget.Image/android.view.View[14]})
	at io.appium.java_client.pagefactory.AppiumElementLocator.findElement(AppiumElementLocator.java:126)
	at io.appium.java_client.pagefactory.interceptors.InterceptorOfASingleElement.intercept(InterceptorOfASingleElement.java:59)
	at io.appium.java_client.android.AndroidElement$$EnhancerByCGLIB$$b598166c.isDisplayed(<generated>)
	at studi.co.pageModules.Module_ReviewPlan.toVerify_Full_Plan_in_Graph(Module_ReviewPlan.java:321)
	at studi.co.testScripts.AFS_UserStory_1046.T07_To_Verify_Full_Plan_in_Graph(AFS_UserStory_1046.java:85)
	at java.base/jdk.internal.reflect.NativeMethodAccessorImpl.invoke0(Native Method)
	at java.base/jdk.internal.reflect.NativeMethodAccessorImpl.invoke(NativeMethodAccessorImpl.java:64)
	at java.base/jdk.internal.reflect.DelegatingMethodAccessorImpl.invoke(DelegatingMethodAccessorImpl.java:43)
	at java.base/java.lang.reflect.Method.invoke(Method.java:564)
	at org.testng.internal.MethodInvocationHelper.invokeMethod(MethodInvocationHelper.java:124)
	at org.testng.internal.Invoker.invokeMethod(Invoker.java:583)
	at org.testng.internal.Invoker.invokeTestMethod(Invoker.java:719)
	at org.testng.internal.Invoker.invokeTestMethods(Invoker.java:989)
	at org.testng.internal.TestMethodWorker.invokeTestMethods(TestMethodWorker.java:125)
	at org.testng.internal.TestMethodWorker.run(TestMethodWorker.java:109)
	at org.testng.TestRunner.privateRun(TestRunner.java:648)
	at org.testng.TestRunner.run(TestRunner.java:505)
	at org.testng.SuiteRunner.runTest(SuiteRunner.java:455)
	at org.testng.SuiteRunner.runSequentially(SuiteRunner.java:450)
	at org.testng.SuiteRunner.privateRun(SuiteRunner.java:415)
	at org.testng.SuiteRunner.run(SuiteRunner.java:364)
	at org.testng.SuiteRunnerWorker.runSuite(SuiteRunnerWorker.java:52)
	at org.testng.SuiteRunnerWorker.run(SuiteRunnerWorker.java:84)
	at org.testng.TestNG.runSuitesSequentially(TestNG.java:1208)
	at org.testng.TestNG.runSuitesLocally(TestNG.java:1137)
	at org.testng.TestNG.runSuites(TestNG.java:1049)
	at org.testng.TestNG.run(TestNG.java:1017)
	at org.testng.remote.AbstractRemoteTestNG.run(AbstractRemoteTestNG.java:115)
	at org.testng.remote.RemoteTestNG.initAndRun(RemoteTestNG.java:251)
	at org.testng.remote.RemoteTestNG.main(RemoteTestNG.java:77)
Caused by: org.openqa.selenium.TimeoutException: Expected condition failed: waiting for io.appium.java_client.pagefactory.AppiumElementLocator$WaitingFunction@62573c86 (tried for 1 second(s) with 500 milliseconds interval)
	at org.openqa.selenium.support.ui.FluentWait.timeoutException(FluentWait.java:304)
	at org.openqa.selenium.support.ui.FluentWait.until(FluentWait.java:272)
	at io.appium.java_client.pagefactory.AppiumElementLocator.waitFor(AppiumElementLocator.java:99)
	at io.appium.java_client.pagefactory.AppiumElementLocator.findElement(AppiumElementLocator.java:119)
	... 29 more
Caused by: org.openqa.selenium.NoSuchElementException: Cannot locate an element using By.chained({By.xpath: /hierarchy/android.widget.FrameLayout/android.widget.LinearLayout/android.widget.FrameLayout/android.widget.LinearLayout/android.widget.FrameLayout/android.view.ViewGroup/android.view.ViewGroup/android.widget.ScrollView/android.view.ViewGroup/android.view.ViewGroup[1]/android.webkit.WebView/android.webkit.WebView/android.view.View/android.view.View[3]/android.view.View/android.view.View/android.widget.Image/android.view.View[14]})
For documentation on this error, please visit: https://www.seleniumhq.org/exceptions/no_such_element.html
Build info: version: '3.141.59', revision: 'e82be7d358', time: '2018-11-14T08:17:03'
System info: host: 'DESKTOP-TMI6UL6', ip: '192.168.29.241', os.name: 'Windows 10', os.arch: 'amd64', os.version: '10.0', java.version: '15.0.2'
Driver info: driver.version: AppiumDriver
	at io.appium.java_client.pagefactory.bys.builder.ByChained.findElement(ByChained.java:74)
	at org.openqa.selenium.remote.RemoteWebDriver.findElement(RemoteWebDriver.java:315)
	at io.appium.java_client.DefaultGenericMobileDriver.findElement(DefaultGenericMobileDriver.java:58)
	at io.appium.java_client.AppiumDriver.findElement(AppiumDriver.java:1)
	at io.appium.java_client.pagefactory.bys.ContentMappedBy.findElement(ContentMappedBy.java:50)
	at org.openqa.selenium.remote.RemoteWebDriver.findElement(RemoteWebDriver.java:315)
	at io.appium.java_client.DefaultGenericMobileDriver.findElement(DefaultGenericMobileDriver.java:58)
	at io.appium.java_client.AppiumDriver.findElement(AppiumDriver.java:1)
	at io.appium.java_client.pagefactory.AppiumElementLocator.lambda$0(AppiumElementLocator.java:120)
	at io.appium.java_client.pagefactory.AppiumElementLocator$WaitingFunction.apply(AppiumElementLocator.java:172)
	at io.appium.java_client.pagefactory.AppiumElementLocator$WaitingFunction.apply(AppiumElementLocator.java:1)
	at org.openqa.selenium.support.ui.FluentWait.until(FluentWait.java:249)
	... 31 more
</textarea></td>
				</tr>
				<tr class='log' status='fail'>
					<td class='status fail' title='fail' alt='fail'><i class='material-icons'>cancel</i></td>
					<td class='timestamp'>10:39:41 PM</td>
					<td class='step-details'>Can't locate an element by this strategy: By.chained({By.xpath: /hierarchy/android.widget.FrameLayout/android.widget.LinearLayout/android.widget.FrameLayout/android.widget.LinearLayout/android.widget.FrameLayout/android.view.ViewGroup/android.view.ViewGroup/android.widget.ScrollView/android.view.ViewGroup/android.view.ViewGroup[1]/android.webkit.WebView/android.webkit.WebView/android.view.View/android.view.View[3]/android.view.View/android.view.View/android.widget.Image/android.view.View[14]})<img data-featherlight='C:\Users\LENOVO\git\TATA_Studi\Screenshots\T07_To_Verify_Full_Plan_in_Graph ExtendReport 01-05-21 10-39-40.png' width='10%' src='C:\Users\LENOVO\git\TATA_Studi\Screenshots\T07_To_Verify_Full_Plan_in_Graph ExtendReport 01-05-21 10-39-40.png' data-src='C:\Users\LENOVO\git\TATA_Studi\Screenshots\T07_To_Verify_Full_Plan_in_Graph ExtendReport 01-05-21 10-39-40.png'></td>
				</tr>
			</tbody>
		</table>
	</div>
					</div>
				</li>
				
				
				<li class='test displayed active  fail' status='fail' bdd='false' test-id='5'>
					<div class='test-heading'>
						<span class='test-name'>T08_To_Verify_Monthly_Option_in_Filter</span>
						<span class='test-time'>May 1, 2021 10:39:48 PM</span>
						<span class='test-status right fail'>fail</span>
					</div>
					<div class='test-content hide'>
<div class='test-time-info'>
	<span class='label start-time'>May 1, 2021 10:39:48 PM</span>
	<span class='label end-time'>May 1, 2021 10:40:53 PM</span>
	<span class='label time-taken grey lighten-1 white-text'>0h 1m 4s+950ms</span>
</div>
	<div class='test-steps'>
		<table class='bordered table-results'>
			<thead>
				<tr>
					<th>Status</th>
					<th>Timestamp</th>
					<th>Details</th>
				</tr>
			</thead>
			<tbody>
				<tr class='log' status='info'>
					<td class='status info' title='info' alt='info'><i class='material-icons'>info_outline</i></td>
					<td class='timestamp'>10:39:48 PM</td>
					<td class='step-details'>On Test Start : T08_To_Verify_Monthly_Option_in_Filter</td>
				</tr>
				<tr class='log' status='info'>
					<td class='status info' title='info' alt='info'><i class='material-icons'>info_outline</i></td>
					<td class='timestamp'>10:40:01 PM</td>
					<td class='step-details'>User can be navigated to the landing page after login</td>
				</tr>
				<tr class='log' status='info'>
					<td class='status info' title='info' alt='info'><i class='material-icons'>info_outline</i></td>
					<td class='timestamp'>10:40:08 PM</td>
					<td class='step-details'>User able to navigate to MyLessons Page</td>
				</tr>
				<tr class='log' status='info'>
					<td class='status info' title='info' alt='info'><i class='material-icons'>info_outline</i></td>
					<td class='timestamp'>10:40:15 PM</td>
					<td class='step-details'>At the bottom Review Plan button is displayed</td>
				</tr>
				<tr class='log' status='info'>
					<td class='status info' title='info' alt='info'><i class='material-icons'>info_outline</i></td>
					<td class='timestamp'>10:40:21 PM</td>
					<td class='step-details'>User can click on Review Plan button and can navigate to Review Plan Page</td>
				</tr>
				<tr class='log' status='fail'>
					<td class='status fail' title='fail' alt='fail'><i class='material-icons'>cancel</i></td>
					<td class='timestamp'>10:40:52 PM</td>
					<td class='step-details'>On Test Failure : T08_To_Verify_Monthly_Option_in_Filter</td>
				</tr>
				<tr class='log' status='fail'>
					<td class='status fail' title='fail' alt='fail'><i class='material-icons'>cancel</i></td>
					<td class='timestamp'>10:40:52 PM</td>
					<td class='step-details'><span class='label white-text red'>T08_To_Verify_Monthly_Option_in_Filter</span></td>
				</tr>
				<tr class='log' status='info'>
					<td class='status info' title='info' alt='info'><i class='material-icons'>info_outline</i></td>
					<td class='timestamp'>10:40:52 PM</td>
					<td class='step-details'>Fails Test</td>
				</tr>
				<tr class='log' status='fail'>
					<td class='status fail' title='fail' alt='fail'><i class='material-icons'>cancel</i></td>
					<td class='timestamp'>10:40:52 PM</td>
					<td class='step-details'><textarea>org.openqa.selenium.NoSuchElementException: Can't locate an element by this strategy: By.chained({By.xpath: /hierarchy/android.widget.FrameLayout/android.widget.LinearLayout/android.widget.FrameLayout/android.widget.LinearLayout/android.widget.FrameLayout/android.view.ViewGroup/android.view.ViewGroup/android.widget.ScrollView/android.view.ViewGroup/android.view.ViewGroup[1]/android.webkit.WebView/android.webkit.WebView/android.view.View/android.widget.Button})
	at io.appium.java_client.pagefactory.AppiumElementLocator.findElement(AppiumElementLocator.java:126)
	at io.appium.java_client.pagefactory.interceptors.InterceptorOfASingleElement.intercept(InterceptorOfASingleElement.java:59)
	at io.appium.java_client.android.AndroidElement$$EnhancerByCGLIB$$b598166c.click(<generated>)
	at studi.co.pageModules.Module_ReviewPlan.toVerify_Filter_Option(Module_ReviewPlan.java:237)
	at studi.co.pageModules.Module_ReviewPlan.toVerify_Monthly_Option(Module_ReviewPlan.java:287)
	at studi.co.testScripts.AFS_UserStory_1046.T08_To_Verify_Monthly_Option_in_Filter(AFS_UserStory_1046.java:92)
	at java.base/jdk.internal.reflect.NativeMethodAccessorImpl.invoke0(Native Method)
	at java.base/jdk.internal.reflect.NativeMethodAccessorImpl.invoke(NativeMethodAccessorImpl.java:64)
	at java.base/jdk.internal.reflect.DelegatingMethodAccessorImpl.invoke(DelegatingMethodAccessorImpl.java:43)
	at java.base/java.lang.reflect.Method.invoke(Method.java:564)
	at org.testng.internal.MethodInvocationHelper.invokeMethod(MethodInvocationHelper.java:124)
	at org.testng.internal.Invoker.invokeMethod(Invoker.java:583)
	at org.testng.internal.Invoker.invokeTestMethod(Invoker.java:719)
	at org.testng.internal.Invoker.invokeTestMethods(Invoker.java:989)
	at org.testng.internal.TestMethodWorker.invokeTestMethods(TestMethodWorker.java:125)
	at org.testng.internal.TestMethodWorker.run(TestMethodWorker.java:109)
	at org.testng.TestRunner.privateRun(TestRunner.java:648)
	at org.testng.TestRunner.run(TestRunner.java:505)
	at org.testng.SuiteRunner.runTest(SuiteRunner.java:455)
	at org.testng.SuiteRunner.runSequentially(SuiteRunner.java:450)
	at org.testng.SuiteRunner.privateRun(SuiteRunner.java:415)
	at org.testng.SuiteRunner.run(SuiteRunner.java:364)
	at org.testng.SuiteRunnerWorker.runSuite(SuiteRunnerWorker.java:52)
	at org.testng.SuiteRunnerWorker.run(SuiteRunnerWorker.java:84)
	at org.testng.TestNG.runSuitesSequentially(TestNG.java:1208)
	at org.testng.TestNG.runSuitesLocally(TestNG.java:1137)
	at org.testng.TestNG.runSuites(TestNG.java:1049)
	at org.testng.TestNG.run(TestNG.java:1017)
	at org.testng.remote.AbstractRemoteTestNG.run(AbstractRemoteTestNG.java:115)
	at org.testng.remote.RemoteTestNG.initAndRun(RemoteTestNG.java:251)
	at org.testng.remote.RemoteTestNG.main(RemoteTestNG.java:77)
Caused by: org.openqa.selenium.TimeoutException: Expected condition failed: waiting for io.appium.java_client.pagefactory.AppiumElementLocator$WaitingFunction@1000d54d (tried for 1 second(s) with 500 milliseconds interval)
	at org.openqa.selenium.support.ui.FluentWait.timeoutException(FluentWait.java:304)
	at org.openqa.selenium.support.ui.FluentWait.until(FluentWait.java:272)
	at io.appium.java_client.pagefactory.AppiumElementLocator.waitFor(AppiumElementLocator.java:99)
	at io.appium.java_client.pagefactory.AppiumElementLocator.findElement(AppiumElementLocator.java:119)
	... 30 more
Caused by: org.openqa.selenium.NoSuchElementException: Cannot locate an element using By.chained({By.xpath: /hierarchy/android.widget.FrameLayout/android.widget.LinearLayout/android.widget.FrameLayout/android.widget.LinearLayout/android.widget.FrameLayout/android.view.ViewGroup/android.view.ViewGroup/android.widget.ScrollView/android.view.ViewGroup/android.view.ViewGroup[1]/android.webkit.WebView/android.webkit.WebView/android.view.View/android.widget.Button})
For documentation on this error, please visit: https://www.seleniumhq.org/exceptions/no_such_element.html
Build info: version: '3.141.59', revision: 'e82be7d358', time: '2018-11-14T08:17:03'
System info: host: 'DESKTOP-TMI6UL6', ip: '192.168.29.241', os.name: 'Windows 10', os.arch: 'amd64', os.version: '10.0', java.version: '15.0.2'
Driver info: driver.version: AppiumDriver
	at io.appium.java_client.pagefactory.bys.builder.ByChained.findElement(ByChained.java:74)
	at org.openqa.selenium.remote.RemoteWebDriver.findElement(RemoteWebDriver.java:315)
	at io.appium.java_client.DefaultGenericMobileDriver.findElement(DefaultGenericMobileDriver.java:58)
	at io.appium.java_client.AppiumDriver.findElement(AppiumDriver.java:1)
	at io.appium.java_client.pagefactory.bys.ContentMappedBy.findElement(ContentMappedBy.java:50)
	at org.openqa.selenium.remote.RemoteWebDriver.findElement(RemoteWebDriver.java:315)
	at io.appium.java_client.DefaultGenericMobileDriver.findElement(DefaultGenericMobileDriver.java:58)
	at io.appium.java_client.AppiumDriver.findElement(AppiumDriver.java:1)
	at io.appium.java_client.pagefactory.AppiumElementLocator.lambda$0(AppiumElementLocator.java:120)
	at io.appium.java_client.pagefactory.AppiumElementLocator$WaitingFunction.apply(AppiumElementLocator.java:172)
	at io.appium.java_client.pagefactory.AppiumElementLocator$WaitingFunction.apply(AppiumElementLocator.java:1)
	at org.openqa.selenium.support.ui.FluentWait.until(FluentWait.java:249)
	... 32 more
</textarea></td>
				</tr>
				<tr class='log' status='fail'>
					<td class='status fail' title='fail' alt='fail'><i class='material-icons'>cancel</i></td>
					<td class='timestamp'>10:40:53 PM</td>
					<td class='step-details'>Can't locate an element by this strategy: By.chained({By.xpath: /hierarchy/android.widget.FrameLayout/android.widget.LinearLayout/android.widget.FrameLayout/android.widget.LinearLayout/android.widget.FrameLayout/android.view.ViewGroup/android.view.ViewGroup/android.widget.ScrollView/android.view.ViewGroup/android.view.ViewGroup[1]/android.webkit.WebView/android.webkit.WebView/android.view.View/android.widget.Button})<img data-featherlight='C:\Users\LENOVO\git\TATA_Studi\Screenshots\T08_To_Verify_Monthly_Option_in_Filter ExtendReport 01-05-21 10-40-52.png' width='10%' src='C:\Users\LENOVO\git\TATA_Studi\Screenshots\T08_To_Verify_Monthly_Option_in_Filter ExtendReport 01-05-21 10-40-52.png' data-src='C:\Users\LENOVO\git\TATA_Studi\Screenshots\T08_To_Verify_Monthly_Option_in_Filter ExtendReport 01-05-21 10-40-52.png'></td>
				</tr>
			</tbody>
		</table>
	</div>
					</div>
				</li>
				
				
				<li class='test displayed active  pass' status='pass' bdd='false' test-id='6'>
					<div class='test-heading'>
						<span class='test-name'>T09_To_Verify_Weekly_Option_in_Filter</span>
						<span class='test-time'>May 1, 2021 10:40:59 PM</span>
						<span class='test-status right pass'>pass</span>
					</div>
					<div class='test-content hide'>
<div class='test-time-info'>
	<span class='label start-time'>May 1, 2021 10:40:59 PM</span>
	<span class='label end-time'>May 1, 2021 10:41:00 PM</span>
	<span class='label time-taken grey lighten-1 white-text'>0h 0m 1s+61ms</span>
</div>
	<div class='test-steps'>
		<table class='bordered table-results'>
			<thead>
				<tr>
					<th>Status</th>
					<th>Timestamp</th>
					<th>Details</th>
				</tr>
			</thead>
			<tbody>
				<tr class='log' status='info'>
					<td class='status info' title='info' alt='info'><i class='material-icons'>info_outline</i></td>
					<td class='timestamp'>10:40:59 PM</td>
					<td class='step-details'>On Test Start : T09_To_Verify_Weekly_Option_in_Filter</td>
				</tr>
				<tr class='log' status='info'>
					<td class='status info' title='info' alt='info'><i class='material-icons'>info_outline</i></td>
					<td class='timestamp'>10:40:59 PM</td>
					<td class='step-details'>On Test Success : T09_To_Verify_Weekly_Option_in_Filter</td>
				</tr>
				<tr class='log' status='pass'>
					<td class='status pass' title='pass' alt='pass'><i class='material-icons'>check_circle</i></td>
					<td class='timestamp'>10:40:59 PM</td>
					<td class='step-details'><span class='label white-text green'>T09_To_Verify_Weekly_Option_in_Filter</span></td>
				</tr>
				<tr class='log' status='pass'>
					<td class='status pass' title='pass' alt='pass'><i class='material-icons'>check_circle</i></td>
					<td class='timestamp'>10:41:00 PM</td>
					<td class='step-details'>T09_To_Verify_Weekly_Option_in_Filter Passed<img data-featherlight='C:\Users\LENOVO\git\TATA_Studi\Screenshots\T09_To_Verify_Weekly_Option_in_Filter ExtendReport 01-05-21 10-40-59.png' width='10%' src='C:\Users\LENOVO\git\TATA_Studi\Screenshots\T09_To_Verify_Weekly_Option_in_Filter ExtendReport 01-05-21 10-40-59.png' data-src='C:\Users\LENOVO\git\TATA_Studi\Screenshots\T09_To_Verify_Weekly_Option_in_Filter ExtendReport 01-05-21 10-40-59.png'></td>
				</tr>
			</tbody>
		</table>
	</div>
					</div>
				</li>
				
				
				<li class='test displayed active  pass' status='pass' bdd='false' test-id='7'>
					<div class='test-heading'>
						<span class='test-name'>T10_To_Verify_ProgressBar_In_Review_Plan_Page</span>
						<span class='test-time'>May 1, 2021 10:41:07 PM</span>
						<span class='test-status right pass'>pass</span>
					</div>
					<div class='test-content hide'>
<div class='test-time-info'>
	<span class='label start-time'>May 1, 2021 10:41:07 PM</span>
	<span class='label end-time'>May 1, 2021 10:41:41 PM</span>
	<span class='label time-taken grey lighten-1 white-text'>0h 0m 33s+713ms</span>
</div>
	<div class='test-steps'>
		<table class='bordered table-results'>
			<thead>
				<tr>
					<th>Status</th>
					<th>Timestamp</th>
					<th>Details</th>
				</tr>
			</thead>
			<tbody>
				<tr class='log' status='info'>
					<td class='status info' title='info' alt='info'><i class='material-icons'>info_outline</i></td>
					<td class='timestamp'>10:41:07 PM</td>
					<td class='step-details'>On Test Start : T10_To_Verify_ProgressBar_In_Review_Plan_Page</td>
				</tr>
				<tr class='log' status='info'>
					<td class='status info' title='info' alt='info'><i class='material-icons'>info_outline</i></td>
					<td class='timestamp'>10:41:20 PM</td>
					<td class='step-details'>User can be navigated to the landing page after login</td>
				</tr>
				<tr class='log' status='info'>
					<td class='status info' title='info' alt='info'><i class='material-icons'>info_outline</i></td>
					<td class='timestamp'>10:41:27 PM</td>
					<td class='step-details'>User able to navigate to MyLessons Page</td>
				</tr>
				<tr class='log' status='info'>
					<td class='status info' title='info' alt='info'><i class='material-icons'>info_outline</i></td>
					<td class='timestamp'>10:41:34 PM</td>
					<td class='step-details'>At the bottom Review Plan button is displayed</td>
				</tr>
				<tr class='log' status='info'>
					<td class='status info' title='info' alt='info'><i class='material-icons'>info_outline</i></td>
					<td class='timestamp'>10:41:40 PM</td>
					<td class='step-details'>User can click on Review Plan button and can navigate to Review Plan Page</td>
				</tr>
				<tr class='log' status='info'>
					<td class='status info' title='info' alt='info'><i class='material-icons'>info_outline</i></td>
					<td class='timestamp'>10:41:40 PM</td>
					<td class='step-details'>Progress Bar Displayed under the Heading Portion</td>
				</tr>
				<tr class='log' status='info'>
					<td class='status info' title='info' alt='info'><i class='material-icons'>info_outline</i></td>
					<td class='timestamp'>10:41:40 PM</td>
					<td class='step-details'>On Test Success : T10_To_Verify_ProgressBar_In_Review_Plan_Page</td>
				</tr>
				<tr class='log' status='pass'>
					<td class='status pass' title='pass' alt='pass'><i class='material-icons'>check_circle</i></td>
					<td class='timestamp'>10:41:40 PM</td>
					<td class='step-details'><span class='label white-text green'>T10_To_Verify_ProgressBar_In_Review_Plan_Page</span></td>
				</tr>
				<tr class='log' status='pass'>
					<td class='status pass' title='pass' alt='pass'><i class='material-icons'>check_circle</i></td>
					<td class='timestamp'>10:41:41 PM</td>
					<td class='step-details'>T10_To_Verify_ProgressBar_In_Review_Plan_Page Passed<img data-featherlight='C:\Users\LENOVO\git\TATA_Studi\Screenshots\T10_To_Verify_ProgressBar_In_Review_Plan_Page ExtendReport 01-05-21 10-41-40.png' width='10%' src='C:\Users\LENOVO\git\TATA_Studi\Screenshots\T10_To_Verify_ProgressBar_In_Review_Plan_Page ExtendReport 01-05-21 10-41-40.png' data-src='C:\Users\LENOVO\git\TATA_Studi\Screenshots\T10_To_Verify_ProgressBar_In_Review_Plan_Page ExtendReport 01-05-21 10-41-40.png'></td>
				</tr>
			</tbody>
		</table>
	</div>
					</div>
				</li>
				
				
				<li class='test displayed active  pass' status='pass' bdd='false' test-id='8'>
					<div class='test-heading'>
						<span class='test-name'>T11_To_Verify_ProgressBar_of_Each_Subject_In_Review_Plan_Page</span>
						<span class='test-time'>May 1, 2021 10:41:48 PM</span>
						<span class='test-status right pass'>pass</span>
					</div>
					<div class='test-content hide'>
<div class='test-time-info'>
	<span class='label start-time'>May 1, 2021 10:41:48 PM</span>
	<span class='label end-time'>May 1, 2021 10:43:25 PM</span>
	<span class='label time-taken grey lighten-1 white-text'>0h 1m 37s+433ms</span>
</div>
	<div class='test-steps'>
		<table class='bordered table-results'>
			<thead>
				<tr>
					<th>Status</th>
					<th>Timestamp</th>
					<th>Details</th>
				</tr>
			</thead>
			<tbody>
				<tr class='log' status='info'>
					<td class='status info' title='info' alt='info'><i class='material-icons'>info_outline</i></td>
					<td class='timestamp'>10:41:48 PM</td>
					<td class='step-details'>On Test Start : T11_To_Verify_ProgressBar_of_Each_Subject_In_Review_Plan_Page</td>
				</tr>
				<tr class='log' status='info'>
					<td class='status info' title='info' alt='info'><i class='material-icons'>info_outline</i></td>
					<td class='timestamp'>10:42:03 PM</td>
					<td class='step-details'>User can be navigated to the landing page after login</td>
				</tr>
				<tr class='log' status='info'>
					<td class='status info' title='info' alt='info'><i class='material-icons'>info_outline</i></td>
					<td class='timestamp'>10:42:10 PM</td>
					<td class='step-details'>User able to navigate to MyLessons Page</td>
				</tr>
				<tr class='log' status='info'>
					<td class='status info' title='info' alt='info'><i class='material-icons'>info_outline</i></td>
					<td class='timestamp'>10:42:20 PM</td>
					<td class='step-details'>At the bottom Review Plan button is displayed</td>
				</tr>
				<tr class='log' status='info'>
					<td class='status info' title='info' alt='info'><i class='material-icons'>info_outline</i></td>
					<td class='timestamp'>10:43:24 PM</td>
					<td class='step-details'>On Test Success : T11_To_Verify_ProgressBar_of_Each_Subject_In_Review_Plan_Page</td>
				</tr>
				<tr class='log' status='pass'>
					<td class='status pass' title='pass' alt='pass'><i class='material-icons'>check_circle</i></td>
					<td class='timestamp'>10:43:24 PM</td>
					<td class='step-details'><span class='label white-text green'>T11_To_Verify_ProgressBar_of_Each_Subject_In_Review_Plan_Page</span></td>
				</tr>
				<tr class='log' status='pass'>
					<td class='status pass' title='pass' alt='pass'><i class='material-icons'>check_circle</i></td>
					<td class='timestamp'>10:43:25 PM</td>
					<td class='step-details'>T11_To_Verify_ProgressBar_of_Each_Subject_In_Review_Plan_Page Passed<img data-featherlight='C:\Users\LENOVO\git\TATA_Studi\Screenshots\T11_To_Verify_ProgressBar_of_Each_Subject_In_Review_Plan_Page ExtendReport 01-05-21 10-43-24.png' width='10%' src='C:\Users\LENOVO\git\TATA_Studi\Screenshots\T11_To_Verify_ProgressBar_of_Each_Subject_In_Review_Plan_Page ExtendReport 01-05-21 10-43-24.png' data-src='C:\Users\LENOVO\git\TATA_Studi\Screenshots\T11_To_Verify_ProgressBar_of_Each_Subject_In_Review_Plan_Page ExtendReport 01-05-21 10-43-24.png'></td>
				</tr>
			</tbody>
		</table>
	</div>
					</div>
				</li>
				
				
				<li class='test displayed active  pass' status='pass' bdd='false' test-id='9'>
					<div class='test-heading'>
						<span class='test-name'>T12_To_Verify_By_Using_ProgressBar_How_Much_User_Has_Moved_Further_In_Review_Plan_Page</span>
						<span class='test-time'>May 1, 2021 10:43:31 PM</span>
						<span class='test-status right pass'>pass</span>
					</div>
					<div class='test-content hide'>
<div class='test-time-info'>
	<span class='label start-time'>May 1, 2021 10:43:31 PM</span>
	<span class='label end-time'>May 1, 2021 10:44:05 PM</span>
	<span class='label time-taken grey lighten-1 white-text'>0h 0m 34s+63ms</span>
</div>
	<div class='test-steps'>
		<table class='bordered table-results'>
			<thead>
				<tr>
					<th>Status</th>
					<th>Timestamp</th>
					<th>Details</th>
				</tr>
			</thead>
			<tbody>
				<tr class='log' status='info'>
					<td class='status info' title='info' alt='info'><i class='material-icons'>info_outline</i></td>
					<td class='timestamp'>10:43:31 PM</td>
					<td class='step-details'>On Test Start : T12_To_Verify_By_Using_ProgressBar_How_Much_User_Has_Moved_Further_In_Review_Plan_Page</td>
				</tr>
				<tr class='log' status='info'>
					<td class='status info' title='info' alt='info'><i class='material-icons'>info_outline</i></td>
					<td class='timestamp'>10:43:44 PM</td>
					<td class='step-details'>User can be navigated to the landing page after login</td>
				</tr>
				<tr class='log' status='info'>
					<td class='status info' title='info' alt='info'><i class='material-icons'>info_outline</i></td>
					<td class='timestamp'>10:43:51 PM</td>
					<td class='step-details'>User able to navigate to MyLessons Page</td>
				</tr>
				<tr class='log' status='info'>
					<td class='status info' title='info' alt='info'><i class='material-icons'>info_outline</i></td>
					<td class='timestamp'>10:43:58 PM</td>
					<td class='step-details'>At the bottom Review Plan button is displayed</td>
				</tr>
				<tr class='log' status='info'>
					<td class='status info' title='info' alt='info'><i class='material-icons'>info_outline</i></td>
					<td class='timestamp'>10:44:04 PM</td>
					<td class='step-details'>User can click on Review Plan button and can navigate to Review Plan Page</td>
				</tr>
				<tr class='log' status='info'>
					<td class='status info' title='info' alt='info'><i class='material-icons'>info_outline</i></td>
					<td class='timestamp'>10:44:04 PM</td>
					<td class='step-details'>Seek Bar Displayed under the Heading Portion</td>
				</tr>
				<tr class='log' status='info'>
					<td class='status info' title='info' alt='info'><i class='material-icons'>info_outline</i></td>
					<td class='timestamp'>10:44:04 PM</td>
					<td class='step-details'>In this Subject,User is lacking behind the schedule</td>
				</tr>
				<tr class='log' status='info'>
					<td class='status info' title='info' alt='info'><i class='material-icons'>info_outline</i></td>
					<td class='timestamp'>10:44:04 PM</td>
					<td class='step-details'>On Test Success : T12_To_Verify_By_Using_ProgressBar_How_Much_User_Has_Moved_Further_In_Review_Plan_Page</td>
				</tr>
				<tr class='log' status='pass'>
					<td class='status pass' title='pass' alt='pass'><i class='material-icons'>check_circle</i></td>
					<td class='timestamp'>10:44:04 PM</td>
					<td class='step-details'><span class='label white-text green'>T12_To_Verify_By_Using_ProgressBar_How_Much_User_Has_Moved_Further_In_Review_Plan_Page</span></td>
				</tr>
				<tr class='log' status='pass'>
					<td class='status pass' title='pass' alt='pass'><i class='material-icons'>check_circle</i></td>
					<td class='timestamp'>10:44:05 PM</td>
					<td class='step-details'>T12_To_Verify_By_Using_ProgressBar_How_Much_User_Has_Moved_Further_In_Review_Plan_Page Passed<img data-featherlight='C:\Users\LENOVO\git\TATA_Studi\Screenshots\T12_To_Verify_By_Using_ProgressBar_How_Much_User_Has_Moved_Further_In_Review_Plan_Page ExtendReport 01-05-21 10-44-04.png' width='10%' src='C:\Users\LENOVO\git\TATA_Studi\Screenshots\T12_To_Verify_By_Using_ProgressBar_How_Much_User_Has_Moved_Further_In_Review_Plan_Page ExtendReport 01-05-21 10-44-04.png' data-src='C:\Users\LENOVO\git\TATA_Studi\Screenshots\T12_To_Verify_By_Using_ProgressBar_How_Much_User_Has_Moved_Further_In_Review_Plan_Page ExtendReport 01-05-21 10-44-04.png'></td>
				</tr>
			</tbody>
		</table>
	</div>
					</div>
				</li>
				
				
				<li class='test displayed active  pass' status='pass' bdd='false' test-id='10'>
					<div class='test-heading'>
						<span class='test-name'>T13_To_Verify_Turtle_Icon_On_Slow_Progress_of_Subject_In_Review_Plan_Page</span>
						<span class='test-time'>May 1, 2021 10:44:12 PM</span>
						<span class='test-status right pass'>pass</span>
					</div>
					<div class='test-content hide'>
<div class='test-time-info'>
	<span class='label start-time'>May 1, 2021 10:44:12 PM</span>
	<span class='label end-time'>May 1, 2021 10:44:55 PM</span>
	<span class='label time-taken grey lighten-1 white-text'>0h 0m 42s+825ms</span>
</div>
	<div class='test-steps'>
		<table class='bordered table-results'>
			<thead>
				<tr>
					<th>Status</th>
					<th>Timestamp</th>
					<th>Details</th>
				</tr>
			</thead>
			<tbody>
				<tr class='log' status='info'>
					<td class='status info' title='info' alt='info'><i class='material-icons'>info_outline</i></td>
					<td class='timestamp'>10:44:12 PM</td>
					<td class='step-details'>On Test Start : T13_To_Verify_Turtle_Icon_On_Slow_Progress_of_Subject_In_Review_Plan_Page</td>
				</tr>
				<tr class='log' status='info'>
					<td class='status info' title='info' alt='info'><i class='material-icons'>info_outline</i></td>
					<td class='timestamp'>10:44:25 PM</td>
					<td class='step-details'>User can be navigated to the landing page after login</td>
				</tr>
				<tr class='log' status='info'>
					<td class='status info' title='info' alt='info'><i class='material-icons'>info_outline</i></td>
					<td class='timestamp'>10:44:31 PM</td>
					<td class='step-details'>User able to navigate to MyLessons Page</td>
				</tr>
				<tr class='log' status='info'>
					<td class='status info' title='info' alt='info'><i class='material-icons'>info_outline</i></td>
					<td class='timestamp'>10:44:40 PM</td>
					<td class='step-details'>At the bottom Review Plan button is displayed</td>
				</tr>
				<tr class='log' status='info'>
					<td class='status info' title='info' alt='info'><i class='material-icons'>info_outline</i></td>
					<td class='timestamp'>10:44:54 PM</td>
					<td class='step-details'>Turtle icon is displayed,if progress on the plan is slow for any subject</td>
				</tr>
				<tr class='log' status='info'>
					<td class='status info' title='info' alt='info'><i class='material-icons'>info_outline</i></td>
					<td class='timestamp'>10:44:54 PM</td>
					<td class='step-details'>On Test Success : T13_To_Verify_Turtle_Icon_On_Slow_Progress_of_Subject_In_Review_Plan_Page</td>
				</tr>
				<tr class='log' status='pass'>
					<td class='status pass' title='pass' alt='pass'><i class='material-icons'>check_circle</i></td>
					<td class='timestamp'>10:44:54 PM</td>
					<td class='step-details'><span class='label white-text green'>T13_To_Verify_Turtle_Icon_On_Slow_Progress_of_Subject_In_Review_Plan_Page</span></td>
				</tr>
				<tr class='log' status='pass'>
					<td class='status pass' title='pass' alt='pass'><i class='material-icons'>check_circle</i></td>
					<td class='timestamp'>10:44:55 PM</td>
					<td class='step-details'>T13_To_Verify_Turtle_Icon_On_Slow_Progress_of_Subject_In_Review_Plan_Page Passed<img data-featherlight='C:\Users\LENOVO\git\TATA_Studi\Screenshots\T13_To_Verify_Turtle_Icon_On_Slow_Progress_of_Subject_In_Review_Plan_Page ExtendReport 01-05-21 10-44-54.png' width='10%' src='C:\Users\LENOVO\git\TATA_Studi\Screenshots\T13_To_Verify_Turtle_Icon_On_Slow_Progress_of_Subject_In_Review_Plan_Page ExtendReport 01-05-21 10-44-54.png' data-src='C:\Users\LENOVO\git\TATA_Studi\Screenshots\T13_To_Verify_Turtle_Icon_On_Slow_Progress_of_Subject_In_Review_Plan_Page ExtendReport 01-05-21 10-44-54.png'></td>
				</tr>
			</tbody>
		</table>
	</div>
					</div>
				</li>
				
				
				<li class='test displayed active  pass' status='pass' bdd='false' test-id='11'>
					<div class='test-heading'>
						<span class='test-name'>T14_To_Verify_Rabbit_Icon_On_Fast_Progress_of_Subject_In_Review_Plan_Page</span>
						<span class='test-time'>May 1, 2021 10:45:02 PM</span>
						<span class='test-status right pass'>pass</span>
					</div>
					<div class='test-content hide'>
<div class='test-time-info'>
	<span class='label start-time'>May 1, 2021 10:45:02 PM</span>
	<span class='label end-time'>May 1, 2021 10:45:51 PM</span>
	<span class='label time-taken grey lighten-1 white-text'>0h 0m 49s+521ms</span>
</div>
	<div class='test-steps'>
		<table class='bordered table-results'>
			<thead>
				<tr>
					<th>Status</th>
					<th>Timestamp</th>
					<th>Details</th>
				</tr>
			</thead>
			<tbody>
				<tr class='log' status='info'>
					<td class='status info' title='info' alt='info'><i class='material-icons'>info_outline</i></td>
					<td class='timestamp'>10:45:02 PM</td>
					<td class='step-details'>On Test Start : T14_To_Verify_Rabbit_Icon_On_Fast_Progress_of_Subject_In_Review_Plan_Page</td>
				</tr>
				<tr class='log' status='info'>
					<td class='status info' title='info' alt='info'><i class='material-icons'>info_outline</i></td>
					<td class='timestamp'>10:45:15 PM</td>
					<td class='step-details'>User can be navigated to the landing page after login</td>
				</tr>
				<tr class='log' status='info'>
					<td class='status info' title='info' alt='info'><i class='material-icons'>info_outline</i></td>
					<td class='timestamp'>10:45:22 PM</td>
					<td class='step-details'>User able to navigate to MyLessons Page</td>
				</tr>
				<tr class='log' status='info'>
					<td class='status info' title='info' alt='info'><i class='material-icons'>info_outline</i></td>
					<td class='timestamp'>10:45:33 PM</td>
					<td class='step-details'>At the bottom Review Plan button is displayed</td>
				</tr>
				<tr class='log' status='info'>
					<td class='status info' title='info' alt='info'><i class='material-icons'>info_outline</i></td>
					<td class='timestamp'>10:45:50 PM</td>
					<td class='step-details'>On Test Success : T14_To_Verify_Rabbit_Icon_On_Fast_Progress_of_Subject_In_Review_Plan_Page</td>
				</tr>
				<tr class='log' status='pass'>
					<td class='status pass' title='pass' alt='pass'><i class='material-icons'>check_circle</i></td>
					<td class='timestamp'>10:45:50 PM</td>
					<td class='step-details'><span class='label white-text green'>T14_To_Verify_Rabbit_Icon_On_Fast_Progress_of_Subject_In_Review_Plan_Page</span></td>
				</tr>
				<tr class='log' status='pass'>
					<td class='status pass' title='pass' alt='pass'><i class='material-icons'>check_circle</i></td>
					<td class='timestamp'>10:45:51 PM</td>
					<td class='step-details'>T14_To_Verify_Rabbit_Icon_On_Fast_Progress_of_Subject_In_Review_Plan_Page Passed<img data-featherlight='C:\Users\LENOVO\git\TATA_Studi\Screenshots\T14_To_Verify_Rabbit_Icon_On_Fast_Progress_of_Subject_In_Review_Plan_Page ExtendReport 01-05-21 10-45-50.png' width='10%' src='C:\Users\LENOVO\git\TATA_Studi\Screenshots\T14_To_Verify_Rabbit_Icon_On_Fast_Progress_of_Subject_In_Review_Plan_Page ExtendReport 01-05-21 10-45-50.png' data-src='C:\Users\LENOVO\git\TATA_Studi\Screenshots\T14_To_Verify_Rabbit_Icon_On_Fast_Progress_of_Subject_In_Review_Plan_Page ExtendReport 01-05-21 10-45-50.png'></td>
				</tr>
			</tbody>
		</table>
	</div>
					</div>
				</li>
				
				
				<li class='test displayed active  pass' status='pass' bdd='false' test-id='12'>
					<div class='test-heading'>
						<span class='test-name'>T15_To_Verify_Subject_Shown_In_Review_Page_Is_Tappable</span>
						<span class='test-time'>May 1, 2021 10:46:00 PM</span>
						<span class='test-status right pass'>pass</span>
					</div>
					<div class='test-content hide'>
<div class='test-time-info'>
	<span class='label start-time'>May 1, 2021 10:46:00 PM</span>
	<span class='label end-time'>May 1, 2021 10:46:42 PM</span>
	<span class='label time-taken grey lighten-1 white-text'>0h 0m 41s+993ms</span>
</div>
	<div class='test-steps'>
		<table class='bordered table-results'>
			<thead>
				<tr>
					<th>Status</th>
					<th>Timestamp</th>
					<th>Details</th>
				</tr>
			</thead>
			<tbody>
				<tr class='log' status='info'>
					<td class='status info' title='info' alt='info'><i class='material-icons'>info_outline</i></td>
					<td class='timestamp'>10:46:00 PM</td>
					<td class='step-details'>On Test Start : T15_To_Verify_Subject_Shown_In_Review_Page_Is_Tappable</td>
				</tr>
				<tr class='log' status='info'>
					<td class='status info' title='info' alt='info'><i class='material-icons'>info_outline</i></td>
					<td class='timestamp'>10:46:13 PM</td>
					<td class='step-details'>User can be navigated to the landing page after login</td>
				</tr>
				<tr class='log' status='info'>
					<td class='status info' title='info' alt='info'><i class='material-icons'>info_outline</i></td>
					<td class='timestamp'>10:46:20 PM</td>
					<td class='step-details'>User able to navigate to MyLessons Page</td>
				</tr>
				<tr class='log' status='info'>
					<td class='status info' title='info' alt='info'><i class='material-icons'>info_outline</i></td>
					<td class='timestamp'>10:46:29 PM</td>
					<td class='step-details'>At the bottom Review Plan button is displayed</td>
				</tr>
				<tr class='log' status='info'>
					<td class='status info' title='info' alt='info'><i class='material-icons'>info_outline</i></td>
					<td class='timestamp'>10:46:35 PM</td>
					<td class='step-details'>User can click on Review Plan button and can navigate to Review Plan Page</td>
				</tr>
				<tr class='log' status='info'>
					<td class='status info' title='info' alt='info'><i class='material-icons'>info_outline</i></td>
					<td class='timestamp'>10:46:41 PM</td>
					<td class='step-details'>Subject shown under portion with a progress bar is tappable</td>
				</tr>
				<tr class='log' status='info'>
					<td class='status info' title='info' alt='info'><i class='material-icons'>info_outline</i></td>
					<td class='timestamp'>10:46:41 PM</td>
					<td class='step-details'>On Test Success : T15_To_Verify_Subject_Shown_In_Review_Page_Is_Tappable</td>
				</tr>
				<tr class='log' status='pass'>
					<td class='status pass' title='pass' alt='pass'><i class='material-icons'>check_circle</i></td>
					<td class='timestamp'>10:46:41 PM</td>
					<td class='step-details'><span class='label white-text green'>T15_To_Verify_Subject_Shown_In_Review_Page_Is_Tappable</span></td>
				</tr>
				<tr class='log' status='pass'>
					<td class='status pass' title='pass' alt='pass'><i class='material-icons'>check_circle</i></td>
					<td class='timestamp'>10:46:42 PM</td>
					<td class='step-details'>T15_To_Verify_Subject_Shown_In_Review_Page_Is_Tappable Passed<img data-featherlight='C:\Users\LENOVO\git\TATA_Studi\Screenshots\T15_To_Verify_Subject_Shown_In_Review_Page_Is_Tappable ExtendReport 01-05-21 10-46-41.png' width='10%' src='C:\Users\LENOVO\git\TATA_Studi\Screenshots\T15_To_Verify_Subject_Shown_In_Review_Page_Is_Tappable ExtendReport 01-05-21 10-46-41.png' data-src='C:\Users\LENOVO\git\TATA_Studi\Screenshots\T15_To_Verify_Subject_Shown_In_Review_Page_Is_Tappable ExtendReport 01-05-21 10-46-41.png'></td>
				</tr>
			</tbody>
		</table>
	</div>
					</div>
				</li>
				
				
				<li class='test displayed active  pass' status='pass' bdd='false' test-id='13'>
					<div class='test-heading'>
						<span class='test-name'>T16_To_Verify_Portions_Added_To_The_Subject_In_Active_Plan</span>
						<span class='test-time'>May 1, 2021 10:46:49 PM</span>
						<span class='test-status right pass'>pass</span>
					</div>
					<div class='test-content hide'>
<div class='test-time-info'>
	<span class='label start-time'>May 1, 2021 10:46:49 PM</span>
	<span class='label end-time'>May 1, 2021 10:47:40 PM</span>
	<span class='label time-taken grey lighten-1 white-text'>0h 0m 51s+598ms</span>
</div>
	<div class='test-steps'>
		<table class='bordered table-results'>
			<thead>
				<tr>
					<th>Status</th>
					<th>Timestamp</th>
					<th>Details</th>
				</tr>
			</thead>
			<tbody>
				<tr class='log' status='info'>
					<td class='status info' title='info' alt='info'><i class='material-icons'>info_outline</i></td>
					<td class='timestamp'>10:46:49 PM</td>
					<td class='step-details'>On Test Start : T16_To_Verify_Portions_Added_To_The_Subject_In_Active_Plan</td>
				</tr>
				<tr class='log' status='info'>
					<td class='status info' title='info' alt='info'><i class='material-icons'>info_outline</i></td>
					<td class='timestamp'>10:47:02 PM</td>
					<td class='step-details'>User can be navigated to the landing page after login</td>
				</tr>
				<tr class='log' status='info'>
					<td class='status info' title='info' alt='info'><i class='material-icons'>info_outline</i></td>
					<td class='timestamp'>10:47:09 PM</td>
					<td class='step-details'>User able to navigate to MyLessons Page</td>
				</tr>
				<tr class='log' status='info'>
					<td class='status info' title='info' alt='info'><i class='material-icons'>info_outline</i></td>
					<td class='timestamp'>10:47:20 PM</td>
					<td class='step-details'>At the bottom Review Plan button is displayed</td>
				</tr>
				<tr class='log' status='info'>
					<td class='status info' title='info' alt='info'><i class='material-icons'>info_outline</i></td>
					<td class='timestamp'>10:47:27 PM</td>
					<td class='step-details'>User can click on Review Plan button and can navigate to Review Plan Page</td>
				</tr>
				<tr class='log' status='info'>
					<td class='status info' title='info' alt='info'><i class='material-icons'>info_outline</i></td>
					<td class='timestamp'>10:47:33 PM</td>
					<td class='step-details'>Subject shown under portion with a progress bar is tappable</td>
				</tr>
				<tr class='log' status='info'>
					<td class='status info' title='info' alt='info'><i class='material-icons'>info_outline</i></td>
					<td class='timestamp'>10:47:38 PM</td>
					<td class='step-details'>Chapters are shown in active plan</td>
				</tr>
				<tr class='log' status='info'>
					<td class='status info' title='info' alt='info'><i class='material-icons'>info_outline</i></td>
					<td class='timestamp'>10:47:38 PM</td>
					<td class='step-details'>Total topics shown in chapter are  : 3</td>
				</tr>
				<tr class='log' status='info'>
					<td class='status info' title='info' alt='info'><i class='material-icons'>info_outline</i></td>
					<td class='timestamp'>10:47:39 PM</td>
					<td class='step-details'>Aspects and Influence of Diversity</td>
				</tr>
				<tr class='log' status='info'>
					<td class='status info' title='info' alt='info'><i class='material-icons'>info_outline</i></td>
					<td class='timestamp'>10:47:39 PM</td>
					<td class='step-details'>Diversity in India</td>
				</tr>
				<tr class='log' status='info'>
					<td class='status info' title='info' alt='info'><i class='material-icons'>info_outline</i></td>
					<td class='timestamp'>10:47:39 PM</td>
					<td class='step-details'>Unity in Diversity</td>
				</tr>
				<tr class='log' status='info'>
					<td class='status info' title='info' alt='info'><i class='material-icons'>info_outline</i></td>
					<td class='timestamp'>10:47:39 PM</td>
					<td class='step-details'>On Test Success : T16_To_Verify_Portions_Added_To_The_Subject_In_Active_Plan</td>
				</tr>
				<tr class='log' status='pass'>
					<td class='status pass' title='pass' alt='pass'><i class='material-icons'>check_circle</i></td>
					<td class='timestamp'>10:47:39 PM</td>
					<td class='step-details'><span class='label white-text green'>T16_To_Verify_Portions_Added_To_The_Subject_In_Active_Plan</span></td>
				</tr>
				<tr class='log' status='pass'>
					<td class='status pass' title='pass' alt='pass'><i class='material-icons'>check_circle</i></td>
					<td class='timestamp'>10:47:40 PM</td>
					<td class='step-details'>T16_To_Verify_Portions_Added_To_The_Subject_In_Active_Plan Passed<img data-featherlight='C:\Users\LENOVO\git\TATA_Studi\Screenshots\T16_To_Verify_Portions_Added_To_The_Subject_In_Active_Plan ExtendReport 01-05-21 10-47-39.png' width='10%' src='C:\Users\LENOVO\git\TATA_Studi\Screenshots\T16_To_Verify_Portions_Added_To_The_Subject_In_Active_Plan ExtendReport 01-05-21 10-47-39.png' data-src='C:\Users\LENOVO\git\TATA_Studi\Screenshots\T16_To_Verify_Portions_Added_To_The_Subject_In_Active_Plan ExtendReport 01-05-21 10-47-39.png'></td>
				</tr>
			</tbody>
		</table>
	</div>
					</div>
				</li>
				
				
				<li class='test displayed active  pass' status='pass' bdd='false' test-id='14'>
					<div class='test-heading'>
						<span class='test-name'>T17_To_Verify_Total_No_Of_Topics_And_Chapters_In_Review_Plan_Page</span>
						<span class='test-time'>May 1, 2021 10:47:47 PM</span>
						<span class='test-status right pass'>pass</span>
					</div>
					<div class='test-content hide'>
<div class='test-time-info'>
	<span class='label start-time'>May 1, 2021 10:47:47 PM</span>
	<span class='label end-time'>May 1, 2021 10:48:27 PM</span>
	<span class='label time-taken grey lighten-1 white-text'>0h 0m 39s+435ms</span>
</div>
	<div class='test-steps'>
		<table class='bordered table-results'>
			<thead>
				<tr>
					<th>Status</th>
					<th>Timestamp</th>
					<th>Details</th>
				</tr>
			</thead>
			<tbody>
				<tr class='log' status='info'>
					<td class='status info' title='info' alt='info'><i class='material-icons'>info_outline</i></td>
					<td class='timestamp'>10:47:47 PM</td>
					<td class='step-details'>On Test Start : T17_To_Verify_Total_No_Of_Topics_And_Chapters_In_Review_Plan_Page</td>
				</tr>
				<tr class='log' status='info'>
					<td class='status info' title='info' alt='info'><i class='material-icons'>info_outline</i></td>
					<td class='timestamp'>10:48:01 PM</td>
					<td class='step-details'>User can be navigated to the landing page after login</td>
				</tr>
				<tr class='log' status='info'>
					<td class='status info' title='info' alt='info'><i class='material-icons'>info_outline</i></td>
					<td class='timestamp'>10:48:09 PM</td>
					<td class='step-details'>User able to navigate to MyLessons Page</td>
				</tr>
				<tr class='log' status='info'>
					<td class='status info' title='info' alt='info'><i class='material-icons'>info_outline</i></td>
					<td class='timestamp'>10:48:19 PM</td>
					<td class='step-details'>At the bottom Review Plan button is displayed</td>
				</tr>
				<tr class='log' status='info'>
					<td class='status info' title='info' alt='info'><i class='material-icons'>info_outline</i></td>
					<td class='timestamp'>10:48:25 PM</td>
					<td class='step-details'>User can click on Review Plan button and can navigate to Review Plan Page</td>
				</tr>
				<tr class='log' status='info'>
					<td class='status info' title='info' alt='info'><i class='material-icons'>info_outline</i></td>
					<td class='timestamp'>10:48:25 PM</td>
					<td class='step-details'>Progress Bar Displayed under the Heading Portion</td>
				</tr>
				<tr class='log' status='info'>
					<td class='status info' title='info' alt='info'><i class='material-icons'>info_outline</i></td>
					<td class='timestamp'>10:48:26 PM</td>
					<td class='step-details'>Total number of chapters and topics added to the subject are shown to the user.</td>
				</tr>
				<tr class='log' status='info'>
					<td class='status info' title='info' alt='info'><i class='material-icons'>info_outline</i></td>
					<td class='timestamp'>10:48:26 PM</td>
					<td class='step-details'>On Test Success : T17_To_Verify_Total_No_Of_Topics_And_Chapters_In_Review_Plan_Page</td>
				</tr>
				<tr class='log' status='pass'>
					<td class='status pass' title='pass' alt='pass'><i class='material-icons'>check_circle</i></td>
					<td class='timestamp'>10:48:26 PM</td>
					<td class='step-details'><span class='label white-text green'>T17_To_Verify_Total_No_Of_Topics_And_Chapters_In_Review_Plan_Page</span></td>
				</tr>
				<tr class='log' status='pass'>
					<td class='status pass' title='pass' alt='pass'><i class='material-icons'>check_circle</i></td>
					<td class='timestamp'>10:48:27 PM</td>
					<td class='step-details'>T17_To_Verify_Total_No_Of_Topics_And_Chapters_In_Review_Plan_Page Passed<img data-featherlight='C:\Users\LENOVO\git\TATA_Studi\Screenshots\T17_To_Verify_Total_No_Of_Topics_And_Chapters_In_Review_Plan_Page ExtendReport 01-05-21 10-48-26.png' width='10%' src='C:\Users\LENOVO\git\TATA_Studi\Screenshots\T17_To_Verify_Total_No_Of_Topics_And_Chapters_In_Review_Plan_Page ExtendReport 01-05-21 10-48-26.png' data-src='C:\Users\LENOVO\git\TATA_Studi\Screenshots\T17_To_Verify_Total_No_Of_Topics_And_Chapters_In_Review_Plan_Page ExtendReport 01-05-21 10-48-26.png'></td>
				</tr>
			</tbody>
		</table>
	</div>
					</div>
				</li>
				
				
				<li class='test displayed active  pass' status='pass' bdd='false' test-id='15'>
					<div class='test-heading'>
						<span class='test-name'>T18_To_Verify_Plan_Detail_Tab_In_Review_Plan_Page</span>
						<span class='test-time'>May 1, 2021 10:48:34 PM</span>
						<span class='test-status right pass'>pass</span>
					</div>
					<div class='test-content hide'>
<div class='test-time-info'>
	<span class='label start-time'>May 1, 2021 10:48:34 PM</span>
	<span class='label end-time'>May 1, 2021 10:49:12 PM</span>
	<span class='label time-taken grey lighten-1 white-text'>0h 0m 38s+465ms</span>
</div>
	<div class='test-steps'>
		<table class='bordered table-results'>
			<thead>
				<tr>
					<th>Status</th>
					<th>Timestamp</th>
					<th>Details</th>
				</tr>
			</thead>
			<tbody>
				<tr class='log' status='info'>
					<td class='status info' title='info' alt='info'><i class='material-icons'>info_outline</i></td>
					<td class='timestamp'>10:48:34 PM</td>
					<td class='step-details'>On Test Start : T18_To_Verify_Plan_Detail_Tab_In_Review_Plan_Page</td>
				</tr>
				<tr class='log' status='info'>
					<td class='status info' title='info' alt='info'><i class='material-icons'>info_outline</i></td>
					<td class='timestamp'>10:48:48 PM</td>
					<td class='step-details'>User can be navigated to the landing page after login</td>
				</tr>
				<tr class='log' status='info'>
					<td class='status info' title='info' alt='info'><i class='material-icons'>info_outline</i></td>
					<td class='timestamp'>10:48:55 PM</td>
					<td class='step-details'>User able to navigate to MyLessons Page</td>
				</tr>
				<tr class='log' status='info'>
					<td class='status info' title='info' alt='info'><i class='material-icons'>info_outline</i></td>
					<td class='timestamp'>10:49:05 PM</td>
					<td class='step-details'>At the bottom Review Plan button is displayed</td>
				</tr>
				<tr class='log' status='info'>
					<td class='status info' title='info' alt='info'><i class='material-icons'>info_outline</i></td>
					<td class='timestamp'>10:49:11 PM</td>
					<td class='step-details'>User can click on Review Plan button and can navigate to Review Plan Page</td>
				</tr>
				<tr class='log' status='info'>
					<td class='status info' title='info' alt='info'><i class='material-icons'>info_outline</i></td>
					<td class='timestamp'>10:49:11 PM</td>
					<td class='step-details'>The Plan Detail tab is shown to the user</td>
				</tr>
				<tr class='log' status='info'>
					<td class='status info' title='info' alt='info'><i class='material-icons'>info_outline</i></td>
					<td class='timestamp'>10:49:11 PM</td>
					<td class='step-details'>On Test Success : T18_To_Verify_Plan_Detail_Tab_In_Review_Plan_Page</td>
				</tr>
				<tr class='log' status='pass'>
					<td class='status pass' title='pass' alt='pass'><i class='material-icons'>check_circle</i></td>
					<td class='timestamp'>10:49:11 PM</td>
					<td class='step-details'><span class='label white-text green'>T18_To_Verify_Plan_Detail_Tab_In_Review_Plan_Page</span></td>
				</tr>
				<tr class='log' status='pass'>
					<td class='status pass' title='pass' alt='pass'><i class='material-icons'>check_circle</i></td>
					<td class='timestamp'>10:49:12 PM</td>
					<td class='step-details'>T18_To_Verify_Plan_Detail_Tab_In_Review_Plan_Page Passed<img data-featherlight='C:\Users\LENOVO\git\TATA_Studi\Screenshots\T18_To_Verify_Plan_Detail_Tab_In_Review_Plan_Page ExtendReport 01-05-21 10-49-11.png' width='10%' src='C:\Users\LENOVO\git\TATA_Studi\Screenshots\T18_To_Verify_Plan_Detail_Tab_In_Review_Plan_Page ExtendReport 01-05-21 10-49-11.png' data-src='C:\Users\LENOVO\git\TATA_Studi\Screenshots\T18_To_Verify_Plan_Detail_Tab_In_Review_Plan_Page ExtendReport 01-05-21 10-49-11.png'></td>
				</tr>
			</tbody>
		</table>
	</div>
					</div>
				</li>
				
				
				<li class='test displayed active  pass' status='pass' bdd='false' test-id='16'>
					<div class='test-heading'>
						<span class='test-name'>T19_To_Verify_Details_In_Plan_Detail_Tab_In_Review_Plan_Page</span>
						<span class='test-time'>May 1, 2021 10:49:20 PM</span>
						<span class='test-status right pass'>pass</span>
					</div>
					<div class='test-content hide'>
<div class='test-time-info'>
	<span class='label start-time'>May 1, 2021 10:49:20 PM</span>
	<span class='label end-time'>May 1, 2021 10:49:59 PM</span>
	<span class='label time-taken grey lighten-1 white-text'>0h 0m 39s+258ms</span>
</div>
	<div class='test-steps'>
		<table class='bordered table-results'>
			<thead>
				<tr>
					<th>Status</th>
					<th>Timestamp</th>
					<th>Details</th>
				</tr>
			</thead>
			<tbody>
				<tr class='log' status='info'>
					<td class='status info' title='info' alt='info'><i class='material-icons'>info_outline</i></td>
					<td class='timestamp'>10:49:20 PM</td>
					<td class='step-details'>On Test Start : T19_To_Verify_Details_In_Plan_Detail_Tab_In_Review_Plan_Page</td>
				</tr>
				<tr class='log' status='info'>
					<td class='status info' title='info' alt='info'><i class='material-icons'>info_outline</i></td>
					<td class='timestamp'>10:49:33 PM</td>
					<td class='step-details'>User can be navigated to the landing page after login</td>
				</tr>
				<tr class='log' status='info'>
					<td class='status info' title='info' alt='info'><i class='material-icons'>info_outline</i></td>
					<td class='timestamp'>10:49:40 PM</td>
					<td class='step-details'>User able to navigate to MyLessons Page</td>
				</tr>
				<tr class='log' status='info'>
					<td class='status info' title='info' alt='info'><i class='material-icons'>info_outline</i></td>
					<td class='timestamp'>10:49:50 PM</td>
					<td class='step-details'>At the bottom Review Plan button is displayed</td>
				</tr>
				<tr class='log' status='info'>
					<td class='status info' title='info' alt='info'><i class='material-icons'>info_outline</i></td>
					<td class='timestamp'>10:49:57 PM</td>
					<td class='step-details'>User can click on Review Plan button and can navigate to Review Plan Page</td>
				</tr>
				<tr class='log' status='info'>
					<td class='status info' title='info' alt='info'><i class='material-icons'>info_outline</i></td>
					<td class='timestamp'>10:49:57 PM</td>
					<td class='step-details'>The Plan Detail tab is shown to the user</td>
				</tr>
				<tr class='log' status='info'>
					<td class='status info' title='info' alt='info'><i class='material-icons'>info_outline</i></td>
					<td class='timestamp'>10:49:57 PM</td>
					<td class='step-details'>The current week, user is presently in is shown to user</td>
				</tr>
				<tr class='log' status='info'>
					<td class='status info' title='info' alt='info'><i class='material-icons'>info_outline</i></td>
					<td class='timestamp'>10:49:58 PM</td>
					<td class='step-details'>Daily Study Goal is shown to the user</td>
				</tr>
				<tr class='log' status='info'>
					<td class='status info' title='info' alt='info'><i class='material-icons'>info_outline</i></td>
					<td class='timestamp'>10:49:58 PM</td>
					<td class='step-details'>Plan End Date is shown to user</td>
				</tr>
				<tr class='log' status='info'>
					<td class='status info' title='info' alt='info'><i class='material-icons'>info_outline</i></td>
					<td class='timestamp'>10:49:58 PM</td>
					<td class='step-details'>On Test Success : T19_To_Verify_Details_In_Plan_Detail_Tab_In_Review_Plan_Page</td>
				</tr>
				<tr class='log' status='pass'>
					<td class='status pass' title='pass' alt='pass'><i class='material-icons'>check_circle</i></td>
					<td class='timestamp'>10:49:58 PM</td>
					<td class='step-details'><span class='label white-text green'>T19_To_Verify_Details_In_Plan_Detail_Tab_In_Review_Plan_Page</span></td>
				</tr>
				<tr class='log' status='pass'>
					<td class='status pass' title='pass' alt='pass'><i class='material-icons'>check_circle</i></td>
					<td class='timestamp'>10:49:59 PM</td>
					<td class='step-details'>T19_To_Verify_Details_In_Plan_Detail_Tab_In_Review_Plan_Page Passed<img data-featherlight='C:\Users\LENOVO\git\TATA_Studi\Screenshots\T19_To_Verify_Details_In_Plan_Detail_Tab_In_Review_Plan_Page ExtendReport 01-05-21 10-49-58.png' width='10%' src='C:\Users\LENOVO\git\TATA_Studi\Screenshots\T19_To_Verify_Details_In_Plan_Detail_Tab_In_Review_Plan_Page ExtendReport 01-05-21 10-49-58.png' data-src='C:\Users\LENOVO\git\TATA_Studi\Screenshots\T19_To_Verify_Details_In_Plan_Detail_Tab_In_Review_Plan_Page ExtendReport 01-05-21 10-49-58.png'></td>
				</tr>
			</tbody>
		</table>
	</div>
					</div>
				</li>
				
				
				<li class='test displayed active  pass' status='pass' bdd='false' test-id='17'>
					<div class='test-heading'>
						<span class='test-name'>T20_To_Verify_Modify_Tab_In_Review_Plan_Page</span>
						<span class='test-time'>May 1, 2021 10:50:06 PM</span>
						<span class='test-status right pass'>pass</span>
					</div>
					<div class='test-content hide'>
<div class='test-time-info'>
	<span class='label start-time'>May 1, 2021 10:50:06 PM</span>
	<span class='label end-time'>May 1, 2021 10:50:44 PM</span>
	<span class='label time-taken grey lighten-1 white-text'>0h 0m 37s+903ms</span>
</div>
	<div class='test-steps'>
		<table class='bordered table-results'>
			<thead>
				<tr>
					<th>Status</th>
					<th>Timestamp</th>
					<th>Details</th>
				</tr>
			</thead>
			<tbody>
				<tr class='log' status='info'>
					<td class='status info' title='info' alt='info'><i class='material-icons'>info_outline</i></td>
					<td class='timestamp'>10:50:06 PM</td>
					<td class='step-details'>On Test Start : T20_To_Verify_Modify_Tab_In_Review_Plan_Page</td>
				</tr>
				<tr class='log' status='info'>
					<td class='status info' title='info' alt='info'><i class='material-icons'>info_outline</i></td>
					<td class='timestamp'>10:50:20 PM</td>
					<td class='step-details'>User can be navigated to the landing page after login</td>
				</tr>
				<tr class='log' status='info'>
					<td class='status info' title='info' alt='info'><i class='material-icons'>info_outline</i></td>
					<td class='timestamp'>10:50:27 PM</td>
					<td class='step-details'>User able to navigate to MyLessons Page</td>
				</tr>
				<tr class='log' status='info'>
					<td class='status info' title='info' alt='info'><i class='material-icons'>info_outline</i></td>
					<td class='timestamp'>10:50:37 PM</td>
					<td class='step-details'>At the bottom Review Plan button is displayed</td>
				</tr>
				<tr class='log' status='info'>
					<td class='status info' title='info' alt='info'><i class='material-icons'>info_outline</i></td>
					<td class='timestamp'>10:50:43 PM</td>
					<td class='step-details'>User can click on Review Plan button and can navigate to Review Plan Page</td>
				</tr>
				<tr class='log' status='info'>
					<td class='status info' title='info' alt='info'><i class='material-icons'>info_outline</i></td>
					<td class='timestamp'>10:50:43 PM</td>
					<td class='step-details'>The Modify tab is shown to the user</td>
				</tr>
				<tr class='log' status='info'>
					<td class='status info' title='info' alt='info'><i class='material-icons'>info_outline</i></td>
					<td class='timestamp'>10:50:43 PM</td>
					<td class='step-details'>On Test Success : T20_To_Verify_Modify_Tab_In_Review_Plan_Page</td>
				</tr>
				<tr class='log' status='pass'>
					<td class='status pass' title='pass' alt='pass'><i class='material-icons'>check_circle</i></td>
					<td class='timestamp'>10:50:43 PM</td>
					<td class='step-details'><span class='label white-text green'>T20_To_Verify_Modify_Tab_In_Review_Plan_Page</span></td>
				</tr>
				<tr class='log' status='pass'>
					<td class='status pass' title='pass' alt='pass'><i class='material-icons'>check_circle</i></td>
					<td class='timestamp'>10:50:44 PM</td>
					<td class='step-details'>T20_To_Verify_Modify_Tab_In_Review_Plan_Page Passed<img data-featherlight='C:\Users\LENOVO\git\TATA_Studi\Screenshots\T20_To_Verify_Modify_Tab_In_Review_Plan_Page ExtendReport 01-05-21 10-50-43.png' width='10%' src='C:\Users\LENOVO\git\TATA_Studi\Screenshots\T20_To_Verify_Modify_Tab_In_Review_Plan_Page ExtendReport 01-05-21 10-50-43.png' data-src='C:\Users\LENOVO\git\TATA_Studi\Screenshots\T20_To_Verify_Modify_Tab_In_Review_Plan_Page ExtendReport 01-05-21 10-50-43.png'></td>
				</tr>
			</tbody>
		</table>
	</div>
					</div>
				</li>
				
				
				<li class='test displayed active  pass' status='pass' bdd='false' test-id='18'>
					<div class='test-heading'>
						<span class='test-name'>T21_To_Verify_DeadLine_Tab_Under_Modify_Tab_In_Review_Plan_Page</span>
						<span class='test-time'>May 1, 2021 10:50:51 PM</span>
						<span class='test-status right pass'>pass</span>
					</div>
					<div class='test-content hide'>
<div class='test-time-info'>
	<span class='label start-time'>May 1, 2021 10:50:51 PM</span>
	<span class='label end-time'>May 1, 2021 10:51:30 PM</span>
	<span class='label time-taken grey lighten-1 white-text'>0h 0m 38s+629ms</span>
</div>
	<div class='test-steps'>
		<table class='bordered table-results'>
			<thead>
				<tr>
					<th>Status</th>
					<th>Timestamp</th>
					<th>Details</th>
				</tr>
			</thead>
			<tbody>
				<tr class='log' status='info'>
					<td class='status info' title='info' alt='info'><i class='material-icons'>info_outline</i></td>
					<td class='timestamp'>10:50:51 PM</td>
					<td class='step-details'>On Test Start : T21_To_Verify_DeadLine_Tab_Under_Modify_Tab_In_Review_Plan_Page</td>
				</tr>
				<tr class='log' status='info'>
					<td class='status info' title='info' alt='info'><i class='material-icons'>info_outline</i></td>
					<td class='timestamp'>10:51:05 PM</td>
					<td class='step-details'>User can be navigated to the landing page after login</td>
				</tr>
				<tr class='log' status='info'>
					<td class='status info' title='info' alt='info'><i class='material-icons'>info_outline</i></td>
					<td class='timestamp'>10:51:12 PM</td>
					<td class='step-details'>User able to navigate to MyLessons Page</td>
				</tr>
				<tr class='log' status='info'>
					<td class='status info' title='info' alt='info'><i class='material-icons'>info_outline</i></td>
					<td class='timestamp'>10:51:22 PM</td>
					<td class='step-details'>At the bottom Review Plan button is displayed</td>
				</tr>
				<tr class='log' status='info'>
					<td class='status info' title='info' alt='info'><i class='material-icons'>info_outline</i></td>
					<td class='timestamp'>10:51:27 PM</td>
					<td class='step-details'>User can click on Review Plan button and can navigate to Review Plan Page</td>
				</tr>
				<tr class='log' status='info'>
					<td class='status info' title='info' alt='info'><i class='material-icons'>info_outline</i></td>
					<td class='timestamp'>10:51:27 PM</td>
					<td class='step-details'>The Modify tab is shown to the user</td>
				</tr>
				<tr class='log' status='info'>
					<td class='status info' title='info' alt='info'><i class='material-icons'>info_outline</i></td>
					<td class='timestamp'>10:51:29 PM</td>
					<td class='step-details'>Under Modify tab, Deadline  option is shown to the user</td>
				</tr>
				<tr class='log' status='info'>
					<td class='status info' title='info' alt='info'><i class='material-icons'>info_outline</i></td>
					<td class='timestamp'>10:51:29 PM</td>
					<td class='step-details'>On Test Success : T21_To_Verify_DeadLine_Tab_Under_Modify_Tab_In_Review_Plan_Page</td>
				</tr>
				<tr class='log' status='pass'>
					<td class='status pass' title='pass' alt='pass'><i class='material-icons'>check_circle</i></td>
					<td class='timestamp'>10:51:29 PM</td>
					<td class='step-details'><span class='label white-text green'>T21_To_Verify_DeadLine_Tab_Under_Modify_Tab_In_Review_Plan_Page</span></td>
				</tr>
				<tr class='log' status='pass'>
					<td class='status pass' title='pass' alt='pass'><i class='material-icons'>check_circle</i></td>
					<td class='timestamp'>10:51:30 PM</td>
					<td class='step-details'>T21_To_Verify_DeadLine_Tab_Under_Modify_Tab_In_Review_Plan_Page Passed<img data-featherlight='C:\Users\LENOVO\git\TATA_Studi\Screenshots\T21_To_Verify_DeadLine_Tab_Under_Modify_Tab_In_Review_Plan_Page ExtendReport 01-05-21 10-51-29.png' width='10%' src='C:\Users\LENOVO\git\TATA_Studi\Screenshots\T21_To_Verify_DeadLine_Tab_Under_Modify_Tab_In_Review_Plan_Page ExtendReport 01-05-21 10-51-29.png' data-src='C:\Users\LENOVO\git\TATA_Studi\Screenshots\T21_To_Verify_DeadLine_Tab_Under_Modify_Tab_In_Review_Plan_Page ExtendReport 01-05-21 10-51-29.png'></td>
				</tr>
			</tbody>
		</table>
	</div>
					</div>
				</li>
				
				
				<li class='test displayed active  pass' status='pass' bdd='false' test-id='19'>
					<div class='test-heading'>
						<span class='test-name'>T22_To_Verify_DeadLine_Tab_Under_Modify_Tab_Is_Functional</span>
						<span class='test-time'>May 1, 2021 10:51:37 PM</span>
						<span class='test-status right pass'>pass</span>
					</div>
					<div class='test-content hide'>
<div class='test-time-info'>
	<span class='label start-time'>May 1, 2021 10:51:37 PM</span>
	<span class='label end-time'>May 1, 2021 10:52:26 PM</span>
	<span class='label time-taken grey lighten-1 white-text'>0h 0m 48s+576ms</span>
</div>
	<div class='test-steps'>
		<table class='bordered table-results'>
			<thead>
				<tr>
					<th>Status</th>
					<th>Timestamp</th>
					<th>Details</th>
				</tr>
			</thead>
			<tbody>
				<tr class='log' status='info'>
					<td class='status info' title='info' alt='info'><i class='material-icons'>info_outline</i></td>
					<td class='timestamp'>10:51:37 PM</td>
					<td class='step-details'>On Test Start : T22_To_Verify_DeadLine_Tab_Under_Modify_Tab_Is_Functional</td>
				</tr>
				<tr class='log' status='info'>
					<td class='status info' title='info' alt='info'><i class='material-icons'>info_outline</i></td>
					<td class='timestamp'>10:51:51 PM</td>
					<td class='step-details'>User can be navigated to the landing page after login</td>
				</tr>
				<tr class='log' status='info'>
					<td class='status info' title='info' alt='info'><i class='material-icons'>info_outline</i></td>
					<td class='timestamp'>10:51:57 PM</td>
					<td class='step-details'>User able to navigate to MyLessons Page</td>
				</tr>
				<tr class='log' status='info'>
					<td class='status info' title='info' alt='info'><i class='material-icons'>info_outline</i></td>
					<td class='timestamp'>10:52:07 PM</td>
					<td class='step-details'>At the bottom Review Plan button is displayed</td>
				</tr>
				<tr class='log' status='info'>
					<td class='status info' title='info' alt='info'><i class='material-icons'>info_outline</i></td>
					<td class='timestamp'>10:52:13 PM</td>
					<td class='step-details'>User can click on Review Plan button and can navigate to Review Plan Page</td>
				</tr>
				<tr class='log' status='info'>
					<td class='status info' title='info' alt='info'><i class='material-icons'>info_outline</i></td>
					<td class='timestamp'>10:52:13 PM</td>
					<td class='step-details'>The Modify tab is shown to the user</td>
				</tr>
				<tr class='log' status='info'>
					<td class='status info' title='info' alt='info'><i class='material-icons'>info_outline</i></td>
					<td class='timestamp'>10:52:15 PM</td>
					<td class='step-details'>Under Modify tab, Deadline  option is shown to the user</td>
				</tr>
				<tr class='log' status='info'>
					<td class='status info' title='info' alt='info'><i class='material-icons'>info_outline</i></td>
					<td class='timestamp'>10:52:24 PM</td>
					<td class='step-details'>User navigated to the Review Deadline page with Calendar view</td>
				</tr>
				<tr class='log' status='info'>
					<td class='status info' title='info' alt='info'><i class='material-icons'>info_outline</i></td>
					<td class='timestamp'>10:52:24 PM</td>
					<td class='step-details'>On Test Success : T22_To_Verify_DeadLine_Tab_Under_Modify_Tab_Is_Functional</td>
				</tr>
				<tr class='log' status='pass'>
					<td class='status pass' title='pass' alt='pass'><i class='material-icons'>check_circle</i></td>
					<td class='timestamp'>10:52:24 PM</td>
					<td class='step-details'><span class='label white-text green'>T22_To_Verify_DeadLine_Tab_Under_Modify_Tab_Is_Functional</span></td>
				</tr>
				<tr class='log' status='pass'>
					<td class='status pass' title='pass' alt='pass'><i class='material-icons'>check_circle</i></td>
					<td class='timestamp'>10:52:26 PM</td>
					<td class='step-details'>T22_To_Verify_DeadLine_Tab_Under_Modify_Tab_Is_Functional Passed<img data-featherlight='C:\Users\LENOVO\git\TATA_Studi\Screenshots\T22_To_Verify_DeadLine_Tab_Under_Modify_Tab_Is_Functional ExtendReport 01-05-21 10-52-24.png' width='10%' src='C:\Users\LENOVO\git\TATA_Studi\Screenshots\T22_To_Verify_DeadLine_Tab_Under_Modify_Tab_Is_Functional ExtendReport 01-05-21 10-52-24.png' data-src='C:\Users\LENOVO\git\TATA_Studi\Screenshots\T22_To_Verify_DeadLine_Tab_Under_Modify_Tab_Is_Functional ExtendReport 01-05-21 10-52-24.png'></td>
				</tr>
			</tbody>
		</table>
	</div>
					</div>
				</li>
				
				
				<li class='test displayed active  fail' status='fail' bdd='false' test-id='20'>
					<div class='test-heading'>
						<span class='test-name'>T23_To_Verify_User_Should_Be_Able_To_Modify_The_Plans_DeadLine</span>
						<span class='test-time'>May 1, 2021 10:52:33 PM</span>
						<span class='test-status right fail'>fail</span>
					</div>
					<div class='test-content hide'>
<div class='test-time-info'>
	<span class='label start-time'>May 1, 2021 10:52:33 PM</span>
	<span class='label end-time'>May 1, 2021 10:52:47 PM</span>
	<span class='label time-taken grey lighten-1 white-text'>0h 0m 14s+660ms</span>
</div>
	<div class='test-steps'>
		<table class='bordered table-results'>
			<thead>
				<tr>
					<th>Status</th>
					<th>Timestamp</th>
					<th>Details</th>
				</tr>
			</thead>
			<tbody>
				<tr class='log' status='info'>
					<td class='status info' title='info' alt='info'><i class='material-icons'>info_outline</i></td>
					<td class='timestamp'>10:52:33 PM</td>
					<td class='step-details'>On Test Start : T23_To_Verify_User_Should_Be_Able_To_Modify_The_Plans_DeadLine</td>
				</tr>
				<tr class='log' status='fail'>
					<td class='status fail' title='fail' alt='fail'><i class='material-icons'>cancel</i></td>
					<td class='timestamp'>10:52:46 PM</td>
					<td class='step-details'>On Test Failure : T23_To_Verify_User_Should_Be_Able_To_Modify_The_Plans_DeadLine</td>
				</tr>
				<tr class='log' status='fail'>
					<td class='status fail' title='fail' alt='fail'><i class='material-icons'>cancel</i></td>
					<td class='timestamp'>10:52:46 PM</td>
					<td class='step-details'><span class='label white-text red'>T23_To_Verify_User_Should_Be_Able_To_Modify_The_Plans_DeadLine</span></td>
				</tr>
				<tr class='log' status='info'>
					<td class='status info' title='info' alt='info'><i class='material-icons'>info_outline</i></td>
					<td class='timestamp'>10:52:46 PM</td>
					<td class='step-details'>Fails Test</td>
				</tr>
				<tr class='log' status='fail'>
					<td class='status fail' title='fail' alt='fail'><i class='material-icons'>cancel</i></td>
					<td class='timestamp'>10:52:46 PM</td>
					<td class='step-details'><textarea>org.openqa.selenium.StaleElementReferenceException: androidx.test.uiautomator.StaleObjectException
For documentation on this error, please visit: https://www.seleniumhq.org/exceptions/stale_element_reference.html
Build info: version: '3.141.59', revision: 'e82be7d358', time: '2018-11-14T08:17:03'
System info: host: 'DESKTOP-TMI6UL6', ip: '192.168.29.241', os.name: 'Windows 10', os.arch: 'amd64', os.version: '10.0', java.version: '15.0.2'
Driver info: io.appium.java_client.AppiumDriver
Capabilities {app: C:\Users\LENOVO\Downloads\S..., appActivity: com.tce.view.ui.activities...., appPackage: com.tce.studi, chromedriverExecutable: C:\Users\LENOVO\Downloads\c..., databaseEnabled: false, desired: {app: C:\Users\LENOVO\Downloads\S..., appActivity: com.tce.view.ui.activities...., appPackage: com.tce.studi, chromedriverExecutable: C:\Users\LENOVO\Downloads\c..., deviceName: Appium, noReset: true, platformName: android, platformVersion: 9, takesScreenshot: true}, deviceApiLevel: 28, deviceManufacturer: HUAWEI, deviceModel: ANE-LX2J, deviceName: 5GC7N19124001281, deviceScreenDensity: 480, deviceScreenSize: 1080x2280, deviceUDID: 5GC7N19124001281, javascriptEnabled: true, locationContextEnabled: false, networkConnectionEnabled: true, noReset: true, pixelRatio: 3, platform: LINUX, platformName: LINUX, platformVersion: 9, statBarHeight: 90, takesScreenshot: true, viewportRect: {height: 1970, left: 0, top: 90, width: 1080}, warnings: {}, webStorageEnabled: false}
Session ID: 277a6d6c-3667-4a36-b60b-cb3c069d8b57
	at java.base/jdk.internal.reflect.NativeConstructorAccessorImpl.newInstance0(Native Method)
	at java.base/jdk.internal.reflect.NativeConstructorAccessorImpl.newInstance(NativeConstructorAccessorImpl.java:64)
	at java.base/jdk.internal.reflect.DelegatingConstructorAccessorImpl.newInstance(DelegatingConstructorAccessorImpl.java:45)
	at java.base/java.lang.reflect.Constructor.newInstanceWithCaller(Constructor.java:500)
	at java.base/java.lang.reflect.Constructor.newInstance(Constructor.java:481)
	at org.openqa.selenium.remote.http.W3CHttpResponseCodec.createException(W3CHttpResponseCodec.java:187)
	at org.openqa.selenium.remote.http.W3CHttpResponseCodec.decode(W3CHttpResponseCodec.java:122)
	at org.openqa.selenium.remote.http.W3CHttpResponseCodec.decode(W3CHttpResponseCodec.java:49)
	at org.openqa.selenium.remote.HttpCommandExecutor.execute(HttpCommandExecutor.java:158)
	at io.appium.java_client.remote.AppiumCommandExecutor.execute(AppiumCommandExecutor.java:239)
	at org.openqa.selenium.remote.RemoteWebDriver.execute(RemoteWebDriver.java:552)
	at io.appium.java_client.DefaultGenericMobileDriver.execute(DefaultGenericMobileDriver.java:42)
	at io.appium.java_client.AppiumDriver.execute(AppiumDriver.java:1)
	at org.openqa.selenium.remote.RemoteWebElement.execute(RemoteWebElement.java:285)
	at io.appium.java_client.DefaultGenericMobileElement.execute(DefaultGenericMobileElement.java:45)
	at io.appium.java_client.MobileElement.execute(MobileElement.java:1)
	at io.appium.java_client.android.AndroidElement.execute(AndroidElement.java:1)
	at org.openqa.selenium.remote.RemoteWebElement.getText(RemoteWebElement.java:166)
	at jdk.internal.reflect.GeneratedMethodAccessor9.invoke(Unknown Source)
	at java.base/jdk.internal.reflect.DelegatingMethodAccessorImpl.invoke(DelegatingMethodAccessorImpl.java:43)
	at java.base/java.lang.reflect.Method.invoke(Method.java:564)
	at io.appium.java_client.pagefactory.ElementInterceptor.getObject(ElementInterceptor.java:40)
	at io.appium.java_client.pagefactory.interceptors.InterceptorOfASingleElement.intercept(InterceptorOfASingleElement.java:60)
	at io.appium.java_client.android.AndroidElement$$EnhancerByCGLIB$$b598166c.getText(<generated>)
	at studi.co.pageModules.Module_ReviewPlan.createPlans(Module_ReviewPlan.java:1479)
	at studi.co.pageModules.Module_ReviewPlan.toVerify_ToModify_ThePlansDeadLine(Module_ReviewPlan.java:1297)
	at studi.co.testScripts.AFS_UserStory_1046.T23_To_Verify_User_Should_Be_Able_To_Modify_The_Plans_DeadLine(AFS_UserStory_1046.java:198)
	at java.base/jdk.internal.reflect.NativeMethodAccessorImpl.invoke0(Native Method)
	at java.base/jdk.internal.reflect.NativeMethodAccessorImpl.invoke(NativeMethodAccessorImpl.java:64)
	at java.base/jdk.internal.reflect.DelegatingMethodAccessorImpl.invoke(DelegatingMethodAccessorImpl.java:43)
	at java.base/java.lang.reflect.Method.invoke(Method.java:564)
	at org.testng.internal.MethodInvocationHelper.invokeMethod(MethodInvocationHelper.java:124)
	at org.testng.internal.Invoker.invokeMethod(Invoker.java:583)
	at org.testng.internal.Invoker.invokeTestMethod(Invoker.java:719)
	at org.testng.internal.Invoker.invokeTestMethods(Invoker.java:989)
	at org.testng.internal.TestMethodWorker.invokeTestMethods(TestMethodWorker.java:125)
	at org.testng.internal.TestMethodWorker.run(TestMethodWorker.java:109)
	at org.testng.TestRunner.privateRun(TestRunner.java:648)
	at org.testng.TestRunner.run(TestRunner.java:505)
	at org.testng.SuiteRunner.runTest(SuiteRunner.java:455)
	at org.testng.SuiteRunner.runSequentially(SuiteRunner.java:450)
	at org.testng.SuiteRunner.privateRun(SuiteRunner.java:415)
	at org.testng.SuiteRunner.run(SuiteRunner.java:364)
	at org.testng.SuiteRunnerWorker.runSuite(SuiteRunnerWorker.java:52)
	at org.testng.SuiteRunnerWorker.run(SuiteRunnerWorker.java:84)
	at org.testng.TestNG.runSuitesSequentially(TestNG.java:1208)
	at org.testng.TestNG.runSuitesLocally(TestNG.java:1137)
	at org.testng.TestNG.runSuites(TestNG.java:1049)
	at org.testng.TestNG.run(TestNG.java:1017)
	at org.testng.remote.AbstractRemoteTestNG.run(AbstractRemoteTestNG.java:115)
	at org.testng.remote.RemoteTestNG.initAndRun(RemoteTestNG.java:251)
	at org.testng.remote.RemoteTestNG.main(RemoteTestNG.java:77)
</textarea></td>
				</tr>
				<tr class='log' status='fail'>
					<td class='status fail' title='fail' alt='fail'><i class='material-icons'>cancel</i></td>
					<td class='timestamp'>10:52:47 PM</td>
					<td class='step-details'>androidx.test.uiautomator.StaleObjectException
For documentation on this error, please visit: https://www.seleniumhq.org/exceptions/stale_element_reference.html
Build info: version: '3.141.59', revision: 'e82be7d358', time: '2018-11-14T08:17:03'
System info: host: 'DESKTOP-TMI6UL6', ip: '192.168.29.241', os.name: 'Windows 10', os.arch: 'amd64', os.version: '10.0', java.version: '15.0.2'
Driver info: io.appium.java_client.AppiumDriver
Capabilities {app: C:\Users\LENOVO\Downloads\S..., appActivity: com.tce.view.ui.activities...., appPackage: com.tce.studi, chromedriverExecutable: C:\Users\LENOVO\Downloads\c..., databaseEnabled: false, desired: {app: C:\Users\LENOVO\Downloads\S..., appActivity: com.tce.view.ui.activities...., appPackage: com.tce.studi, chromedriverExecutable: C:\Users\LENOVO\Downloads\c..., deviceName: Appium, noReset: true, platformName: android, platformVersion: 9, takesScreenshot: true}, deviceApiLevel: 28, deviceManufacturer: HUAWEI, deviceModel: ANE-LX2J, deviceName: 5GC7N19124001281, deviceScreenDensity: 480, deviceScreenSize: 1080x2280, deviceUDID: 5GC7N19124001281, javascriptEnabled: true, locationContextEnabled: false, networkConnectionEnabled: true, noReset: true, pixelRatio: 3, platform: LINUX, platformName: LINUX, platformVersion: 9, statBarHeight: 90, takesScreenshot: true, viewportRect: {height: 1970, left: 0, top: 90, width: 1080}, warnings: {}, webStorageEnabled: false}
Session ID: 277a6d6c-3667-4a36-b60b-cb3c069d8b57<img data-featherlight='C:\Users\LENOVO\git\TATA_Studi\Screenshots\T23_To_Verify_User_Should_Be_Able_To_Modify_The_Plans_DeadLine ExtendReport 01-05-21 10-52-46.png' width='10%' src='C:\Users\LENOVO\git\TATA_Studi\Screenshots\T23_To_Verify_User_Should_Be_Able_To_Modify_The_Plans_DeadLine ExtendReport 01-05-21 10-52-46.png' data-src='C:\Users\LENOVO\git\TATA_Studi\Screenshots\T23_To_Verify_User_Should_Be_Able_To_Modify_The_Plans_DeadLine ExtendReport 01-05-21 10-52-46.png'></td>
				</tr>
			</tbody>
		</table>
	</div>
					</div>
				</li>
				
				
				<li class='test displayed active  pass' status='pass' bdd='false' test-id='21'>
					<div class='test-heading'>
						<span class='test-name'>T24_To_Verify_Plan_Activation_with_Modified_Deadline</span>
						<span class='test-time'>May 1, 2021 10:52:55 PM</span>
						<span class='test-status right pass'>pass</span>
					</div>
					<div class='test-content hide'>
<div class='test-time-info'>
	<span class='label start-time'>May 1, 2021 10:52:55 PM</span>
	<span class='label end-time'>May 1, 2021 10:54:04 PM</span>
	<span class='label time-taken grey lighten-1 white-text'>0h 1m 9s+475ms</span>
</div>
	<div class='test-steps'>
		<table class='bordered table-results'>
			<thead>
				<tr>
					<th>Status</th>
					<th>Timestamp</th>
					<th>Details</th>
				</tr>
			</thead>
			<tbody>
				<tr class='log' status='info'>
					<td class='status info' title='info' alt='info'><i class='material-icons'>info_outline</i></td>
					<td class='timestamp'>10:52:55 PM</td>
					<td class='step-details'>On Test Start : T24_To_Verify_Plan_Activation_with_Modified_Deadline</td>
				</tr>
				<tr class='log' status='info'>
					<td class='status info' title='info' alt='info'><i class='material-icons'>info_outline</i></td>
					<td class='timestamp'>10:53:08 PM</td>
					<td class='step-details'>User can be navigated to the landing page after login</td>
				</tr>
				<tr class='log' status='info'>
					<td class='status info' title='info' alt='info'><i class='material-icons'>info_outline</i></td>
					<td class='timestamp'>10:53:16 PM</td>
					<td class='step-details'>User able to navigate to MyLessons Page</td>
				</tr>
				<tr class='log' status='info'>
					<td class='status info' title='info' alt='info'><i class='material-icons'>info_outline</i></td>
					<td class='timestamp'>10:53:26 PM</td>
					<td class='step-details'>At the bottom Review Plan button is displayed</td>
				</tr>
				<tr class='log' status='info'>
					<td class='status info' title='info' alt='info'><i class='material-icons'>info_outline</i></td>
					<td class='timestamp'>10:53:32 PM</td>
					<td class='step-details'>User can click on Review Plan button and can navigate to Review Plan Page</td>
				</tr>
				<tr class='log' status='info'>
					<td class='status info' title='info' alt='info'><i class='material-icons'>info_outline</i></td>
					<td class='timestamp'>10:53:32 PM</td>
					<td class='step-details'>The Modify tab is shown to the user</td>
				</tr>
				<tr class='log' status='info'>
					<td class='status info' title='info' alt='info'><i class='material-icons'>info_outline</i></td>
					<td class='timestamp'>10:53:33 PM</td>
					<td class='step-details'>Under Modify tab, Deadline  option is shown to the user</td>
				</tr>
				<tr class='log' status='info'>
					<td class='status info' title='info' alt='info'><i class='material-icons'>info_outline</i></td>
					<td class='timestamp'>10:53:42 PM</td>
					<td class='step-details'>User navigated to the Review Deadline page with Calendar view</td>
				</tr>
				<tr class='log' status='info'>
					<td class='status info' title='info' alt='info'><i class='material-icons'>info_outline</i></td>
					<td class='timestamp'>10:54:03 PM</td>
					<td class='step-details'>After selecting date in the calendar, users able to activate the plan with the new deadline</td>
				</tr>
				<tr class='log' status='info'>
					<td class='status info' title='info' alt='info'><i class='material-icons'>info_outline</i></td>
					<td class='timestamp'>10:54:03 PM</td>
					<td class='step-details'>On Test Success : T24_To_Verify_Plan_Activation_with_Modified_Deadline</td>
				</tr>
				<tr class='log' status='pass'>
					<td class='status pass' title='pass' alt='pass'><i class='material-icons'>check_circle</i></td>
					<td class='timestamp'>10:54:03 PM</td>
					<td class='step-details'><span class='label white-text green'>T24_To_Verify_Plan_Activation_with_Modified_Deadline</span></td>
				</tr>
				<tr class='log' status='pass'>
					<td class='status pass' title='pass' alt='pass'><i class='material-icons'>check_circle</i></td>
					<td class='timestamp'>10:54:04 PM</td>
					<td class='step-details'>T24_To_Verify_Plan_Activation_with_Modified_Deadline Passed<img data-featherlight='C:\Users\LENOVO\git\TATA_Studi\Screenshots\T24_To_Verify_Plan_Activation_with_Modified_Deadline ExtendReport 01-05-21 10-54-03.png' width='10%' src='C:\Users\LENOVO\git\TATA_Studi\Screenshots\T24_To_Verify_Plan_Activation_with_Modified_Deadline ExtendReport 01-05-21 10-54-03.png' data-src='C:\Users\LENOVO\git\TATA_Studi\Screenshots\T24_To_Verify_Plan_Activation_with_Modified_Deadline ExtendReport 01-05-21 10-54-03.png'></td>
				</tr>
			</tbody>
		</table>
	</div>
					</div>
				</li>
				
				
				<li class='test displayed active  pass' status='pass' bdd='false' test-id='22'>
					<div class='test-heading'>
						<span class='test-name'>T25_To_Verify_Activation_Of_Plan_With_Unfeasible_Deadline</span>
						<span class='test-time'>May 1, 2021 10:54:11 PM</span>
						<span class='test-status right pass'>pass</span>
					</div>
					<div class='test-content hide'>
<div class='test-time-info'>
	<span class='label start-time'>May 1, 2021 10:54:11 PM</span>
	<span class='label end-time'>May 1, 2021 10:54:12 PM</span>
	<span class='label time-taken grey lighten-1 white-text'>0h 0m 1s+186ms</span>
</div>
	<div class='test-steps'>
		<table class='bordered table-results'>
			<thead>
				<tr>
					<th>Status</th>
					<th>Timestamp</th>
					<th>Details</th>
				</tr>
			</thead>
			<tbody>
				<tr class='log' status='info'>
					<td class='status info' title='info' alt='info'><i class='material-icons'>info_outline</i></td>
					<td class='timestamp'>10:54:11 PM</td>
					<td class='step-details'>On Test Start : T25_To_Verify_Activation_Of_Plan_With_Unfeasible_Deadline</td>
				</tr>
				<tr class='log' status='info'>
					<td class='status info' title='info' alt='info'><i class='material-icons'>info_outline</i></td>
					<td class='timestamp'>10:54:11 PM</td>
					<td class='step-details'>On Test Success : T25_To_Verify_Activation_Of_Plan_With_Unfeasible_Deadline</td>
				</tr>
				<tr class='log' status='pass'>
					<td class='status pass' title='pass' alt='pass'><i class='material-icons'>check_circle</i></td>
					<td class='timestamp'>10:54:11 PM</td>
					<td class='step-details'><span class='label white-text green'>T25_To_Verify_Activation_Of_Plan_With_Unfeasible_Deadline</span></td>
				</tr>
				<tr class='log' status='pass'>
					<td class='status pass' title='pass' alt='pass'><i class='material-icons'>check_circle</i></td>
					<td class='timestamp'>10:54:12 PM</td>
					<td class='step-details'>T25_To_Verify_Activation_Of_Plan_With_Unfeasible_Deadline Passed<img data-featherlight='C:\Users\LENOVO\git\TATA_Studi\Screenshots\T25_To_Verify_Activation_Of_Plan_With_Unfeasible_Deadline ExtendReport 01-05-21 10-54-11.png' width='10%' src='C:\Users\LENOVO\git\TATA_Studi\Screenshots\T25_To_Verify_Activation_Of_Plan_With_Unfeasible_Deadline ExtendReport 01-05-21 10-54-11.png' data-src='C:\Users\LENOVO\git\TATA_Studi\Screenshots\T25_To_Verify_Activation_Of_Plan_With_Unfeasible_Deadline ExtendReport 01-05-21 10-54-11.png'></td>
				</tr>
			</tbody>
		</table>
	</div>
					</div>
				</li>
				
				
				<li class='test displayed active  fail' status='fail' bdd='false' test-id='23'>
					<div class='test-heading'>
						<span class='test-name'>T26_To_Verify_User_Able_To_View_Modified_DeadLine_of_The_Plan</span>
						<span class='test-time'>May 1, 2021 10:54:19 PM</span>
						<span class='test-status right fail'>fail</span>
					</div>
					<div class='test-content hide'>
<div class='test-time-info'>
	<span class='label start-time'>May 1, 2021 10:54:19 PM</span>
	<span class='label end-time'>May 1, 2021 10:55:09 PM</span>
	<span class='label time-taken grey lighten-1 white-text'>0h 0m 49s+345ms</span>
</div>
	<div class='test-steps'>
		<table class='bordered table-results'>
			<thead>
				<tr>
					<th>Status</th>
					<th>Timestamp</th>
					<th>Details</th>
				</tr>
			</thead>
			<tbody>
				<tr class='log' status='info'>
					<td class='status info' title='info' alt='info'><i class='material-icons'>info_outline</i></td>
					<td class='timestamp'>10:54:19 PM</td>
					<td class='step-details'>On Test Start : T26_To_Verify_User_Able_To_View_Modified_DeadLine_of_The_Plan</td>
				</tr>
				<tr class='log' status='info'>
					<td class='status info' title='info' alt='info'><i class='material-icons'>info_outline</i></td>
					<td class='timestamp'>10:54:33 PM</td>
					<td class='step-details'>User can be navigated to the landing page after login</td>
				</tr>
				<tr class='log' status='info'>
					<td class='status info' title='info' alt='info'><i class='material-icons'>info_outline</i></td>
					<td class='timestamp'>10:54:40 PM</td>
					<td class='step-details'>User able to navigate to MyLessons Page</td>
				</tr>
				<tr class='log' status='info'>
					<td class='status info' title='info' alt='info'><i class='material-icons'>info_outline</i></td>
					<td class='timestamp'>10:54:51 PM</td>
					<td class='step-details'>At the bottom Review Plan button is displayed</td>
				</tr>
				<tr class='log' status='info'>
					<td class='status info' title='info' alt='info'><i class='material-icons'>info_outline</i></td>
					<td class='timestamp'>10:54:57 PM</td>
					<td class='step-details'>User can click on Review Plan button and can navigate to Review Plan Page</td>
				</tr>
				<tr class='log' status='info'>
					<td class='status info' title='info' alt='info'><i class='material-icons'>info_outline</i></td>
					<td class='timestamp'>10:54:57 PM</td>
					<td class='step-details'>The Modify tab is shown to the user</td>
				</tr>
				<tr class='log' status='info'>
					<td class='status info' title='info' alt='info'><i class='material-icons'>info_outline</i></td>
					<td class='timestamp'>10:54:58 PM</td>
					<td class='step-details'>Under Modify tab, Deadline  option is shown to the user</td>
				</tr>
				<tr class='log' status='fail'>
					<td class='status fail' title='fail' alt='fail'><i class='material-icons'>cancel</i></td>
					<td class='timestamp'>10:55:08 PM</td>
					<td class='step-details'>On Test Failure : T26_To_Verify_User_Able_To_View_Modified_DeadLine_of_The_Plan</td>
				</tr>
				<tr class='log' status='fail'>
					<td class='status fail' title='fail' alt='fail'><i class='material-icons'>cancel</i></td>
					<td class='timestamp'>10:55:08 PM</td>
					<td class='step-details'><span class='label white-text red'>T26_To_Verify_User_Able_To_View_Modified_DeadLine_of_The_Plan</span></td>
				</tr>
				<tr class='log' status='info'>
					<td class='status info' title='info' alt='info'><i class='material-icons'>info_outline</i></td>
					<td class='timestamp'>10:55:08 PM</td>
					<td class='step-details'>Fails Test</td>
				</tr>
				<tr class='log' status='fail'>
					<td class='status fail' title='fail' alt='fail'><i class='material-icons'>cancel</i></td>
					<td class='timestamp'>10:55:08 PM</td>
					<td class='step-details'><textarea>org.openqa.selenium.StaleElementReferenceException: androidx.test.uiautomator.StaleObjectException
For documentation on this error, please visit: https://www.seleniumhq.org/exceptions/stale_element_reference.html
Build info: version: '3.141.59', revision: 'e82be7d358', time: '2018-11-14T08:17:03'
System info: host: 'DESKTOP-TMI6UL6', ip: '192.168.29.241', os.name: 'Windows 10', os.arch: 'amd64', os.version: '10.0', java.version: '15.0.2'
Driver info: io.appium.java_client.AppiumDriver
Capabilities {app: C:\Users\LENOVO\Downloads\S..., appActivity: com.tce.view.ui.activities...., appPackage: com.tce.studi, chromedriverExecutable: C:\Users\LENOVO\Downloads\c..., databaseEnabled: false, desired: {app: C:\Users\LENOVO\Downloads\S..., appActivity: com.tce.view.ui.activities...., appPackage: com.tce.studi, chromedriverExecutable: C:\Users\LENOVO\Downloads\c..., deviceName: Appium, noReset: true, platformName: android, platformVersion: 9, takesScreenshot: true}, deviceApiLevel: 28, deviceManufacturer: HUAWEI, deviceModel: ANE-LX2J, deviceName: 5GC7N19124001281, deviceScreenDensity: 480, deviceScreenSize: 1080x2280, deviceUDID: 5GC7N19124001281, javascriptEnabled: true, locationContextEnabled: false, networkConnectionEnabled: true, noReset: true, pixelRatio: 3, platform: LINUX, platformName: LINUX, platformVersion: 9, statBarHeight: 90, takesScreenshot: true, viewportRect: {height: 1970, left: 0, top: 90, width: 1080}, warnings: {}, webStorageEnabled: false}
Session ID: 277a6d6c-3667-4a36-b60b-cb3c069d8b57
	at java.base/jdk.internal.reflect.NativeConstructorAccessorImpl.newInstance0(Native Method)
	at java.base/jdk.internal.reflect.NativeConstructorAccessorImpl.newInstance(NativeConstructorAccessorImpl.java:64)
	at java.base/jdk.internal.reflect.DelegatingConstructorAccessorImpl.newInstance(DelegatingConstructorAccessorImpl.java:45)
	at java.base/java.lang.reflect.Constructor.newInstanceWithCaller(Constructor.java:500)
	at java.base/java.lang.reflect.Constructor.newInstance(Constructor.java:481)
	at org.openqa.selenium.remote.http.W3CHttpResponseCodec.createException(W3CHttpResponseCodec.java:187)
	at org.openqa.selenium.remote.http.W3CHttpResponseCodec.decode(W3CHttpResponseCodec.java:122)
	at org.openqa.selenium.remote.http.W3CHttpResponseCodec.decode(W3CHttpResponseCodec.java:49)
	at org.openqa.selenium.remote.HttpCommandExecutor.execute(HttpCommandExecutor.java:158)
	at io.appium.java_client.remote.AppiumCommandExecutor.execute(AppiumCommandExecutor.java:239)
	at org.openqa.selenium.remote.RemoteWebDriver.execute(RemoteWebDriver.java:552)
	at io.appium.java_client.DefaultGenericMobileDriver.execute(DefaultGenericMobileDriver.java:42)
	at io.appium.java_client.AppiumDriver.execute(AppiumDriver.java:1)
	at org.openqa.selenium.remote.RemoteWebElement.execute(RemoteWebElement.java:285)
	at io.appium.java_client.DefaultGenericMobileElement.execute(DefaultGenericMobileElement.java:45)
	at io.appium.java_client.MobileElement.execute(MobileElement.java:1)
	at io.appium.java_client.android.AndroidElement.execute(AndroidElement.java:1)
	at org.openqa.selenium.remote.RemoteWebElement.isDisplayed(RemoteWebElement.java:326)
	at jdk.internal.reflect.GeneratedMethodAccessor8.invoke(Unknown Source)
	at java.base/jdk.internal.reflect.DelegatingMethodAccessorImpl.invoke(DelegatingMethodAccessorImpl.java:43)
	at java.base/java.lang.reflect.Method.invoke(Method.java:564)
	at io.appium.java_client.pagefactory.ElementInterceptor.getObject(ElementInterceptor.java:40)
	at io.appium.java_client.pagefactory.interceptors.InterceptorOfASingleElement.intercept(InterceptorOfASingleElement.java:60)
	at io.appium.java_client.android.AndroidElement$$EnhancerByCGLIB$$b598166c.isDisplayed(<generated>)
	at studi.co.pageModules.Module_ReviewPlan.toVerify_DeadLineTab_UnderModifyTab(Module_ReviewPlan.java:663)
	at studi.co.pageModules.Module_ReviewPlan.toVerify_ModifiedDeadline_InMyLessonsPage(Module_ReviewPlan.java:765)
	at studi.co.testScripts.AFS_UserStory_1046.T26_To_Verify_User_Able_To_View_Modified_DeadLine_of_The_Plan(AFS_UserStory_1046.java:218)
	at java.base/jdk.internal.reflect.NativeMethodAccessorImpl.invoke0(Native Method)
	at java.base/jdk.internal.reflect.NativeMethodAccessorImpl.invoke(NativeMethodAccessorImpl.java:64)
	at java.base/jdk.internal.reflect.DelegatingMethodAccessorImpl.invoke(DelegatingMethodAccessorImpl.java:43)
	at java.base/java.lang.reflect.Method.invoke(Method.java:564)
	at org.testng.internal.MethodInvocationHelper.invokeMethod(MethodInvocationHelper.java:124)
	at org.testng.internal.Invoker.invokeMethod(Invoker.java:583)
	at org.testng.internal.Invoker.invokeTestMethod(Invoker.java:719)
	at org.testng.internal.Invoker.invokeTestMethods(Invoker.java:989)
	at org.testng.internal.TestMethodWorker.invokeTestMethods(TestMethodWorker.java:125)
	at org.testng.internal.TestMethodWorker.run(TestMethodWorker.java:109)
	at org.testng.TestRunner.privateRun(TestRunner.java:648)
	at org.testng.TestRunner.run(TestRunner.java:505)
	at org.testng.SuiteRunner.runTest(SuiteRunner.java:455)
	at org.testng.SuiteRunner.runSequentially(SuiteRunner.java:450)
	at org.testng.SuiteRunner.privateRun(SuiteRunner.java:415)
	at org.testng.SuiteRunner.run(SuiteRunner.java:364)
	at org.testng.SuiteRunnerWorker.runSuite(SuiteRunnerWorker.java:52)
	at org.testng.SuiteRunnerWorker.run(SuiteRunnerWorker.java:84)
	at org.testng.TestNG.runSuitesSequentially(TestNG.java:1208)
	at org.testng.TestNG.runSuitesLocally(TestNG.java:1137)
	at org.testng.TestNG.runSuites(TestNG.java:1049)
	at org.testng.TestNG.run(TestNG.java:1017)
	at org.testng.remote.AbstractRemoteTestNG.run(AbstractRemoteTestNG.java:115)
	at org.testng.remote.RemoteTestNG.initAndRun(RemoteTestNG.java:251)
	at org.testng.remote.RemoteTestNG.main(RemoteTestNG.java:77)
</textarea></td>
				</tr>
				<tr class='log' status='fail'>
					<td class='status fail' title='fail' alt='fail'><i class='material-icons'>cancel</i></td>
					<td class='timestamp'>10:55:09 PM</td>
					<td class='step-details'>androidx.test.uiautomator.StaleObjectException
For documentation on this error, please visit: https://www.seleniumhq.org/exceptions/stale_element_reference.html
Build info: version: '3.141.59', revision: 'e82be7d358', time: '2018-11-14T08:17:03'
System info: host: 'DESKTOP-TMI6UL6', ip: '192.168.29.241', os.name: 'Windows 10', os.arch: 'amd64', os.version: '10.0', java.version: '15.0.2'
Driver info: io.appium.java_client.AppiumDriver
Capabilities {app: C:\Users\LENOVO\Downloads\S..., appActivity: com.tce.view.ui.activities...., appPackage: com.tce.studi, chromedriverExecutable: C:\Users\LENOVO\Downloads\c..., databaseEnabled: false, desired: {app: C:\Users\LENOVO\Downloads\S..., appActivity: com.tce.view.ui.activities...., appPackage: com.tce.studi, chromedriverExecutable: C:\Users\LENOVO\Downloads\c..., deviceName: Appium, noReset: true, platformName: android, platformVersion: 9, takesScreenshot: true}, deviceApiLevel: 28, deviceManufacturer: HUAWEI, deviceModel: ANE-LX2J, deviceName: 5GC7N19124001281, deviceScreenDensity: 480, deviceScreenSize: 1080x2280, deviceUDID: 5GC7N19124001281, javascriptEnabled: true, locationContextEnabled: false, networkConnectionEnabled: true, noReset: true, pixelRatio: 3, platform: LINUX, platformName: LINUX, platformVersion: 9, statBarHeight: 90, takesScreenshot: true, viewportRect: {height: 1970, left: 0, top: 90, width: 1080}, warnings: {}, webStorageEnabled: false}
Session ID: 277a6d6c-3667-4a36-b60b-cb3c069d8b57<img data-featherlight='C:\Users\LENOVO\git\TATA_Studi\Screenshots\T26_To_Verify_User_Able_To_View_Modified_DeadLine_of_The_Plan ExtendReport 01-05-21 10-55-08.png' width='10%' src='C:\Users\LENOVO\git\TATA_Studi\Screenshots\T26_To_Verify_User_Able_To_View_Modified_DeadLine_of_The_Plan ExtendReport 01-05-21 10-55-08.png' data-src='C:\Users\LENOVO\git\TATA_Studi\Screenshots\T26_To_Verify_User_Able_To_View_Modified_DeadLine_of_The_Plan ExtendReport 01-05-21 10-55-08.png'></td>
				</tr>
			</tbody>
		</table>
	</div>
					</div>
				</li>
				
				
				<li class='test displayed active  pass' status='pass' bdd='false' test-id='24'>
					<div class='test-heading'>
						<span class='test-name'>T27_To_Verify_Portion_Option_Under_Modify_Tab</span>
						<span class='test-time'>May 1, 2021 10:55:16 PM</span>
						<span class='test-status right pass'>pass</span>
					</div>
					<div class='test-content hide'>
<div class='test-time-info'>
	<span class='label start-time'>May 1, 2021 10:55:16 PM</span>
	<span class='label end-time'>May 1, 2021 10:55:55 PM</span>
	<span class='label time-taken grey lighten-1 white-text'>0h 0m 39s+761ms</span>
</div>
	<div class='test-steps'>
		<table class='bordered table-results'>
			<thead>
				<tr>
					<th>Status</th>
					<th>Timestamp</th>
					<th>Details</th>
				</tr>
			</thead>
			<tbody>
				<tr class='log' status='info'>
					<td class='status info' title='info' alt='info'><i class='material-icons'>info_outline</i></td>
					<td class='timestamp'>10:55:16 PM</td>
					<td class='step-details'>On Test Start : T27_To_Verify_Portion_Option_Under_Modify_Tab</td>
				</tr>
				<tr class='log' status='info'>
					<td class='status info' title='info' alt='info'><i class='material-icons'>info_outline</i></td>
					<td class='timestamp'>10:55:29 PM</td>
					<td class='step-details'>User can be navigated to the landing page after login</td>
				</tr>
				<tr class='log' status='info'>
					<td class='status info' title='info' alt='info'><i class='material-icons'>info_outline</i></td>
					<td class='timestamp'>10:55:36 PM</td>
					<td class='step-details'>User able to navigate to MyLessons Page</td>
				</tr>
				<tr class='log' status='info'>
					<td class='status info' title='info' alt='info'><i class='material-icons'>info_outline</i></td>
					<td class='timestamp'>10:55:46 PM</td>
					<td class='step-details'>At the bottom Review Plan button is displayed</td>
				</tr>
				<tr class='log' status='info'>
					<td class='status info' title='info' alt='info'><i class='material-icons'>info_outline</i></td>
					<td class='timestamp'>10:55:53 PM</td>
					<td class='step-details'>User can click on Review Plan button and can navigate to Review Plan Page</td>
				</tr>
				<tr class='log' status='info'>
					<td class='status info' title='info' alt='info'><i class='material-icons'>info_outline</i></td>
					<td class='timestamp'>10:55:54 PM</td>
					<td class='step-details'>Portion option is displayed under Modify Tab</td>
				</tr>
				<tr class='log' status='info'>
					<td class='status info' title='info' alt='info'><i class='material-icons'>info_outline</i></td>
					<td class='timestamp'>10:55:54 PM</td>
					<td class='step-details'>On Test Success : T27_To_Verify_Portion_Option_Under_Modify_Tab</td>
				</tr>
				<tr class='log' status='pass'>
					<td class='status pass' title='pass' alt='pass'><i class='material-icons'>check_circle</i></td>
					<td class='timestamp'>10:55:54 PM</td>
					<td class='step-details'><span class='label white-text green'>T27_To_Verify_Portion_Option_Under_Modify_Tab</span></td>
				</tr>
				<tr class='log' status='pass'>
					<td class='status pass' title='pass' alt='pass'><i class='material-icons'>check_circle</i></td>
					<td class='timestamp'>10:55:55 PM</td>
					<td class='step-details'>T27_To_Verify_Portion_Option_Under_Modify_Tab Passed<img data-featherlight='C:\Users\LENOVO\git\TATA_Studi\Screenshots\T27_To_Verify_Portion_Option_Under_Modify_Tab ExtendReport 01-05-21 10-55-54.png' width='10%' src='C:\Users\LENOVO\git\TATA_Studi\Screenshots\T27_To_Verify_Portion_Option_Under_Modify_Tab ExtendReport 01-05-21 10-55-54.png' data-src='C:\Users\LENOVO\git\TATA_Studi\Screenshots\T27_To_Verify_Portion_Option_Under_Modify_Tab ExtendReport 01-05-21 10-55-54.png'></td>
				</tr>
			</tbody>
		</table>
	</div>
					</div>
				</li>
				
				
				<li class='test displayed active  pass' status='pass' bdd='false' test-id='25'>
					<div class='test-heading'>
						<span class='test-name'>T28_To_Verify_Portion_Option_Under_Modify_Tab_Is_Functional</span>
						<span class='test-time'>May 1, 2021 10:56:02 PM</span>
						<span class='test-status right pass'>pass</span>
					</div>
					<div class='test-content hide'>
<div class='test-time-info'>
	<span class='label start-time'>May 1, 2021 10:56:02 PM</span>
	<span class='label end-time'>May 1, 2021 10:56:43 PM</span>
	<span class='label time-taken grey lighten-1 white-text'>0h 0m 40s+261ms</span>
</div>
	<div class='test-steps'>
		<table class='bordered table-results'>
			<thead>
				<tr>
					<th>Status</th>
					<th>Timestamp</th>
					<th>Details</th>
				</tr>
			</thead>
			<tbody>
				<tr class='log' status='info'>
					<td class='status info' title='info' alt='info'><i class='material-icons'>info_outline</i></td>
					<td class='timestamp'>10:56:02 PM</td>
					<td class='step-details'>On Test Start : T28_To_Verify_Portion_Option_Under_Modify_Tab_Is_Functional</td>
				</tr>
				<tr class='log' status='info'>
					<td class='status info' title='info' alt='info'><i class='material-icons'>info_outline</i></td>
					<td class='timestamp'>10:56:16 PM</td>
					<td class='step-details'>User can be navigated to the landing page after login</td>
				</tr>
				<tr class='log' status='info'>
					<td class='status info' title='info' alt='info'><i class='material-icons'>info_outline</i></td>
					<td class='timestamp'>10:56:23 PM</td>
					<td class='step-details'>User able to navigate to MyLessons Page</td>
				</tr>
				<tr class='log' status='info'>
					<td class='status info' title='info' alt='info'><i class='material-icons'>info_outline</i></td>
					<td class='timestamp'>10:56:33 PM</td>
					<td class='step-details'>At the bottom Review Plan button is displayed</td>
				</tr>
				<tr class='log' status='info'>
					<td class='status info' title='info' alt='info'><i class='material-icons'>info_outline</i></td>
					<td class='timestamp'>10:56:39 PM</td>
					<td class='step-details'>User can click on Review Plan button and can navigate to Review Plan Page</td>
				</tr>
				<tr class='log' status='info'>
					<td class='status info' title='info' alt='info'><i class='material-icons'>info_outline</i></td>
					<td class='timestamp'>10:56:40 PM</td>
					<td class='step-details'>Portion option is displayed under Modify Tab</td>
				</tr>
				<tr class='log' status='info'>
					<td class='status info' title='info' alt='info'><i class='material-icons'>info_outline</i></td>
					<td class='timestamp'>10:56:42 PM</td>
					<td class='step-details'>On tapping Portion, user navigated to the Edit study Plan page with the bookshelf view</td>
				</tr>
				<tr class='log' status='info'>
					<td class='status info' title='info' alt='info'><i class='material-icons'>info_outline</i></td>
					<td class='timestamp'>10:56:42 PM</td>
					<td class='step-details'>On Test Success : T28_To_Verify_Portion_Option_Under_Modify_Tab_Is_Functional</td>
				</tr>
				<tr class='log' status='pass'>
					<td class='status pass' title='pass' alt='pass'><i class='material-icons'>check_circle</i></td>
					<td class='timestamp'>10:56:42 PM</td>
					<td class='step-details'><span class='label white-text green'>T28_To_Verify_Portion_Option_Under_Modify_Tab_Is_Functional</span></td>
				</tr>
				<tr class='log' status='pass'>
					<td class='status pass' title='pass' alt='pass'><i class='material-icons'>check_circle</i></td>
					<td class='timestamp'>10:56:43 PM</td>
					<td class='step-details'>T28_To_Verify_Portion_Option_Under_Modify_Tab_Is_Functional Passed<img data-featherlight='C:\Users\LENOVO\git\TATA_Studi\Screenshots\T28_To_Verify_Portion_Option_Under_Modify_Tab_Is_Functional ExtendReport 01-05-21 10-56-42.png' width='10%' src='C:\Users\LENOVO\git\TATA_Studi\Screenshots\T28_To_Verify_Portion_Option_Under_Modify_Tab_Is_Functional ExtendReport 01-05-21 10-56-42.png' data-src='C:\Users\LENOVO\git\TATA_Studi\Screenshots\T28_To_Verify_Portion_Option_Under_Modify_Tab_Is_Functional ExtendReport 01-05-21 10-56-42.png'></td>
				</tr>
			</tbody>
		</table>
	</div>
					</div>
				</li>
				
				
				<li class='test displayed active  pass' status='pass' bdd='false' test-id='26'>
					<div class='test-heading'>
						<span class='test-name'>T29_To_Verify_User_able_to_Modify_the_Portion_added_To_The_Plan</span>
						<span class='test-time'>May 1, 2021 10:56:51 PM</span>
						<span class='test-status right pass'>pass</span>
					</div>
					<div class='test-content hide'>
<div class='test-time-info'>
	<span class='label start-time'>May 1, 2021 10:56:51 PM</span>
	<span class='label end-time'>May 1, 2021 10:57:55 PM</span>
	<span class='label time-taken grey lighten-1 white-text'>0h 1m 4s+271ms</span>
</div>
	<div class='test-steps'>
		<table class='bordered table-results'>
			<thead>
				<tr>
					<th>Status</th>
					<th>Timestamp</th>
					<th>Details</th>
				</tr>
			</thead>
			<tbody>
				<tr class='log' status='info'>
					<td class='status info' title='info' alt='info'><i class='material-icons'>info_outline</i></td>
					<td class='timestamp'>10:56:51 PM</td>
					<td class='step-details'>On Test Start : T29_To_Verify_User_able_to_Modify_the_Portion_added_To_The_Plan</td>
				</tr>
				<tr class='log' status='info'>
					<td class='status info' title='info' alt='info'><i class='material-icons'>info_outline</i></td>
					<td class='timestamp'>10:57:03 PM</td>
					<td class='step-details'>User can be navigated to the landing page after login</td>
				</tr>
				<tr class='log' status='info'>
					<td class='status info' title='info' alt='info'><i class='material-icons'>info_outline</i></td>
					<td class='timestamp'>10:57:11 PM</td>
					<td class='step-details'>User able to navigate to MyLessons Page</td>
				</tr>
				<tr class='log' status='info'>
					<td class='status info' title='info' alt='info'><i class='material-icons'>info_outline</i></td>
					<td class='timestamp'>10:57:22 PM</td>
					<td class='step-details'>At the bottom Review Plan button is displayed</td>
				</tr>
				<tr class='log' status='info'>
					<td class='status info' title='info' alt='info'><i class='material-icons'>info_outline</i></td>
					<td class='timestamp'>10:57:27 PM</td>
					<td class='step-details'>User can click on Review Plan button and can navigate to Review Plan Page</td>
				</tr>
				<tr class='log' status='info'>
					<td class='status info' title='info' alt='info'><i class='material-icons'>info_outline</i></td>
					<td class='timestamp'>10:57:28 PM</td>
					<td class='step-details'>Portion option is displayed under Modify Tab</td>
				</tr>
				<tr class='log' status='info'>
					<td class='status info' title='info' alt='info'><i class='material-icons'>info_outline</i></td>
					<td class='timestamp'>10:57:30 PM</td>
					<td class='step-details'>On tapping Portion, user navigated to the Edit study Plan page with the bookshelf view</td>
				</tr>
				<tr class='log' status='info'>
					<td class='status info' title='info' alt='info'><i class='material-icons'>info_outline</i></td>
					<td class='timestamp'>10:57:54 PM</td>
					<td class='step-details'>On Test Success : T29_To_Verify_User_able_to_Modify_the_Portion_added_To_The_Plan</td>
				</tr>
				<tr class='log' status='pass'>
					<td class='status pass' title='pass' alt='pass'><i class='material-icons'>check_circle</i></td>
					<td class='timestamp'>10:57:54 PM</td>
					<td class='step-details'><span class='label white-text green'>T29_To_Verify_User_able_to_Modify_the_Portion_added_To_The_Plan</span></td>
				</tr>
				<tr class='log' status='pass'>
					<td class='status pass' title='pass' alt='pass'><i class='material-icons'>check_circle</i></td>
					<td class='timestamp'>10:57:55 PM</td>
					<td class='step-details'>T29_To_Verify_User_able_to_Modify_the_Portion_added_To_The_Plan Passed<img data-featherlight='C:\Users\LENOVO\git\TATA_Studi\Screenshots\T29_To_Verify_User_able_to_Modify_the_Portion_added_To_The_Plan ExtendReport 01-05-21 10-57-54.png' width='10%' src='C:\Users\LENOVO\git\TATA_Studi\Screenshots\T29_To_Verify_User_able_to_Modify_the_Portion_added_To_The_Plan ExtendReport 01-05-21 10-57-54.png' data-src='C:\Users\LENOVO\git\TATA_Studi\Screenshots\T29_To_Verify_User_able_to_Modify_the_Portion_added_To_The_Plan ExtendReport 01-05-21 10-57-54.png'></td>
				</tr>
			</tbody>
		</table>
	</div>
					</div>
				</li>
				
				
				<li class='test displayed active  pass' status='pass' bdd='false' test-id='27'>
					<div class='test-heading'>
						<span class='test-name'>T30_To_Verify_Count_Of_Chapters_Edited_After_Modifying_The_Portion</span>
						<span class='test-time'>May 1, 2021 10:58:02 PM</span>
						<span class='test-status right pass'>pass</span>
					</div>
					<div class='test-content hide'>
<div class='test-time-info'>
	<span class='label start-time'>May 1, 2021 10:58:02 PM</span>
	<span class='label end-time'>May 1, 2021 10:58:58 PM</span>
	<span class='label time-taken grey lighten-1 white-text'>0h 0m 56s+333ms</span>
</div>
	<div class='test-steps'>
		<table class='bordered table-results'>
			<thead>
				<tr>
					<th>Status</th>
					<th>Timestamp</th>
					<th>Details</th>
				</tr>
			</thead>
			<tbody>
				<tr class='log' status='info'>
					<td class='status info' title='info' alt='info'><i class='material-icons'>info_outline</i></td>
					<td class='timestamp'>10:58:02 PM</td>
					<td class='step-details'>On Test Start : T30_To_Verify_Count_Of_Chapters_Edited_After_Modifying_The_Portion</td>
				</tr>
				<tr class='log' status='info'>
					<td class='status info' title='info' alt='info'><i class='material-icons'>info_outline</i></td>
					<td class='timestamp'>10:58:16 PM</td>
					<td class='step-details'>User can be navigated to the landing page after login</td>
				</tr>
				<tr class='log' status='info'>
					<td class='status info' title='info' alt='info'><i class='material-icons'>info_outline</i></td>
					<td class='timestamp'>10:58:22 PM</td>
					<td class='step-details'>User able to navigate to MyLessons Page</td>
				</tr>
				<tr class='log' status='info'>
					<td class='status info' title='info' alt='info'><i class='material-icons'>info_outline</i></td>
					<td class='timestamp'>10:58:33 PM</td>
					<td class='step-details'>At the bottom Review Plan button is displayed</td>
				</tr>
				<tr class='log' status='info'>
					<td class='status info' title='info' alt='info'><i class='material-icons'>info_outline</i></td>
					<td class='timestamp'>10:58:38 PM</td>
					<td class='step-details'>User can click on Review Plan button and can navigate to Review Plan Page</td>
				</tr>
				<tr class='log' status='info'>
					<td class='status info' title='info' alt='info'><i class='material-icons'>info_outline</i></td>
					<td class='timestamp'>10:58:39 PM</td>
					<td class='step-details'>Portion option is displayed under Modify Tab</td>
				</tr>
				<tr class='log' status='info'>
					<td class='status info' title='info' alt='info'><i class='material-icons'>info_outline</i></td>
					<td class='timestamp'>10:58:41 PM</td>
					<td class='step-details'>On tapping Portion, user navigated to the Edit study Plan page with the bookshelf view</td>
				</tr>
				<tr class='log' status='info'>
					<td class='status info' title='info' alt='info'><i class='material-icons'>info_outline</i></td>
					<td class='timestamp'>10:58:57 PM</td>
					<td class='step-details'>User can show modified count of Chapters/Topics added to the plan</td>
				</tr>
				<tr class='log' status='info'>
					<td class='status info' title='info' alt='info'><i class='material-icons'>info_outline</i></td>
					<td class='timestamp'>10:58:57 PM</td>
					<td class='step-details'>On Test Success : T30_To_Verify_Count_Of_Chapters_Edited_After_Modifying_The_Portion</td>
				</tr>
				<tr class='log' status='pass'>
					<td class='status pass' title='pass' alt='pass'><i class='material-icons'>check_circle</i></td>
					<td class='timestamp'>10:58:57 PM</td>
					<td class='step-details'><span class='label white-text green'>T30_To_Verify_Count_Of_Chapters_Edited_After_Modifying_The_Portion</span></td>
				</tr>
				<tr class='log' status='pass'>
					<td class='status pass' title='pass' alt='pass'><i class='material-icons'>check_circle</i></td>
					<td class='timestamp'>10:58:58 PM</td>
					<td class='step-details'>T30_To_Verify_Count_Of_Chapters_Edited_After_Modifying_The_Portion Passed<img data-featherlight='C:\Users\LENOVO\git\TATA_Studi\Screenshots\T30_To_Verify_Count_Of_Chapters_Edited_After_Modifying_The_Portion ExtendReport 01-05-21 10-58-57.png' width='10%' src='C:\Users\LENOVO\git\TATA_Studi\Screenshots\T30_To_Verify_Count_Of_Chapters_Edited_After_Modifying_The_Portion ExtendReport 01-05-21 10-58-57.png' data-src='C:\Users\LENOVO\git\TATA_Studi\Screenshots\T30_To_Verify_Count_Of_Chapters_Edited_After_Modifying_The_Portion ExtendReport 01-05-21 10-58-57.png'></td>
				</tr>
			</tbody>
		</table>
	</div>
					</div>
				</li>
				
				
				<li class='test displayed active  pass' status='pass' bdd='false' test-id='28'>
					<div class='test-heading'>
						<span class='test-name'>T31_To_Verify_User_Can_Discard_The_Modified_Portion_During_Editing</span>
						<span class='test-time'>May 1, 2021 10:59:06 PM</span>
						<span class='test-status right pass'>pass</span>
					</div>
					<div class='test-content hide'>
<div class='test-time-info'>
	<span class='label start-time'>May 1, 2021 10:59:06 PM</span>
	<span class='label end-time'>May 1, 2021 11:00:05 PM</span>
	<span class='label time-taken grey lighten-1 white-text'>0h 0m 59s+548ms</span>
</div>
	<div class='test-steps'>
		<table class='bordered table-results'>
			<thead>
				<tr>
					<th>Status</th>
					<th>Timestamp</th>
					<th>Details</th>
				</tr>
			</thead>
			<tbody>
				<tr class='log' status='info'>
					<td class='status info' title='info' alt='info'><i class='material-icons'>info_outline</i></td>
					<td class='timestamp'>10:59:06 PM</td>
					<td class='step-details'>On Test Start : T31_To_Verify_User_Can_Discard_The_Modified_Portion_During_Editing</td>
				</tr>
				<tr class='log' status='info'>
					<td class='status info' title='info' alt='info'><i class='material-icons'>info_outline</i></td>
					<td class='timestamp'>10:59:19 PM</td>
					<td class='step-details'>User can be navigated to the landing page after login</td>
				</tr>
				<tr class='log' status='info'>
					<td class='status info' title='info' alt='info'><i class='material-icons'>info_outline</i></td>
					<td class='timestamp'>10:59:26 PM</td>
					<td class='step-details'>User able to navigate to MyLessons Page</td>
				</tr>
				<tr class='log' status='info'>
					<td class='status info' title='info' alt='info'><i class='material-icons'>info_outline</i></td>
					<td class='timestamp'>10:59:36 PM</td>
					<td class='step-details'>At the bottom Review Plan button is displayed</td>
				</tr>
				<tr class='log' status='info'>
					<td class='status info' title='info' alt='info'><i class='material-icons'>info_outline</i></td>
					<td class='timestamp'>10:59:42 PM</td>
					<td class='step-details'>User can click on Review Plan button and can navigate to Review Plan Page</td>
				</tr>
				<tr class='log' status='info'>
					<td class='status info' title='info' alt='info'><i class='material-icons'>info_outline</i></td>
					<td class='timestamp'>10:59:43 PM</td>
					<td class='step-details'>Portion option is displayed under Modify Tab</td>
				</tr>
				<tr class='log' status='info'>
					<td class='status info' title='info' alt='info'><i class='material-icons'>info_outline</i></td>
					<td class='timestamp'>10:59:45 PM</td>
					<td class='step-details'>On tapping Portion, user navigated to the Edit study Plan page with the bookshelf view</td>
				</tr>
				<tr class='log' status='info'>
					<td class='status info' title='info' alt='info'><i class='material-icons'>info_outline</i></td>
					<td class='timestamp'>11:00:03 PM</td>
					<td class='step-details'>On Deleting the modified portion, user can be navigated back to the Review Plan page</td>
				</tr>
				<tr class='log' status='info'>
					<td class='status info' title='info' alt='info'><i class='material-icons'>info_outline</i></td>
					<td class='timestamp'>11:00:04 PM</td>
					<td class='step-details'>On Test Success : T31_To_Verify_User_Can_Discard_The_Modified_Portion_During_Editing</td>
				</tr>
				<tr class='log' status='pass'>
					<td class='status pass' title='pass' alt='pass'><i class='material-icons'>check_circle</i></td>
					<td class='timestamp'>11:00:04 PM</td>
					<td class='step-details'><span class='label white-text green'>T31_To_Verify_User_Can_Discard_The_Modified_Portion_During_Editing</span></td>
				</tr>
				<tr class='log' status='pass'>
					<td class='status pass' title='pass' alt='pass'><i class='material-icons'>check_circle</i></td>
					<td class='timestamp'>11:00:05 PM</td>
					<td class='step-details'>T31_To_Verify_User_Can_Discard_The_Modified_Portion_During_Editing Passed<img data-featherlight='C:\Users\LENOVO\git\TATA_Studi\Screenshots\T31_To_Verify_User_Can_Discard_The_Modified_Portion_During_Editing ExtendReport 01-05-21 11-00-04.png' width='10%' src='C:\Users\LENOVO\git\TATA_Studi\Screenshots\T31_To_Verify_User_Can_Discard_The_Modified_Portion_During_Editing ExtendReport 01-05-21 11-00-04.png' data-src='C:\Users\LENOVO\git\TATA_Studi\Screenshots\T31_To_Verify_User_Can_Discard_The_Modified_Portion_During_Editing ExtendReport 01-05-21 11-00-04.png'></td>
				</tr>
			</tbody>
		</table>
	</div>
					</div>
				</li>
				
				
				<li class='test displayed active  pass' status='pass' bdd='false' test-id='29'>
					<div class='test-heading'>
						<span class='test-name'>T32_To_Verify_User_Should_Be_Able_To_Activate_Modified_Portion_To_The_Plan</span>
						<span class='test-time'>May 1, 2021 11:00:12 PM</span>
						<span class='test-status right pass'>pass</span>
					</div>
					<div class='test-content hide'>
<div class='test-time-info'>
	<span class='label start-time'>May 1, 2021 11:00:12 PM</span>
	<span class='label end-time'>May 1, 2021 11:01:12 PM</span>
	<span class='label time-taken grey lighten-1 white-text'>0h 0m 59s+953ms</span>
</div>
	<div class='test-steps'>
		<table class='bordered table-results'>
			<thead>
				<tr>
					<th>Status</th>
					<th>Timestamp</th>
					<th>Details</th>
				</tr>
			</thead>
			<tbody>
				<tr class='log' status='info'>
					<td class='status info' title='info' alt='info'><i class='material-icons'>info_outline</i></td>
					<td class='timestamp'>11:00:12 PM</td>
					<td class='step-details'>On Test Start : T32_To_Verify_User_Should_Be_Able_To_Activate_Modified_Portion_To_The_Plan</td>
				</tr>
				<tr class='log' status='info'>
					<td class='status info' title='info' alt='info'><i class='material-icons'>info_outline</i></td>
					<td class='timestamp'>11:00:26 PM</td>
					<td class='step-details'>User can be navigated to the landing page after login</td>
				</tr>
				<tr class='log' status='info'>
					<td class='status info' title='info' alt='info'><i class='material-icons'>info_outline</i></td>
					<td class='timestamp'>11:00:33 PM</td>
					<td class='step-details'>User able to navigate to MyLessons Page</td>
				</tr>
				<tr class='log' status='info'>
					<td class='status info' title='info' alt='info'><i class='material-icons'>info_outline</i></td>
					<td class='timestamp'>11:00:43 PM</td>
					<td class='step-details'>At the bottom Review Plan button is displayed</td>
				</tr>
				<tr class='log' status='info'>
					<td class='status info' title='info' alt='info'><i class='material-icons'>info_outline</i></td>
					<td class='timestamp'>11:00:48 PM</td>
					<td class='step-details'>User can click on Review Plan button and can navigate to Review Plan Page</td>
				</tr>
				<tr class='log' status='info'>
					<td class='status info' title='info' alt='info'><i class='material-icons'>info_outline</i></td>
					<td class='timestamp'>11:00:50 PM</td>
					<td class='step-details'>Portion option is displayed under Modify Tab</td>
				</tr>
				<tr class='log' status='info'>
					<td class='status info' title='info' alt='info'><i class='material-icons'>info_outline</i></td>
					<td class='timestamp'>11:00:51 PM</td>
					<td class='step-details'>On tapping Portion, user navigated to the Edit study Plan page with the bookshelf view</td>
				</tr>
				<tr class='log' status='info'>
					<td class='status info' title='info' alt='info'><i class='material-icons'>info_outline</i></td>
					<td class='timestamp'>11:01:09 PM</td>
					<td class='step-details'>User can activate the plan</td>
				</tr>
				<tr class='log' status='info'>
					<td class='status info' title='info' alt='info'><i class='material-icons'>info_outline</i></td>
					<td class='timestamp'>11:01:11 PM</td>
					<td class='step-details'>On Test Success : T32_To_Verify_User_Should_Be_Able_To_Activate_Modified_Portion_To_The_Plan</td>
				</tr>
				<tr class='log' status='pass'>
					<td class='status pass' title='pass' alt='pass'><i class='material-icons'>check_circle</i></td>
					<td class='timestamp'>11:01:11 PM</td>
					<td class='step-details'><span class='label white-text green'>T32_To_Verify_User_Should_Be_Able_To_Activate_Modified_Portion_To_The_Plan</span></td>
				</tr>
				<tr class='log' status='pass'>
					<td class='status pass' title='pass' alt='pass'><i class='material-icons'>check_circle</i></td>
					<td class='timestamp'>11:01:12 PM</td>
					<td class='step-details'>T32_To_Verify_User_Should_Be_Able_To_Activate_Modified_Portion_To_The_Plan Passed<img data-featherlight='C:\Users\LENOVO\git\TATA_Studi\Screenshots\T32_To_Verify_User_Should_Be_Able_To_Activate_Modified_Portion_To_The_Plan ExtendReport 01-05-21 11-01-11.png' width='10%' src='C:\Users\LENOVO\git\TATA_Studi\Screenshots\T32_To_Verify_User_Should_Be_Able_To_Activate_Modified_Portion_To_The_Plan ExtendReport 01-05-21 11-01-11.png' data-src='C:\Users\LENOVO\git\TATA_Studi\Screenshots\T32_To_Verify_User_Should_Be_Able_To_Activate_Modified_Portion_To_The_Plan ExtendReport 01-05-21 11-01-11.png'></td>
				</tr>
			</tbody>
		</table>
	</div>
					</div>
				</li>
				
				
				<li class='test displayed active  pass' status='pass' bdd='false' test-id='30'>
					<div class='test-heading'>
						<span class='test-name'>T33_To_Verify_User_Should_Be_Able_To_View_The_Modified_Portion_Added_To_The_Plan</span>
						<span class='test-time'>May 1, 2021 11:01:19 PM</span>
						<span class='test-status right pass'>pass</span>
					</div>
					<div class='test-content hide'>
<div class='test-time-info'>
	<span class='label start-time'>May 1, 2021 11:01:19 PM</span>
	<span class='label end-time'>May 1, 2021 11:02:55 PM</span>
	<span class='label time-taken grey lighten-1 white-text'>0h 1m 35s+637ms</span>
</div>
	<div class='test-steps'>
		<table class='bordered table-results'>
			<thead>
				<tr>
					<th>Status</th>
					<th>Timestamp</th>
					<th>Details</th>
				</tr>
			</thead>
			<tbody>
				<tr class='log' status='info'>
					<td class='status info' title='info' alt='info'><i class='material-icons'>info_outline</i></td>
					<td class='timestamp'>11:01:19 PM</td>
					<td class='step-details'>On Test Start : T33_To_Verify_User_Should_Be_Able_To_View_The_Modified_Portion_Added_To_The_Plan</td>
				</tr>
				<tr class='log' status='info'>
					<td class='status info' title='info' alt='info'><i class='material-icons'>info_outline</i></td>
					<td class='timestamp'>11:01:33 PM</td>
					<td class='step-details'>User can be navigated to the landing page after login</td>
				</tr>
				<tr class='log' status='info'>
					<td class='status info' title='info' alt='info'><i class='material-icons'>info_outline</i></td>
					<td class='timestamp'>11:01:41 PM</td>
					<td class='step-details'>User able to navigate to MyLessons Page</td>
				</tr>
				<tr class='log' status='info'>
					<td class='status info' title='info' alt='info'><i class='material-icons'>info_outline</i></td>
					<td class='timestamp'>11:01:52 PM</td>
					<td class='step-details'>At the bottom Review Plan button is displayed</td>
				</tr>
				<tr class='log' status='info'>
					<td class='status info' title='info' alt='info'><i class='material-icons'>info_outline</i></td>
					<td class='timestamp'>11:01:58 PM</td>
					<td class='step-details'>User can click on Review Plan button and can navigate to Review Plan Page</td>
				</tr>
				<tr class='log' status='info'>
					<td class='status info' title='info' alt='info'><i class='material-icons'>info_outline</i></td>
					<td class='timestamp'>11:01:59 PM</td>
					<td class='step-details'>Portion option is displayed under Modify Tab</td>
				</tr>
				<tr class='log' status='info'>
					<td class='status info' title='info' alt='info'><i class='material-icons'>info_outline</i></td>
					<td class='timestamp'>11:02:00 PM</td>
					<td class='step-details'>On tapping Portion, user navigated to the Edit study Plan page with the bookshelf view</td>
				</tr>
				<tr class='log' status='info'>
					<td class='status info' title='info' alt='info'><i class='material-icons'>info_outline</i></td>
					<td class='timestamp'>11:02:30 PM</td>
					<td class='step-details'>After activating the updated portion plan, user navigated to Mylessons Page</td>
				</tr>
				<tr class='log' status='info'>
					<td class='status info' title='info' alt='info'><i class='material-icons'>info_outline</i></td>
					<td class='timestamp'>11:02:54 PM</td>
					<td class='step-details'>On Test Success : T33_To_Verify_User_Should_Be_Able_To_View_The_Modified_Portion_Added_To_The_Plan</td>
				</tr>
				<tr class='log' status='pass'>
					<td class='status pass' title='pass' alt='pass'><i class='material-icons'>check_circle</i></td>
					<td class='timestamp'>11:02:54 PM</td>
					<td class='step-details'><span class='label white-text green'>T33_To_Verify_User_Should_Be_Able_To_View_The_Modified_Portion_Added_To_The_Plan</span></td>
				</tr>
				<tr class='log' status='pass'>
					<td class='status pass' title='pass' alt='pass'><i class='material-icons'>check_circle</i></td>
					<td class='timestamp'>11:02:55 PM</td>
					<td class='step-details'>T33_To_Verify_User_Should_Be_Able_To_View_The_Modified_Portion_Added_To_The_Plan Passed<img data-featherlight='C:\Users\LENOVO\git\TATA_Studi\Screenshots\T33_To_Verify_User_Should_Be_Able_To_View_The_Modified_Portion_Added_To_The_Plan ExtendReport 01-05-21 11-02-54.png' width='10%' src='C:\Users\LENOVO\git\TATA_Studi\Screenshots\T33_To_Verify_User_Should_Be_Able_To_View_The_Modified_Portion_Added_To_The_Plan ExtendReport 01-05-21 11-02-54.png' data-src='C:\Users\LENOVO\git\TATA_Studi\Screenshots\T33_To_Verify_User_Should_Be_Able_To_View_The_Modified_Portion_Added_To_The_Plan ExtendReport 01-05-21 11-02-54.png'></td>
				</tr>
			</tbody>
		</table>
	</div>
					</div>
				</li>
				
				
				<li class='test displayed active  pass' status='pass' bdd='false' test-id='31'>
					<div class='test-heading'>
						<span class='test-name'>T34_To_Verify_Pause_Tab_In_Review_Page</span>
						<span class='test-time'>May 1, 2021 11:03:02 PM</span>
						<span class='test-status right pass'>pass</span>
					</div>
					<div class='test-content hide'>
<div class='test-time-info'>
	<span class='label start-time'>May 1, 2021 11:03:02 PM</span>
	<span class='label end-time'>May 1, 2021 11:03:42 PM</span>
	<span class='label time-taken grey lighten-1 white-text'>0h 0m 39s+411ms</span>
</div>
	<div class='test-steps'>
		<table class='bordered table-results'>
			<thead>
				<tr>
					<th>Status</th>
					<th>Timestamp</th>
					<th>Details</th>
				</tr>
			</thead>
			<tbody>
				<tr class='log' status='info'>
					<td class='status info' title='info' alt='info'><i class='material-icons'>info_outline</i></td>
					<td class='timestamp'>11:03:02 PM</td>
					<td class='step-details'>On Test Start : T34_To_Verify_Pause_Tab_In_Review_Page</td>
				</tr>
				<tr class='log' status='info'>
					<td class='status info' title='info' alt='info'><i class='material-icons'>info_outline</i></td>
					<td class='timestamp'>11:03:16 PM</td>
					<td class='step-details'>User can be navigated to the landing page after login</td>
				</tr>
				<tr class='log' status='info'>
					<td class='status info' title='info' alt='info'><i class='material-icons'>info_outline</i></td>
					<td class='timestamp'>11:03:23 PM</td>
					<td class='step-details'>User able to navigate to MyLessons Page</td>
				</tr>
				<tr class='log' status='info'>
					<td class='status info' title='info' alt='info'><i class='material-icons'>info_outline</i></td>
					<td class='timestamp'>11:03:33 PM</td>
					<td class='step-details'>At the bottom Review Plan button is displayed</td>
				</tr>
				<tr class='log' status='info'>
					<td class='status info' title='info' alt='info'><i class='material-icons'>info_outline</i></td>
					<td class='timestamp'>11:03:39 PM</td>
					<td class='step-details'>User can click on Review Plan button and can navigate to Review Plan Page</td>
				</tr>
				<tr class='log' status='info'>
					<td class='status info' title='info' alt='info'><i class='material-icons'>info_outline</i></td>
					<td class='timestamp'>11:03:39 PM</td>
					<td class='step-details'>The Modify tab is shown to the user</td>
				</tr>
				<tr class='log' status='info'>
					<td class='status info' title='info' alt='info'><i class='material-icons'>info_outline</i></td>
					<td class='timestamp'>11:03:40 PM</td>
					<td class='step-details'>Pause Button is displayed</td>
				</tr>
				<tr class='log' status='info'>
					<td class='status info' title='info' alt='info'><i class='material-icons'>info_outline</i></td>
					<td class='timestamp'>11:03:40 PM</td>
					<td class='step-details'>On Test Success : T34_To_Verify_Pause_Tab_In_Review_Page</td>
				</tr>
				<tr class='log' status='pass'>
					<td class='status pass' title='pass' alt='pass'><i class='material-icons'>check_circle</i></td>
					<td class='timestamp'>11:03:40 PM</td>
					<td class='step-details'><span class='label white-text green'>T34_To_Verify_Pause_Tab_In_Review_Page</span></td>
				</tr>
				<tr class='log' status='pass'>
					<td class='status pass' title='pass' alt='pass'><i class='material-icons'>check_circle</i></td>
					<td class='timestamp'>11:03:42 PM</td>
					<td class='step-details'>T34_To_Verify_Pause_Tab_In_Review_Page Passed<img data-featherlight='C:\Users\LENOVO\git\TATA_Studi\Screenshots\T34_To_Verify_Pause_Tab_In_Review_Page ExtendReport 01-05-21 11-03-40.png' width='10%' src='C:\Users\LENOVO\git\TATA_Studi\Screenshots\T34_To_Verify_Pause_Tab_In_Review_Page ExtendReport 01-05-21 11-03-40.png' data-src='C:\Users\LENOVO\git\TATA_Studi\Screenshots\T34_To_Verify_Pause_Tab_In_Review_Page ExtendReport 01-05-21 11-03-40.png'></td>
				</tr>
			</tbody>
		</table>
	</div>
					</div>
				</li>
				
				
				<li class='test displayed active  pass' status='pass' bdd='false' test-id='32'>
					<div class='test-heading'>
						<span class='test-name'>T35_To_Verify_Pause_Tab_Is_Functional</span>
						<span class='test-time'>May 1, 2021 11:03:48 PM</span>
						<span class='test-status right pass'>pass</span>
					</div>
					<div class='test-content hide'>
<div class='test-time-info'>
	<span class='label start-time'>May 1, 2021 11:03:48 PM</span>
	<span class='label end-time'>May 1, 2021 11:04:29 PM</span>
	<span class='label time-taken grey lighten-1 white-text'>0h 0m 40s+378ms</span>
</div>
	<div class='test-steps'>
		<table class='bordered table-results'>
			<thead>
				<tr>
					<th>Status</th>
					<th>Timestamp</th>
					<th>Details</th>
				</tr>
			</thead>
			<tbody>
				<tr class='log' status='info'>
					<td class='status info' title='info' alt='info'><i class='material-icons'>info_outline</i></td>
					<td class='timestamp'>11:03:48 PM</td>
					<td class='step-details'>On Test Start : T35_To_Verify_Pause_Tab_Is_Functional</td>
				</tr>
				<tr class='log' status='info'>
					<td class='status info' title='info' alt='info'><i class='material-icons'>info_outline</i></td>
					<td class='timestamp'>11:04:02 PM</td>
					<td class='step-details'>User can be navigated to the landing page after login</td>
				</tr>
				<tr class='log' status='info'>
					<td class='status info' title='info' alt='info'><i class='material-icons'>info_outline</i></td>
					<td class='timestamp'>11:04:09 PM</td>
					<td class='step-details'>User able to navigate to MyLessons Page</td>
				</tr>
				<tr class='log' status='info'>
					<td class='status info' title='info' alt='info'><i class='material-icons'>info_outline</i></td>
					<td class='timestamp'>11:04:20 PM</td>
					<td class='step-details'>At the bottom Review Plan button is displayed</td>
				</tr>
				<tr class='log' status='info'>
					<td class='status info' title='info' alt='info'><i class='material-icons'>info_outline</i></td>
					<td class='timestamp'>11:04:25 PM</td>
					<td class='step-details'>User can click on Review Plan button and can navigate to Review Plan Page</td>
				</tr>
				<tr class='log' status='info'>
					<td class='status info' title='info' alt='info'><i class='material-icons'>info_outline</i></td>
					<td class='timestamp'>11:04:25 PM</td>
					<td class='step-details'>The Modify tab is shown to the user</td>
				</tr>
				<tr class='log' status='info'>
					<td class='status info' title='info' alt='info'><i class='material-icons'>info_outline</i></td>
					<td class='timestamp'>11:04:26 PM</td>
					<td class='step-details'>Pause Button is displayed</td>
				</tr>
				<tr class='log' status='info'>
					<td class='status info' title='info' alt='info'><i class='material-icons'>info_outline</i></td>
					<td class='timestamp'>11:04:28 PM</td>
					<td class='step-details'>Pause Tab is Tappable</td>
				</tr>
				<tr class='log' status='info'>
					<td class='status info' title='info' alt='info'><i class='material-icons'>info_outline</i></td>
					<td class='timestamp'>11:04:28 PM</td>
					<td class='step-details'>On Test Success : T35_To_Verify_Pause_Tab_Is_Functional</td>
				</tr>
				<tr class='log' status='pass'>
					<td class='status pass' title='pass' alt='pass'><i class='material-icons'>check_circle</i></td>
					<td class='timestamp'>11:04:28 PM</td>
					<td class='step-details'><span class='label white-text green'>T35_To_Verify_Pause_Tab_Is_Functional</span></td>
				</tr>
				<tr class='log' status='pass'>
					<td class='status pass' title='pass' alt='pass'><i class='material-icons'>check_circle</i></td>
					<td class='timestamp'>11:04:29 PM</td>
					<td class='step-details'>T35_To_Verify_Pause_Tab_Is_Functional Passed<img data-featherlight='C:\Users\LENOVO\git\TATA_Studi\Screenshots\T35_To_Verify_Pause_Tab_Is_Functional ExtendReport 01-05-21 11-04-28.png' width='10%' src='C:\Users\LENOVO\git\TATA_Studi\Screenshots\T35_To_Verify_Pause_Tab_Is_Functional ExtendReport 01-05-21 11-04-28.png' data-src='C:\Users\LENOVO\git\TATA_Studi\Screenshots\T35_To_Verify_Pause_Tab_Is_Functional ExtendReport 01-05-21 11-04-28.png'></td>
				</tr>
			</tbody>
		</table>
	</div>
					</div>
				</li>
				
				
				<li class='test displayed active  pass' status='pass' bdd='false' test-id='33'>
					<div class='test-heading'>
						<span class='test-name'>T36_To_Verify_User_Able_To_Pause_Plan</span>
						<span class='test-time'>May 1, 2021 11:04:36 PM</span>
						<span class='test-status right pass'>pass</span>
					</div>
					<div class='test-content hide'>
<div class='test-time-info'>
	<span class='label start-time'>May 1, 2021 11:04:36 PM</span>
	<span class='label end-time'>May 1, 2021 11:05:18 PM</span>
	<span class='label time-taken grey lighten-1 white-text'>0h 0m 42s+66ms</span>
</div>
	<div class='test-steps'>
		<table class='bordered table-results'>
			<thead>
				<tr>
					<th>Status</th>
					<th>Timestamp</th>
					<th>Details</th>
				</tr>
			</thead>
			<tbody>
				<tr class='log' status='info'>
					<td class='status info' title='info' alt='info'><i class='material-icons'>info_outline</i></td>
					<td class='timestamp'>11:04:36 PM</td>
					<td class='step-details'>On Test Start : T36_To_Verify_User_Able_To_Pause_Plan</td>
				</tr>
				<tr class='log' status='info'>
					<td class='status info' title='info' alt='info'><i class='material-icons'>info_outline</i></td>
					<td class='timestamp'>11:04:49 PM</td>
					<td class='step-details'>User can be navigated to the landing page after login</td>
				</tr>
				<tr class='log' status='info'>
					<td class='status info' title='info' alt='info'><i class='material-icons'>info_outline</i></td>
					<td class='timestamp'>11:04:56 PM</td>
					<td class='step-details'>User able to navigate to MyLessons Page</td>
				</tr>
				<tr class='log' status='info'>
					<td class='status info' title='info' alt='info'><i class='material-icons'>info_outline</i></td>
					<td class='timestamp'>11:05:07 PM</td>
					<td class='step-details'>At the bottom Review Plan button is displayed</td>
				</tr>
				<tr class='log' status='info'>
					<td class='status info' title='info' alt='info'><i class='material-icons'>info_outline</i></td>
					<td class='timestamp'>11:05:12 PM</td>
					<td class='step-details'>User can click on Review Plan button and can navigate to Review Plan Page</td>
				</tr>
				<tr class='log' status='info'>
					<td class='status info' title='info' alt='info'><i class='material-icons'>info_outline</i></td>
					<td class='timestamp'>11:05:12 PM</td>
					<td class='step-details'>The Modify tab is shown to the user</td>
				</tr>
				<tr class='log' status='info'>
					<td class='status info' title='info' alt='info'><i class='material-icons'>info_outline</i></td>
					<td class='timestamp'>11:05:13 PM</td>
					<td class='step-details'>Pause Button is displayed</td>
				</tr>
				<tr class='log' status='info'>
					<td class='status info' title='info' alt='info'><i class='material-icons'>info_outline</i></td>
					<td class='timestamp'>11:05:14 PM</td>
					<td class='step-details'>Pause Tab is Tappable</td>
				</tr>
				<tr class='log' status='info'>
					<td class='status info' title='info' alt='info'><i class='material-icons'>info_outline</i></td>
					<td class='timestamp'>11:05:15 PM</td>
					<td class='step-details'>User able to navigate to the pause plan page</td>
				</tr>
				<tr class='log' status='info'>
					<td class='status info' title='info' alt='info'><i class='material-icons'>info_outline</i></td>
					<td class='timestamp'>11:05:16 PM</td>
					<td class='step-details'>User can successfully pause the plan</td>
				</tr>
				<tr class='log' status='info'>
					<td class='status info' title='info' alt='info'><i class='material-icons'>info_outline</i></td>
					<td class='timestamp'>11:05:16 PM</td>
					<td class='step-details'>On Test Success : T36_To_Verify_User_Able_To_Pause_Plan</td>
				</tr>
				<tr class='log' status='pass'>
					<td class='status pass' title='pass' alt='pass'><i class='material-icons'>check_circle</i></td>
					<td class='timestamp'>11:05:16 PM</td>
					<td class='step-details'><span class='label white-text green'>T36_To_Verify_User_Able_To_Pause_Plan</span></td>
				</tr>
				<tr class='log' status='pass'>
					<td class='status pass' title='pass' alt='pass'><i class='material-icons'>check_circle</i></td>
					<td class='timestamp'>11:05:18 PM</td>
					<td class='step-details'>T36_To_Verify_User_Able_To_Pause_Plan Passed<img data-featherlight='C:\Users\LENOVO\git\TATA_Studi\Screenshots\T36_To_Verify_User_Able_To_Pause_Plan ExtendReport 01-05-21 11-05-16.png' width='10%' src='C:\Users\LENOVO\git\TATA_Studi\Screenshots\T36_To_Verify_User_Able_To_Pause_Plan ExtendReport 01-05-21 11-05-16.png' data-src='C:\Users\LENOVO\git\TATA_Studi\Screenshots\T36_To_Verify_User_Able_To_Pause_Plan ExtendReport 01-05-21 11-05-16.png'></td>
				</tr>
			</tbody>
		</table>
	</div>
					</div>
				</li>
				
				
				<li class='test displayed active  pass' status='pass' bdd='false' test-id='34'>
					<div class='test-heading'>
						<span class='test-name'>T37_To_Verify_User_Able_To_Activate_Pause_Plan</span>
						<span class='test-time'>May 1, 2021 11:05:25 PM</span>
						<span class='test-status right pass'>pass</span>
					</div>
					<div class='test-content hide'>
<div class='test-time-info'>
	<span class='label start-time'>May 1, 2021 11:05:25 PM</span>
	<span class='label end-time'>May 1, 2021 11:06:13 PM</span>
	<span class='label time-taken grey lighten-1 white-text'>0h 0m 48s+393ms</span>
</div>
	<div class='test-steps'>
		<table class='bordered table-results'>
			<thead>
				<tr>
					<th>Status</th>
					<th>Timestamp</th>
					<th>Details</th>
				</tr>
			</thead>
			<tbody>
				<tr class='log' status='info'>
					<td class='status info' title='info' alt='info'><i class='material-icons'>info_outline</i></td>
					<td class='timestamp'>11:05:25 PM</td>
					<td class='step-details'>On Test Start : T37_To_Verify_User_Able_To_Activate_Pause_Plan</td>
				</tr>
				<tr class='log' status='info'>
					<td class='status info' title='info' alt='info'><i class='material-icons'>info_outline</i></td>
					<td class='timestamp'>11:05:38 PM</td>
					<td class='step-details'>User can be navigated to the landing page after login</td>
				</tr>
				<tr class='log' status='info'>
					<td class='status info' title='info' alt='info'><i class='material-icons'>info_outline</i></td>
					<td class='timestamp'>11:05:46 PM</td>
					<td class='step-details'>User able to navigate to MyLessons Page</td>
				</tr>
				<tr class='log' status='info'>
					<td class='status info' title='info' alt='info'><i class='material-icons'>info_outline</i></td>
					<td class='timestamp'>11:05:57 PM</td>
					<td class='step-details'>At the bottom Review Plan button is displayed</td>
				</tr>
				<tr class='log' status='info'>
					<td class='status info' title='info' alt='info'><i class='material-icons'>info_outline</i></td>
					<td class='timestamp'>11:06:03 PM</td>
					<td class='step-details'>User can click on Review Plan button and can navigate to Review Plan Page</td>
				</tr>
				<tr class='log' status='info'>
					<td class='status info' title='info' alt='info'><i class='material-icons'>info_outline</i></td>
					<td class='timestamp'>11:06:03 PM</td>
					<td class='step-details'>The Modify tab is shown to the user</td>
				</tr>
				<tr class='log' status='info'>
					<td class='status info' title='info' alt='info'><i class='material-icons'>info_outline</i></td>
					<td class='timestamp'>11:06:04 PM</td>
					<td class='step-details'>Pause Button is displayed</td>
				</tr>
				<tr class='log' status='info'>
					<td class='status info' title='info' alt='info'><i class='material-icons'>info_outline</i></td>
					<td class='timestamp'>11:06:05 PM</td>
					<td class='step-details'>Pause Tab is Tappable</td>
				</tr>
				<tr class='log' status='info'>
					<td class='status info' title='info' alt='info'><i class='material-icons'>info_outline</i></td>
					<td class='timestamp'>11:06:05 PM</td>
					<td class='step-details'>User able to navigate to the pause plan page</td>
				</tr>
				<tr class='log' status='info'>
					<td class='status info' title='info' alt='info'><i class='material-icons'>info_outline</i></td>
					<td class='timestamp'>11:06:08 PM</td>
					<td class='step-details'>User can successfully pause the plan</td>
				</tr>
				<tr class='log' status='info'>
					<td class='status info' title='info' alt='info'><i class='material-icons'>info_outline</i></td>
					<td class='timestamp'>11:06:12 PM</td>
					<td class='step-details'>On tapping Activate Plan, user able to Reactivate the same paused plan successfully</td>
				</tr>
				<tr class='log' status='info'>
					<td class='status info' title='info' alt='info'><i class='material-icons'>info_outline</i></td>
					<td class='timestamp'>11:06:12 PM</td>
					<td class='step-details'>On Test Success : T37_To_Verify_User_Able_To_Activate_Pause_Plan</td>
				</tr>
				<tr class='log' status='pass'>
					<td class='status pass' title='pass' alt='pass'><i class='material-icons'>check_circle</i></td>
					<td class='timestamp'>11:06:12 PM</td>
					<td class='step-details'><span class='label white-text green'>T37_To_Verify_User_Able_To_Activate_Pause_Plan</span></td>
				</tr>
				<tr class='log' status='pass'>
					<td class='status pass' title='pass' alt='pass'><i class='material-icons'>check_circle</i></td>
					<td class='timestamp'>11:06:13 PM</td>
					<td class='step-details'>T37_To_Verify_User_Able_To_Activate_Pause_Plan Passed<img data-featherlight='C:\Users\LENOVO\git\TATA_Studi\Screenshots\T37_To_Verify_User_Able_To_Activate_Pause_Plan ExtendReport 01-05-21 11-06-12.png' width='10%' src='C:\Users\LENOVO\git\TATA_Studi\Screenshots\T37_To_Verify_User_Able_To_Activate_Pause_Plan ExtendReport 01-05-21 11-06-12.png' data-src='C:\Users\LENOVO\git\TATA_Studi\Screenshots\T37_To_Verify_User_Able_To_Activate_Pause_Plan ExtendReport 01-05-21 11-06-12.png'></td>
				</tr>
			</tbody>
		</table>
	</div>
					</div>
				</li>
				
				
				<li class='test displayed active  pass' status='pass' bdd='false' test-id='35'>
					<div class='test-heading'>
						<span class='test-name'>T38_To_Verify_User_Able_To_Activate_Any_Other_Plan</span>
						<span class='test-time'>May 1, 2021 11:06:20 PM</span>
						<span class='test-status right pass'>pass</span>
					</div>
					<div class='test-content hide'>
<div class='test-time-info'>
	<span class='label start-time'>May 1, 2021 11:06:20 PM</span>
	<span class='label end-time'>May 1, 2021 11:08:06 PM</span>
	<span class='label time-taken grey lighten-1 white-text'>0h 1m 45s+868ms</span>
</div>
	<div class='test-steps'>
		<table class='bordered table-results'>
			<thead>
				<tr>
					<th>Status</th>
					<th>Timestamp</th>
					<th>Details</th>
				</tr>
			</thead>
			<tbody>
				<tr class='log' status='info'>
					<td class='status info' title='info' alt='info'><i class='material-icons'>info_outline</i></td>
					<td class='timestamp'>11:06:20 PM</td>
					<td class='step-details'>On Test Start : T38_To_Verify_User_Able_To_Activate_Any_Other_Plan</td>
				</tr>
				<tr class='log' status='info'>
					<td class='status info' title='info' alt='info'><i class='material-icons'>info_outline</i></td>
					<td class='timestamp'>11:06:34 PM</td>
					<td class='step-details'>User can be navigated to the landing page after login</td>
				</tr>
				<tr class='log' status='info'>
					<td class='status info' title='info' alt='info'><i class='material-icons'>info_outline</i></td>
					<td class='timestamp'>11:06:41 PM</td>
					<td class='step-details'>User able to navigate to MyLessons Page</td>
				</tr>
				<tr class='log' status='info'>
					<td class='status info' title='info' alt='info'><i class='material-icons'>info_outline</i></td>
					<td class='timestamp'>11:06:51 PM</td>
					<td class='step-details'>At the bottom Review Plan button is displayed</td>
				</tr>
				<tr class='log' status='info'>
					<td class='status info' title='info' alt='info'><i class='material-icons'>info_outline</i></td>
					<td class='timestamp'>11:06:58 PM</td>
					<td class='step-details'>User can click on Review Plan button and can navigate to Review Plan Page</td>
				</tr>
				<tr class='log' status='info'>
					<td class='status info' title='info' alt='info'><i class='material-icons'>info_outline</i></td>
					<td class='timestamp'>11:06:58 PM</td>
					<td class='step-details'>The Modify tab is shown to the user</td>
				</tr>
				<tr class='log' status='info'>
					<td class='status info' title='info' alt='info'><i class='material-icons'>info_outline</i></td>
					<td class='timestamp'>11:06:59 PM</td>
					<td class='step-details'>Pause Button is displayed</td>
				</tr>
				<tr class='log' status='info'>
					<td class='status info' title='info' alt='info'><i class='material-icons'>info_outline</i></td>
					<td class='timestamp'>11:07:00 PM</td>
					<td class='step-details'>Pause Tab is Tappable</td>
				</tr>
				<tr class='log' status='info'>
					<td class='status info' title='info' alt='info'><i class='material-icons'>info_outline</i></td>
					<td class='timestamp'>11:07:00 PM</td>
					<td class='step-details'>User able to navigate to the pause plan page</td>
				</tr>
				<tr class='log' status='info'>
					<td class='status info' title='info' alt='info'><i class='material-icons'>info_outline</i></td>
					<td class='timestamp'>11:07:02 PM</td>
					<td class='step-details'>User can successfully pause the plan</td>
				</tr>
				<tr class='log' status='info'>
					<td class='status info' title='info' alt='info'><i class='material-icons'>info_outline</i></td>
					<td class='timestamp'>11:07:02 PM</td>
					<td class='step-details'>Navigate to other Plans option is displayed</td>
				</tr>
				<tr class='log' status='info'>
					<td class='status info' title='info' alt='info'><i class='material-icons'>info_outline</i></td>
					<td class='timestamp'>11:08:05 PM</td>
					<td class='step-details'>User able to select any plan from the list and able to activate the plan</td>
				</tr>
				<tr class='log' status='info'>
					<td class='status info' title='info' alt='info'><i class='material-icons'>info_outline</i></td>
					<td class='timestamp'>11:08:05 PM</td>
					<td class='step-details'>On Test Success : T38_To_Verify_User_Able_To_Activate_Any_Other_Plan</td>
				</tr>
				<tr class='log' status='pass'>
					<td class='status pass' title='pass' alt='pass'><i class='material-icons'>check_circle</i></td>
					<td class='timestamp'>11:08:05 PM</td>
					<td class='step-details'><span class='label white-text green'>T38_To_Verify_User_Able_To_Activate_Any_Other_Plan</span></td>
				</tr>
				<tr class='log' status='pass'>
					<td class='status pass' title='pass' alt='pass'><i class='material-icons'>check_circle</i></td>
					<td class='timestamp'>11:08:06 PM</td>
					<td class='step-details'>T38_To_Verify_User_Able_To_Activate_Any_Other_Plan Passed<img data-featherlight='C:\Users\LENOVO\git\TATA_Studi\Screenshots\T38_To_Verify_User_Able_To_Activate_Any_Other_Plan ExtendReport 01-05-21 11-08-05.png' width='10%' src='C:\Users\LENOVO\git\TATA_Studi\Screenshots\T38_To_Verify_User_Able_To_Activate_Any_Other_Plan ExtendReport 01-05-21 11-08-05.png' data-src='C:\Users\LENOVO\git\TATA_Studi\Screenshots\T38_To_Verify_User_Able_To_Activate_Any_Other_Plan ExtendReport 01-05-21 11-08-05.png'></td>
				</tr>
			</tbody>
		</table>
	</div>
					</div>
				</li>
				
				
				<li class='test displayed active  pass' status='pass' bdd='false' test-id='36'>
					<div class='test-heading'>
						<span class='test-name'>T39_Verify_On_Tapping_Paused_Plan_User_Should_Not_be_shown_MyLessons_Page</span>
						<span class='test-time'>May 1, 2021 11:08:13 PM</span>
						<span class='test-status right pass'>pass</span>
					</div>
					<div class='test-content hide'>
<div class='test-time-info'>
	<span class='label start-time'>May 1, 2021 11:08:13 PM</span>
	<span class='label end-time'>May 1, 2021 11:09:03 PM</span>
	<span class='label time-taken grey lighten-1 white-text'>0h 0m 49s+343ms</span>
</div>
	<div class='test-steps'>
		<table class='bordered table-results'>
			<thead>
				<tr>
					<th>Status</th>
					<th>Timestamp</th>
					<th>Details</th>
				</tr>
			</thead>
			<tbody>
				<tr class='log' status='info'>
					<td class='status info' title='info' alt='info'><i class='material-icons'>info_outline</i></td>
					<td class='timestamp'>11:08:13 PM</td>
					<td class='step-details'>On Test Start : T39_Verify_On_Tapping_Paused_Plan_User_Should_Not_be_shown_MyLessons_Page</td>
				</tr>
				<tr class='log' status='info'>
					<td class='status info' title='info' alt='info'><i class='material-icons'>info_outline</i></td>
					<td class='timestamp'>11:08:27 PM</td>
					<td class='step-details'>User can be navigated to the landing page after login</td>
				</tr>
				<tr class='log' status='info'>
					<td class='status info' title='info' alt='info'><i class='material-icons'>info_outline</i></td>
					<td class='timestamp'>11:08:28 PM</td>
					<td class='step-details'>Paused StudyPlan Tab is displayed on landing Page</td>
				</tr>
				<tr class='log' status='info'>
					<td class='status info' title='info' alt='info'><i class='material-icons'>info_outline</i></td>
					<td class='timestamp'>11:09:01 PM</td>
					<td class='step-details'>On Test Success : T39_Verify_On_Tapping_Paused_Plan_User_Should_Not_be_shown_MyLessons_Page</td>
				</tr>
				<tr class='log' status='pass'>
					<td class='status pass' title='pass' alt='pass'><i class='material-icons'>check_circle</i></td>
					<td class='timestamp'>11:09:01 PM</td>
					<td class='step-details'><span class='label white-text green'>T39_Verify_On_Tapping_Paused_Plan_User_Should_Not_be_shown_MyLessons_Page</span></td>
				</tr>
				<tr class='log' status='pass'>
					<td class='status pass' title='pass' alt='pass'><i class='material-icons'>check_circle</i></td>
					<td class='timestamp'>11:09:03 PM</td>
					<td class='step-details'>T39_Verify_On_Tapping_Paused_Plan_User_Should_Not_be_shown_MyLessons_Page Passed<img data-featherlight='C:\Users\LENOVO\git\TATA_Studi\Screenshots\T39_Verify_On_Tapping_Paused_Plan_User_Should_Not_be_shown_MyLessons_Page ExtendReport 01-05-21 11-09-01.png' width='10%' src='C:\Users\LENOVO\git\TATA_Studi\Screenshots\T39_Verify_On_Tapping_Paused_Plan_User_Should_Not_be_shown_MyLessons_Page ExtendReport 01-05-21 11-09-01.png' data-src='C:\Users\LENOVO\git\TATA_Studi\Screenshots\T39_Verify_On_Tapping_Paused_Plan_User_Should_Not_be_shown_MyLessons_Page ExtendReport 01-05-21 11-09-01.png'></td>
				</tr>
			</tbody>
		</table>
	</div>
					</div>
				</li>
				
				
				<li class='test displayed active  pass' status='pass' bdd='false' test-id='37'>
					<div class='test-heading'>
						<span class='test-name'>T40_Verify_On_Tapping_Paused_Plan_User_Should_Not_be_shown_StudyRing</span>
						<span class='test-time'>May 1, 2021 11:09:10 PM</span>
						<span class='test-status right pass'>pass</span>
					</div>
					<div class='test-content hide'>
<div class='test-time-info'>
	<span class='label start-time'>May 1, 2021 11:09:10 PM</span>
	<span class='label end-time'>May 1, 2021 11:09:58 PM</span>
	<span class='label time-taken grey lighten-1 white-text'>0h 0m 48s+382ms</span>
</div>
	<div class='test-steps'>
		<table class='bordered table-results'>
			<thead>
				<tr>
					<th>Status</th>
					<th>Timestamp</th>
					<th>Details</th>
				</tr>
			</thead>
			<tbody>
				<tr class='log' status='info'>
					<td class='status info' title='info' alt='info'><i class='material-icons'>info_outline</i></td>
					<td class='timestamp'>11:09:10 PM</td>
					<td class='step-details'>On Test Start : T40_Verify_On_Tapping_Paused_Plan_User_Should_Not_be_shown_StudyRing</td>
				</tr>
				<tr class='log' status='info'>
					<td class='status info' title='info' alt='info'><i class='material-icons'>info_outline</i></td>
					<td class='timestamp'>11:09:23 PM</td>
					<td class='step-details'>User can be navigated to the landing page after login</td>
				</tr>
				<tr class='log' status='info'>
					<td class='status info' title='info' alt='info'><i class='material-icons'>info_outline</i></td>
					<td class='timestamp'>11:09:24 PM</td>
					<td class='step-details'>Paused StudyPlan Tab is displayed on landing Page</td>
				</tr>
				<tr class='log' status='info'>
					<td class='status info' title='info' alt='info'><i class='material-icons'>info_outline</i></td>
					<td class='timestamp'>11:09:57 PM</td>
					<td class='step-details'>On Test Success : T40_Verify_On_Tapping_Paused_Plan_User_Should_Not_be_shown_StudyRing</td>
				</tr>
				<tr class='log' status='pass'>
					<td class='status pass' title='pass' alt='pass'><i class='material-icons'>check_circle</i></td>
					<td class='timestamp'>11:09:57 PM</td>
					<td class='step-details'><span class='label white-text green'>T40_Verify_On_Tapping_Paused_Plan_User_Should_Not_be_shown_StudyRing</span></td>
				</tr>
				<tr class='log' status='pass'>
					<td class='status pass' title='pass' alt='pass'><i class='material-icons'>check_circle</i></td>
					<td class='timestamp'>11:09:58 PM</td>
					<td class='step-details'>T40_Verify_On_Tapping_Paused_Plan_User_Should_Not_be_shown_StudyRing Passed<img data-featherlight='C:\Users\LENOVO\git\TATA_Studi\Screenshots\T40_Verify_On_Tapping_Paused_Plan_User_Should_Not_be_shown_StudyRing ExtendReport 01-05-21 11-09-57.png' width='10%' src='C:\Users\LENOVO\git\TATA_Studi\Screenshots\T40_Verify_On_Tapping_Paused_Plan_User_Should_Not_be_shown_StudyRing ExtendReport 01-05-21 11-09-57.png' data-src='C:\Users\LENOVO\git\TATA_Studi\Screenshots\T40_Verify_On_Tapping_Paused_Plan_User_Should_Not_be_shown_StudyRing ExtendReport 01-05-21 11-09-57.png'></td>
				</tr>
			</tbody>
		</table>
	</div>
					</div>
				</li>
				
				
				<li class='test displayed active  pass' status='pass' bdd='false' test-id='38'>
					<div class='test-heading'>
						<span class='test-name'>T41_Verify_Once_Active_Plan_isPaused_User_Can_Reactivate_It_Or_Can_Activate_Any_Other_Plan</span>
						<span class='test-time'>May 1, 2021 11:10:05 PM</span>
						<span class='test-status right pass'>pass</span>
					</div>
					<div class='test-content hide'>
<div class='test-time-info'>
	<span class='label start-time'>May 1, 2021 11:10:05 PM</span>
	<span class='label end-time'>May 1, 2021 11:10:48 PM</span>
	<span class='label time-taken grey lighten-1 white-text'>0h 0m 42s+950ms</span>
</div>
	<div class='test-steps'>
		<table class='bordered table-results'>
			<thead>
				<tr>
					<th>Status</th>
					<th>Timestamp</th>
					<th>Details</th>
				</tr>
			</thead>
			<tbody>
				<tr class='log' status='info'>
					<td class='status info' title='info' alt='info'><i class='material-icons'>info_outline</i></td>
					<td class='timestamp'>11:10:05 PM</td>
					<td class='step-details'>On Test Start : T41_Verify_Once_Active_Plan_isPaused_User_Can_Reactivate_It_Or_Can_Activate_Any_Other_Plan</td>
				</tr>
				<tr class='log' status='info'>
					<td class='status info' title='info' alt='info'><i class='material-icons'>info_outline</i></td>
					<td class='timestamp'>11:10:18 PM</td>
					<td class='step-details'>User can be navigated to the landing page after login</td>
				</tr>
				<tr class='log' status='info'>
					<td class='status info' title='info' alt='info'><i class='material-icons'>info_outline</i></td>
					<td class='timestamp'>11:10:19 PM</td>
					<td class='step-details'>Paused StudyPlan Tab is displayed on landing Page</td>
				</tr>
				<tr class='log' status='info'>
					<td class='status info' title='info' alt='info'><i class='material-icons'>info_outline</i></td>
					<td class='timestamp'>11:10:22 PM</td>
					<td class='step-details'>user can navigated to the paused plan page</td>
				</tr>
				<tr class='log' status='info'>
					<td class='status info' title='info' alt='info'><i class='material-icons'>info_outline</i></td>
					<td class='timestamp'>11:10:22 PM</td>
					<td class='step-details'>Navigate to other Plan option is displayed</td>
				</tr>
				<tr class='log' status='info'>
					<td class='status info' title='info' alt='info'><i class='material-icons'>info_outline</i></td>
					<td class='timestamp'>11:10:22 PM</td>
					<td class='step-details'>Resume Plan option is displayed</td>
				</tr>
				<tr class='log' status='info'>
					<td class='status info' title='info' alt='info'><i class='material-icons'>info_outline</i></td>
					<td class='timestamp'>11:10:28 PM</td>
					<td class='step-details'>On tapping Activate Plan, user able to Reactivate the same paused plan successfully</td>
				</tr>
				<tr class='log' status='info'>
					<td class='status info' title='info' alt='info'><i class='material-icons'>info_outline</i></td>
					<td class='timestamp'>11:10:46 PM</td>
					<td class='step-details'>User able to select any plan from the list and able to activate the plan</td>
				</tr>
				<tr class='log' status='info'>
					<td class='status info' title='info' alt='info'><i class='material-icons'>info_outline</i></td>
					<td class='timestamp'>11:10:46 PM</td>
					<td class='step-details'>On Test Success : T41_Verify_Once_Active_Plan_isPaused_User_Can_Reactivate_It_Or_Can_Activate_Any_Other_Plan</td>
				</tr>
				<tr class='log' status='pass'>
					<td class='status pass' title='pass' alt='pass'><i class='material-icons'>check_circle</i></td>
					<td class='timestamp'>11:10:46 PM</td>
					<td class='step-details'><span class='label white-text green'>T41_Verify_Once_Active_Plan_isPaused_User_Can_Reactivate_It_Or_Can_Activate_Any_Other_Plan</span></td>
				</tr>
				<tr class='log' status='pass'>
					<td class='status pass' title='pass' alt='pass'><i class='material-icons'>check_circle</i></td>
					<td class='timestamp'>11:10:48 PM</td>
					<td class='step-details'>T41_Verify_Once_Active_Plan_isPaused_User_Can_Reactivate_It_Or_Can_Activate_Any_Other_Plan Passed<img data-featherlight='C:\Users\LENOVO\git\TATA_Studi\Screenshots\T41_Verify_Once_Active_Plan_isPaused_User_Can_Reactivate_It_Or_Can_Activate_Any_Other_Plan ExtendReport 01-05-21 11-10-46.png' width='10%' src='C:\Users\LENOVO\git\TATA_Studi\Screenshots\T41_Verify_Once_Active_Plan_isPaused_User_Can_Reactivate_It_Or_Can_Activate_Any_Other_Plan ExtendReport 01-05-21 11-10-46.png' data-src='C:\Users\LENOVO\git\TATA_Studi\Screenshots\T41_Verify_Once_Active_Plan_isPaused_User_Can_Reactivate_It_Or_Can_Activate_Any_Other_Plan ExtendReport 01-05-21 11-10-46.png'></td>
				</tr>
			</tbody>
		</table>
	</div>
					</div>
				</li>
			</ul>
		</div>
	</div>
	<!-- subview left -->

	<div class='subview-right left'>
		<div class='view-summary'>
			<h5 class='test-name'></h5>

			<div id='step-filters' class="right">
				<span class="blue-text" status="info" alt="info" title="info"><i class="material-icons">info_outline</i></span>
				<span class="green-text" status="pass" alt="pass" title="pass"><i class="material-icons">check_circle</i></span>
				<span class="red-text" status="fail" alt="fail" title="fail"><i class="material-icons">cancel</i></span>
				<span class="red-text text-darken-4" status="fatal" alt="fatal" title="fatal"><i class="material-icons">cancel</i></span>
				<span class="pink-text text-lighten-1" status="error" alt="error" title="error"><i class="material-icons">error</i></span>
				<span class="orange-text" alt="warning" status="warning" title="warning"><i class="material-icons">warning</i></span>
				<span class="teal-text" status="skip" alt="skip" title="skip"><i class="material-icons">redo</i></span>
				<span status="clear" alt="Clear filters" title="Clear filters"><i class="material-icons">clear</i></span>
			</div>
		</div>
	</div>
	<!-- subview right -->

</div>
<!-- test view -->
<!-- category view -->
<div id='exception-view' class='view hide'>

    <section id='controls'>
        <div class='controls grey lighten-4'>
            <!-- search -->
            <div class='chip transparent' alt='Search Tests' title='Search Tests'>
                <a href="#" class='search-div'>
                    <i class='material-icons'>search</i> Search
                </a>

                <div class='input-field left hide'>
                    <input id='search-tests' type='text' class='validate browser-default' placeholder='Search Tests...'>
                </div>

            </div>
            <!-- search -->
        </div>
    </section>

    <div class='subview-left left'>

        <div class='view-summary'>
            <h5>Exceptions</h3>
                <ul id='exception-collection' class='exception-collection'>

                        <li class='exception displayed active'>
                            <div class='exception-heading'>
                                <span class='exception-name'>org.openqa.selenium.NoSuchElementException</span>
                                <span class='exception-count right'><span class='label red lighten-1 white-text'>4</span></span>
                            </div>
                            <div class='exception-content hide'>
                                <div class='exception-tests'>
                                    <table class='bordered table-results'>
                                        <thead>
                                        <tr>
                                            <th>Timestamp</th>
                                            <th>TestName</th>
                                            <th>Status</th>
                                        </tr>
                                        </thead>
                                        <tbody>
                                                    <tr>
                                                        <td>May 1, 2021 10:36:14 PM</td>
                                                        <td class='linked' test-id='2'>T06_To_Verify_Filter_Option</td>
                                                        <td><pre><textarea>org.openqa.selenium.NoSuchElementException: Can't locate an element by this strategy: By.chained({By.xpath: /hierarchy/android.widget.FrameLayout/android.widget.LinearLayout/android.widget.FrameLayout/android.widget.LinearLayout/android.widget.FrameLayout/android.view.ViewGroup/android.view.ViewGroup/android.widget.ScrollView/android.view.ViewGroup/android.view.ViewGroup[1]/android.webkit.WebView/android.webkit.WebView/android.view.View/android.widget.Button})
	at io.appium.java_client.pagefactory.AppiumElementLocator.findElement(AppiumElementLocator.java:126)
	at io.appium.java_client.pagefactory.interceptors.InterceptorOfASingleElement.intercept(InterceptorOfASingleElement.java:59)
	at io.appium.java_client.android.AndroidElement$$EnhancerByCGLIB$$b598166c.click(<generated>)
	at studi.co.pageModules.Module_ReviewPlan.toVerify_Filter_Option(Module_ReviewPlan.java:237)
	at studi.co.testScripts.AFS_UserStory_1046.T06_To_Verify_Filter_Option(AFS_UserStory_1046.java:78)
	at java.base/jdk.internal.reflect.NativeMethodAccessorImpl.invoke0(Native Method)
	at java.base/jdk.internal.reflect.NativeMethodAccessorImpl.invoke(NativeMethodAccessorImpl.java:64)
	at java.base/jdk.internal.reflect.DelegatingMethodAccessorImpl.invoke(DelegatingMethodAccessorImpl.java:43)
	at java.base/java.lang.reflect.Method.invoke(Method.java:564)
	at org.testng.internal.MethodInvocationHelper.invokeMethod(MethodInvocationHelper.java:124)
	at org.testng.internal.Invoker.invokeMethod(Invoker.java:583)
	at org.testng.internal.Invoker.invokeTestMethod(Invoker.java:719)
	at org.testng.internal.Invoker.invokeTestMethods(Invoker.java:989)
	at org.testng.internal.TestMethodWorker.invokeTestMethods(TestMethodWorker.java:125)
	at org.testng.internal.TestMethodWorker.run(TestMethodWorker.java:109)
	at org.testng.TestRunner.privateRun(TestRunner.java:648)
	at org.testng.TestRunner.run(TestRunner.java:505)
	at org.testng.SuiteRunner.runTest(SuiteRunner.java:455)
	at org.testng.SuiteRunner.runSequentially(SuiteRunner.java:450)
	at org.testng.SuiteRunner.privateRun(SuiteRunner.java:415)
	at org.testng.SuiteRunner.run(SuiteRunner.java:364)
	at org.testng.SuiteRunnerWorker.runSuite(SuiteRunnerWorker.java:52)
	at org.testng.SuiteRunnerWorker.run(SuiteRunnerWorker.java:84)
	at org.testng.TestNG.runSuitesSequentially(TestNG.java:1208)
	at org.testng.TestNG.runSuitesLocally(TestNG.java:1137)
	at org.testng.TestNG.runSuites(TestNG.java:1049)
	at org.testng.TestNG.run(TestNG.java:1017)
	at org.testng.remote.AbstractRemoteTestNG.run(AbstractRemoteTestNG.java:115)
	at org.testng.remote.RemoteTestNG.initAndRun(RemoteTestNG.java:251)
	at org.testng.remote.RemoteTestNG.main(RemoteTestNG.java:77)
Caused by: org.openqa.selenium.TimeoutException: Expected condition failed: waiting for io.appium.java_client.pagefactory.AppiumElementLocator$WaitingFunction@2015b2cd (tried for 1 second(s) with 500 milliseconds interval)
	at org.openqa.selenium.support.ui.FluentWait.timeoutException(FluentWait.java:304)
	at org.openqa.selenium.support.ui.FluentWait.until(FluentWait.java:272)
	at io.appium.java_client.pagefactory.AppiumElementLocator.waitFor(AppiumElementLocator.java:99)
	at io.appium.java_client.pagefactory.AppiumElementLocator.findElement(AppiumElementLocator.java:119)
	... 29 more
Caused by: org.openqa.selenium.NoSuchElementException: Cannot locate an element using By.chained({By.xpath: /hierarchy/android.widget.FrameLayout/android.widget.LinearLayout/android.widget.FrameLayout/android.widget.LinearLayout/android.widget.FrameLayout/android.view.ViewGroup/android.view.ViewGroup/android.widget.ScrollView/android.view.ViewGroup/android.view.ViewGroup[1]/android.webkit.WebView/android.webkit.WebView/android.view.View/android.widget.Button})
For documentation on this error, please visit: https://www.seleniumhq.org/exceptions/no_such_element.html
Build info: version: '3.141.59', revision: 'e82be7d358', time: '2018-11-14T08:17:03'
System info: host: 'DESKTOP-TMI6UL6', ip: '192.168.29.241', os.name: 'Windows 10', os.arch: 'amd64', os.version: '10.0', java.version: '15.0.2'
Driver info: driver.version: AppiumDriver
	at io.appium.java_client.pagefactory.bys.builder.ByChained.findElement(ByChained.java:74)
	at org.openqa.selenium.remote.RemoteWebDriver.findElement(RemoteWebDriver.java:315)
	at io.appium.java_client.DefaultGenericMobileDriver.findElement(DefaultGenericMobileDriver.java:58)
	at io.appium.java_client.AppiumDriver.findElement(AppiumDriver.java:1)
	at io.appium.java_client.pagefactory.bys.ContentMappedBy.findElement(ContentMappedBy.java:50)
	at org.openqa.selenium.remote.RemoteWebDriver.findElement(RemoteWebDriver.java:315)
	at io.appium.java_client.DefaultGenericMobileDriver.findElement(DefaultGenericMobileDriver.java:58)
	at io.appium.java_client.AppiumDriver.findElement(AppiumDriver.java:1)
	at io.appium.java_client.pagefactory.AppiumElementLocator.lambda$0(AppiumElementLocator.java:120)
	at io.appium.java_client.pagefactory.AppiumElementLocator$WaitingFunction.apply(AppiumElementLocator.java:172)
	at io.appium.java_client.pagefactory.AppiumElementLocator$WaitingFunction.apply(AppiumElementLocator.java:1)
	at org.openqa.selenium.support.ui.FluentWait.until(FluentWait.java:249)
	... 31 more
</textarea></pre></td>
                                                    </tr>
                                                    <tr>
                                                        <td>May 1, 2021 10:37:25 PM</td>
                                                        <td class='linked' test-id='3'>T05_To_Verify_Progress_of_Active_Plan_Datewise</td>
                                                        <td><pre><textarea>org.openqa.selenium.NoSuchElementException: Can't locate an element by this strategy: By.chained({By.xpath: hierarchy/android.widget.FrameLayout/android.widget.LinearLayout/android.widget.FrameLayout/android.widget.LinearLayout/android.widget.FrameLayout/android.view.ViewGroup/android.view.ViewGroup/android.widget.ScrollView/android.view.ViewGroup/android.view.ViewGroup[1]/android.webkit.WebView/android.webkit.WebView/android.view.View/android.view.View[3]/android.view.View/android.view.View/android.widget.Image/android.view.View[10]})
	at io.appium.java_client.pagefactory.AppiumElementLocator.findElement(AppiumElementLocator.java:126)
	at io.appium.java_client.pagefactory.interceptors.InterceptorOfASingleElement.intercept(InterceptorOfASingleElement.java:59)
	at io.appium.java_client.android.AndroidElement$$EnhancerByCGLIB$$b598166c.isDisplayed(<generated>)
	at studi.co.pageModules.Module_ReviewPlan.toVerify_Progress_of_Active_Plan_Datewise(Module_ReviewPlan.java:218)
	at studi.co.testScripts.AFS_UserStory_1046.T05_To_Verify_Progress_of_Active_Plan_Datewise(AFS_UserStory_1046.java:71)
	at java.base/jdk.internal.reflect.NativeMethodAccessorImpl.invoke0(Native Method)
	at java.base/jdk.internal.reflect.NativeMethodAccessorImpl.invoke(NativeMethodAccessorImpl.java:64)
	at java.base/jdk.internal.reflect.DelegatingMethodAccessorImpl.invoke(DelegatingMethodAccessorImpl.java:43)
	at java.base/java.lang.reflect.Method.invoke(Method.java:564)
	at org.testng.internal.MethodInvocationHelper.invokeMethod(MethodInvocationHelper.java:124)
	at org.testng.internal.Invoker.invokeMethod(Invoker.java:583)
	at org.testng.internal.Invoker.invokeTestMethod(Invoker.java:719)
	at org.testng.internal.Invoker.invokeTestMethods(Invoker.java:989)
	at org.testng.internal.TestMethodWorker.invokeTestMethods(TestMethodWorker.java:125)
	at org.testng.internal.TestMethodWorker.run(TestMethodWorker.java:109)
	at org.testng.TestRunner.privateRun(TestRunner.java:648)
	at org.testng.TestRunner.run(TestRunner.java:505)
	at org.testng.SuiteRunner.runTest(SuiteRunner.java:455)
	at org.testng.SuiteRunner.runSequentially(SuiteRunner.java:450)
	at org.testng.SuiteRunner.privateRun(SuiteRunner.java:415)
	at org.testng.SuiteRunner.run(SuiteRunner.java:364)
	at org.testng.SuiteRunnerWorker.runSuite(SuiteRunnerWorker.java:52)
	at org.testng.SuiteRunnerWorker.run(SuiteRunnerWorker.java:84)
	at org.testng.TestNG.runSuitesSequentially(TestNG.java:1208)
	at org.testng.TestNG.runSuitesLocally(TestNG.java:1137)
	at org.testng.TestNG.runSuites(TestNG.java:1049)
	at org.testng.TestNG.run(TestNG.java:1017)
	at org.testng.remote.AbstractRemoteTestNG.run(AbstractRemoteTestNG.java:115)
	at org.testng.remote.RemoteTestNG.initAndRun(RemoteTestNG.java:251)
	at org.testng.remote.RemoteTestNG.main(RemoteTestNG.java:77)
Caused by: org.openqa.selenium.TimeoutException: Expected condition failed: waiting for io.appium.java_client.pagefactory.AppiumElementLocator$WaitingFunction@f08fdce (tried for 1 second(s) with 500 milliseconds interval)
	at org.openqa.selenium.support.ui.FluentWait.timeoutException(FluentWait.java:304)
	at org.openqa.selenium.support.ui.FluentWait.until(FluentWait.java:272)
	at io.appium.java_client.pagefactory.AppiumElementLocator.waitFor(AppiumElementLocator.java:99)
	at io.appium.java_client.pagefactory.AppiumElementLocator.findElement(AppiumElementLocator.java:119)
	... 29 more
Caused by: org.openqa.selenium.NoSuchElementException: Cannot locate an element using By.chained({By.xpath: hierarchy/android.widget.FrameLayout/android.widget.LinearLayout/android.widget.FrameLayout/android.widget.LinearLayout/android.widget.FrameLayout/android.view.ViewGroup/android.view.ViewGroup/android.widget.ScrollView/android.view.ViewGroup/android.view.ViewGroup[1]/android.webkit.WebView/android.webkit.WebView/android.view.View/android.view.View[3]/android.view.View/android.view.View/android.widget.Image/android.view.View[10]})
For documentation on this error, please visit: https://www.seleniumhq.org/exceptions/no_such_element.html
Build info: version: '3.141.59', revision: 'e82be7d358', time: '2018-11-14T08:17:03'
System info: host: 'DESKTOP-TMI6UL6', ip: '192.168.29.241', os.name: 'Windows 10', os.arch: 'amd64', os.version: '10.0', java.version: '15.0.2'
Driver info: driver.version: AppiumDriver
	at io.appium.java_client.pagefactory.bys.builder.ByChained.findElement(ByChained.java:74)
	at org.openqa.selenium.remote.RemoteWebDriver.findElement(RemoteWebDriver.java:315)
	at io.appium.java_client.DefaultGenericMobileDriver.findElement(DefaultGenericMobileDriver.java:58)
	at io.appium.java_client.AppiumDriver.findElement(AppiumDriver.java:1)
	at io.appium.java_client.pagefactory.bys.ContentMappedBy.findElement(ContentMappedBy.java:50)
	at org.openqa.selenium.remote.RemoteWebDriver.findElement(RemoteWebDriver.java:315)
	at io.appium.java_client.DefaultGenericMobileDriver.findElement(DefaultGenericMobileDriver.java:58)
	at io.appium.java_client.AppiumDriver.findElement(AppiumDriver.java:1)
	at io.appium.java_client.pagefactory.AppiumElementLocator.lambda$0(AppiumElementLocator.java:120)
	at io.appium.java_client.pagefactory.AppiumElementLocator$WaitingFunction.apply(AppiumElementLocator.java:172)
	at io.appium.java_client.pagefactory.AppiumElementLocator$WaitingFunction.apply(AppiumElementLocator.java:1)
	at org.openqa.selenium.support.ui.FluentWait.until(FluentWait.java:249)
	... 31 more
</textarea></pre></td>
                                                    </tr>
                                                    <tr>
                                                        <td>May 1, 2021 10:38:37 PM</td>
                                                        <td class='linked' test-id='4'>T07_To_Verify_Full_Plan_in_Graph</td>
                                                        <td><pre><textarea>org.openqa.selenium.NoSuchElementException: Can't locate an element by this strategy: By.chained({By.xpath: /hierarchy/android.widget.FrameLayout/android.widget.LinearLayout/android.widget.FrameLayout/android.widget.LinearLayout/android.widget.FrameLayout/android.view.ViewGroup/android.view.ViewGroup/android.widget.ScrollView/android.view.ViewGroup/android.view.ViewGroup[1]/android.webkit.WebView/android.webkit.WebView/android.view.View/android.view.View[3]/android.view.View/android.view.View/android.widget.Image/android.view.View[14]})
	at io.appium.java_client.pagefactory.AppiumElementLocator.findElement(AppiumElementLocator.java:126)
	at io.appium.java_client.pagefactory.interceptors.InterceptorOfASingleElement.intercept(InterceptorOfASingleElement.java:59)
	at io.appium.java_client.android.AndroidElement$$EnhancerByCGLIB$$b598166c.isDisplayed(<generated>)
	at studi.co.pageModules.Module_ReviewPlan.toVerify_Full_Plan_in_Graph(Module_ReviewPlan.java:321)
	at studi.co.testScripts.AFS_UserStory_1046.T07_To_Verify_Full_Plan_in_Graph(AFS_UserStory_1046.java:85)
	at java.base/jdk.internal.reflect.NativeMethodAccessorImpl.invoke0(Native Method)
	at java.base/jdk.internal.reflect.NativeMethodAccessorImpl.invoke(NativeMethodAccessorImpl.java:64)
	at java.base/jdk.internal.reflect.DelegatingMethodAccessorImpl.invoke(DelegatingMethodAccessorImpl.java:43)
	at java.base/java.lang.reflect.Method.invoke(Method.java:564)
	at org.testng.internal.MethodInvocationHelper.invokeMethod(MethodInvocationHelper.java:124)
	at org.testng.internal.Invoker.invokeMethod(Invoker.java:583)
	at org.testng.internal.Invoker.invokeTestMethod(Invoker.java:719)
	at org.testng.internal.Invoker.invokeTestMethods(Invoker.java:989)
	at org.testng.internal.TestMethodWorker.invokeTestMethods(TestMethodWorker.java:125)
	at org.testng.internal.TestMethodWorker.run(TestMethodWorker.java:109)
	at org.testng.TestRunner.privateRun(TestRunner.java:648)
	at org.testng.TestRunner.run(TestRunner.java:505)
	at org.testng.SuiteRunner.runTest(SuiteRunner.java:455)
	at org.testng.SuiteRunner.runSequentially(SuiteRunner.java:450)
	at org.testng.SuiteRunner.privateRun(SuiteRunner.java:415)
	at org.testng.SuiteRunner.run(SuiteRunner.java:364)
	at org.testng.SuiteRunnerWorker.runSuite(SuiteRunnerWorker.java:52)
	at org.testng.SuiteRunnerWorker.run(SuiteRunnerWorker.java:84)
	at org.testng.TestNG.runSuitesSequentially(TestNG.java:1208)
	at org.testng.TestNG.runSuitesLocally(TestNG.java:1137)
	at org.testng.TestNG.runSuites(TestNG.java:1049)
	at org.testng.TestNG.run(TestNG.java:1017)
	at org.testng.remote.AbstractRemoteTestNG.run(AbstractRemoteTestNG.java:115)
	at org.testng.remote.RemoteTestNG.initAndRun(RemoteTestNG.java:251)
	at org.testng.remote.RemoteTestNG.main(RemoteTestNG.java:77)
Caused by: org.openqa.selenium.TimeoutException: Expected condition failed: waiting for io.appium.java_client.pagefactory.AppiumElementLocator$WaitingFunction@62573c86 (tried for 1 second(s) with 500 milliseconds interval)
	at org.openqa.selenium.support.ui.FluentWait.timeoutException(FluentWait.java:304)
	at org.openqa.selenium.support.ui.FluentWait.until(FluentWait.java:272)
	at io.appium.java_client.pagefactory.AppiumElementLocator.waitFor(AppiumElementLocator.java:99)
	at io.appium.java_client.pagefactory.AppiumElementLocator.findElement(AppiumElementLocator.java:119)
	... 29 more
Caused by: org.openqa.selenium.NoSuchElementException: Cannot locate an element using By.chained({By.xpath: /hierarchy/android.widget.FrameLayout/android.widget.LinearLayout/android.widget.FrameLayout/android.widget.LinearLayout/android.widget.FrameLayout/android.view.ViewGroup/android.view.ViewGroup/android.widget.ScrollView/android.view.ViewGroup/android.view.ViewGroup[1]/android.webkit.WebView/android.webkit.WebView/android.view.View/android.view.View[3]/android.view.View/android.view.View/android.widget.Image/android.view.View[14]})
For documentation on this error, please visit: https://www.seleniumhq.org/exceptions/no_such_element.html
Build info: version: '3.141.59', revision: 'e82be7d358', time: '2018-11-14T08:17:03'
System info: host: 'DESKTOP-TMI6UL6', ip: '192.168.29.241', os.name: 'Windows 10', os.arch: 'amd64', os.version: '10.0', java.version: '15.0.2'
Driver info: driver.version: AppiumDriver
	at io.appium.java_client.pagefactory.bys.builder.ByChained.findElement(ByChained.java:74)
	at org.openqa.selenium.remote.RemoteWebDriver.findElement(RemoteWebDriver.java:315)
	at io.appium.java_client.DefaultGenericMobileDriver.findElement(DefaultGenericMobileDriver.java:58)
	at io.appium.java_client.AppiumDriver.findElement(AppiumDriver.java:1)
	at io.appium.java_client.pagefactory.bys.ContentMappedBy.findElement(ContentMappedBy.java:50)
	at org.openqa.selenium.remote.RemoteWebDriver.findElement(RemoteWebDriver.java:315)
	at io.appium.java_client.DefaultGenericMobileDriver.findElement(DefaultGenericMobileDriver.java:58)
	at io.appium.java_client.AppiumDriver.findElement(AppiumDriver.java:1)
	at io.appium.java_client.pagefactory.AppiumElementLocator.lambda$0(AppiumElementLocator.java:120)
	at io.appium.java_client.pagefactory.AppiumElementLocator$WaitingFunction.apply(AppiumElementLocator.java:172)
	at io.appium.java_client.pagefactory.AppiumElementLocator$WaitingFunction.apply(AppiumElementLocator.java:1)
	at org.openqa.selenium.support.ui.FluentWait.until(FluentWait.java:249)
	... 31 more
</textarea></pre></td>
                                                    </tr>
                                                    <tr>
                                                        <td>May 1, 2021 10:39:48 PM</td>
                                                        <td class='linked' test-id='5'>T08_To_Verify_Monthly_Option_in_Filter</td>
                                                        <td><pre><textarea>org.openqa.selenium.NoSuchElementException: Can't locate an element by this strategy: By.chained({By.xpath: /hierarchy/android.widget.FrameLayout/android.widget.LinearLayout/android.widget.FrameLayout/android.widget.LinearLayout/android.widget.FrameLayout/android.view.ViewGroup/android.view.ViewGroup/android.widget.ScrollView/android.view.ViewGroup/android.view.ViewGroup[1]/android.webkit.WebView/android.webkit.WebView/android.view.View/android.widget.Button})
	at io.appium.java_client.pagefactory.AppiumElementLocator.findElement(AppiumElementLocator.java:126)
	at io.appium.java_client.pagefactory.interceptors.InterceptorOfASingleElement.intercept(InterceptorOfASingleElement.java:59)
	at io.appium.java_client.android.AndroidElement$$EnhancerByCGLIB$$b598166c.click(<generated>)
	at studi.co.pageModules.Module_ReviewPlan.toVerify_Filter_Option(Module_ReviewPlan.java:237)
	at studi.co.pageModules.Module_ReviewPlan.toVerify_Monthly_Option(Module_ReviewPlan.java:287)
	at studi.co.testScripts.AFS_UserStory_1046.T08_To_Verify_Monthly_Option_in_Filter(AFS_UserStory_1046.java:92)
	at java.base/jdk.internal.reflect.NativeMethodAccessorImpl.invoke0(Native Method)
	at java.base/jdk.internal.reflect.NativeMethodAccessorImpl.invoke(NativeMethodAccessorImpl.java:64)
	at java.base/jdk.internal.reflect.DelegatingMethodAccessorImpl.invoke(DelegatingMethodAccessorImpl.java:43)
	at java.base/java.lang.reflect.Method.invoke(Method.java:564)
	at org.testng.internal.MethodInvocationHelper.invokeMethod(MethodInvocationHelper.java:124)
	at org.testng.internal.Invoker.invokeMethod(Invoker.java:583)
	at org.testng.internal.Invoker.invokeTestMethod(Invoker.java:719)
	at org.testng.internal.Invoker.invokeTestMethods(Invoker.java:989)
	at org.testng.internal.TestMethodWorker.invokeTestMethods(TestMethodWorker.java:125)
	at org.testng.internal.TestMethodWorker.run(TestMethodWorker.java:109)
	at org.testng.TestRunner.privateRun(TestRunner.java:648)
	at org.testng.TestRunner.run(TestRunner.java:505)
	at org.testng.SuiteRunner.runTest(SuiteRunner.java:455)
	at org.testng.SuiteRunner.runSequentially(SuiteRunner.java:450)
	at org.testng.SuiteRunner.privateRun(SuiteRunner.java:415)
	at org.testng.SuiteRunner.run(SuiteRunner.java:364)
	at org.testng.SuiteRunnerWorker.runSuite(SuiteRunnerWorker.java:52)
	at org.testng.SuiteRunnerWorker.run(SuiteRunnerWorker.java:84)
	at org.testng.TestNG.runSuitesSequentially(TestNG.java:1208)
	at org.testng.TestNG.runSuitesLocally(TestNG.java:1137)
	at org.testng.TestNG.runSuites(TestNG.java:1049)
	at org.testng.TestNG.run(TestNG.java:1017)
	at org.testng.remote.AbstractRemoteTestNG.run(AbstractRemoteTestNG.java:115)
	at org.testng.remote.RemoteTestNG.initAndRun(RemoteTestNG.java:251)
	at org.testng.remote.RemoteTestNG.main(RemoteTestNG.java:77)
Caused by: org.openqa.selenium.TimeoutException: Expected condition failed: waiting for io.appium.java_client.pagefactory.AppiumElementLocator$WaitingFunction@1000d54d (tried for 1 second(s) with 500 milliseconds interval)
	at org.openqa.selenium.support.ui.FluentWait.timeoutException(FluentWait.java:304)
	at org.openqa.selenium.support.ui.FluentWait.until(FluentWait.java:272)
	at io.appium.java_client.pagefactory.AppiumElementLocator.waitFor(AppiumElementLocator.java:99)
	at io.appium.java_client.pagefactory.AppiumElementLocator.findElement(AppiumElementLocator.java:119)
	... 30 more
Caused by: org.openqa.selenium.NoSuchElementException: Cannot locate an element using By.chained({By.xpath: /hierarchy/android.widget.FrameLayout/android.widget.LinearLayout/android.widget.FrameLayout/android.widget.LinearLayout/android.widget.FrameLayout/android.view.ViewGroup/android.view.ViewGroup/android.widget.ScrollView/android.view.ViewGroup/android.view.ViewGroup[1]/android.webkit.WebView/android.webkit.WebView/android.view.View/android.widget.Button})
For documentation on this error, please visit: https://www.seleniumhq.org/exceptions/no_such_element.html
Build info: version: '3.141.59', revision: 'e82be7d358', time: '2018-11-14T08:17:03'
System info: host: 'DESKTOP-TMI6UL6', ip: '192.168.29.241', os.name: 'Windows 10', os.arch: 'amd64', os.version: '10.0', java.version: '15.0.2'
Driver info: driver.version: AppiumDriver
	at io.appium.java_client.pagefactory.bys.builder.ByChained.findElement(ByChained.java:74)
	at org.openqa.selenium.remote.RemoteWebDriver.findElement(RemoteWebDriver.java:315)
	at io.appium.java_client.DefaultGenericMobileDriver.findElement(DefaultGenericMobileDriver.java:58)
	at io.appium.java_client.AppiumDriver.findElement(AppiumDriver.java:1)
	at io.appium.java_client.pagefactory.bys.ContentMappedBy.findElement(ContentMappedBy.java:50)
	at org.openqa.selenium.remote.RemoteWebDriver.findElement(RemoteWebDriver.java:315)
	at io.appium.java_client.DefaultGenericMobileDriver.findElement(DefaultGenericMobileDriver.java:58)
	at io.appium.java_client.AppiumDriver.findElement(AppiumDriver.java:1)
	at io.appium.java_client.pagefactory.AppiumElementLocator.lambda$0(AppiumElementLocator.java:120)
	at io.appium.java_client.pagefactory.AppiumElementLocator$WaitingFunction.apply(AppiumElementLocator.java:172)
	at io.appium.java_client.pagefactory.AppiumElementLocator$WaitingFunction.apply(AppiumElementLocator.java:1)
	at org.openqa.selenium.support.ui.FluentWait.until(FluentWait.java:249)
	... 32 more
</textarea></pre></td>
                                                    </tr>
                                        </tbody>
                                    </table>
                                </div>
                            </div>
                        </li>
                        <li class='exception displayed active'>
                            <div class='exception-heading'>
                                <span class='exception-name'>org.openqa.selenium.StaleElementReferenceException</span>
                                <span class='exception-count right'><span class='label red lighten-1 white-text'>2</span></span>
                            </div>
                            <div class='exception-content hide'>
                                <div class='exception-tests'>
                                    <table class='bordered table-results'>
                                        <thead>
                                        <tr>
                                            <th>Timestamp</th>
                                            <th>TestName</th>
                                            <th>Status</th>
                                        </tr>
                                        </thead>
                                        <tbody>
                                                    <tr>
                                                        <td>May 1, 2021 10:52:33 PM</td>
                                                        <td class='linked' test-id='20'>T23_To_Verify_User_Should_Be_Able_To_Modify_The_Plans_DeadLine</td>
                                                        <td><pre><textarea>org.openqa.selenium.StaleElementReferenceException: androidx.test.uiautomator.StaleObjectException
For documentation on this error, please visit: https://www.seleniumhq.org/exceptions/stale_element_reference.html
Build info: version: '3.141.59', revision: 'e82be7d358', time: '2018-11-14T08:17:03'
System info: host: 'DESKTOP-TMI6UL6', ip: '192.168.29.241', os.name: 'Windows 10', os.arch: 'amd64', os.version: '10.0', java.version: '15.0.2'
Driver info: io.appium.java_client.AppiumDriver
Capabilities {app: C:\Users\LENOVO\Downloads\S..., appActivity: com.tce.view.ui.activities...., appPackage: com.tce.studi, chromedriverExecutable: C:\Users\LENOVO\Downloads\c..., databaseEnabled: false, desired: {app: C:\Users\LENOVO\Downloads\S..., appActivity: com.tce.view.ui.activities...., appPackage: com.tce.studi, chromedriverExecutable: C:\Users\LENOVO\Downloads\c..., deviceName: Appium, noReset: true, platformName: android, platformVersion: 9, takesScreenshot: true}, deviceApiLevel: 28, deviceManufacturer: HUAWEI, deviceModel: ANE-LX2J, deviceName: 5GC7N19124001281, deviceScreenDensity: 480, deviceScreenSize: 1080x2280, deviceUDID: 5GC7N19124001281, javascriptEnabled: true, locationContextEnabled: false, networkConnectionEnabled: true, noReset: true, pixelRatio: 3, platform: LINUX, platformName: LINUX, platformVersion: 9, statBarHeight: 90, takesScreenshot: true, viewportRect: {height: 1970, left: 0, top: 90, width: 1080}, warnings: {}, webStorageEnabled: false}
Session ID: 277a6d6c-3667-4a36-b60b-cb3c069d8b57
	at java.base/jdk.internal.reflect.NativeConstructorAccessorImpl.newInstance0(Native Method)
	at java.base/jdk.internal.reflect.NativeConstructorAccessorImpl.newInstance(NativeConstructorAccessorImpl.java:64)
	at java.base/jdk.internal.reflect.DelegatingConstructorAccessorImpl.newInstance(DelegatingConstructorAccessorImpl.java:45)
	at java.base/java.lang.reflect.Constructor.newInstanceWithCaller(Constructor.java:500)
	at java.base/java.lang.reflect.Constructor.newInstance(Constructor.java:481)
	at org.openqa.selenium.remote.http.W3CHttpResponseCodec.createException(W3CHttpResponseCodec.java:187)
	at org.openqa.selenium.remote.http.W3CHttpResponseCodec.decode(W3CHttpResponseCodec.java:122)
	at org.openqa.selenium.remote.http.W3CHttpResponseCodec.decode(W3CHttpResponseCodec.java:49)
	at org.openqa.selenium.remote.HttpCommandExecutor.execute(HttpCommandExecutor.java:158)
	at io.appium.java_client.remote.AppiumCommandExecutor.execute(AppiumCommandExecutor.java:239)
	at org.openqa.selenium.remote.RemoteWebDriver.execute(RemoteWebDriver.java:552)
	at io.appium.java_client.DefaultGenericMobileDriver.execute(DefaultGenericMobileDriver.java:42)
	at io.appium.java_client.AppiumDriver.execute(AppiumDriver.java:1)
	at org.openqa.selenium.remote.RemoteWebElement.execute(RemoteWebElement.java:285)
	at io.appium.java_client.DefaultGenericMobileElement.execute(DefaultGenericMobileElement.java:45)
	at io.appium.java_client.MobileElement.execute(MobileElement.java:1)
	at io.appium.java_client.android.AndroidElement.execute(AndroidElement.java:1)
	at org.openqa.selenium.remote.RemoteWebElement.getText(RemoteWebElement.java:166)
	at jdk.internal.reflect.GeneratedMethodAccessor9.invoke(Unknown Source)
	at java.base/jdk.internal.reflect.DelegatingMethodAccessorImpl.invoke(DelegatingMethodAccessorImpl.java:43)
	at java.base/java.lang.reflect.Method.invoke(Method.java:564)
	at io.appium.java_client.pagefactory.ElementInterceptor.getObject(ElementInterceptor.java:40)
	at io.appium.java_client.pagefactory.interceptors.InterceptorOfASingleElement.intercept(InterceptorOfASingleElement.java:60)
	at io.appium.java_client.android.AndroidElement$$EnhancerByCGLIB$$b598166c.getText(<generated>)
	at studi.co.pageModules.Module_ReviewPlan.createPlans(Module_ReviewPlan.java:1479)
	at studi.co.pageModules.Module_ReviewPlan.toVerify_ToModify_ThePlansDeadLine(Module_ReviewPlan.java:1297)
	at studi.co.testScripts.AFS_UserStory_1046.T23_To_Verify_User_Should_Be_Able_To_Modify_The_Plans_DeadLine(AFS_UserStory_1046.java:198)
	at java.base/jdk.internal.reflect.NativeMethodAccessorImpl.invoke0(Native Method)
	at java.base/jdk.internal.reflect.NativeMethodAccessorImpl.invoke(NativeMethodAccessorImpl.java:64)
	at java.base/jdk.internal.reflect.DelegatingMethodAccessorImpl.invoke(DelegatingMethodAccessorImpl.java:43)
	at java.base/java.lang.reflect.Method.invoke(Method.java:564)
	at org.testng.internal.MethodInvocationHelper.invokeMethod(MethodInvocationHelper.java:124)
	at org.testng.internal.Invoker.invokeMethod(Invoker.java:583)
	at org.testng.internal.Invoker.invokeTestMethod(Invoker.java:719)
	at org.testng.internal.Invoker.invokeTestMethods(Invoker.java:989)
	at org.testng.internal.TestMethodWorker.invokeTestMethods(TestMethodWorker.java:125)
	at org.testng.internal.TestMethodWorker.run(TestMethodWorker.java:109)
	at org.testng.TestRunner.privateRun(TestRunner.java:648)
	at org.testng.TestRunner.run(TestRunner.java:505)
	at org.testng.SuiteRunner.runTest(SuiteRunner.java:455)
	at org.testng.SuiteRunner.runSequentially(SuiteRunner.java:450)
	at org.testng.SuiteRunner.privateRun(SuiteRunner.java:415)
	at org.testng.SuiteRunner.run(SuiteRunner.java:364)
	at org.testng.SuiteRunnerWorker.runSuite(SuiteRunnerWorker.java:52)
	at org.testng.SuiteRunnerWorker.run(SuiteRunnerWorker.java:84)
	at org.testng.TestNG.runSuitesSequentially(TestNG.java:1208)
	at org.testng.TestNG.runSuitesLocally(TestNG.java:1137)
	at org.testng.TestNG.runSuites(TestNG.java:1049)
	at org.testng.TestNG.run(TestNG.java:1017)
	at org.testng.remote.AbstractRemoteTestNG.run(AbstractRemoteTestNG.java:115)
	at org.testng.remote.RemoteTestNG.initAndRun(RemoteTestNG.java:251)
	at org.testng.remote.RemoteTestNG.main(RemoteTestNG.java:77)
</textarea></pre></td>
                                                    </tr>
                                                    <tr>
                                                        <td>May 1, 2021 10:54:19 PM</td>
                                                        <td class='linked' test-id='23'>T26_To_Verify_User_Able_To_View_Modified_DeadLine_of_The_Plan</td>
                                                        <td><pre><textarea>org.openqa.selenium.StaleElementReferenceException: androidx.test.uiautomator.StaleObjectException
For documentation on this error, please visit: https://www.seleniumhq.org/exceptions/stale_element_reference.html
Build info: version: '3.141.59', revision: 'e82be7d358', time: '2018-11-14T08:17:03'
System info: host: 'DESKTOP-TMI6UL6', ip: '192.168.29.241', os.name: 'Windows 10', os.arch: 'amd64', os.version: '10.0', java.version: '15.0.2'
Driver info: io.appium.java_client.AppiumDriver
Capabilities {app: C:\Users\LENOVO\Downloads\S..., appActivity: com.tce.view.ui.activities...., appPackage: com.tce.studi, chromedriverExecutable: C:\Users\LENOVO\Downloads\c..., databaseEnabled: false, desired: {app: C:\Users\LENOVO\Downloads\S..., appActivity: com.tce.view.ui.activities...., appPackage: com.tce.studi, chromedriverExecutable: C:\Users\LENOVO\Downloads\c..., deviceName: Appium, noReset: true, platformName: android, platformVersion: 9, takesScreenshot: true}, deviceApiLevel: 28, deviceManufacturer: HUAWEI, deviceModel: ANE-LX2J, deviceName: 5GC7N19124001281, deviceScreenDensity: 480, deviceScreenSize: 1080x2280, deviceUDID: 5GC7N19124001281, javascriptEnabled: true, locationContextEnabled: false, networkConnectionEnabled: true, noReset: true, pixelRatio: 3, platform: LINUX, platformName: LINUX, platformVersion: 9, statBarHeight: 90, takesScreenshot: true, viewportRect: {height: 1970, left: 0, top: 90, width: 1080}, warnings: {}, webStorageEnabled: false}
Session ID: 277a6d6c-3667-4a36-b60b-cb3c069d8b57
	at java.base/jdk.internal.reflect.NativeConstructorAccessorImpl.newInstance0(Native Method)
	at java.base/jdk.internal.reflect.NativeConstructorAccessorImpl.newInstance(NativeConstructorAccessorImpl.java:64)
	at java.base/jdk.internal.reflect.DelegatingConstructorAccessorImpl.newInstance(DelegatingConstructorAccessorImpl.java:45)
	at java.base/java.lang.reflect.Constructor.newInstanceWithCaller(Constructor.java:500)
	at java.base/java.lang.reflect.Constructor.newInstance(Constructor.java:481)
	at org.openqa.selenium.remote.http.W3CHttpResponseCodec.createException(W3CHttpResponseCodec.java:187)
	at org.openqa.selenium.remote.http.W3CHttpResponseCodec.decode(W3CHttpResponseCodec.java:122)
	at org.openqa.selenium.remote.http.W3CHttpResponseCodec.decode(W3CHttpResponseCodec.java:49)
	at org.openqa.selenium.remote.HttpCommandExecutor.execute(HttpCommandExecutor.java:158)
	at io.appium.java_client.remote.AppiumCommandExecutor.execute(AppiumCommandExecutor.java:239)
	at org.openqa.selenium.remote.RemoteWebDriver.execute(RemoteWebDriver.java:552)
	at io.appium.java_client.DefaultGenericMobileDriver.execute(DefaultGenericMobileDriver.java:42)
	at io.appium.java_client.AppiumDriver.execute(AppiumDriver.java:1)
	at org.openqa.selenium.remote.RemoteWebElement.execute(RemoteWebElement.java:285)
	at io.appium.java_client.DefaultGenericMobileElement.execute(DefaultGenericMobileElement.java:45)
	at io.appium.java_client.MobileElement.execute(MobileElement.java:1)
	at io.appium.java_client.android.AndroidElement.execute(AndroidElement.java:1)
	at org.openqa.selenium.remote.RemoteWebElement.isDisplayed(RemoteWebElement.java:326)
	at jdk.internal.reflect.GeneratedMethodAccessor8.invoke(Unknown Source)
	at java.base/jdk.internal.reflect.DelegatingMethodAccessorImpl.invoke(DelegatingMethodAccessorImpl.java:43)
	at java.base/java.lang.reflect.Method.invoke(Method.java:564)
	at io.appium.java_client.pagefactory.ElementInterceptor.getObject(ElementInterceptor.java:40)
	at io.appium.java_client.pagefactory.interceptors.InterceptorOfASingleElement.intercept(InterceptorOfASingleElement.java:60)
	at io.appium.java_client.android.AndroidElement$$EnhancerByCGLIB$$b598166c.isDisplayed(<generated>)
	at studi.co.pageModules.Module_ReviewPlan.toVerify_DeadLineTab_UnderModifyTab(Module_ReviewPlan.java:663)
	at studi.co.pageModules.Module_ReviewPlan.toVerify_ModifiedDeadline_InMyLessonsPage(Module_ReviewPlan.java:765)
	at studi.co.testScripts.AFS_UserStory_1046.T26_To_Verify_User_Able_To_View_Modified_DeadLine_of_The_Plan(AFS_UserStory_1046.java:218)
	at java.base/jdk.internal.reflect.NativeMethodAccessorImpl.invoke0(Native Method)
	at java.base/jdk.internal.reflect.NativeMethodAccessorImpl.invoke(NativeMethodAccessorImpl.java:64)
	at java.base/jdk.internal.reflect.DelegatingMethodAccessorImpl.invoke(DelegatingMethodAccessorImpl.java:43)
	at java.base/java.lang.reflect.Method.invoke(Method.java:564)
	at org.testng.internal.MethodInvocationHelper.invokeMethod(MethodInvocationHelper.java:124)
	at org.testng.internal.Invoker.invokeMethod(Invoker.java:583)
	at org.testng.internal.Invoker.invokeTestMethod(Invoker.java:719)
	at org.testng.internal.Invoker.invokeTestMethods(Invoker.java:989)
	at org.testng.internal.TestMethodWorker.invokeTestMethods(TestMethodWorker.java:125)
	at org.testng.internal.TestMethodWorker.run(TestMethodWorker.java:109)
	at org.testng.TestRunner.privateRun(TestRunner.java:648)
	at org.testng.TestRunner.run(TestRunner.java:505)
	at org.testng.SuiteRunner.runTest(SuiteRunner.java:455)
	at org.testng.SuiteRunner.runSequentially(SuiteRunner.java:450)
	at org.testng.SuiteRunner.privateRun(SuiteRunner.java:415)
	at org.testng.SuiteRunner.run(SuiteRunner.java:364)
	at org.testng.SuiteRunnerWorker.runSuite(SuiteRunnerWorker.java:52)
	at org.testng.SuiteRunnerWorker.run(SuiteRunnerWorker.java:84)
	at org.testng.TestNG.runSuitesSequentially(TestNG.java:1208)
	at org.testng.TestNG.runSuitesLocally(TestNG.java:1137)
	at org.testng.TestNG.runSuites(TestNG.java:1049)
	at org.testng.TestNG.run(TestNG.java:1017)
	at org.testng.remote.AbstractRemoteTestNG.run(AbstractRemoteTestNG.java:115)
	at org.testng.remote.RemoteTestNG.initAndRun(RemoteTestNG.java:251)
	at org.testng.remote.RemoteTestNG.main(RemoteTestNG.java:77)
</textarea></pre></td>
                                                    </tr>
                                        </tbody>
                                    </table>
                                </div>
                            </div>
                        </li>
                </ul>
        </div>
    </div>

    <div class='subview-right left'>
        <div class='view-summary'>
            <h5 class='exception-name'></h5>
        </div>
    </div>
</div>
<!-- exception view -->
<div id='dashboard-view' class='view hide'>
	<div class='card-panel transparent np-v'>
		<h5>Dashboard</h5>

		<div class='row'>
			<div class='col s2'>
				<div class='card-panel r'>
					Tests
					<div class='panel-lead'>37</div>
				</div>
			</div>
			<div class='col s2'>
				<div class='card-panel r'>
					Steps
					<div class='panel-lead'>363</div>
				</div>
			</div>
			<div class='col s2'>
				<div class='card-panel r'>
					Start
					<div class='panel-lead'>May 1, 2021 10:35:58 PM</div>
				</div>
			</div>
			<div class='col s2'>
				<div class='card-panel r'>
			 		End
			 		<div class='panel-lead'>May 1, 2021 11:10:56 PM</div>
				</div>
			</div>
			<div class='col s2'>
				<div class='card-panel r'>
					Time Taken
					<div class='panel-lead'>0h 34m 57s+585ms</div>
				</div>
			</div>
			<div class='col s4'>
				<div class='card-panel dashboard-environment'>
					<span class='right label cyan white-text'>Environment</span><p>&nbsp;</p>
					
					<table>
						<tr>
							<th>Name</th>
							<th>Value</th>
						</tr>
							<tr>
								<td>Tester</td>
								<td>Author</td>
							</tr>
					</table>
				</div>
			</div>
		</div>
	</div>
</div>
<!-- dashboard view -->
<!-- testrunner-logs view -->
		</div>
		<!-- container -->

		<script>
			var statusGroup = {
				passParent: 31,
				failParent: 6,
				fatalParent: 0,
				errorParent: 0,
				warningParent: 0,
				skipParent: 0,
				exceptionsParent: 6,
				
				passChild: 62,
				failChild: 24,
				fatalChild: 0,
				errorChild: 0,
				warningChild: 0,
				skipChild: 0,
				infoChild: 277,
				exceptionsChild: 24,
				
				passGrandChild: 0,
				failGrandChild: 0,
				fatalGrandChild: 0,
				errorGrandChild: 0,
				warningGrandChild: 0,
				skipGrandChild: 0,
				infoGrandChild: 0,
				exceptionsGrandChild: 0,
			};
		</script>
		
			<script src='https://cdn.rawgit.com/anshooarora/extentreports-java/fca20fb7653aade98810546ab96a2a4360e3e712/dist/js/extent.js' type='text/javascript'></script>
		
		
 		<script type='text/javascript'>
 			
            
                $(document).ready(function() {
                    
                });
            
		
 		</script>
	</body>
	
</html>
