<?xml version="1.0" encoding="UTF-8"?>
<!-- Generated by org.testng.reporters.JUnitXMLReporter -->
<testsuite ignored="1" hostname="DESKTOP-JHURRHK" failures="0" tests="24" name="Device 01" time="81.07" errors="0" timestamp="07 Jan 2021 15:36:02 GMT">
  <testcase classname="studi.co.Base.BaseClass" name="@BeforeTest beforeTest" time="80.439">
    <failure type="org.openqa.selenium.SessionNotCreatedException" message="Unable to create a new remote session. Please check the server log for more details. Original error: An unknown server-side error occurred while processing the command. Original error: Error executing adbExec. Original error: &amp;apos;Command &amp;apos;C:\\Users\\Dell\\AppData\\Local\\Android\\Sdk\\platform-tools\\adb.exe -P 5037 -s emulator-5554 shell &amp;apos;settings delete global hidden_api_policy_pre_p_apps;settings delete global hidden_api_policy_p_apps;settings delete global hidden_api_policy&amp;apos;&amp;apos; timed out after 20000ms&amp;apos;. Try to increase the 20000ms adb execution timeout represented by &amp;apos;adbExecTimeout&amp;apos; capability
Build info: version: &amp;apos;3.141.59&amp;apos;, revision: &amp;apos;e82be7d358&amp;apos;, time: &amp;apos;2018-11-14T08:17:03&amp;apos;
System info: host: &amp;apos;DESKTOP-JHURRHK&amp;apos;, ip: &amp;apos;192.168.0.100&amp;apos;, os.name: &amp;apos;Windows 10&amp;apos;, os.arch: &amp;apos;amd64&amp;apos;, os.version: &amp;apos;10.0&amp;apos;, java.version: &amp;apos;11.0.9&amp;apos;
Driver info: driver.version: AndroidDriver
remote stacktrace: UnknownError: An unknown server-side error occurred while processing the command. Original error: Error executing adbExec. Original error: &amp;apos;Command &amp;apos;C:\\Users\\Dell\\AppData\\Local\\Android\\Sdk\\platform-tools\\adb.exe -P 5037 -s emulator-5554 shell &amp;apos;settings delete global hidden_api_policy_pre_p_apps;settings delete global hidden_api_policy_p_apps;settings delete global hidden_api_policy&amp;apos;&amp;apos; timed out after 20000ms&amp;apos;. Try to increase the 20000ms adb execution timeout represented by &amp;apos;adbExecTimeout&amp;apos; capability
    at getResponseForW3CError (C:\Users\Dell\Downloads\Appium-windows-1.18.3\resources\app\node_modules\appium\node_modules\appium-base-driver\lib\protocol\errors.js:804:9)
    at asyncHandler (C:\Users\Dell\Downloads\Appium-windows-1.18.3\resources\app\node_modules\appium\node_modules\appium-base-driver\lib\protocol\protocol.js:381:37)
Build info: version: &amp;apos;3.141.59&amp;apos;, revision: &amp;apos;e82be7d358&amp;apos;, time: &amp;apos;2018-11-14T08:17:03&amp;apos;
System info: host: &amp;apos;DESKTOP-JHURRHK&amp;apos;, ip: &amp;apos;192.168.0.100&amp;apos;, os.name: &amp;apos;Windows 10&amp;apos;, os.arch: &amp;apos;amd64&amp;apos;, os.version: &amp;apos;10.0&amp;apos;, java.version: &amp;apos;11.0.9&amp;apos;
Driver info: driver.version: AndroidDriver">
      <![CDATA[org.openqa.selenium.SessionNotCreatedException: Unable to create a new remote session. Please check the server log for more details. Original error: An unknown server-side error occurred while processing the command. Original error: Error executing adbExec. Original error: 'Command 'C:\\Users\\Dell\\AppData\\Local\\Android\\Sdk\\platform-tools\\adb.exe -P 5037 -s emulator-5554 shell 'settings delete global hidden_api_policy_pre_p_apps;settings delete global hidden_api_policy_p_apps;settings delete global hidden_api_policy'' timed out after 20000ms'. Try to increase the 20000ms adb execution timeout represented by 'adbExecTimeout' capability
Build info: version: '3.141.59', revision: 'e82be7d358', time: '2018-11-14T08:17:03'
System info: host: 'DESKTOP-JHURRHK', ip: '192.168.0.100', os.name: 'Windows 10', os.arch: 'amd64', os.version: '10.0', java.version: '11.0.9'
Driver info: driver.version: AndroidDriver
remote stacktrace: UnknownError: An unknown server-side error occurred while processing the command. Original error: Error executing adbExec. Original error: 'Command 'C:\\Users\\Dell\\AppData\\Local\\Android\\Sdk\\platform-tools\\adb.exe -P 5037 -s emulator-5554 shell 'settings delete global hidden_api_policy_pre_p_apps;settings delete global hidden_api_policy_p_apps;settings delete global hidden_api_policy'' timed out after 20000ms'. Try to increase the 20000ms adb execution timeout represented by 'adbExecTimeout' capability
    at getResponseForW3CError (C:\Users\Dell\Downloads\Appium-windows-1.18.3\resources\app\node_modules\appium\node_modules\appium-base-driver\lib\protocol\errors.js:804:9)
    at asyncHandler (C:\Users\Dell\Downloads\Appium-windows-1.18.3\resources\app\node_modules\appium\node_modules\appium-base-driver\lib\protocol\protocol.js:381:37)
Build info: version: '3.141.59', revision: 'e82be7d358', time: '2018-11-14T08:17:03'
System info: host: 'DESKTOP-JHURRHK', ip: '192.168.0.100', os.name: 'Windows 10', os.arch: 'amd64', os.version: '10.0', java.version: '11.0.9'
Driver info: driver.version: AndroidDriver
at io.appium.java_client.remote.AppiumCommandExecutor$1.createSession(AppiumCommandExecutor.java:208)
at io.appium.java_client.remote.AppiumCommandExecutor.createSession(AppiumCommandExecutor.java:217)
at io.appium.java_client.remote.AppiumCommandExecutor.execute(AppiumCommandExecutor.java:239)
at org.openqa.selenium.remote.RemoteWebDriver.execute(RemoteWebDriver.java:552)
at io.appium.java_client.DefaultGenericMobileDriver.execute(DefaultGenericMobileDriver.java:42)
at io.appium.java_client.AppiumDriver.execute(AppiumDriver.java:1)
at io.appium.java_client.android.AndroidDriver.execute(AndroidDriver.java:1)
at org.openqa.selenium.remote.RemoteWebDriver.startSession(RemoteWebDriver.java:213)
at org.openqa.selenium.remote.RemoteWebDriver.<init>(RemoteWebDriver.java:131)
at io.appium.java_client.DefaultGenericMobileDriver.<init>(DefaultGenericMobileDriver.java:38)
at io.appium.java_client.AppiumDriver.<init>(AppiumDriver.java:84)
at io.appium.java_client.AppiumDriver.<init>(AppiumDriver.java:94)
at io.appium.java_client.android.AndroidDriver.<init>(AndroidDriver.java:95)
at studi.co.Base.BaseClass.beforeTest(BaseClass.java:120)
at java.base/java.util.concurrent.FutureTask.run(FutureTask.java:264)
at java.base/java.util.concurrent.ThreadPoolExecutor.runWorker(ThreadPoolExecutor.java:1128)
at java.base/java.util.concurrent.ThreadPoolExecutor$Worker.run(ThreadPoolExecutor.java:628)
at java.base/java.lang.Thread.run(Thread.java:834)
at io.appium.java_client.remote.AppiumCommandExecutor$1.createSession(AppiumCommandExecutor.java:186)
... 32 more
Caused by: org.openqa.selenium.WebDriverException: An unknown server-side error occurred while processing the command. Original error: Error executing adbExec. Original error: 'Command 'C:\\Users\\Dell\\AppData\\Local\\Android\\Sdk\\platform-tools\\adb.exe -P 5037 -s emulator-5554 shell 'settings delete global hidden_api_policy_pre_p_apps;settings delete global hidden_api_policy_p_apps;settings delete global hidden_api_policy'' timed out after 20000ms'. Try to increase the 20000ms adb execution timeout represented by 'adbExecTimeout' capability
Build info: version: '3.141.59', revision: 'e82be7d358', time: '2018-11-14T08:17:03'
System info: host: 'DESKTOP-JHURRHK', ip: '192.168.0.100', os.name: 'Windows 10', os.arch: 'amd64', os.version: '10.0', java.version: '11.0.9'
Driver info: driver.version: AndroidDriver
remote stacktrace: UnknownError: An unknown server-side error occurred while processing the command. Original error: Error executing adbExec. Original error: 'Command 'C:\\Users\\Dell\\AppData\\Local\\Android\\Sdk\\platform-tools\\adb.exe -P 5037 -s emulator-5554 shell 'settings delete global hidden_api_policy_pre_p_apps;settings delete global hidden_api_policy_p_apps;settings delete global hidden_api_policy'' timed out after 20000ms'. Try to increase the 20000ms adb execution timeout represented by 'adbExecTimeout' capability
    at getResponseForW3CError (C:\Users\Dell\Downloads\Appium-windows-1.18.3\resources\app\node_modules\appium\node_modules\appium-base-driver\lib\protocol\errors.js:804:9)
    at asyncHandler (C:\Users\Dell\Downloads\Appium-windows-1.18.3\resources\app\node_modules\appium\node_modules\appium-base-driver\lib\protocol\protocol.js:381:37)
at org.openqa.selenium.remote.W3CHandshakeResponse.lambda$errorHandler$0(W3CHandshakeResponse.java:62)
at org.openqa.selenium.remote.HandshakeResponse.lambda$getResponseFunction$0(HandshakeResponse.java:30)
at org.openqa.selenium.remote.ProtocolHandshake.lambda$createSession$0(ProtocolHandshake.java:126)
at java.base/java.util.stream.ReferencePipeline$3$1.accept(ReferencePipeline.java:195)
at java.base/java.util.Spliterators$ArraySpliterator.tryAdvance(Spliterators.java:958)
at java.base/java.util.stream.ReferencePipeline.forEachWithCancel(ReferencePipeline.java:127)
at java.base/java.util.stream.AbstractPipeline.copyIntoWithCancel(AbstractPipeline.java:502)
at java.base/java.util.stream.AbstractPipeline.copyInto(AbstractPipeline.java:488)
at java.base/java.util.stream.AbstractPipeline.wrapAndCopyInto(AbstractPipeline.java:474)
at java.base/java.util.stream.FindOps$FindOp.evaluateSequential(FindOps.java:150)
at java.base/java.util.stream.AbstractPipeline.evaluate(AbstractPipeline.java:234)
at java.base/java.util.stream.ReferencePipeline.findFirst(ReferencePipeline.java:543)
at org.openqa.selenium.remote.ProtocolHandshake.createSession(ProtocolHandshake.java:128)
... 37 more
... Removed 24 stack frames]]>
    </failure>
  </testcase> <!-- @BeforeTest beforeTest -->
  <testcase classname="studi.co.testScripts.AFS_UserStory_77" name="@BeforeMethod Validate_Login" time="0.0">
    <skipped/>
  </testcase> <!-- @BeforeMethod Validate_Login -->
  <testcase classname="studi.co.testScripts.AFS_UserStory_77" name="@BeforeMethod Validate_Login" time="0.0">
    <skipped/>
  </testcase> <!-- @BeforeMethod Validate_Login -->
  <testcase classname="studi.co.testScripts.AFS_UserStory_77" name="@BeforeMethod Validate_Login" time="0.0">
    <skipped/>
  </testcase> <!-- @BeforeMethod Validate_Login -->
  <testcase classname="studi.co.testScripts.AFS_UserStory_77" name="@BeforeMethod Validate_Login" time="0.0">
    <skipped/>
  </testcase> <!-- @BeforeMethod Validate_Login -->
  <testcase classname="studi.co.testScripts.AFS_UserStory_77" name="@BeforeMethod Validate_Login" time="0.0">
    <skipped/>
  </testcase> <!-- @BeforeMethod Validate_Login -->
  <testcase classname="studi.co.testScripts.AFS_UserStory_77" name="@BeforeMethod Validate_Login" time="0.0">
    <skipped/>
  </testcase> <!-- @BeforeMethod Validate_Login -->
  <testcase classname="studi.co.testScripts.AFS_UserStory_77" name="@BeforeMethod Validate_Login" time="0.0">
    <skipped/>
  </testcase> <!-- @BeforeMethod Validate_Login -->
  <testcase classname="studi.co.testScripts.AFS_UserStory_77" name="@BeforeMethod Validate_Login" time="0.0">
    <skipped/>
  </testcase> <!-- @BeforeMethod Validate_Login -->
  <testcase classname="studi.co.testScripts.AFS_UserStory_77" name="@BeforeMethod Validate_Login" time="0.0">
    <skipped/>
  </testcase> <!-- @BeforeMethod Validate_Login -->
  <testcase classname="studi.co.testScripts.AFS_UserStory_77" name="@BeforeMethod Validate_Login" time="0.0">
    <skipped/>
  </testcase> <!-- @BeforeMethod Validate_Login -->
  <testcase classname="studi.co.testScripts.AFS_UserStory_77" name="@BeforeMethod Validate_Login" time="0.0">
    <skipped/>
  </testcase> <!-- @BeforeMethod Validate_Login -->
  <testcase classname="studi.co.testScripts.AFS_UserStory_77" name="@BeforeMethod Validate_Login" time="0.0">
    <skipped/>
  </testcase> <!-- @BeforeMethod Validate_Login -->
  <testcase classname="studi.co.testScripts.AFS_UserStory_77" name="@BeforeMethod Validate_Login" time="0.0">
    <skipped/>
  </testcase> <!-- @BeforeMethod Validate_Login -->
  <testcase classname="studi.co.testScripts.AFS_UserStory_77" name="@BeforeMethod Validate_Login" time="0.0">
    <skipped/>
  </testcase> <!-- @BeforeMethod Validate_Login -->
  <testcase classname="studi.co.testScripts.AFS_UserStory_77" name="@BeforeMethod Validate_Login" time="0.0">
    <skipped/>
  </testcase> <!-- @BeforeMethod Validate_Login -->
  <testcase classname="studi.co.testScripts.AFS_UserStory_77" name="@BeforeMethod Validate_Login" time="0.0">
    <skipped/>
  </testcase> <!-- @BeforeMethod Validate_Login -->
  <testcase classname="studi.co.testScripts.AFS_UserStory_77" name="@BeforeMethod Validate_Login" time="0.0">
    <skipped/>
  </testcase> <!-- @BeforeMethod Validate_Login -->
  <testcase classname="studi.co.testScripts.AFS_UserStory_77" name="@BeforeMethod Validate_Login" time="0.0">
    <skipped/>
  </testcase> <!-- @BeforeMethod Validate_Login -->
  <testcase classname="studi.co.testScripts.AFS_UserStory_77" name="@BeforeMethod Validate_Login" time="0.0">
    <skipped/>
  </testcase> <!-- @BeforeMethod Validate_Login -->
  <testcase classname="studi.co.testScripts.AFS_UserStory_77" name="@BeforeMethod Validate_Login" time="0.0">
    <skipped/>
  </testcase> <!-- @BeforeMethod Validate_Login -->
  <testcase classname="studi.co.testScripts.AFS_UserStory_77" name="@BeforeMethod Validate_Login" time="0.0">
    <skipped/>
  </testcase> <!-- @BeforeMethod Validate_Login -->
  <testcase classname="studi.co.testScripts.AFS_UserStory_77" name="@BeforeMethod Validate_Login" time="0.0">
    <skipped/>
  </testcase> <!-- @BeforeMethod Validate_Login -->
  <testcase classname="studi.co.testScripts.AFS_UserStory_77" name="@BeforeMethod Validate_Login" time="0.0">
    <skipped/>
  </testcase> <!-- @BeforeMethod Validate_Login -->
  <testcase classname="studi.co.testScripts.AFS_UserStory_77" name="@BeforeMethod Validate_Login" time="0.0">
    <skipped/>
  </testcase> <!-- @BeforeMethod Validate_Login -->
  <testcase classname="studi.co.testScripts.AFS_UserStory_77" name="TC01_To_Verify_Receive_SCQ_Questions_In_Revision" time="0.0">
    <skipped/>
  </testcase> <!-- TC01_To_Verify_Receive_SCQ_Questions_In_Revision -->
  <testcase classname="studi.co.testScripts.AFS_UserStory_77" name="TC02_To_Verify_SCQ_Answers_In_Default_State_In_Revision" time="0.0">
    <skipped/>
  </testcase> <!-- TC02_To_Verify_SCQ_Answers_In_Default_State_In_Revision -->
  <testcase classname="studi.co.testScripts.AFS_UserStory_77" name="TC04_To_Verify_SCQ_Answers_Can_Be_Select_In_Revision" time="0.0">
    <skipped/>
  </testcase> <!-- TC04_To_Verify_SCQ_Answers_Can_Be_Select_In_Revision -->
  <testcase classname="studi.co.testScripts.AFS_UserStory_77" name="TC12_To_Verify_Receive_SCQ_Questions_In_Practice" time="0.0">
    <skipped/>
  </testcase> <!-- TC12_To_Verify_Receive_SCQ_Questions_In_Practice -->
  <testcase classname="studi.co.testScripts.AFS_UserStory_77" name="TC13_To_Verify_SCQ_Answers_Is_In_Default_State_In_Practice" time="0.0">
    <skipped/>
  </testcase> <!-- TC13_To_Verify_SCQ_Answers_Is_In_Default_State_In_Practice -->
  <testcase classname="studi.co.testScripts.AFS_UserStory_77" name="TC14_To_Verify_Multiple_Answers_Shown_For_SCQ_In_Practice" time="0.0">
    <skipped/>
  </testcase> <!-- TC14_To_Verify_Multiple_Answers_Shown_For_SCQ_In_Practice -->
  <testcase classname="studi.co.testScripts.AFS_UserStory_77" name="TC15_To_Verify_SCQ_Answer_Can_Be_Select_In_Practice" time="0.0">
    <skipped/>
  </testcase> <!-- TC15_To_Verify_SCQ_Answer_Can_Be_Select_In_Practice -->
  <testcase classname="studi.co.testScripts.AFS_UserStory_77" name="TC16_To_Verify_Only_Single_SCQ_Answer_Can_Be_Select_In_Practice" time="0.0">
    <skipped/>
  </testcase> <!-- TC16_To_Verify_Only_Single_SCQ_Answer_Can_Be_Select_In_Practice -->
  <testcase classname="studi.co.testScripts.AFS_UserStory_77" name="TC17_To_Verify_Correct_Feedback_Shown_After_SCQ_Answer_Selection_In_Practice" time="0.0">
    <skipped/>
  </testcase> <!-- TC17_To_Verify_Correct_Feedback_Shown_After_SCQ_Answer_Selection_In_Practice -->
  <testcase classname="studi.co.testScripts.AFS_UserStory_77" name="TC18_To_Verify_Correct_Incorrect_Feedback_Shown_After_SCQ_Answer_Selection_In_Practice" time="0.0">
    <skipped/>
  </testcase> <!-- TC18_To_Verify_Correct_Incorrect_Feedback_Shown_After_SCQ_Answer_Selection_In_Practice -->
  <testcase classname="studi.co.testScripts.AFS_UserStory_77" name="TC19_To_Verify_Attempting_SCQ_Quiz_Is_Mandatory_In_Practice" time="0.0">
    <skipped/>
  </testcase> <!-- TC19_To_Verify_Attempting_SCQ_Quiz_Is_Mandatory_In_Practice -->
  <testcase classname="studi.co.testScripts.AFS_UserStory_77" name="TC20_To_Verify_In_Wrong_Answer_Selection_User_Should_Get_1_More_Attempt_For_SCQ_In_Practice" time="0.0">
    <skipped/>
  </testcase> <!-- TC20_To_Verify_In_Wrong_Answer_Selection_User_Should_Get_1_More_Attempt_For_SCQ_In_Practice -->
  <testcase classname="studi.co.testScripts.AFS_UserStory_77" name="TC21_To_Verify_User_Should_Be_Able_To_Abandon_The_SCQ_In_Practice" time="0.0">
    <skipped/>
  </testcase> <!-- TC21_To_Verify_User_Should_Be_Able_To_Abandon_The_SCQ_In_Practice -->
  <testcase classname="studi.co.testScripts.AFS_UserStory_77" name="TC22_To_Verify_Receive_SCQ_Questions_In_Test" time="0.0">
    <skipped/>
  </testcase> <!-- TC22_To_Verify_Receive_SCQ_Questions_In_Test -->
  <testcase classname="studi.co.testScripts.AFS_UserStory_77" name="TC23_Module_Receive_SCQ_Answers_In_Default_State_In_Test" time="0.0">
    <skipped/>
  </testcase> <!-- TC23_Module_Receive_SCQ_Answers_In_Default_State_In_Test -->
  <testcase classname="studi.co.testScripts.AFS_UserStory_77" name="TC24_To_Verify_Multiple_Answers_Shown_For_SCQ_In_Test" time="0.0">
    <skipped/>
  </testcase> <!-- TC24_To_Verify_Multiple_Answers_Shown_For_SCQ_In_Test -->
  <testcase classname="studi.co.testScripts.AFS_UserStory_77" name="TC25_To_Verify_SCQ_Answers_Can_Be_Select_In_Test" time="0.0">
    <skipped/>
  </testcase> <!-- TC25_To_Verify_SCQ_Answers_Can_Be_Select_In_Test -->
  <testcase classname="studi.co.testScripts.AFS_UserStory_77" name="TC26_To_Verify_Only_Single_SCQ_Answer_Can_Be_Select_In_Test" time="0.0">
    <skipped/>
  </testcase> <!-- TC26_To_Verify_Only_Single_SCQ_Answer_Can_Be_Select_In_Test -->
  <testcase classname="studi.co.testScripts.AFS_UserStory_77" name="TC27_To_Verify_Correct_Feedback_Shown_After_SCQ_Answer_Selection_In_Test" time="0.0">
    <skipped/>
  </testcase> <!-- TC27_To_Verify_Correct_Feedback_Shown_After_SCQ_Answer_Selection_In_Test -->
  <testcase classname="studi.co.testScripts.AFS_UserStory_77" name="TC28_To_Verify_Correct_Feedback_Shown_Under_Hamburger_Menu_In_Test" time="0.0">
    <skipped/>
  </testcase> <!-- TC28_To_Verify_Correct_Feedback_Shown_Under_Hamburger_Menu_In_Test -->
  <testcase classname="studi.co.testScripts.AFS_UserStory_77" name="TC29_To_Verify_SCQ_Quiz_Is_Not_Mandetory_In_Test" time="0.0">
    <skipped/>
  </testcase> <!-- TC29_To_Verify_SCQ_Quiz_Is_Not_Mandetory_In_Test -->
  <testcase classname="studi.co.testScripts.AFS_UserStory_77" name="TC30_To_Verify_User_Should_Able_To_Flag_SCQ_In_Test" time="0.0">
    <skipped/>
  </testcase> <!-- TC30_To_Verify_User_Should_Able_To_Flag_SCQ_In_Test -->
  <testcase classname="studi.co.testScripts.AFS_UserStory_77" name="TC32_To_Verify_Marks_Shown_With_SCQ_In_Test" time="0.0">
    <skipped/>
  </testcase> <!-- TC32_To_Verify_Marks_Shown_With_SCQ_In_Test -->
  <testcase classname="studi.co.testScripts.AFS_UserStory_77" name="TC33_To_Verify_User_Can_Abond_SCQ_Quiz_In_Test" time="0.0">
    <skipped/>
  </testcase> <!-- TC33_To_Verify_User_Can_Abond_SCQ_Quiz_In_Test -->
  <testcase classname="studi.co.testScripts.AFS_UserStory_77" name="TC05_To_Verify_Single_Answer_Is_Correct_For_SCQ_Question_In_Revision" time="0.0">
    <ignored/>
  </testcase> <!-- TC05_To_Verify_Single_Answer_Is_Correct_For_SCQ_Question_In_Revision -->
</testsuite> <!-- Device 01 -->
