<!DOCTYPE html>

<html>
  <head>
  <meta charset='utf-8'>
  <title>TestNG reports</title>

    <link type="text/css" href="testng-reports.css" rel="stylesheet" />
    <script type="text/javascript" src="jquery-1.7.1.min.js"></script>
    <script type="text/javascript" src="testng-reports.js"></script>
    <script type="text/javascript" src="https://www.google.com/jsapi"></script>
    <script type='text/javascript'>
      google.load('visualization', '1', {packages:['table']});
      google.setOnLoadCallback(drawTable);
      var suiteTableInitFunctions = new Array();
      var suiteTableData = new Array();
    </script>
    <!--
      <script type="text/javascript" src="jquery-ui/js/jquery-ui-1.8.16.custom.min.js"></script>
     -->
  </head>

  <body>
    <div class="top-banner-root">
      <span class="top-banner-title-font">Test results</span>
      <br/>
      <span class="top-banner-font-1">1 suite, 11 failed tests</span>
    </div> <!-- top-banner-root -->
    <div class="navigator-root">
      <div class="navigator-suite-header">
        <span>All suites</span>
        <a href="#" title="Collapse/expand all the suites" class="collapse-all-link">
          <img src="collapseall.gif" class="collapse-all-icon">
          </img> <!-- collapse-all-icon -->
        </a> <!-- collapse-all-link -->
      </div> <!-- navigator-suite-header -->
      <div class="suite">
        <div class="rounded-window">
          <div class="suite-header light-rounded-window-top">
            <a href="#" panel-name="suite-Suite" class="navigator-link">
              <span class="suite-name border-failed">Suite</span>
            </a> <!-- navigator-link -->
          </div> <!-- suite-header light-rounded-window-top -->
          <div class="navigator-suite-content">
            <div class="suite-section-title">
              <span>Info</span>
            </div> <!-- suite-section-title -->
            <div class="suite-section-content">
              <ul>
                <li>
                  <a href="#" panel-name="test-xml-Suite" class="navigator-link ">
                    <span>C:\Users\Dell\eclipse-workspace\TATA_Studi\TATA_Studi\testng.xml</span>
                  </a> <!-- navigator-link  -->
                </li>
                <li>
                  <a href="#" panel-name="testlist-Suite" class="navigator-link ">
                    <span class="test-stats">1 test</span>
                  </a> <!-- navigator-link  -->
                </li>
                <li>
                  <a href="#" panel-name="group-Suite" class="navigator-link ">
                    <span>0 groups</span>
                  </a> <!-- navigator-link  -->
                </li>
                <li>
                  <a href="#" panel-name="times-Suite" class="navigator-link ">
                    <span>Times</span>
                  </a> <!-- navigator-link  -->
                </li>
                <li>
                  <a href="#" panel-name="reporter-Suite" class="navigator-link ">
                    <span>Reporter output</span>
                  </a> <!-- navigator-link  -->
                </li>
                <li>
                  <a href="#" panel-name="ignored-methods-Suite" class="navigator-link ">
                    <span>Ignored methods</span>
                  </a> <!-- navigator-link  -->
                </li>
                <li>
                  <a href="#" panel-name="chronological-Suite" class="navigator-link ">
                    <span>Chronological view</span>
                  </a> <!-- navigator-link  -->
                </li>
              </ul>
            </div> <!-- suite-section-content -->
            <div class="result-section">
              <div class="suite-section-title">
                <span>Results</span>
              </div> <!-- suite-section-title -->
              <div class="suite-section-content">
                <ul>
                  <li>
                    <span class="method-stats">24 methods, 11 failed,  7 skipped,  6 passed</span>
                  </li>
                  <li>
                    <span class="method-list-title failed">Failed methods</span>
                    <span class="show-or-hide-methods failed">
                      <a href="#" panel-name="suite-Suite" class="hide-methods failed suite-Suite"> (hide)</a> <!-- hide-methods failed suite-Suite -->
                      <a href="#" panel-name="suite-Suite" class="show-methods failed suite-Suite"> (show)</a> <!-- show-methods failed suite-Suite -->
                    </span>
                    <div class="method-list-content failed suite-Suite">
                      <span>
                        <img src="failed.png" width="3%"/>
                        <a href="#" panel-name="suite-Suite" title="studi.co.testScripts.AFS_UserStory_77" class="method navigator-link" hash-for-method="TC04_To_Verify_SCQ_Answers_Can_Be_Select_In_Revision">TC04_To_Verify_SCQ_Answers_Can_Be_Select_In_Revision</a> <!-- method navigator-link -->
                      </span>
                      <br/>
                      <span>
                        <img src="failed.png" width="3%"/>
                        <a href="#" panel-name="suite-Suite" title="studi.co.testScripts.AFS_UserStory_77" class="method navigator-link" hash-for-method="TC12_To_Verify_Receive_SCQ_Questions_In_Practice">TC12_To_Verify_Receive_SCQ_Questions_In_Practice</a> <!-- method navigator-link -->
                      </span>
                      <br/>
                      <span>
                        <img src="failed.png" width="3%"/>
                        <a href="#" panel-name="suite-Suite" title="studi.co.testScripts.AFS_UserStory_77" class="method navigator-link" hash-for-method="TC13_To_Verify_SCQ_Answers_Is_In_Default_State_In_Practice">TC13_To_Verify_SCQ_Answers_Is_In_Default_State_In_Practice</a> <!-- method navigator-link -->
                      </span>
                      <br/>
                      <span>
                        <img src="failed.png" width="3%"/>
                        <a href="#" panel-name="suite-Suite" title="studi.co.testScripts.AFS_UserStory_77" class="method navigator-link" hash-for-method="TC14_To_Verify_Multiple_Answers_Shown_For_SCQ_In_Practice">TC14_To_Verify_Multiple_Answers_Shown_For_SCQ_In_Practice</a> <!-- method navigator-link -->
                      </span>
                      <br/>
                      <span>
                        <img src="failed.png" width="3%"/>
                        <a href="#" panel-name="suite-Suite" title="studi.co.testScripts.AFS_UserStory_77" class="method navigator-link" hash-for-method="TC15_To_Verify_SCQ_Answer_Can_Be_Select_In_Practice">TC15_To_Verify_SCQ_Answer_Can_Be_Select_In_Practice</a> <!-- method navigator-link -->
                      </span>
                      <br/>
                      <span>
                        <img src="failed.png" width="3%"/>
                        <a href="#" panel-name="suite-Suite" title="studi.co.testScripts.AFS_UserStory_77" class="method navigator-link" hash-for-method="TC16_To_Verify_Only_Single_SCQ_Answer_Can_Be_Select_In_Practice">TC16_To_Verify_Only_Single_SCQ_Answer_Can_Be_Select_In_Practice</a> <!-- method navigator-link -->
                      </span>
                      <br/>
                      <span>
                        <img src="failed.png" width="3%"/>
                        <a href="#" panel-name="suite-Suite" title="studi.co.testScripts.AFS_UserStory_77" class="method navigator-link" hash-for-method="TC17_To_Verify_Correct_Feedback_Shown_After_SCQ_Answer_Selection_In_Practice">TC17_To_Verify_Correct_Feedback_Shown_After_SCQ_Answer_Selection_In_Practice</a> <!-- method navigator-link -->
                      </span>
                      <br/>
                      <span>
                        <img src="failed.png" width="3%"/>
                        <a href="#" panel-name="suite-Suite" title="studi.co.testScripts.AFS_UserStory_77" class="method navigator-link" hash-for-method="TC18_To_Verify_Correct_Incorrect_Feedback_Shown_After_SCQ_Answer_Selection_In_Practice">TC18_To_Verify_Correct_Incorrect_Feedback_Shown_After_SCQ_Answer_Selection_In_Practice</a> <!-- method navigator-link -->
                      </span>
                      <br/>
                      <span>
                        <img src="failed.png" width="3%"/>
                        <a href="#" panel-name="suite-Suite" title="studi.co.testScripts.AFS_UserStory_77" class="method navigator-link" hash-for-method="TC19_To_Verify_Attempting_SCQ_Quiz_Is_Mandatory_In_Practice">TC19_To_Verify_Attempting_SCQ_Quiz_Is_Mandatory_In_Practice</a> <!-- method navigator-link -->
                      </span>
                      <br/>
                      <span>
                        <img src="failed.png" width="3%"/>
                        <a href="#" panel-name="suite-Suite" title="studi.co.testScripts.AFS_UserStory_77" class="method navigator-link" hash-for-method="TC20_To_Verify_In_Wrong_Answer_Selection_User_Should_Get_1_More_Attempt_For_SCQ_In_Practice">TC20_To_Verify_In_Wrong_Answer_Selection_User_Should_Get_1_More_Attempt_For_SCQ_In_Practice</a> <!-- method navigator-link -->
                      </span>
                      <br/>
                      <span>
                        <img src="failed.png" width="3%"/>
                        <a href="#" panel-name="suite-Suite" title="studi.co.testScripts.AFS_UserStory_77" class="method navigator-link" hash-for-method="TC21_To_Verify_User_Should_Be_Able_To_Abandon_The_SCQ_In_Practice">TC21_To_Verify_User_Should_Be_Able_To_Abandon_The_SCQ_In_Practice</a> <!-- method navigator-link -->
                      </span>
                      <br/>
                    </div> <!-- method-list-content failed suite-Suite -->
                  </li>
                  <li>
                    <span class="method-list-title skipped">Skipped methods</span>
                    <span class="show-or-hide-methods skipped">
                      <a href="#" panel-name="suite-Suite" class="hide-methods skipped suite-Suite"> (hide)</a> <!-- hide-methods skipped suite-Suite -->
                      <a href="#" panel-name="suite-Suite" class="show-methods skipped suite-Suite"> (show)</a> <!-- show-methods skipped suite-Suite -->
                    </span>
                    <div class="method-list-content skipped suite-Suite">
                      <span>
                        <img src="skipped.png" width="3%"/>
                        <a href="#" panel-name="suite-Suite" title="studi.co.testScripts.AFS_UserStory_77" class="method navigator-link" hash-for-method="TC26_To_Verify_Only_Single_SCQ_Answer_Can_Be_Select_In_Test">TC26_To_Verify_Only_Single_SCQ_Answer_Can_Be_Select_In_Test</a> <!-- method navigator-link -->
                      </span>
                      <br/>
                      <span>
                        <img src="skipped.png" width="3%"/>
                        <a href="#" panel-name="suite-Suite" title="studi.co.testScripts.AFS_UserStory_77" class="method navigator-link" hash-for-method="TC27_To_Verify_Correct_Feedback_Shown_After_SCQ_Answer_Selection_In_Test">TC27_To_Verify_Correct_Feedback_Shown_After_SCQ_Answer_Selection_In_Test</a> <!-- method navigator-link -->
                      </span>
                      <br/>
                      <span>
                        <img src="skipped.png" width="3%"/>
                        <a href="#" panel-name="suite-Suite" title="studi.co.testScripts.AFS_UserStory_77" class="method navigator-link" hash-for-method="TC28_To_Verify_Correct_Feedback_Shown_Under_Hamburger_Menu_In_Test">TC28_To_Verify_Correct_Feedback_Shown_Under_Hamburger_Menu_In_Test</a> <!-- method navigator-link -->
                      </span>
                      <br/>
                      <span>
                        <img src="skipped.png" width="3%"/>
                        <a href="#" panel-name="suite-Suite" title="studi.co.testScripts.AFS_UserStory_77" class="method navigator-link" hash-for-method="TC29_To_Verify_SCQ_Quiz_Is_Not_Mandetory_In_Test">TC29_To_Verify_SCQ_Quiz_Is_Not_Mandetory_In_Test</a> <!-- method navigator-link -->
                      </span>
                      <br/>
                      <span>
                        <img src="skipped.png" width="3%"/>
                        <a href="#" panel-name="suite-Suite" title="studi.co.testScripts.AFS_UserStory_77" class="method navigator-link" hash-for-method="TC30_To_Verify_User_Should_Able_To_Flag_SCQ_In_Test">TC30_To_Verify_User_Should_Able_To_Flag_SCQ_In_Test</a> <!-- method navigator-link -->
                      </span>
                      <br/>
                      <span>
                        <img src="skipped.png" width="3%"/>
                        <a href="#" panel-name="suite-Suite" title="studi.co.testScripts.AFS_UserStory_77" class="method navigator-link" hash-for-method="TC32_To_Verify_Marks_Shown_With_SCQ_In_Test">TC32_To_Verify_Marks_Shown_With_SCQ_In_Test</a> <!-- method navigator-link -->
                      </span>
                      <br/>
                      <span>
                        <img src="skipped.png" width="3%"/>
                        <a href="#" panel-name="suite-Suite" title="studi.co.testScripts.AFS_UserStory_77" class="method navigator-link" hash-for-method="TC33_To_Verify_User_Can_Abond_SCQ_Quiz_In_Test">TC33_To_Verify_User_Can_Abond_SCQ_Quiz_In_Test</a> <!-- method navigator-link -->
                      </span>
                      <br/>
                    </div> <!-- method-list-content skipped suite-Suite -->
                  </li>
                  <li>
                    <span class="method-list-title passed">Passed methods</span>
                    <span class="show-or-hide-methods passed">
                      <a href="#" panel-name="suite-Suite" class="hide-methods passed suite-Suite"> (hide)</a> <!-- hide-methods passed suite-Suite -->
                      <a href="#" panel-name="suite-Suite" class="show-methods passed suite-Suite"> (show)</a> <!-- show-methods passed suite-Suite -->
                    </span>
                    <div class="method-list-content passed suite-Suite">
                      <span>
                        <img src="passed.png" width="3%"/>
                        <a href="#" panel-name="suite-Suite" title="studi.co.testScripts.AFS_UserStory_77" class="method navigator-link" hash-for-method="TC01_To_Verify_Receive_SCQ_Questions_In_Revision">TC01_To_Verify_Receive_SCQ_Questions_In_Revision</a> <!-- method navigator-link -->
                      </span>
                      <br/>
                      <span>
                        <img src="passed.png" width="3%"/>
                        <a href="#" panel-name="suite-Suite" title="studi.co.testScripts.AFS_UserStory_77" class="method navigator-link" hash-for-method="TC02_To_Verify_SCQ_Answers_In_Default_State_In_Revision">TC02_To_Verify_SCQ_Answers_In_Default_State_In_Revision</a> <!-- method navigator-link -->
                      </span>
                      <br/>
                      <span>
                        <img src="passed.png" width="3%"/>
                        <a href="#" panel-name="suite-Suite" title="studi.co.testScripts.AFS_UserStory_77" class="method navigator-link" hash-for-method="TC22_To_Verify_Receive_SCQ_Questions_In_Test">TC22_To_Verify_Receive_SCQ_Questions_In_Test</a> <!-- method navigator-link -->
                      </span>
                      <br/>
                      <span>
                        <img src="passed.png" width="3%"/>
                        <a href="#" panel-name="suite-Suite" title="studi.co.testScripts.AFS_UserStory_77" class="method navigator-link" hash-for-method="TC23_Module_Receive_SCQ_Answers_In_Default_State_In_Test">TC23_Module_Receive_SCQ_Answers_In_Default_State_In_Test</a> <!-- method navigator-link -->
                      </span>
                      <br/>
                      <span>
                        <img src="passed.png" width="3%"/>
                        <a href="#" panel-name="suite-Suite" title="studi.co.testScripts.AFS_UserStory_77" class="method navigator-link" hash-for-method="TC24_To_Verify_Multiple_Answers_Shown_For_SCQ_In_Test">TC24_To_Verify_Multiple_Answers_Shown_For_SCQ_In_Test</a> <!-- method navigator-link -->
                      </span>
                      <br/>
                      <span>
                        <img src="passed.png" width="3%"/>
                        <a href="#" panel-name="suite-Suite" title="studi.co.testScripts.AFS_UserStory_77" class="method navigator-link" hash-for-method="TC25_To_Verify_SCQ_Answers_Can_Be_Select_In_Test">TC25_To_Verify_SCQ_Answers_Can_Be_Select_In_Test</a> <!-- method navigator-link -->
                      </span>
                      <br/>
                    </div> <!-- method-list-content passed suite-Suite -->
                  </li>
                </ul>
              </div> <!-- suite-section-content -->
            </div> <!-- result-section -->
          </div> <!-- navigator-suite-content -->
        </div> <!-- rounded-window -->
      </div> <!-- suite -->
    </div> <!-- navigator-root -->
    <div class="wrapper">
      <div class="main-panel-root">
        <div panel-name="suite-Suite" class="panel Suite">
          <div class="suite-Suite-class-failed">
            <div class="main-panel-header rounded-window-top">
              <img src="failed.png"/>
              <span class="class-name">studi.co.testScripts.AFS_UserStory_77</span>
            </div> <!-- main-panel-header rounded-window-top -->
            <div class="main-panel-content rounded-window-bottom">
              <div class="method">
                <div class="method-content">
                  <a name="TC04_To_Verify_SCQ_Answers_Can_Be_Select_In_Revision">
                  </a> <!-- TC04_To_Verify_SCQ_Answers_Can_Be_Select_In_Revision -->
                  <span class="method-name">TC04_To_Verify_SCQ_Answers_Can_Be_Select_In_Revision</span>
                  <div class="stack-trace">java.lang.AssertionError: The following asserts failed:
	expected [true] but found [false],
	expected [true] but found [false],
	expected [true] but found [false],
	expected [true] but found [false],
	expected [true] but found [false],
	expected [true] but found [false],
	expected [true] but found [false]
	at studi.co.pageModules.Module_Receive_Questions_Revision.Module_Receive_SCQ_Questions_Answer_Can_Be_Select_In_Revision(Module_Receive_Questions_Revision.java:315)
	at studi.co.testScripts.AFS_UserStory_77.TC04_To_Verify_SCQ_Answers_Can_Be_Select_In_Revision(AFS_UserStory_77.java:50)
... Removed 26 stack frames
</div> <!-- stack-trace -->
                </div> <!-- method-content -->
              </div> <!-- method -->
              <div class="method">
                <div class="method-content">
                  <a name="TC12_To_Verify_Receive_SCQ_Questions_In_Practice">
                  </a> <!-- TC12_To_Verify_Receive_SCQ_Questions_In_Practice -->
                  <span class="method-name">TC12_To_Verify_Receive_SCQ_Questions_In_Practice</span>
                  <div class="stack-trace">org.openqa.selenium.NoSuchElementException: An element could not be located on the page using the given search parameters.
For documentation on this error, please visit: https://www.seleniumhq.org/exceptions/no_such_element.html
Build info: version: &apos;3.141.59&apos;, revision: &apos;e82be7d358&apos;, time: &apos;2018-11-14T08:17:03&apos;
System info: host: &apos;DESKTOP-JHURRHK&apos;, ip: &apos;192.168.0.100&apos;, os.name: &apos;Windows 10&apos;, os.arch: &apos;amd64&apos;, os.version: &apos;10.0&apos;, java.version: &apos;11.0.9&apos;
Driver info: io.appium.java_client.android.AndroidDriver
Capabilities {appActivity: com.tce.view.ui.activities...., appPackage: com.tce.studi, databaseEnabled: false, desired: {appActivity: com.tce.view.ui.activities...., appPackage: com.tce.studi, deviceName: Appium, platformName: android, platformVersion: 11, takesScreenshot: true}, deviceApiLevel: 30, deviceManufacturer: Google, deviceModel: sdk_gphone_x86_arm, deviceName: emulator-5554, deviceScreenDensity: 560, deviceScreenSize: 1440x3040, deviceUDID: emulator-5554, javascriptEnabled: true, locationContextEnabled: false, networkConnectionEnabled: true, pixelRatio: 3.5, platform: LINUX, platformName: Android, platformVersion: 11, statBarHeight: 172, takesScreenshot: true, viewportRect: {height: 2529, left: 0, top: 172, width: 1440}, warnings: {}, webStorageEnabled: false}
Session ID: ce7e4349-22b9-4bbe-89d8-a5f5e126dd75
*** Element info: {Using=xpath, value=//*[contains(@text, &apos;Begin Practice&apos;)]}
	at org.openqa.selenium.remote.http.W3CHttpResponseCodec.createException(W3CHttpResponseCodec.java:187)
	at org.openqa.selenium.remote.http.W3CHttpResponseCodec.decode(W3CHttpResponseCodec.java:122)
	at org.openqa.selenium.remote.http.W3CHttpResponseCodec.decode(W3CHttpResponseCodec.java:49)
	at org.openqa.selenium.remote.HttpCommandExecutor.execute(HttpCommandExecutor.java:158)
	at io.appium.java_client.remote.AppiumCommandExecutor.execute(AppiumCommandExecutor.java:239)
	at org.openqa.selenium.remote.RemoteWebDriver.execute(RemoteWebDriver.java:552)
	at io.appium.java_client.DefaultGenericMobileDriver.execute(DefaultGenericMobileDriver.java:42)
	at io.appium.java_client.AppiumDriver.execute(AppiumDriver.java:1)
	at io.appium.java_client.android.AndroidDriver.execute(AndroidDriver.java:1)
	at org.openqa.selenium.remote.RemoteWebDriver.findElement(RemoteWebDriver.java:323)
	at io.appium.java_client.DefaultGenericMobileDriver.findElement(DefaultGenericMobileDriver.java:62)
	at io.appium.java_client.AppiumDriver.findElement(AppiumDriver.java:1)
	at io.appium.java_client.android.AndroidDriver.findElement(AndroidDriver.java:1)
	at org.openqa.selenium.remote.RemoteWebDriver.findElementByXPath(RemoteWebDriver.java:428)
	at io.appium.java_client.DefaultGenericMobileDriver.findElementByXPath(DefaultGenericMobileDriver.java:152)
	at io.appium.java_client.AppiumDriver.findElementByXPath(AppiumDriver.java:1)
	at io.appium.java_client.android.AndroidDriver.findElementByXPath(AndroidDriver.java:1)
	at org.openqa.selenium.By$ByXPath.findElement(By.java:353)
	at org.openqa.selenium.remote.RemoteWebDriver.findElement(RemoteWebDriver.java:315)
	at io.appium.java_client.DefaultGenericMobileDriver.findElement(DefaultGenericMobileDriver.java:58)
	at io.appium.java_client.AppiumDriver.findElement(AppiumDriver.java:1)
	at io.appium.java_client.android.AndroidDriver.findElement(AndroidDriver.java:1)
	at studi.co.Base.BaseClass.findElementByText(BaseClass.java:435)
	at studi.co.pageModules.Module_Receive_Questions_Practice.traverse_To_Begin_Practice(Module_Receive_Questions_Practice.java:29)
	at studi.co.pageModules.Module_Receive_Questions_Practice.Module_Receive_SCQ_Questions_Practice(Module_Receive_Questions_Practice.java:35)
	at studi.co.testScripts.AFS_UserStory_77.TC12_To_Verify_Receive_SCQ_Questions_In_Practice(AFS_UserStory_77.java:66)
... Removed 29 stack frames
</div> <!-- stack-trace -->
                </div> <!-- method-content -->
              </div> <!-- method -->
              <div class="method">
                <div class="method-content">
                  <a name="TC13_To_Verify_SCQ_Answers_Is_In_Default_State_In_Practice">
                  </a> <!-- TC13_To_Verify_SCQ_Answers_Is_In_Default_State_In_Practice -->
                  <span class="method-name">TC13_To_Verify_SCQ_Answers_Is_In_Default_State_In_Practice</span>
                  <div class="stack-trace">org.openqa.selenium.NoSuchElementException: An element could not be located on the page using the given search parameters.
For documentation on this error, please visit: https://www.seleniumhq.org/exceptions/no_such_element.html
Build info: version: &apos;3.141.59&apos;, revision: &apos;e82be7d358&apos;, time: &apos;2018-11-14T08:17:03&apos;
System info: host: &apos;DESKTOP-JHURRHK&apos;, ip: &apos;192.168.0.100&apos;, os.name: &apos;Windows 10&apos;, os.arch: &apos;amd64&apos;, os.version: &apos;10.0&apos;, java.version: &apos;11.0.9&apos;
Driver info: io.appium.java_client.android.AndroidDriver
Capabilities {appActivity: com.tce.view.ui.activities...., appPackage: com.tce.studi, databaseEnabled: false, desired: {appActivity: com.tce.view.ui.activities...., appPackage: com.tce.studi, deviceName: Appium, platformName: android, platformVersion: 11, takesScreenshot: true}, deviceApiLevel: 30, deviceManufacturer: Google, deviceModel: sdk_gphone_x86_arm, deviceName: emulator-5554, deviceScreenDensity: 560, deviceScreenSize: 1440x3040, deviceUDID: emulator-5554, javascriptEnabled: true, locationContextEnabled: false, networkConnectionEnabled: true, pixelRatio: 3.5, platform: LINUX, platformName: Android, platformVersion: 11, statBarHeight: 172, takesScreenshot: true, viewportRect: {height: 2529, left: 0, top: 172, width: 1440}, warnings: {}, webStorageEnabled: false}
Session ID: ce7e4349-22b9-4bbe-89d8-a5f5e126dd75
*** Element info: {Using=xpath, value=//*[contains(@text, &apos;Begin Practice&apos;)]}
	at org.openqa.selenium.remote.http.W3CHttpResponseCodec.createException(W3CHttpResponseCodec.java:187)
	at org.openqa.selenium.remote.http.W3CHttpResponseCodec.decode(W3CHttpResponseCodec.java:122)
	at org.openqa.selenium.remote.http.W3CHttpResponseCodec.decode(W3CHttpResponseCodec.java:49)
	at org.openqa.selenium.remote.HttpCommandExecutor.execute(HttpCommandExecutor.java:158)
	at io.appium.java_client.remote.AppiumCommandExecutor.execute(AppiumCommandExecutor.java:239)
	at org.openqa.selenium.remote.RemoteWebDriver.execute(RemoteWebDriver.java:552)
	at io.appium.java_client.DefaultGenericMobileDriver.execute(DefaultGenericMobileDriver.java:42)
	at io.appium.java_client.AppiumDriver.execute(AppiumDriver.java:1)
	at io.appium.java_client.android.AndroidDriver.execute(AndroidDriver.java:1)
	at org.openqa.selenium.remote.RemoteWebDriver.findElement(RemoteWebDriver.java:323)
	at io.appium.java_client.DefaultGenericMobileDriver.findElement(DefaultGenericMobileDriver.java:62)
	at io.appium.java_client.AppiumDriver.findElement(AppiumDriver.java:1)
	at io.appium.java_client.android.AndroidDriver.findElement(AndroidDriver.java:1)
	at org.openqa.selenium.remote.RemoteWebDriver.findElementByXPath(RemoteWebDriver.java:428)
	at io.appium.java_client.DefaultGenericMobileDriver.findElementByXPath(DefaultGenericMobileDriver.java:152)
	at io.appium.java_client.AppiumDriver.findElementByXPath(AppiumDriver.java:1)
	at io.appium.java_client.android.AndroidDriver.findElementByXPath(AndroidDriver.java:1)
	at org.openqa.selenium.By$ByXPath.findElement(By.java:353)
	at org.openqa.selenium.remote.RemoteWebDriver.findElement(RemoteWebDriver.java:315)
	at io.appium.java_client.DefaultGenericMobileDriver.findElement(DefaultGenericMobileDriver.java:58)
	at io.appium.java_client.AppiumDriver.findElement(AppiumDriver.java:1)
	at io.appium.java_client.android.AndroidDriver.findElement(AndroidDriver.java:1)
	at studi.co.Base.BaseClass.findElementByText(BaseClass.java:435)
	at studi.co.pageModules.Module_Receive_Questions_Practice.traverse_To_Begin_Practice(Module_Receive_Questions_Practice.java:29)
	at studi.co.pageModules.Module_Receive_Questions_Practice.Module_Receive_SCQ_Answers_In_Default_State_In_Practice(Module_Receive_Questions_Practice.java:45)
	at studi.co.testScripts.AFS_UserStory_77.TC13_To_Verify_SCQ_Answers_Is_In_Default_State_In_Practice(AFS_UserStory_77.java:73)
... Removed 29 stack frames
</div> <!-- stack-trace -->
                </div> <!-- method-content -->
              </div> <!-- method -->
              <div class="method">
                <div class="method-content">
                  <a name="TC14_To_Verify_Multiple_Answers_Shown_For_SCQ_In_Practice">
                  </a> <!-- TC14_To_Verify_Multiple_Answers_Shown_For_SCQ_In_Practice -->
                  <span class="method-name">TC14_To_Verify_Multiple_Answers_Shown_For_SCQ_In_Practice</span>
                  <div class="stack-trace">org.openqa.selenium.NoSuchElementException: An element could not be located on the page using the given search parameters.
For documentation on this error, please visit: https://www.seleniumhq.org/exceptions/no_such_element.html
Build info: version: &apos;3.141.59&apos;, revision: &apos;e82be7d358&apos;, time: &apos;2018-11-14T08:17:03&apos;
System info: host: &apos;DESKTOP-JHURRHK&apos;, ip: &apos;192.168.0.100&apos;, os.name: &apos;Windows 10&apos;, os.arch: &apos;amd64&apos;, os.version: &apos;10.0&apos;, java.version: &apos;11.0.9&apos;
Driver info: io.appium.java_client.android.AndroidDriver
Capabilities {appActivity: com.tce.view.ui.activities...., appPackage: com.tce.studi, databaseEnabled: false, desired: {appActivity: com.tce.view.ui.activities...., appPackage: com.tce.studi, deviceName: Appium, platformName: android, platformVersion: 11, takesScreenshot: true}, deviceApiLevel: 30, deviceManufacturer: Google, deviceModel: sdk_gphone_x86_arm, deviceName: emulator-5554, deviceScreenDensity: 560, deviceScreenSize: 1440x3040, deviceUDID: emulator-5554, javascriptEnabled: true, locationContextEnabled: false, networkConnectionEnabled: true, pixelRatio: 3.5, platform: LINUX, platformName: Android, platformVersion: 11, statBarHeight: 172, takesScreenshot: true, viewportRect: {height: 2529, left: 0, top: 172, width: 1440}, warnings: {}, webStorageEnabled: false}
Session ID: ce7e4349-22b9-4bbe-89d8-a5f5e126dd75
*** Element info: {Using=xpath, value=//*[contains(@text, &apos;Begin Practice&apos;)]}
	at org.openqa.selenium.remote.http.W3CHttpResponseCodec.createException(W3CHttpResponseCodec.java:187)
	at org.openqa.selenium.remote.http.W3CHttpResponseCodec.decode(W3CHttpResponseCodec.java:122)
	at org.openqa.selenium.remote.http.W3CHttpResponseCodec.decode(W3CHttpResponseCodec.java:49)
	at org.openqa.selenium.remote.HttpCommandExecutor.execute(HttpCommandExecutor.java:158)
	at io.appium.java_client.remote.AppiumCommandExecutor.execute(AppiumCommandExecutor.java:239)
	at org.openqa.selenium.remote.RemoteWebDriver.execute(RemoteWebDriver.java:552)
	at io.appium.java_client.DefaultGenericMobileDriver.execute(DefaultGenericMobileDriver.java:42)
	at io.appium.java_client.AppiumDriver.execute(AppiumDriver.java:1)
	at io.appium.java_client.android.AndroidDriver.execute(AndroidDriver.java:1)
	at org.openqa.selenium.remote.RemoteWebDriver.findElement(RemoteWebDriver.java:323)
	at io.appium.java_client.DefaultGenericMobileDriver.findElement(DefaultGenericMobileDriver.java:62)
	at io.appium.java_client.AppiumDriver.findElement(AppiumDriver.java:1)
	at io.appium.java_client.android.AndroidDriver.findElement(AndroidDriver.java:1)
	at org.openqa.selenium.remote.RemoteWebDriver.findElementByXPath(RemoteWebDriver.java:428)
	at io.appium.java_client.DefaultGenericMobileDriver.findElementByXPath(DefaultGenericMobileDriver.java:152)
	at io.appium.java_client.AppiumDriver.findElementByXPath(AppiumDriver.java:1)
	at io.appium.java_client.android.AndroidDriver.findElementByXPath(AndroidDriver.java:1)
	at org.openqa.selenium.By$ByXPath.findElement(By.java:353)
	at org.openqa.selenium.remote.RemoteWebDriver.findElement(RemoteWebDriver.java:315)
	at io.appium.java_client.DefaultGenericMobileDriver.findElement(DefaultGenericMobileDriver.java:58)
	at io.appium.java_client.AppiumDriver.findElement(AppiumDriver.java:1)
	at io.appium.java_client.android.AndroidDriver.findElement(AndroidDriver.java:1)
	at studi.co.Base.BaseClass.findElementByText(BaseClass.java:435)
	at studi.co.pageModules.Module_Receive_Questions_Practice.traverse_To_Begin_Practice(Module_Receive_Questions_Practice.java:29)
	at studi.co.pageModules.Module_Receive_Questions_Practice.Module_Verify_Multiple_Answers_Shown_For_SCQ_In_Practice(Module_Receive_Questions_Practice.java:55)
	at studi.co.testScripts.AFS_UserStory_77.TC14_To_Verify_Multiple_Answers_Shown_For_SCQ_In_Practice(AFS_UserStory_77.java:81)
... Removed 29 stack frames
</div> <!-- stack-trace -->
                </div> <!-- method-content -->
              </div> <!-- method -->
              <div class="method">
                <div class="method-content">
                  <a name="TC15_To_Verify_SCQ_Answer_Can_Be_Select_In_Practice">
                  </a> <!-- TC15_To_Verify_SCQ_Answer_Can_Be_Select_In_Practice -->
                  <span class="method-name">TC15_To_Verify_SCQ_Answer_Can_Be_Select_In_Practice</span>
                  <div class="stack-trace">org.openqa.selenium.NoSuchElementException: An element could not be located on the page using the given search parameters.
For documentation on this error, please visit: https://www.seleniumhq.org/exceptions/no_such_element.html
Build info: version: &apos;3.141.59&apos;, revision: &apos;e82be7d358&apos;, time: &apos;2018-11-14T08:17:03&apos;
System info: host: &apos;DESKTOP-JHURRHK&apos;, ip: &apos;192.168.0.100&apos;, os.name: &apos;Windows 10&apos;, os.arch: &apos;amd64&apos;, os.version: &apos;10.0&apos;, java.version: &apos;11.0.9&apos;
Driver info: io.appium.java_client.android.AndroidDriver
Capabilities {appActivity: com.tce.view.ui.activities...., appPackage: com.tce.studi, databaseEnabled: false, desired: {appActivity: com.tce.view.ui.activities...., appPackage: com.tce.studi, deviceName: Appium, platformName: android, platformVersion: 11, takesScreenshot: true}, deviceApiLevel: 30, deviceManufacturer: Google, deviceModel: sdk_gphone_x86_arm, deviceName: emulator-5554, deviceScreenDensity: 560, deviceScreenSize: 1440x3040, deviceUDID: emulator-5554, javascriptEnabled: true, locationContextEnabled: false, networkConnectionEnabled: true, pixelRatio: 3.5, platform: LINUX, platformName: Android, platformVersion: 11, statBarHeight: 172, takesScreenshot: true, viewportRect: {height: 2529, left: 0, top: 172, width: 1440}, warnings: {}, webStorageEnabled: false}
Session ID: ce7e4349-22b9-4bbe-89d8-a5f5e126dd75
*** Element info: {Using=xpath, value=//*[contains(@text, &apos;Begin Practice&apos;)]}
	at org.openqa.selenium.remote.http.W3CHttpResponseCodec.createException(W3CHttpResponseCodec.java:187)
	at org.openqa.selenium.remote.http.W3CHttpResponseCodec.decode(W3CHttpResponseCodec.java:122)
	at org.openqa.selenium.remote.http.W3CHttpResponseCodec.decode(W3CHttpResponseCodec.java:49)
	at org.openqa.selenium.remote.HttpCommandExecutor.execute(HttpCommandExecutor.java:158)
	at io.appium.java_client.remote.AppiumCommandExecutor.execute(AppiumCommandExecutor.java:239)
	at org.openqa.selenium.remote.RemoteWebDriver.execute(RemoteWebDriver.java:552)
	at io.appium.java_client.DefaultGenericMobileDriver.execute(DefaultGenericMobileDriver.java:42)
	at io.appium.java_client.AppiumDriver.execute(AppiumDriver.java:1)
	at io.appium.java_client.android.AndroidDriver.execute(AndroidDriver.java:1)
	at org.openqa.selenium.remote.RemoteWebDriver.findElement(RemoteWebDriver.java:323)
	at io.appium.java_client.DefaultGenericMobileDriver.findElement(DefaultGenericMobileDriver.java:62)
	at io.appium.java_client.AppiumDriver.findElement(AppiumDriver.java:1)
	at io.appium.java_client.android.AndroidDriver.findElement(AndroidDriver.java:1)
	at org.openqa.selenium.remote.RemoteWebDriver.findElementByXPath(RemoteWebDriver.java:428)
	at io.appium.java_client.DefaultGenericMobileDriver.findElementByXPath(DefaultGenericMobileDriver.java:152)
	at io.appium.java_client.AppiumDriver.findElementByXPath(AppiumDriver.java:1)
	at io.appium.java_client.android.AndroidDriver.findElementByXPath(AndroidDriver.java:1)
	at org.openqa.selenium.By$ByXPath.findElement(By.java:353)
	at org.openqa.selenium.remote.RemoteWebDriver.findElement(RemoteWebDriver.java:315)
	at io.appium.java_client.DefaultGenericMobileDriver.findElement(DefaultGenericMobileDriver.java:58)
	at io.appium.java_client.AppiumDriver.findElement(AppiumDriver.java:1)
	at io.appium.java_client.android.AndroidDriver.findElement(AndroidDriver.java:1)
	at studi.co.Base.BaseClass.findElementByText(BaseClass.java:435)
	at studi.co.pageModules.Module_Receive_Questions_Practice.traverse_To_Begin_Practice(Module_Receive_Questions_Practice.java:29)
	at studi.co.pageModules.Module_Receive_Questions_Practice.Module_Verify_SCQ_Answer_Can_Be_Slect_In_Practice(Module_Receive_Questions_Practice.java:65)
	at studi.co.testScripts.AFS_UserStory_77.TC15_To_Verify_SCQ_Answer_Can_Be_Select_In_Practice(AFS_UserStory_77.java:89)
... Removed 29 stack frames
</div> <!-- stack-trace -->
                </div> <!-- method-content -->
              </div> <!-- method -->
              <div class="method">
                <div class="method-content">
                  <a name="TC16_To_Verify_Only_Single_SCQ_Answer_Can_Be_Select_In_Practice">
                  </a> <!-- TC16_To_Verify_Only_Single_SCQ_Answer_Can_Be_Select_In_Practice -->
                  <span class="method-name">TC16_To_Verify_Only_Single_SCQ_Answer_Can_Be_Select_In_Practice</span>
                  <div class="stack-trace">org.openqa.selenium.NoSuchElementException: An element could not be located on the page using the given search parameters.
For documentation on this error, please visit: https://www.seleniumhq.org/exceptions/no_such_element.html
Build info: version: &apos;3.141.59&apos;, revision: &apos;e82be7d358&apos;, time: &apos;2018-11-14T08:17:03&apos;
System info: host: &apos;DESKTOP-JHURRHK&apos;, ip: &apos;192.168.0.100&apos;, os.name: &apos;Windows 10&apos;, os.arch: &apos;amd64&apos;, os.version: &apos;10.0&apos;, java.version: &apos;11.0.9&apos;
Driver info: io.appium.java_client.android.AndroidDriver
Capabilities {appActivity: com.tce.view.ui.activities...., appPackage: com.tce.studi, databaseEnabled: false, desired: {appActivity: com.tce.view.ui.activities...., appPackage: com.tce.studi, deviceName: Appium, platformName: android, platformVersion: 11, takesScreenshot: true}, deviceApiLevel: 30, deviceManufacturer: Google, deviceModel: sdk_gphone_x86_arm, deviceName: emulator-5554, deviceScreenDensity: 560, deviceScreenSize: 1440x3040, deviceUDID: emulator-5554, javascriptEnabled: true, locationContextEnabled: false, networkConnectionEnabled: true, pixelRatio: 3.5, platform: LINUX, platformName: Android, platformVersion: 11, statBarHeight: 172, takesScreenshot: true, viewportRect: {height: 2529, left: 0, top: 172, width: 1440}, warnings: {}, webStorageEnabled: false}
Session ID: ce7e4349-22b9-4bbe-89d8-a5f5e126dd75
*** Element info: {Using=xpath, value=//*[contains(@text, &apos;Begin Practice&apos;)]}
	at org.openqa.selenium.remote.http.W3CHttpResponseCodec.createException(W3CHttpResponseCodec.java:187)
	at org.openqa.selenium.remote.http.W3CHttpResponseCodec.decode(W3CHttpResponseCodec.java:122)
	at org.openqa.selenium.remote.http.W3CHttpResponseCodec.decode(W3CHttpResponseCodec.java:49)
	at org.openqa.selenium.remote.HttpCommandExecutor.execute(HttpCommandExecutor.java:158)
	at io.appium.java_client.remote.AppiumCommandExecutor.execute(AppiumCommandExecutor.java:239)
	at org.openqa.selenium.remote.RemoteWebDriver.execute(RemoteWebDriver.java:552)
	at io.appium.java_client.DefaultGenericMobileDriver.execute(DefaultGenericMobileDriver.java:42)
	at io.appium.java_client.AppiumDriver.execute(AppiumDriver.java:1)
	at io.appium.java_client.android.AndroidDriver.execute(AndroidDriver.java:1)
	at org.openqa.selenium.remote.RemoteWebDriver.findElement(RemoteWebDriver.java:323)
	at io.appium.java_client.DefaultGenericMobileDriver.findElement(DefaultGenericMobileDriver.java:62)
	at io.appium.java_client.AppiumDriver.findElement(AppiumDriver.java:1)
	at io.appium.java_client.android.AndroidDriver.findElement(AndroidDriver.java:1)
	at org.openqa.selenium.remote.RemoteWebDriver.findElementByXPath(RemoteWebDriver.java:428)
	at io.appium.java_client.DefaultGenericMobileDriver.findElementByXPath(DefaultGenericMobileDriver.java:152)
	at io.appium.java_client.AppiumDriver.findElementByXPath(AppiumDriver.java:1)
	at io.appium.java_client.android.AndroidDriver.findElementByXPath(AndroidDriver.java:1)
	at org.openqa.selenium.By$ByXPath.findElement(By.java:353)
	at org.openqa.selenium.remote.RemoteWebDriver.findElement(RemoteWebDriver.java:315)
	at io.appium.java_client.DefaultGenericMobileDriver.findElement(DefaultGenericMobileDriver.java:58)
	at io.appium.java_client.AppiumDriver.findElement(AppiumDriver.java:1)
	at io.appium.java_client.android.AndroidDriver.findElement(AndroidDriver.java:1)
	at studi.co.Base.BaseClass.findElementByText(BaseClass.java:435)
	at studi.co.pageModules.Module_Receive_Questions_Practice.traverse_To_Begin_Practice(Module_Receive_Questions_Practice.java:29)
	at studi.co.pageModules.Module_Receive_Questions_Practice.Module_Verify_Only_Single_SCQ_Answer_Can_Be_Select_In_Practice(Module_Receive_Questions_Practice.java:75)
	at studi.co.testScripts.AFS_UserStory_77.TC16_To_Verify_Only_Single_SCQ_Answer_Can_Be_Select_In_Practice(AFS_UserStory_77.java:96)
... Removed 29 stack frames
</div> <!-- stack-trace -->
                </div> <!-- method-content -->
              </div> <!-- method -->
              <div class="method">
                <div class="method-content">
                  <a name="TC17_To_Verify_Correct_Feedback_Shown_After_SCQ_Answer_Selection_In_Practice">
                  </a> <!-- TC17_To_Verify_Correct_Feedback_Shown_After_SCQ_Answer_Selection_In_Practice -->
                  <span class="method-name">TC17_To_Verify_Correct_Feedback_Shown_After_SCQ_Answer_Selection_In_Practice</span>
                  <div class="stack-trace">org.openqa.selenium.NoSuchElementException: An element could not be located on the page using the given search parameters.
For documentation on this error, please visit: https://www.seleniumhq.org/exceptions/no_such_element.html
Build info: version: &apos;3.141.59&apos;, revision: &apos;e82be7d358&apos;, time: &apos;2018-11-14T08:17:03&apos;
System info: host: &apos;DESKTOP-JHURRHK&apos;, ip: &apos;192.168.0.100&apos;, os.name: &apos;Windows 10&apos;, os.arch: &apos;amd64&apos;, os.version: &apos;10.0&apos;, java.version: &apos;11.0.9&apos;
Driver info: io.appium.java_client.android.AndroidDriver
Capabilities {appActivity: com.tce.view.ui.activities...., appPackage: com.tce.studi, databaseEnabled: false, desired: {appActivity: com.tce.view.ui.activities...., appPackage: com.tce.studi, deviceName: Appium, platformName: android, platformVersion: 11, takesScreenshot: true}, deviceApiLevel: 30, deviceManufacturer: Google, deviceModel: sdk_gphone_x86_arm, deviceName: emulator-5554, deviceScreenDensity: 560, deviceScreenSize: 1440x3040, deviceUDID: emulator-5554, javascriptEnabled: true, locationContextEnabled: false, networkConnectionEnabled: true, pixelRatio: 3.5, platform: LINUX, platformName: Android, platformVersion: 11, statBarHeight: 172, takesScreenshot: true, viewportRect: {height: 2529, left: 0, top: 172, width: 1440}, warnings: {}, webStorageEnabled: false}
Session ID: ce7e4349-22b9-4bbe-89d8-a5f5e126dd75
*** Element info: {Using=xpath, value=//*[contains(@text, &apos;Begin Practice&apos;)]}
	at org.openqa.selenium.remote.http.W3CHttpResponseCodec.createException(W3CHttpResponseCodec.java:187)
	at org.openqa.selenium.remote.http.W3CHttpResponseCodec.decode(W3CHttpResponseCodec.java:122)
	at org.openqa.selenium.remote.http.W3CHttpResponseCodec.decode(W3CHttpResponseCodec.java:49)
	at org.openqa.selenium.remote.HttpCommandExecutor.execute(HttpCommandExecutor.java:158)
	at io.appium.java_client.remote.AppiumCommandExecutor.execute(AppiumCommandExecutor.java:239)
	at org.openqa.selenium.remote.RemoteWebDriver.execute(RemoteWebDriver.java:552)
	at io.appium.java_client.DefaultGenericMobileDriver.execute(DefaultGenericMobileDriver.java:42)
	at io.appium.java_client.AppiumDriver.execute(AppiumDriver.java:1)
	at io.appium.java_client.android.AndroidDriver.execute(AndroidDriver.java:1)
	at org.openqa.selenium.remote.RemoteWebDriver.findElement(RemoteWebDriver.java:323)
	at io.appium.java_client.DefaultGenericMobileDriver.findElement(DefaultGenericMobileDriver.java:62)
	at io.appium.java_client.AppiumDriver.findElement(AppiumDriver.java:1)
	at io.appium.java_client.android.AndroidDriver.findElement(AndroidDriver.java:1)
	at org.openqa.selenium.remote.RemoteWebDriver.findElementByXPath(RemoteWebDriver.java:428)
	at io.appium.java_client.DefaultGenericMobileDriver.findElementByXPath(DefaultGenericMobileDriver.java:152)
	at io.appium.java_client.AppiumDriver.findElementByXPath(AppiumDriver.java:1)
	at io.appium.java_client.android.AndroidDriver.findElementByXPath(AndroidDriver.java:1)
	at org.openqa.selenium.By$ByXPath.findElement(By.java:353)
	at org.openqa.selenium.remote.RemoteWebDriver.findElement(RemoteWebDriver.java:315)
	at io.appium.java_client.DefaultGenericMobileDriver.findElement(DefaultGenericMobileDriver.java:58)
	at io.appium.java_client.AppiumDriver.findElement(AppiumDriver.java:1)
	at io.appium.java_client.android.AndroidDriver.findElement(AndroidDriver.java:1)
	at studi.co.Base.BaseClass.findElementByText(BaseClass.java:435)
	at studi.co.pageModules.Module_Receive_Questions_Practice.traverse_To_Begin_Practice(Module_Receive_Questions_Practice.java:29)
	at studi.co.pageModules.Module_Receive_Questions_Practice.Module_Verify_Correct_Feedback_Shown_After_SCQ_Answer_Selection_In_Practice(Module_Receive_Questions_Practice.java:84)
	at studi.co.testScripts.AFS_UserStory_77.TC17_To_Verify_Correct_Feedback_Shown_After_SCQ_Answer_Selection_In_Practice(AFS_UserStory_77.java:104)
... Removed 29 stack frames
</div> <!-- stack-trace -->
                </div> <!-- method-content -->
              </div> <!-- method -->
              <div class="method">
                <div class="method-content">
                  <a name="TC18_To_Verify_Correct_Incorrect_Feedback_Shown_After_SCQ_Answer_Selection_In_Practice">
                  </a> <!-- TC18_To_Verify_Correct_Incorrect_Feedback_Shown_After_SCQ_Answer_Selection_In_Practice -->
                  <span class="method-name">TC18_To_Verify_Correct_Incorrect_Feedback_Shown_After_SCQ_Answer_Selection_In_Practice</span>
                  <div class="stack-trace">org.openqa.selenium.NoSuchElementException: An element could not be located on the page using the given search parameters.
For documentation on this error, please visit: https://www.seleniumhq.org/exceptions/no_such_element.html
Build info: version: &apos;3.141.59&apos;, revision: &apos;e82be7d358&apos;, time: &apos;2018-11-14T08:17:03&apos;
System info: host: &apos;DESKTOP-JHURRHK&apos;, ip: &apos;192.168.0.100&apos;, os.name: &apos;Windows 10&apos;, os.arch: &apos;amd64&apos;, os.version: &apos;10.0&apos;, java.version: &apos;11.0.9&apos;
Driver info: io.appium.java_client.android.AndroidDriver
Capabilities {appActivity: com.tce.view.ui.activities...., appPackage: com.tce.studi, databaseEnabled: false, desired: {appActivity: com.tce.view.ui.activities...., appPackage: com.tce.studi, deviceName: Appium, platformName: android, platformVersion: 11, takesScreenshot: true}, deviceApiLevel: 30, deviceManufacturer: Google, deviceModel: sdk_gphone_x86_arm, deviceName: emulator-5554, deviceScreenDensity: 560, deviceScreenSize: 1440x3040, deviceUDID: emulator-5554, javascriptEnabled: true, locationContextEnabled: false, networkConnectionEnabled: true, pixelRatio: 3.5, platform: LINUX, platformName: Android, platformVersion: 11, statBarHeight: 172, takesScreenshot: true, viewportRect: {height: 2529, left: 0, top: 172, width: 1440}, warnings: {}, webStorageEnabled: false}
Session ID: ce7e4349-22b9-4bbe-89d8-a5f5e126dd75
*** Element info: {Using=xpath, value=//*[contains(@text, &apos;Begin Practice&apos;)]}
	at org.openqa.selenium.remote.http.W3CHttpResponseCodec.createException(W3CHttpResponseCodec.java:187)
	at org.openqa.selenium.remote.http.W3CHttpResponseCodec.decode(W3CHttpResponseCodec.java:122)
	at org.openqa.selenium.remote.http.W3CHttpResponseCodec.decode(W3CHttpResponseCodec.java:49)
	at org.openqa.selenium.remote.HttpCommandExecutor.execute(HttpCommandExecutor.java:158)
	at io.appium.java_client.remote.AppiumCommandExecutor.execute(AppiumCommandExecutor.java:239)
	at org.openqa.selenium.remote.RemoteWebDriver.execute(RemoteWebDriver.java:552)
	at io.appium.java_client.DefaultGenericMobileDriver.execute(DefaultGenericMobileDriver.java:42)
	at io.appium.java_client.AppiumDriver.execute(AppiumDriver.java:1)
	at io.appium.java_client.android.AndroidDriver.execute(AndroidDriver.java:1)
	at org.openqa.selenium.remote.RemoteWebDriver.findElement(RemoteWebDriver.java:323)
	at io.appium.java_client.DefaultGenericMobileDriver.findElement(DefaultGenericMobileDriver.java:62)
	at io.appium.java_client.AppiumDriver.findElement(AppiumDriver.java:1)
	at io.appium.java_client.android.AndroidDriver.findElement(AndroidDriver.java:1)
	at org.openqa.selenium.remote.RemoteWebDriver.findElementByXPath(RemoteWebDriver.java:428)
	at io.appium.java_client.DefaultGenericMobileDriver.findElementByXPath(DefaultGenericMobileDriver.java:152)
	at io.appium.java_client.AppiumDriver.findElementByXPath(AppiumDriver.java:1)
	at io.appium.java_client.android.AndroidDriver.findElementByXPath(AndroidDriver.java:1)
	at org.openqa.selenium.By$ByXPath.findElement(By.java:353)
	at org.openqa.selenium.remote.RemoteWebDriver.findElement(RemoteWebDriver.java:315)
	at io.appium.java_client.DefaultGenericMobileDriver.findElement(DefaultGenericMobileDriver.java:58)
	at io.appium.java_client.AppiumDriver.findElement(AppiumDriver.java:1)
	at io.appium.java_client.android.AndroidDriver.findElement(AndroidDriver.java:1)
	at studi.co.Base.BaseClass.findElementByText(BaseClass.java:435)
	at studi.co.pageModules.Module_Receive_Questions_Practice.traverse_To_Begin_Practice(Module_Receive_Questions_Practice.java:29)
	at studi.co.pageModules.Module_Receive_Questions_Practice.Module_Verify_Correct_Incorrect_Feedback_Shown_After_SCQ_Answer_Selection_In_Practice(Module_Receive_Questions_Practice.java:155)
	at studi.co.testScripts.AFS_UserStory_77.TC18_To_Verify_Correct_Incorrect_Feedback_Shown_After_SCQ_Answer_Selection_In_Practice(AFS_UserStory_77.java:113)
... Removed 29 stack frames
</div> <!-- stack-trace -->
                </div> <!-- method-content -->
              </div> <!-- method -->
              <div class="method">
                <div class="method-content">
                  <a name="TC19_To_Verify_Attempting_SCQ_Quiz_Is_Mandatory_In_Practice">
                  </a> <!-- TC19_To_Verify_Attempting_SCQ_Quiz_Is_Mandatory_In_Practice -->
                  <span class="method-name">TC19_To_Verify_Attempting_SCQ_Quiz_Is_Mandatory_In_Practice</span>
                  <div class="stack-trace">org.openqa.selenium.NoSuchElementException: An element could not be located on the page using the given search parameters.
For documentation on this error, please visit: https://www.seleniumhq.org/exceptions/no_such_element.html
Build info: version: &apos;3.141.59&apos;, revision: &apos;e82be7d358&apos;, time: &apos;2018-11-14T08:17:03&apos;
System info: host: &apos;DESKTOP-JHURRHK&apos;, ip: &apos;192.168.0.100&apos;, os.name: &apos;Windows 10&apos;, os.arch: &apos;amd64&apos;, os.version: &apos;10.0&apos;, java.version: &apos;11.0.9&apos;
Driver info: io.appium.java_client.android.AndroidDriver
Capabilities {appActivity: com.tce.view.ui.activities...., appPackage: com.tce.studi, databaseEnabled: false, desired: {appActivity: com.tce.view.ui.activities...., appPackage: com.tce.studi, deviceName: Appium, platformName: android, platformVersion: 11, takesScreenshot: true}, deviceApiLevel: 30, deviceManufacturer: Google, deviceModel: sdk_gphone_x86_arm, deviceName: emulator-5554, deviceScreenDensity: 560, deviceScreenSize: 1440x3040, deviceUDID: emulator-5554, javascriptEnabled: true, locationContextEnabled: false, networkConnectionEnabled: true, pixelRatio: 3.5, platform: LINUX, platformName: Android, platformVersion: 11, statBarHeight: 172, takesScreenshot: true, viewportRect: {height: 2529, left: 0, top: 172, width: 1440}, warnings: {}, webStorageEnabled: false}
Session ID: ce7e4349-22b9-4bbe-89d8-a5f5e126dd75
*** Element info: {Using=xpath, value=//*[contains(@text, &apos;Begin Practice&apos;)]}
	at org.openqa.selenium.remote.http.W3CHttpResponseCodec.createException(W3CHttpResponseCodec.java:187)
	at org.openqa.selenium.remote.http.W3CHttpResponseCodec.decode(W3CHttpResponseCodec.java:122)
	at org.openqa.selenium.remote.http.W3CHttpResponseCodec.decode(W3CHttpResponseCodec.java:49)
	at org.openqa.selenium.remote.HttpCommandExecutor.execute(HttpCommandExecutor.java:158)
	at io.appium.java_client.remote.AppiumCommandExecutor.execute(AppiumCommandExecutor.java:239)
	at org.openqa.selenium.remote.RemoteWebDriver.execute(RemoteWebDriver.java:552)
	at io.appium.java_client.DefaultGenericMobileDriver.execute(DefaultGenericMobileDriver.java:42)
	at io.appium.java_client.AppiumDriver.execute(AppiumDriver.java:1)
	at io.appium.java_client.android.AndroidDriver.execute(AndroidDriver.java:1)
	at org.openqa.selenium.remote.RemoteWebDriver.findElement(RemoteWebDriver.java:323)
	at io.appium.java_client.DefaultGenericMobileDriver.findElement(DefaultGenericMobileDriver.java:62)
	at io.appium.java_client.AppiumDriver.findElement(AppiumDriver.java:1)
	at io.appium.java_client.android.AndroidDriver.findElement(AndroidDriver.java:1)
	at org.openqa.selenium.remote.RemoteWebDriver.findElementByXPath(RemoteWebDriver.java:428)
	at io.appium.java_client.DefaultGenericMobileDriver.findElementByXPath(DefaultGenericMobileDriver.java:152)
	at io.appium.java_client.AppiumDriver.findElementByXPath(AppiumDriver.java:1)
	at io.appium.java_client.android.AndroidDriver.findElementByXPath(AndroidDriver.java:1)
	at org.openqa.selenium.By$ByXPath.findElement(By.java:353)
	at org.openqa.selenium.remote.RemoteWebDriver.findElement(RemoteWebDriver.java:315)
	at io.appium.java_client.DefaultGenericMobileDriver.findElement(DefaultGenericMobileDriver.java:58)
	at io.appium.java_client.AppiumDriver.findElement(AppiumDriver.java:1)
	at io.appium.java_client.android.AndroidDriver.findElement(AndroidDriver.java:1)
	at studi.co.Base.BaseClass.findElementByText(BaseClass.java:435)
	at studi.co.pageModules.Module_Receive_Questions_Practice.traverse_To_Begin_Practice(Module_Receive_Questions_Practice.java:29)
	at studi.co.pageModules.Module_Receive_Questions_Practice.Module_Verify_Attempting_SCQ_Quiz_Is_Mandatory_In_Practice(Module_Receive_Questions_Practice.java:231)
	at studi.co.testScripts.AFS_UserStory_77.TC19_To_Verify_Attempting_SCQ_Quiz_Is_Mandatory_In_Practice(AFS_UserStory_77.java:138)
... Removed 29 stack frames
</div> <!-- stack-trace -->
                </div> <!-- method-content -->
              </div> <!-- method -->
              <div class="method">
                <div class="method-content">
                  <a name="TC20_To_Verify_In_Wrong_Answer_Selection_User_Should_Get_1_More_Attempt_For_SCQ_In_Practice">
                  </a> <!-- TC20_To_Verify_In_Wrong_Answer_Selection_User_Should_Get_1_More_Attempt_For_SCQ_In_Practice -->
                  <span class="method-name">TC20_To_Verify_In_Wrong_Answer_Selection_User_Should_Get_1_More_Attempt_For_SCQ_In_Practice</span>
                  <div class="stack-trace">org.openqa.selenium.NoSuchElementException: An element could not be located on the page using the given search parameters.
For documentation on this error, please visit: https://www.seleniumhq.org/exceptions/no_such_element.html
Build info: version: &apos;3.141.59&apos;, revision: &apos;e82be7d358&apos;, time: &apos;2018-11-14T08:17:03&apos;
System info: host: &apos;DESKTOP-JHURRHK&apos;, ip: &apos;192.168.0.100&apos;, os.name: &apos;Windows 10&apos;, os.arch: &apos;amd64&apos;, os.version: &apos;10.0&apos;, java.version: &apos;11.0.9&apos;
Driver info: io.appium.java_client.android.AndroidDriver
Capabilities {appActivity: com.tce.view.ui.activities...., appPackage: com.tce.studi, databaseEnabled: false, desired: {appActivity: com.tce.view.ui.activities...., appPackage: com.tce.studi, deviceName: Appium, platformName: android, platformVersion: 11, takesScreenshot: true}, deviceApiLevel: 30, deviceManufacturer: Google, deviceModel: sdk_gphone_x86_arm, deviceName: emulator-5554, deviceScreenDensity: 560, deviceScreenSize: 1440x3040, deviceUDID: emulator-5554, javascriptEnabled: true, locationContextEnabled: false, networkConnectionEnabled: true, pixelRatio: 3.5, platform: LINUX, platformName: Android, platformVersion: 11, statBarHeight: 172, takesScreenshot: true, viewportRect: {height: 2529, left: 0, top: 172, width: 1440}, warnings: {}, webStorageEnabled: false}
Session ID: ce7e4349-22b9-4bbe-89d8-a5f5e126dd75
*** Element info: {Using=xpath, value=//*[contains(@text, &apos;Begin Practice&apos;)]}
	at org.openqa.selenium.remote.http.W3CHttpResponseCodec.createException(W3CHttpResponseCodec.java:187)
	at org.openqa.selenium.remote.http.W3CHttpResponseCodec.decode(W3CHttpResponseCodec.java:122)
	at org.openqa.selenium.remote.http.W3CHttpResponseCodec.decode(W3CHttpResponseCodec.java:49)
	at org.openqa.selenium.remote.HttpCommandExecutor.execute(HttpCommandExecutor.java:158)
	at io.appium.java_client.remote.AppiumCommandExecutor.execute(AppiumCommandExecutor.java:239)
	at org.openqa.selenium.remote.RemoteWebDriver.execute(RemoteWebDriver.java:552)
	at io.appium.java_client.DefaultGenericMobileDriver.execute(DefaultGenericMobileDriver.java:42)
	at io.appium.java_client.AppiumDriver.execute(AppiumDriver.java:1)
	at io.appium.java_client.android.AndroidDriver.execute(AndroidDriver.java:1)
	at org.openqa.selenium.remote.RemoteWebDriver.findElement(RemoteWebDriver.java:323)
	at io.appium.java_client.DefaultGenericMobileDriver.findElement(DefaultGenericMobileDriver.java:62)
	at io.appium.java_client.AppiumDriver.findElement(AppiumDriver.java:1)
	at io.appium.java_client.android.AndroidDriver.findElement(AndroidDriver.java:1)
	at org.openqa.selenium.remote.RemoteWebDriver.findElementByXPath(RemoteWebDriver.java:428)
	at io.appium.java_client.DefaultGenericMobileDriver.findElementByXPath(DefaultGenericMobileDriver.java:152)
	at io.appium.java_client.AppiumDriver.findElementByXPath(AppiumDriver.java:1)
	at io.appium.java_client.android.AndroidDriver.findElementByXPath(AndroidDriver.java:1)
	at org.openqa.selenium.By$ByXPath.findElement(By.java:353)
	at org.openqa.selenium.remote.RemoteWebDriver.findElement(RemoteWebDriver.java:315)
	at io.appium.java_client.DefaultGenericMobileDriver.findElement(DefaultGenericMobileDriver.java:58)
	at io.appium.java_client.AppiumDriver.findElement(AppiumDriver.java:1)
	at io.appium.java_client.android.AndroidDriver.findElement(AndroidDriver.java:1)
	at studi.co.Base.BaseClass.findElementByText(BaseClass.java:435)
	at studi.co.pageModules.Module_Receive_Questions_Practice.traverse_To_Begin_Practice(Module_Receive_Questions_Practice.java:29)
	at studi.co.pageModules.Module_Receive_Questions_Practice.Module_Verify_In_Wrong_Answer_Selection_User_Should_Get_1_More_Attempt_For_SCQ_In_Practice(Module_Receive_Questions_Practice.java:298)
	at studi.co.testScripts.AFS_UserStory_77.TC20_To_Verify_In_Wrong_Answer_Selection_User_Should_Get_1_More_Attempt_For_SCQ_In_Practice(AFS_UserStory_77.java:146)
... Removed 29 stack frames
</div> <!-- stack-trace -->
                </div> <!-- method-content -->
              </div> <!-- method -->
              <div class="method">
                <div class="method-content">
                  <a name="TC21_To_Verify_User_Should_Be_Able_To_Abandon_The_SCQ_In_Practice">
                  </a> <!-- TC21_To_Verify_User_Should_Be_Able_To_Abandon_The_SCQ_In_Practice -->
                  <span class="method-name">TC21_To_Verify_User_Should_Be_Able_To_Abandon_The_SCQ_In_Practice</span>
                  <div class="stack-trace">org.openqa.selenium.NoSuchElementException: An element could not be located on the page using the given search parameters.
For documentation on this error, please visit: https://www.seleniumhq.org/exceptions/no_such_element.html
Build info: version: &apos;3.141.59&apos;, revision: &apos;e82be7d358&apos;, time: &apos;2018-11-14T08:17:03&apos;
System info: host: &apos;DESKTOP-JHURRHK&apos;, ip: &apos;192.168.0.100&apos;, os.name: &apos;Windows 10&apos;, os.arch: &apos;amd64&apos;, os.version: &apos;10.0&apos;, java.version: &apos;11.0.9&apos;
Driver info: io.appium.java_client.android.AndroidDriver
Capabilities {appActivity: com.tce.view.ui.activities...., appPackage: com.tce.studi, databaseEnabled: false, desired: {appActivity: com.tce.view.ui.activities...., appPackage: com.tce.studi, deviceName: Appium, platformName: android, platformVersion: 11, takesScreenshot: true}, deviceApiLevel: 30, deviceManufacturer: Google, deviceModel: sdk_gphone_x86_arm, deviceName: emulator-5554, deviceScreenDensity: 560, deviceScreenSize: 1440x3040, deviceUDID: emulator-5554, javascriptEnabled: true, locationContextEnabled: false, networkConnectionEnabled: true, pixelRatio: 3.5, platform: LINUX, platformName: Android, platformVersion: 11, statBarHeight: 172, takesScreenshot: true, viewportRect: {height: 2529, left: 0, top: 172, width: 1440}, warnings: {}, webStorageEnabled: false}
Session ID: ce7e4349-22b9-4bbe-89d8-a5f5e126dd75
*** Element info: {Using=xpath, value=//*[contains(@text, &apos;Begin Practice&apos;)]}
	at org.openqa.selenium.remote.http.W3CHttpResponseCodec.createException(W3CHttpResponseCodec.java:187)
	at org.openqa.selenium.remote.http.W3CHttpResponseCodec.decode(W3CHttpResponseCodec.java:122)
	at org.openqa.selenium.remote.http.W3CHttpResponseCodec.decode(W3CHttpResponseCodec.java:49)
	at org.openqa.selenium.remote.HttpCommandExecutor.execute(HttpCommandExecutor.java:158)
	at io.appium.java_client.remote.AppiumCommandExecutor.execute(AppiumCommandExecutor.java:239)
	at org.openqa.selenium.remote.RemoteWebDriver.execute(RemoteWebDriver.java:552)
	at io.appium.java_client.DefaultGenericMobileDriver.execute(DefaultGenericMobileDriver.java:42)
	at io.appium.java_client.AppiumDriver.execute(AppiumDriver.java:1)
	at io.appium.java_client.android.AndroidDriver.execute(AndroidDriver.java:1)
	at org.openqa.selenium.remote.RemoteWebDriver.findElement(RemoteWebDriver.java:323)
	at io.appium.java_client.DefaultGenericMobileDriver.findElement(DefaultGenericMobileDriver.java:62)
	at io.appium.java_client.AppiumDriver.findElement(AppiumDriver.java:1)
	at io.appium.java_client.android.AndroidDriver.findElement(AndroidDriver.java:1)
	at org.openqa.selenium.remote.RemoteWebDriver.findElementByXPath(RemoteWebDriver.java:428)
	at io.appium.java_client.DefaultGenericMobileDriver.findElementByXPath(DefaultGenericMobileDriver.java:152)
	at io.appium.java_client.AppiumDriver.findElementByXPath(AppiumDriver.java:1)
	at io.appium.java_client.android.AndroidDriver.findElementByXPath(AndroidDriver.java:1)
	at org.openqa.selenium.By$ByXPath.findElement(By.java:353)
	at org.openqa.selenium.remote.RemoteWebDriver.findElement(RemoteWebDriver.java:315)
	at io.appium.java_client.DefaultGenericMobileDriver.findElement(DefaultGenericMobileDriver.java:58)
	at io.appium.java_client.AppiumDriver.findElement(AppiumDriver.java:1)
	at io.appium.java_client.android.AndroidDriver.findElement(AndroidDriver.java:1)
	at studi.co.Base.BaseClass.findElementByText(BaseClass.java:435)
	at studi.co.pageModules.Module_Receive_Questions_Practice.traverse_To_Begin_Practice(Module_Receive_Questions_Practice.java:29)
	at studi.co.pageModules.Module_Receive_Questions_Practice.Module_Verify_User_Should_Be_Able_To_Abandon_The_SCQ_In_Practice(Module_Receive_Questions_Practice.java:408)
	at studi.co.testScripts.AFS_UserStory_77.TC21_To_Verify_User_Should_Be_Able_To_Abandon_The_SCQ_In_Practice(AFS_UserStory_77.java:154)
... Removed 29 stack frames
</div> <!-- stack-trace -->
                </div> <!-- method-content -->
              </div> <!-- method -->
            </div> <!-- main-panel-content rounded-window-bottom -->
          </div> <!-- suite-Suite-class-failed -->
          <div class="suite-Suite-class-skipped">
            <div class="main-panel-header rounded-window-top">
              <img src="skipped.png"/>
              <span class="class-name">studi.co.testScripts.AFS_UserStory_77</span>
            </div> <!-- main-panel-header rounded-window-top -->
            <div class="main-panel-content rounded-window-bottom">
              <div class="method">
                <div class="method-content">
                  <a name="TC26_To_Verify_Only_Single_SCQ_Answer_Can_Be_Select_In_Test">
                  </a> <!-- TC26_To_Verify_Only_Single_SCQ_Answer_Can_Be_Select_In_Test -->
                  <span class="method-name">TC26_To_Verify_Only_Single_SCQ_Answer_Can_Be_Select_In_Test</span>
                  <div class="stack-trace">org.openqa.selenium.NoSuchElementException: Can&apos;t locate an element by this strategy: By.chained({By.xpath: /hierarchy/android.widget.FrameLayout/android.widget.LinearLayout/android.widget.FrameLayout/android.widget.LinearLayout/android.widget.FrameLayout/android.view.ViewGroup/android.widget.RelativeLayout/android.widget.FrameLayout/android.view.ViewGroup/android.widget.TextView[1]})
	at io.appium.java_client.pagefactory.AppiumElementLocator.findElement(AppiumElementLocator.java:126)
	at io.appium.java_client.pagefactory.interceptors.InterceptorOfASingleElement.intercept(InterceptorOfASingleElement.java:59)
	at io.appium.java_client.android.AndroidElement$$EnhancerByCGLIB$$b598166c.getText(&lt;generated&gt;)
	at studi.co.Base.BaseClass.clickOnElement(BaseClass.java:227)
	at studi.co.pageModules.Module_Login.Login_to_app(Module_Login.java:38)
	at studi.co.testScripts.AFS_UserStory_77.Validate_Login(AFS_UserStory_77.java:22)
Caused by: org.openqa.selenium.TimeoutException: Expected condition failed: waiting for io.appium.java_client.pagefactory.AppiumElementLocator$WaitingFunction@2a045e85 (tried for 1 second(s) with 500 milliseconds interval)
	at org.openqa.selenium.support.ui.FluentWait.timeoutException(FluentWait.java:304)
	at org.openqa.selenium.support.ui.FluentWait.until(FluentWait.java:272)
	at io.appium.java_client.pagefactory.AppiumElementLocator.waitFor(AppiumElementLocator.java:99)
	at io.appium.java_client.pagefactory.AppiumElementLocator.findElement(AppiumElementLocator.java:119)
	... 32 more
Caused by: org.openqa.selenium.NoSuchElementException: Cannot locate an element using By.chained({By.xpath: /hierarchy/android.widget.FrameLayout/android.widget.LinearLayout/android.widget.FrameLayout/android.widget.LinearLayout/android.widget.FrameLayout/android.view.ViewGroup/android.widget.RelativeLayout/android.widget.FrameLayout/android.view.ViewGroup/android.widget.TextView[1]})
For documentation on this error, please visit: https://www.seleniumhq.org/exceptions/no_such_element.html
Build info: version: &apos;3.141.59&apos;, revision: &apos;e82be7d358&apos;, time: &apos;2018-11-14T08:17:03&apos;
System info: host: &apos;DESKTOP-JHURRHK&apos;, ip: &apos;192.168.0.100&apos;, os.name: &apos;Windows 10&apos;, os.arch: &apos;amd64&apos;, os.version: &apos;10.0&apos;, java.version: &apos;11.0.9&apos;
Driver info: driver.version: AndroidDriver
	at io.appium.java_client.pagefactory.bys.builder.ByChained.findElement(ByChained.java:74)
	at org.openqa.selenium.remote.RemoteWebDriver.findElement(RemoteWebDriver.java:315)
	at io.appium.java_client.DefaultGenericMobileDriver.findElement(DefaultGenericMobileDriver.java:58)
	at io.appium.java_client.AppiumDriver.findElement(AppiumDriver.java:1)
	at io.appium.java_client.android.AndroidDriver.findElement(AndroidDriver.java:1)
	at io.appium.java_client.pagefactory.bys.ContentMappedBy.findElement(ContentMappedBy.java:50)
	at org.openqa.selenium.remote.RemoteWebDriver.findElement(RemoteWebDriver.java:315)
	at io.appium.java_client.DefaultGenericMobileDriver.findElement(DefaultGenericMobileDriver.java:58)
	at io.appium.java_client.AppiumDriver.findElement(AppiumDriver.java:1)
	at io.appium.java_client.android.AndroidDriver.findElement(AndroidDriver.java:1)
	at io.appium.java_client.pagefactory.AppiumElementLocator.lambda$0(AppiumElementLocator.java:120)
	at io.appium.java_client.pagefactory.AppiumElementLocator$WaitingFunction.apply(AppiumElementLocator.java:172)
	at io.appium.java_client.pagefactory.AppiumElementLocator$WaitingFunction.apply(AppiumElementLocator.java:1)
	at org.openqa.selenium.support.ui.FluentWait.until(FluentWait.java:249)
	... 34 more
... Removed 27 stack frames
</div> <!-- stack-trace -->
                </div> <!-- method-content -->
              </div> <!-- method -->
              <div class="method">
                <div class="method-content">
                  <a name="TC27_To_Verify_Correct_Feedback_Shown_After_SCQ_Answer_Selection_In_Test">
                  </a> <!-- TC27_To_Verify_Correct_Feedback_Shown_After_SCQ_Answer_Selection_In_Test -->
                  <span class="method-name">TC27_To_Verify_Correct_Feedback_Shown_After_SCQ_Answer_Selection_In_Test</span>
                  <div class="stack-trace">org.openqa.selenium.NoSuchElementException: Can&apos;t locate an element by this strategy: By.chained({By.xpath: /hierarchy/android.widget.FrameLayout/android.widget.LinearLayout/android.widget.FrameLayout/android.widget.LinearLayout/android.widget.FrameLayout/android.view.ViewGroup/android.widget.RelativeLayout/android.widget.FrameLayout/android.view.ViewGroup/android.widget.TextView[1]})
	at io.appium.java_client.pagefactory.AppiumElementLocator.findElement(AppiumElementLocator.java:126)
	at io.appium.java_client.pagefactory.interceptors.InterceptorOfASingleElement.intercept(InterceptorOfASingleElement.java:59)
	at io.appium.java_client.android.AndroidElement$$EnhancerByCGLIB$$b598166c.getText(&lt;generated&gt;)
	at studi.co.Base.BaseClass.clickOnElement(BaseClass.java:227)
	at studi.co.pageModules.Module_Login.Login_to_app(Module_Login.java:38)
	at studi.co.testScripts.AFS_UserStory_77.Validate_Login(AFS_UserStory_77.java:22)
Caused by: org.openqa.selenium.TimeoutException: Expected condition failed: waiting for io.appium.java_client.pagefactory.AppiumElementLocator$WaitingFunction@2a045e85 (tried for 1 second(s) with 500 milliseconds interval)
	at org.openqa.selenium.support.ui.FluentWait.timeoutException(FluentWait.java:304)
	at org.openqa.selenium.support.ui.FluentWait.until(FluentWait.java:272)
	at io.appium.java_client.pagefactory.AppiumElementLocator.waitFor(AppiumElementLocator.java:99)
	at io.appium.java_client.pagefactory.AppiumElementLocator.findElement(AppiumElementLocator.java:119)
	... 32 more
Caused by: org.openqa.selenium.NoSuchElementException: Cannot locate an element using By.chained({By.xpath: /hierarchy/android.widget.FrameLayout/android.widget.LinearLayout/android.widget.FrameLayout/android.widget.LinearLayout/android.widget.FrameLayout/android.view.ViewGroup/android.widget.RelativeLayout/android.widget.FrameLayout/android.view.ViewGroup/android.widget.TextView[1]})
For documentation on this error, please visit: https://www.seleniumhq.org/exceptions/no_such_element.html
Build info: version: &apos;3.141.59&apos;, revision: &apos;e82be7d358&apos;, time: &apos;2018-11-14T08:17:03&apos;
System info: host: &apos;DESKTOP-JHURRHK&apos;, ip: &apos;192.168.0.100&apos;, os.name: &apos;Windows 10&apos;, os.arch: &apos;amd64&apos;, os.version: &apos;10.0&apos;, java.version: &apos;11.0.9&apos;
Driver info: driver.version: AndroidDriver
	at io.appium.java_client.pagefactory.bys.builder.ByChained.findElement(ByChained.java:74)
	at org.openqa.selenium.remote.RemoteWebDriver.findElement(RemoteWebDriver.java:315)
	at io.appium.java_client.DefaultGenericMobileDriver.findElement(DefaultGenericMobileDriver.java:58)
	at io.appium.java_client.AppiumDriver.findElement(AppiumDriver.java:1)
	at io.appium.java_client.android.AndroidDriver.findElement(AndroidDriver.java:1)
	at io.appium.java_client.pagefactory.bys.ContentMappedBy.findElement(ContentMappedBy.java:50)
	at org.openqa.selenium.remote.RemoteWebDriver.findElement(RemoteWebDriver.java:315)
	at io.appium.java_client.DefaultGenericMobileDriver.findElement(DefaultGenericMobileDriver.java:58)
	at io.appium.java_client.AppiumDriver.findElement(AppiumDriver.java:1)
	at io.appium.java_client.android.AndroidDriver.findElement(AndroidDriver.java:1)
	at io.appium.java_client.pagefactory.AppiumElementLocator.lambda$0(AppiumElementLocator.java:120)
	at io.appium.java_client.pagefactory.AppiumElementLocator$WaitingFunction.apply(AppiumElementLocator.java:172)
	at io.appium.java_client.pagefactory.AppiumElementLocator$WaitingFunction.apply(AppiumElementLocator.java:1)
	at org.openqa.selenium.support.ui.FluentWait.until(FluentWait.java:249)
	... 34 more
... Removed 27 stack frames
</div> <!-- stack-trace -->
                </div> <!-- method-content -->
              </div> <!-- method -->
              <div class="method">
                <div class="method-content">
                  <a name="TC28_To_Verify_Correct_Feedback_Shown_Under_Hamburger_Menu_In_Test">
                  </a> <!-- TC28_To_Verify_Correct_Feedback_Shown_Under_Hamburger_Menu_In_Test -->
                  <span class="method-name">TC28_To_Verify_Correct_Feedback_Shown_Under_Hamburger_Menu_In_Test</span>
                  <div class="stack-trace">org.openqa.selenium.NoSuchElementException: Can&apos;t locate an element by this strategy: By.chained({By.xpath: /hierarchy/android.widget.FrameLayout/android.widget.LinearLayout/android.widget.FrameLayout/android.widget.LinearLayout/android.widget.FrameLayout/android.view.ViewGroup/android.widget.RelativeLayout/android.widget.FrameLayout/android.view.ViewGroup/android.widget.TextView[1]})
	at io.appium.java_client.pagefactory.AppiumElementLocator.findElement(AppiumElementLocator.java:126)
	at io.appium.java_client.pagefactory.interceptors.InterceptorOfASingleElement.intercept(InterceptorOfASingleElement.java:59)
	at io.appium.java_client.android.AndroidElement$$EnhancerByCGLIB$$b598166c.getText(&lt;generated&gt;)
	at studi.co.Base.BaseClass.clickOnElement(BaseClass.java:227)
	at studi.co.pageModules.Module_Login.Login_to_app(Module_Login.java:38)
	at studi.co.testScripts.AFS_UserStory_77.Validate_Login(AFS_UserStory_77.java:22)
Caused by: org.openqa.selenium.TimeoutException: Expected condition failed: waiting for io.appium.java_client.pagefactory.AppiumElementLocator$WaitingFunction@2a045e85 (tried for 1 second(s) with 500 milliseconds interval)
	at org.openqa.selenium.support.ui.FluentWait.timeoutException(FluentWait.java:304)
	at org.openqa.selenium.support.ui.FluentWait.until(FluentWait.java:272)
	at io.appium.java_client.pagefactory.AppiumElementLocator.waitFor(AppiumElementLocator.java:99)
	at io.appium.java_client.pagefactory.AppiumElementLocator.findElement(AppiumElementLocator.java:119)
	... 32 more
Caused by: org.openqa.selenium.NoSuchElementException: Cannot locate an element using By.chained({By.xpath: /hierarchy/android.widget.FrameLayout/android.widget.LinearLayout/android.widget.FrameLayout/android.widget.LinearLayout/android.widget.FrameLayout/android.view.ViewGroup/android.widget.RelativeLayout/android.widget.FrameLayout/android.view.ViewGroup/android.widget.TextView[1]})
For documentation on this error, please visit: https://www.seleniumhq.org/exceptions/no_such_element.html
Build info: version: &apos;3.141.59&apos;, revision: &apos;e82be7d358&apos;, time: &apos;2018-11-14T08:17:03&apos;
System info: host: &apos;DESKTOP-JHURRHK&apos;, ip: &apos;192.168.0.100&apos;, os.name: &apos;Windows 10&apos;, os.arch: &apos;amd64&apos;, os.version: &apos;10.0&apos;, java.version: &apos;11.0.9&apos;
Driver info: driver.version: AndroidDriver
	at io.appium.java_client.pagefactory.bys.builder.ByChained.findElement(ByChained.java:74)
	at org.openqa.selenium.remote.RemoteWebDriver.findElement(RemoteWebDriver.java:315)
	at io.appium.java_client.DefaultGenericMobileDriver.findElement(DefaultGenericMobileDriver.java:58)
	at io.appium.java_client.AppiumDriver.findElement(AppiumDriver.java:1)
	at io.appium.java_client.android.AndroidDriver.findElement(AndroidDriver.java:1)
	at io.appium.java_client.pagefactory.bys.ContentMappedBy.findElement(ContentMappedBy.java:50)
	at org.openqa.selenium.remote.RemoteWebDriver.findElement(RemoteWebDriver.java:315)
	at io.appium.java_client.DefaultGenericMobileDriver.findElement(DefaultGenericMobileDriver.java:58)
	at io.appium.java_client.AppiumDriver.findElement(AppiumDriver.java:1)
	at io.appium.java_client.android.AndroidDriver.findElement(AndroidDriver.java:1)
	at io.appium.java_client.pagefactory.AppiumElementLocator.lambda$0(AppiumElementLocator.java:120)
	at io.appium.java_client.pagefactory.AppiumElementLocator$WaitingFunction.apply(AppiumElementLocator.java:172)
	at io.appium.java_client.pagefactory.AppiumElementLocator$WaitingFunction.apply(AppiumElementLocator.java:1)
	at org.openqa.selenium.support.ui.FluentWait.until(FluentWait.java:249)
	... 34 more
... Removed 27 stack frames
</div> <!-- stack-trace -->
                </div> <!-- method-content -->
              </div> <!-- method -->
              <div class="method">
                <div class="method-content">
                  <a name="TC29_To_Verify_SCQ_Quiz_Is_Not_Mandetory_In_Test">
                  </a> <!-- TC29_To_Verify_SCQ_Quiz_Is_Not_Mandetory_In_Test -->
                  <span class="method-name">TC29_To_Verify_SCQ_Quiz_Is_Not_Mandetory_In_Test</span>
                  <div class="stack-trace">org.openqa.selenium.NoSuchElementException: Can&apos;t locate an element by this strategy: By.chained({By.xpath: /hierarchy/android.widget.FrameLayout/android.widget.LinearLayout/android.widget.FrameLayout/android.widget.LinearLayout/android.widget.FrameLayout/android.view.ViewGroup/android.widget.RelativeLayout/android.widget.FrameLayout/android.view.ViewGroup/android.widget.TextView[1]})
	at io.appium.java_client.pagefactory.AppiumElementLocator.findElement(AppiumElementLocator.java:126)
	at io.appium.java_client.pagefactory.interceptors.InterceptorOfASingleElement.intercept(InterceptorOfASingleElement.java:59)
	at io.appium.java_client.android.AndroidElement$$EnhancerByCGLIB$$b598166c.getText(&lt;generated&gt;)
	at studi.co.Base.BaseClass.clickOnElement(BaseClass.java:227)
	at studi.co.pageModules.Module_Login.Login_to_app(Module_Login.java:38)
	at studi.co.testScripts.AFS_UserStory_77.Validate_Login(AFS_UserStory_77.java:22)
Caused by: org.openqa.selenium.TimeoutException: Expected condition failed: waiting for io.appium.java_client.pagefactory.AppiumElementLocator$WaitingFunction@2a045e85 (tried for 1 second(s) with 500 milliseconds interval)
	at org.openqa.selenium.support.ui.FluentWait.timeoutException(FluentWait.java:304)
	at org.openqa.selenium.support.ui.FluentWait.until(FluentWait.java:272)
	at io.appium.java_client.pagefactory.AppiumElementLocator.waitFor(AppiumElementLocator.java:99)
	at io.appium.java_client.pagefactory.AppiumElementLocator.findElement(AppiumElementLocator.java:119)
	... 32 more
Caused by: org.openqa.selenium.NoSuchElementException: Cannot locate an element using By.chained({By.xpath: /hierarchy/android.widget.FrameLayout/android.widget.LinearLayout/android.widget.FrameLayout/android.widget.LinearLayout/android.widget.FrameLayout/android.view.ViewGroup/android.widget.RelativeLayout/android.widget.FrameLayout/android.view.ViewGroup/android.widget.TextView[1]})
For documentation on this error, please visit: https://www.seleniumhq.org/exceptions/no_such_element.html
Build info: version: &apos;3.141.59&apos;, revision: &apos;e82be7d358&apos;, time: &apos;2018-11-14T08:17:03&apos;
System info: host: &apos;DESKTOP-JHURRHK&apos;, ip: &apos;192.168.0.100&apos;, os.name: &apos;Windows 10&apos;, os.arch: &apos;amd64&apos;, os.version: &apos;10.0&apos;, java.version: &apos;11.0.9&apos;
Driver info: driver.version: AndroidDriver
	at io.appium.java_client.pagefactory.bys.builder.ByChained.findElement(ByChained.java:74)
	at org.openqa.selenium.remote.RemoteWebDriver.findElement(RemoteWebDriver.java:315)
	at io.appium.java_client.DefaultGenericMobileDriver.findElement(DefaultGenericMobileDriver.java:58)
	at io.appium.java_client.AppiumDriver.findElement(AppiumDriver.java:1)
	at io.appium.java_client.android.AndroidDriver.findElement(AndroidDriver.java:1)
	at io.appium.java_client.pagefactory.bys.ContentMappedBy.findElement(ContentMappedBy.java:50)
	at org.openqa.selenium.remote.RemoteWebDriver.findElement(RemoteWebDriver.java:315)
	at io.appium.java_client.DefaultGenericMobileDriver.findElement(DefaultGenericMobileDriver.java:58)
	at io.appium.java_client.AppiumDriver.findElement(AppiumDriver.java:1)
	at io.appium.java_client.android.AndroidDriver.findElement(AndroidDriver.java:1)
	at io.appium.java_client.pagefactory.AppiumElementLocator.lambda$0(AppiumElementLocator.java:120)
	at io.appium.java_client.pagefactory.AppiumElementLocator$WaitingFunction.apply(AppiumElementLocator.java:172)
	at io.appium.java_client.pagefactory.AppiumElementLocator$WaitingFunction.apply(AppiumElementLocator.java:1)
	at org.openqa.selenium.support.ui.FluentWait.until(FluentWait.java:249)
	... 34 more
... Removed 27 stack frames
</div> <!-- stack-trace -->
                </div> <!-- method-content -->
              </div> <!-- method -->
              <div class="method">
                <div class="method-content">
                  <a name="TC30_To_Verify_User_Should_Able_To_Flag_SCQ_In_Test">
                  </a> <!-- TC30_To_Verify_User_Should_Able_To_Flag_SCQ_In_Test -->
                  <span class="method-name">TC30_To_Verify_User_Should_Able_To_Flag_SCQ_In_Test</span>
                  <div class="stack-trace">org.openqa.selenium.NoSuchElementException: Can&apos;t locate an element by this strategy: By.chained({By.xpath: /hierarchy/android.widget.FrameLayout/android.widget.LinearLayout/android.widget.FrameLayout/android.widget.LinearLayout/android.widget.FrameLayout/android.view.ViewGroup/android.widget.RelativeLayout/android.widget.FrameLayout/android.view.ViewGroup/android.widget.TextView[1]})
	at io.appium.java_client.pagefactory.AppiumElementLocator.findElement(AppiumElementLocator.java:126)
	at io.appium.java_client.pagefactory.interceptors.InterceptorOfASingleElement.intercept(InterceptorOfASingleElement.java:59)
	at io.appium.java_client.android.AndroidElement$$EnhancerByCGLIB$$b598166c.getText(&lt;generated&gt;)
	at studi.co.Base.BaseClass.clickOnElement(BaseClass.java:227)
	at studi.co.pageModules.Module_Login.Login_to_app(Module_Login.java:38)
	at studi.co.testScripts.AFS_UserStory_77.Validate_Login(AFS_UserStory_77.java:22)
Caused by: org.openqa.selenium.TimeoutException: Expected condition failed: waiting for io.appium.java_client.pagefactory.AppiumElementLocator$WaitingFunction@2a045e85 (tried for 1 second(s) with 500 milliseconds interval)
	at org.openqa.selenium.support.ui.FluentWait.timeoutException(FluentWait.java:304)
	at org.openqa.selenium.support.ui.FluentWait.until(FluentWait.java:272)
	at io.appium.java_client.pagefactory.AppiumElementLocator.waitFor(AppiumElementLocator.java:99)
	at io.appium.java_client.pagefactory.AppiumElementLocator.findElement(AppiumElementLocator.java:119)
	... 32 more
Caused by: org.openqa.selenium.NoSuchElementException: Cannot locate an element using By.chained({By.xpath: /hierarchy/android.widget.FrameLayout/android.widget.LinearLayout/android.widget.FrameLayout/android.widget.LinearLayout/android.widget.FrameLayout/android.view.ViewGroup/android.widget.RelativeLayout/android.widget.FrameLayout/android.view.ViewGroup/android.widget.TextView[1]})
For documentation on this error, please visit: https://www.seleniumhq.org/exceptions/no_such_element.html
Build info: version: &apos;3.141.59&apos;, revision: &apos;e82be7d358&apos;, time: &apos;2018-11-14T08:17:03&apos;
System info: host: &apos;DESKTOP-JHURRHK&apos;, ip: &apos;192.168.0.100&apos;, os.name: &apos;Windows 10&apos;, os.arch: &apos;amd64&apos;, os.version: &apos;10.0&apos;, java.version: &apos;11.0.9&apos;
Driver info: driver.version: AndroidDriver
	at io.appium.java_client.pagefactory.bys.builder.ByChained.findElement(ByChained.java:74)
	at org.openqa.selenium.remote.RemoteWebDriver.findElement(RemoteWebDriver.java:315)
	at io.appium.java_client.DefaultGenericMobileDriver.findElement(DefaultGenericMobileDriver.java:58)
	at io.appium.java_client.AppiumDriver.findElement(AppiumDriver.java:1)
	at io.appium.java_client.android.AndroidDriver.findElement(AndroidDriver.java:1)
	at io.appium.java_client.pagefactory.bys.ContentMappedBy.findElement(ContentMappedBy.java:50)
	at org.openqa.selenium.remote.RemoteWebDriver.findElement(RemoteWebDriver.java:315)
	at io.appium.java_client.DefaultGenericMobileDriver.findElement(DefaultGenericMobileDriver.java:58)
	at io.appium.java_client.AppiumDriver.findElement(AppiumDriver.java:1)
	at io.appium.java_client.android.AndroidDriver.findElement(AndroidDriver.java:1)
	at io.appium.java_client.pagefactory.AppiumElementLocator.lambda$0(AppiumElementLocator.java:120)
	at io.appium.java_client.pagefactory.AppiumElementLocator$WaitingFunction.apply(AppiumElementLocator.java:172)
	at io.appium.java_client.pagefactory.AppiumElementLocator$WaitingFunction.apply(AppiumElementLocator.java:1)
	at org.openqa.selenium.support.ui.FluentWait.until(FluentWait.java:249)
	... 34 more
... Removed 27 stack frames
</div> <!-- stack-trace -->
                </div> <!-- method-content -->
              </div> <!-- method -->
              <div class="method">
                <div class="method-content">
                  <a name="TC32_To_Verify_Marks_Shown_With_SCQ_In_Test">
                  </a> <!-- TC32_To_Verify_Marks_Shown_With_SCQ_In_Test -->
                  <span class="method-name">TC32_To_Verify_Marks_Shown_With_SCQ_In_Test</span>
                  <div class="stack-trace">org.openqa.selenium.NoSuchElementException: Can&apos;t locate an element by this strategy: By.chained({By.xpath: /hierarchy/android.widget.FrameLayout/android.widget.LinearLayout/android.widget.FrameLayout/android.widget.LinearLayout/android.widget.FrameLayout/android.view.ViewGroup/android.widget.RelativeLayout/android.widget.FrameLayout/android.view.ViewGroup/android.widget.TextView[1]})
	at io.appium.java_client.pagefactory.AppiumElementLocator.findElement(AppiumElementLocator.java:126)
	at io.appium.java_client.pagefactory.interceptors.InterceptorOfASingleElement.intercept(InterceptorOfASingleElement.java:59)
	at io.appium.java_client.android.AndroidElement$$EnhancerByCGLIB$$b598166c.getText(&lt;generated&gt;)
	at studi.co.Base.BaseClass.clickOnElement(BaseClass.java:227)
	at studi.co.pageModules.Module_Login.Login_to_app(Module_Login.java:38)
	at studi.co.testScripts.AFS_UserStory_77.Validate_Login(AFS_UserStory_77.java:22)
Caused by: org.openqa.selenium.TimeoutException: Expected condition failed: waiting for io.appium.java_client.pagefactory.AppiumElementLocator$WaitingFunction@2a045e85 (tried for 1 second(s) with 500 milliseconds interval)
	at org.openqa.selenium.support.ui.FluentWait.timeoutException(FluentWait.java:304)
	at org.openqa.selenium.support.ui.FluentWait.until(FluentWait.java:272)
	at io.appium.java_client.pagefactory.AppiumElementLocator.waitFor(AppiumElementLocator.java:99)
	at io.appium.java_client.pagefactory.AppiumElementLocator.findElement(AppiumElementLocator.java:119)
	... 32 more
Caused by: org.openqa.selenium.NoSuchElementException: Cannot locate an element using By.chained({By.xpath: /hierarchy/android.widget.FrameLayout/android.widget.LinearLayout/android.widget.FrameLayout/android.widget.LinearLayout/android.widget.FrameLayout/android.view.ViewGroup/android.widget.RelativeLayout/android.widget.FrameLayout/android.view.ViewGroup/android.widget.TextView[1]})
For documentation on this error, please visit: https://www.seleniumhq.org/exceptions/no_such_element.html
Build info: version: &apos;3.141.59&apos;, revision: &apos;e82be7d358&apos;, time: &apos;2018-11-14T08:17:03&apos;
System info: host: &apos;DESKTOP-JHURRHK&apos;, ip: &apos;192.168.0.100&apos;, os.name: &apos;Windows 10&apos;, os.arch: &apos;amd64&apos;, os.version: &apos;10.0&apos;, java.version: &apos;11.0.9&apos;
Driver info: driver.version: AndroidDriver
	at io.appium.java_client.pagefactory.bys.builder.ByChained.findElement(ByChained.java:74)
	at org.openqa.selenium.remote.RemoteWebDriver.findElement(RemoteWebDriver.java:315)
	at io.appium.java_client.DefaultGenericMobileDriver.findElement(DefaultGenericMobileDriver.java:58)
	at io.appium.java_client.AppiumDriver.findElement(AppiumDriver.java:1)
	at io.appium.java_client.android.AndroidDriver.findElement(AndroidDriver.java:1)
	at io.appium.java_client.pagefactory.bys.ContentMappedBy.findElement(ContentMappedBy.java:50)
	at org.openqa.selenium.remote.RemoteWebDriver.findElement(RemoteWebDriver.java:315)
	at io.appium.java_client.DefaultGenericMobileDriver.findElement(DefaultGenericMobileDriver.java:58)
	at io.appium.java_client.AppiumDriver.findElement(AppiumDriver.java:1)
	at io.appium.java_client.android.AndroidDriver.findElement(AndroidDriver.java:1)
	at io.appium.java_client.pagefactory.AppiumElementLocator.lambda$0(AppiumElementLocator.java:120)
	at io.appium.java_client.pagefactory.AppiumElementLocator$WaitingFunction.apply(AppiumElementLocator.java:172)
	at io.appium.java_client.pagefactory.AppiumElementLocator$WaitingFunction.apply(AppiumElementLocator.java:1)
	at org.openqa.selenium.support.ui.FluentWait.until(FluentWait.java:249)
	... 34 more
... Removed 27 stack frames
</div> <!-- stack-trace -->
                </div> <!-- method-content -->
              </div> <!-- method -->
              <div class="method">
                <div class="method-content">
                  <a name="TC33_To_Verify_User_Can_Abond_SCQ_Quiz_In_Test">
                  </a> <!-- TC33_To_Verify_User_Can_Abond_SCQ_Quiz_In_Test -->
                  <span class="method-name">TC33_To_Verify_User_Can_Abond_SCQ_Quiz_In_Test</span>
                  <div class="stack-trace">org.openqa.selenium.NoSuchElementException: Can&apos;t locate an element by this strategy: By.chained({By.xpath: /hierarchy/android.widget.FrameLayout/android.widget.LinearLayout/android.widget.FrameLayout/android.widget.LinearLayout/android.widget.FrameLayout/android.view.ViewGroup/android.widget.RelativeLayout/android.widget.FrameLayout/android.view.ViewGroup/android.widget.TextView[1]})
	at io.appium.java_client.pagefactory.AppiumElementLocator.findElement(AppiumElementLocator.java:126)
	at io.appium.java_client.pagefactory.interceptors.InterceptorOfASingleElement.intercept(InterceptorOfASingleElement.java:59)
	at io.appium.java_client.android.AndroidElement$$EnhancerByCGLIB$$b598166c.getText(&lt;generated&gt;)
	at studi.co.Base.BaseClass.clickOnElement(BaseClass.java:227)
	at studi.co.pageModules.Module_Login.Login_to_app(Module_Login.java:38)
	at studi.co.testScripts.AFS_UserStory_77.Validate_Login(AFS_UserStory_77.java:22)
Caused by: org.openqa.selenium.TimeoutException: Expected condition failed: waiting for io.appium.java_client.pagefactory.AppiumElementLocator$WaitingFunction@2a045e85 (tried for 1 second(s) with 500 milliseconds interval)
	at org.openqa.selenium.support.ui.FluentWait.timeoutException(FluentWait.java:304)
	at org.openqa.selenium.support.ui.FluentWait.until(FluentWait.java:272)
	at io.appium.java_client.pagefactory.AppiumElementLocator.waitFor(AppiumElementLocator.java:99)
	at io.appium.java_client.pagefactory.AppiumElementLocator.findElement(AppiumElementLocator.java:119)
	... 32 more
Caused by: org.openqa.selenium.NoSuchElementException: Cannot locate an element using By.chained({By.xpath: /hierarchy/android.widget.FrameLayout/android.widget.LinearLayout/android.widget.FrameLayout/android.widget.LinearLayout/android.widget.FrameLayout/android.view.ViewGroup/android.widget.RelativeLayout/android.widget.FrameLayout/android.view.ViewGroup/android.widget.TextView[1]})
For documentation on this error, please visit: https://www.seleniumhq.org/exceptions/no_such_element.html
Build info: version: &apos;3.141.59&apos;, revision: &apos;e82be7d358&apos;, time: &apos;2018-11-14T08:17:03&apos;
System info: host: &apos;DESKTOP-JHURRHK&apos;, ip: &apos;192.168.0.100&apos;, os.name: &apos;Windows 10&apos;, os.arch: &apos;amd64&apos;, os.version: &apos;10.0&apos;, java.version: &apos;11.0.9&apos;
Driver info: driver.version: AndroidDriver
	at io.appium.java_client.pagefactory.bys.builder.ByChained.findElement(ByChained.java:74)
	at org.openqa.selenium.remote.RemoteWebDriver.findElement(RemoteWebDriver.java:315)
	at io.appium.java_client.DefaultGenericMobileDriver.findElement(DefaultGenericMobileDriver.java:58)
	at io.appium.java_client.AppiumDriver.findElement(AppiumDriver.java:1)
	at io.appium.java_client.android.AndroidDriver.findElement(AndroidDriver.java:1)
	at io.appium.java_client.pagefactory.bys.ContentMappedBy.findElement(ContentMappedBy.java:50)
	at org.openqa.selenium.remote.RemoteWebDriver.findElement(RemoteWebDriver.java:315)
	at io.appium.java_client.DefaultGenericMobileDriver.findElement(DefaultGenericMobileDriver.java:58)
	at io.appium.java_client.AppiumDriver.findElement(AppiumDriver.java:1)
	at io.appium.java_client.android.AndroidDriver.findElement(AndroidDriver.java:1)
	at io.appium.java_client.pagefactory.AppiumElementLocator.lambda$0(AppiumElementLocator.java:120)
	at io.appium.java_client.pagefactory.AppiumElementLocator$WaitingFunction.apply(AppiumElementLocator.java:172)
	at io.appium.java_client.pagefactory.AppiumElementLocator$WaitingFunction.apply(AppiumElementLocator.java:1)
	at org.openqa.selenium.support.ui.FluentWait.until(FluentWait.java:249)
	... 34 more
... Removed 27 stack frames
</div> <!-- stack-trace -->
                </div> <!-- method-content -->
              </div> <!-- method -->
            </div> <!-- main-panel-content rounded-window-bottom -->
          </div> <!-- suite-Suite-class-skipped -->
          <div class="suite-Suite-class-passed">
            <div class="main-panel-header rounded-window-top">
              <img src="passed.png"/>
              <span class="class-name">studi.co.testScripts.AFS_UserStory_77</span>
            </div> <!-- main-panel-header rounded-window-top -->
            <div class="main-panel-content rounded-window-bottom">
              <div class="method">
                <div class="method-content">
                  <a name="TC01_To_Verify_Receive_SCQ_Questions_In_Revision">
                  </a> <!-- TC01_To_Verify_Receive_SCQ_Questions_In_Revision -->
                  <span class="method-name">TC01_To_Verify_Receive_SCQ_Questions_In_Revision</span>
                </div> <!-- method-content -->
              </div> <!-- method -->
              <div class="method">
                <div class="method-content">
                  <a name="TC02_To_Verify_SCQ_Answers_In_Default_State_In_Revision">
                  </a> <!-- TC02_To_Verify_SCQ_Answers_In_Default_State_In_Revision -->
                  <span class="method-name">TC02_To_Verify_SCQ_Answers_In_Default_State_In_Revision</span>
                </div> <!-- method-content -->
              </div> <!-- method -->
              <div class="method">
                <div class="method-content">
                  <a name="TC22_To_Verify_Receive_SCQ_Questions_In_Test">
                  </a> <!-- TC22_To_Verify_Receive_SCQ_Questions_In_Test -->
                  <span class="method-name">TC22_To_Verify_Receive_SCQ_Questions_In_Test</span>
                </div> <!-- method-content -->
              </div> <!-- method -->
              <div class="method">
                <div class="method-content">
                  <a name="TC23_Module_Receive_SCQ_Answers_In_Default_State_In_Test">
                  </a> <!-- TC23_Module_Receive_SCQ_Answers_In_Default_State_In_Test -->
                  <span class="method-name">TC23_Module_Receive_SCQ_Answers_In_Default_State_In_Test</span>
                </div> <!-- method-content -->
              </div> <!-- method -->
              <div class="method">
                <div class="method-content">
                  <a name="TC24_To_Verify_Multiple_Answers_Shown_For_SCQ_In_Test">
                  </a> <!-- TC24_To_Verify_Multiple_Answers_Shown_For_SCQ_In_Test -->
                  <span class="method-name">TC24_To_Verify_Multiple_Answers_Shown_For_SCQ_In_Test</span>
                </div> <!-- method-content -->
              </div> <!-- method -->
              <div class="method">
                <div class="method-content">
                  <a name="TC25_To_Verify_SCQ_Answers_Can_Be_Select_In_Test">
                  </a> <!-- TC25_To_Verify_SCQ_Answers_Can_Be_Select_In_Test -->
                  <span class="method-name">TC25_To_Verify_SCQ_Answers_Can_Be_Select_In_Test</span>
                </div> <!-- method-content -->
              </div> <!-- method -->
            </div> <!-- main-panel-content rounded-window-bottom -->
          </div> <!-- suite-Suite-class-passed -->
        </div> <!-- panel Suite -->
        <div panel-name="test-xml-Suite" class="panel">
          <div class="main-panel-header rounded-window-top">
            <span class="header-content">C:\Users\Dell\eclipse-workspace\TATA_Studi\TATA_Studi\testng.xml</span>
          </div> <!-- main-panel-header rounded-window-top -->
          <div class="main-panel-content rounded-window-bottom">
            <pre>
&lt;?xml version=&quot;1.0&quot; encoding=&quot;UTF-8&quot;?&gt;
&lt;!DOCTYPE suite SYSTEM &quot;http://testng.org/testng-1.0.dtd&quot;&gt;
&lt;suite name=&quot;Suite&quot; guice-stage=&quot;DEVELOPMENT&quot;&gt;
  &lt;test thread-count=&quot;5&quot; name=&quot;Test&quot;&gt;
    &lt;parameter name=&quot;type&quot; value=&quot;Android&quot;/&gt;
    &lt;classes&gt;
      &lt;class name=&quot;studi.co.testScripts.AFS_UserStory_77&quot;/&gt;
    &lt;/classes&gt;
  &lt;/test&gt; &lt;!-- Test --&gt;
&lt;/suite&gt; &lt;!-- Suite --&gt;
            </pre>
          </div> <!-- main-panel-content rounded-window-bottom -->
        </div> <!-- panel -->
        <div panel-name="testlist-Suite" class="panel">
          <div class="main-panel-header rounded-window-top">
            <span class="header-content">Tests for Suite</span>
          </div> <!-- main-panel-header rounded-window-top -->
          <div class="main-panel-content rounded-window-bottom">
            <ul>
              <li>
                <span class="test-name">Test (1 class)</span>
              </li>
            </ul>
          </div> <!-- main-panel-content rounded-window-bottom -->
        </div> <!-- panel -->
        <div panel-name="group-Suite" class="panel">
          <div class="main-panel-header rounded-window-top">
            <span class="header-content">Groups for Suite</span>
          </div> <!-- main-panel-header rounded-window-top -->
          <div class="main-panel-content rounded-window-bottom">
          </div> <!-- main-panel-content rounded-window-bottom -->
        </div> <!-- panel -->
        <div panel-name="times-Suite" class="panel">
          <div class="main-panel-header rounded-window-top">
            <span class="header-content">Times for Suite</span>
          </div> <!-- main-panel-header rounded-window-top -->
          <div class="main-panel-content rounded-window-bottom">
            <div class="times-div">
              <script type="text/javascript">
suiteTableInitFunctions.push('tableData_Suite');
function tableData_Suite() {
var data = new google.visualization.DataTable();
data.addColumn('number', 'Number');
data.addColumn('string', 'Method');
data.addColumn('string', 'Class');
data.addColumn('number', 'Time (ms)');
data.addRows(24);
data.setCell(0, 0, 0)
data.setCell(0, 1, 'TC04_To_Verify_SCQ_Answers_Can_Be_Select_In_Revision')
data.setCell(0, 2, 'studi.co.testScripts.AFS_UserStory_77')
data.setCell(0, 3, 247094);
data.setCell(1, 0, 1)
data.setCell(1, 1, 'TC01_To_Verify_Receive_SCQ_Questions_In_Revision')
data.setCell(1, 2, 'studi.co.testScripts.AFS_UserStory_77')
data.setCell(1, 3, 137024);
data.setCell(2, 0, 2)
data.setCell(2, 1, 'TC02_To_Verify_SCQ_Answers_In_Default_State_In_Revision')
data.setCell(2, 2, 'studi.co.testScripts.AFS_UserStory_77')
data.setCell(2, 3, 118706);
data.setCell(3, 0, 3)
data.setCell(3, 1, 'TC25_To_Verify_SCQ_Answers_Can_Be_Select_In_Test')
data.setCell(3, 2, 'studi.co.testScripts.AFS_UserStory_77')
data.setCell(3, 3, 74691);
data.setCell(4, 0, 4)
data.setCell(4, 1, 'TC14_To_Verify_Multiple_Answers_Shown_For_SCQ_In_Practice')
data.setCell(4, 2, 'studi.co.testScripts.AFS_UserStory_77')
data.setCell(4, 3, 71652);
data.setCell(5, 0, 5)
data.setCell(5, 1, 'TC16_To_Verify_Only_Single_SCQ_Answer_Can_Be_Select_In_Practice')
data.setCell(5, 2, 'studi.co.testScripts.AFS_UserStory_77')
data.setCell(5, 3, 71600);
data.setCell(6, 0, 6)
data.setCell(6, 1, 'TC13_To_Verify_SCQ_Answers_Is_In_Default_State_In_Practice')
data.setCell(6, 2, 'studi.co.testScripts.AFS_UserStory_77')
data.setCell(6, 3, 68987);
data.setCell(7, 0, 7)
data.setCell(7, 1, 'TC19_To_Verify_Attempting_SCQ_Quiz_Is_Mandatory_In_Practice')
data.setCell(7, 2, 'studi.co.testScripts.AFS_UserStory_77')
data.setCell(7, 3, 67999);
data.setCell(8, 0, 8)
data.setCell(8, 1, 'TC21_To_Verify_User_Should_Be_Able_To_Abandon_The_SCQ_In_Practice')
data.setCell(8, 2, 'studi.co.testScripts.AFS_UserStory_77')
data.setCell(8, 3, 65729);
data.setCell(9, 0, 9)
data.setCell(9, 1, 'TC18_To_Verify_Correct_Incorrect_Feedback_Shown_After_SCQ_Answer_Selection_In_Practice')
data.setCell(9, 2, 'studi.co.testScripts.AFS_UserStory_77')
data.setCell(9, 3, 64961);
data.setCell(10, 0, 10)
data.setCell(10, 1, 'TC23_Module_Receive_SCQ_Answers_In_Default_State_In_Test')
data.setCell(10, 2, 'studi.co.testScripts.AFS_UserStory_77')
data.setCell(10, 3, 63434);
data.setCell(11, 0, 11)
data.setCell(11, 1, 'TC22_To_Verify_Receive_SCQ_Questions_In_Test')
data.setCell(11, 2, 'studi.co.testScripts.AFS_UserStory_77')
data.setCell(11, 3, 62122);
data.setCell(12, 0, 12)
data.setCell(12, 1, 'TC20_To_Verify_In_Wrong_Answer_Selection_User_Should_Get_1_More_Attempt_For_SCQ_In_Practice')
data.setCell(12, 2, 'studi.co.testScripts.AFS_UserStory_77')
data.setCell(12, 3, 61304);
data.setCell(13, 0, 13)
data.setCell(13, 1, 'TC24_To_Verify_Multiple_Answers_Shown_For_SCQ_In_Test')
data.setCell(13, 2, 'studi.co.testScripts.AFS_UserStory_77')
data.setCell(13, 3, 58386);
data.setCell(14, 0, 14)
data.setCell(14, 1, 'TC17_To_Verify_Correct_Feedback_Shown_After_SCQ_Answer_Selection_In_Practice')
data.setCell(14, 2, 'studi.co.testScripts.AFS_UserStory_77')
data.setCell(14, 3, 56023);
data.setCell(15, 0, 15)
data.setCell(15, 1, 'TC12_To_Verify_Receive_SCQ_Questions_In_Practice')
data.setCell(15, 2, 'studi.co.testScripts.AFS_UserStory_77')
data.setCell(15, 3, 55229);
data.setCell(16, 0, 16)
data.setCell(16, 1, 'TC15_To_Verify_SCQ_Answer_Can_Be_Select_In_Practice')
data.setCell(16, 2, 'studi.co.testScripts.AFS_UserStory_77')
data.setCell(16, 3, 52326);
data.setCell(17, 0, 17)
data.setCell(17, 1, 'TC29_To_Verify_SCQ_Quiz_Is_Not_Mandetory_In_Test')
data.setCell(17, 2, 'studi.co.testScripts.AFS_UserStory_77')
data.setCell(17, 3, 0);
data.setCell(18, 0, 18)
data.setCell(18, 1, 'TC32_To_Verify_Marks_Shown_With_SCQ_In_Test')
data.setCell(18, 2, 'studi.co.testScripts.AFS_UserStory_77')
data.setCell(18, 3, 0);
data.setCell(19, 0, 19)
data.setCell(19, 1, 'TC28_To_Verify_Correct_Feedback_Shown_Under_Hamburger_Menu_In_Test')
data.setCell(19, 2, 'studi.co.testScripts.AFS_UserStory_77')
data.setCell(19, 3, 0);
data.setCell(20, 0, 20)
data.setCell(20, 1, 'TC30_To_Verify_User_Should_Able_To_Flag_SCQ_In_Test')
data.setCell(20, 2, 'studi.co.testScripts.AFS_UserStory_77')
data.setCell(20, 3, 0);
data.setCell(21, 0, 21)
data.setCell(21, 1, 'TC33_To_Verify_User_Can_Abond_SCQ_Quiz_In_Test')
data.setCell(21, 2, 'studi.co.testScripts.AFS_UserStory_77')
data.setCell(21, 3, 0);
data.setCell(22, 0, 22)
data.setCell(22, 1, 'TC27_To_Verify_Correct_Feedback_Shown_After_SCQ_Answer_Selection_In_Test')
data.setCell(22, 2, 'studi.co.testScripts.AFS_UserStory_77')
data.setCell(22, 3, 0);
data.setCell(23, 0, 23)
data.setCell(23, 1, 'TC26_To_Verify_Only_Single_SCQ_Answer_Can_Be_Select_In_Test')
data.setCell(23, 2, 'studi.co.testScripts.AFS_UserStory_77')
data.setCell(23, 3, 0);
window.suiteTableData['Suite']= { tableData: data, tableDiv: 'times-div-Suite'}
return data;
}
              </script>
              <span class="suite-total-time">Total running time: 23 minutes</span>
              <div id="times-div-Suite">
              </div> <!-- times-div-Suite -->
            </div> <!-- times-div -->
          </div> <!-- main-panel-content rounded-window-bottom -->
        </div> <!-- panel -->
        <div panel-name="reporter-Suite" class="panel">
          <div class="main-panel-header rounded-window-top">
            <span class="header-content">Reporter output for Suite</span>
          </div> <!-- main-panel-header rounded-window-top -->
          <div class="main-panel-content rounded-window-bottom">
          </div> <!-- main-panel-content rounded-window-bottom -->
        </div> <!-- panel -->
        <div panel-name="ignored-methods-Suite" class="panel">
          <div class="main-panel-header rounded-window-top">
            <span class="header-content">1 ignored method</span>
          </div> <!-- main-panel-header rounded-window-top -->
          <div class="main-panel-content rounded-window-bottom">
            <div class="ignored-class-div">
              <span class="ignored-class-name">studi.co.testScripts.AFS_UserStory_77</span>
              <div class="ignored-methods-div">
                <span class="ignored-method-name">TC05_To_Verify_Single_Answer_Is_Correct_For_SCQ_Question_In_Revision</span>
                <br/>
              </div> <!-- ignored-methods-div -->
            </div> <!-- ignored-class-div -->
          </div> <!-- main-panel-content rounded-window-bottom -->
        </div> <!-- panel -->
        <div panel-name="chronological-Suite" class="panel">
          <div class="main-panel-header rounded-window-top">
            <span class="header-content">Methods in chronological order</span>
          </div> <!-- main-panel-header rounded-window-top -->
          <div class="main-panel-content rounded-window-bottom">
            <div class="chronological-class">
              <div class="chronological-class-name">studi.co.testScripts.AFS_UserStory_77</div> <!-- chronological-class-name -->
              <div class="configuration-test before">
                <span class="method-name">beforeTest(Android)</span>
                <span class="method-start">0 ms</span>
              </div> <!-- configuration-test before -->
              <div class="configuration-method before">
                <span class="method-name">Validate_Login</span>
                <span class="method-start">21067 ms</span>
              </div> <!-- configuration-method before -->
              <div class="test-method">
                <span class="method-name">TC01_To_Verify_Receive_SCQ_Questions_In_Revision</span>
                <span class="method-start">52230 ms</span>
              </div> <!-- test-method -->
              <div class="configuration-method after">
                <span class="method-name">restApp</span>
                <span class="method-start">189257 ms</span>
              </div> <!-- configuration-method after -->
              <div class="configuration-method before">
                <span class="method-name">Validate_Login</span>
                <span class="method-start">196489 ms</span>
              </div> <!-- configuration-method before -->
              <div class="test-method">
                <span class="method-name">TC02_To_Verify_SCQ_Answers_In_Default_State_In_Revision</span>
                <span class="method-start">234630 ms</span>
              </div> <!-- test-method -->
              <div class="configuration-method after">
                <span class="method-name">restApp</span>
                <span class="method-start">353338 ms</span>
              </div> <!-- configuration-method after -->
              <div class="configuration-method before">
                <span class="method-name">Validate_Login</span>
                <span class="method-start">359626 ms</span>
              </div> <!-- configuration-method before -->
              <div class="test-method">
                <img src="failed.png">
                </img>
                <span class="method-name">TC04_To_Verify_SCQ_Answers_Can_Be_Select_In_Revision</span>
                <span class="method-start">387144 ms</span>
              </div> <!-- test-method -->
              <div class="configuration-method after">
                <span class="method-name">restApp</span>
                <span class="method-start">634242 ms</span>
              </div> <!-- configuration-method after -->
              <div class="configuration-method before">
                <span class="method-name">Validate_Login</span>
                <span class="method-start">640750 ms</span>
              </div> <!-- configuration-method before -->
              <div class="test-method">
                <img src="failed.png">
                </img>
                <span class="method-name">TC12_To_Verify_Receive_SCQ_Questions_In_Practice</span>
                <span class="method-start">684870 ms</span>
              </div> <!-- test-method -->
              <div class="configuration-method after">
                <span class="method-name">restApp</span>
                <span class="method-start">740102 ms</span>
              </div> <!-- configuration-method after -->
              <div class="configuration-method before">
                <span class="method-name">Validate_Login</span>
                <span class="method-start">745105 ms</span>
              </div> <!-- configuration-method before -->
              <div class="test-method">
                <img src="failed.png">
                </img>
                <span class="method-name">TC13_To_Verify_SCQ_Answers_Is_In_Default_State_In_Practice</span>
                <span class="method-start">770868 ms</span>
              </div> <!-- test-method -->
              <div class="configuration-method after">
                <span class="method-name">restApp</span>
                <span class="method-start">839858 ms</span>
              </div> <!-- configuration-method after -->
              <div class="configuration-method before">
                <span class="method-name">Validate_Login</span>
                <span class="method-start">844710 ms</span>
              </div> <!-- configuration-method before -->
              <div class="test-method">
                <img src="failed.png">
                </img>
                <span class="method-name">TC14_To_Verify_Multiple_Answers_Shown_For_SCQ_In_Practice</span>
                <span class="method-start">871765 ms</span>
              </div> <!-- test-method -->
              <div class="configuration-method after">
                <span class="method-name">restApp</span>
                <span class="method-start">943420 ms</span>
              </div> <!-- configuration-method after -->
              <div class="configuration-method before">
                <span class="method-name">Validate_Login</span>
                <span class="method-start">949019 ms</span>
              </div> <!-- configuration-method before -->
              <div class="test-method">
                <img src="failed.png">
                </img>
                <span class="method-name">TC15_To_Verify_SCQ_Answer_Can_Be_Select_In_Practice</span>
                <span class="method-start">988554 ms</span>
              </div> <!-- test-method -->
              <div class="configuration-method after">
                <span class="method-name">restApp</span>
                <span class="method-start">1040883 ms</span>
              </div> <!-- configuration-method after -->
              <div class="configuration-method before">
                <span class="method-name">Validate_Login</span>
                <span class="method-start">1054845 ms</span>
              </div> <!-- configuration-method before -->
              <div class="test-method">
                <img src="failed.png">
                </img>
                <span class="method-name">TC16_To_Verify_Only_Single_SCQ_Answer_Can_Be_Select_In_Practice</span>
                <span class="method-start">1087350 ms</span>
              </div> <!-- test-method -->
              <div class="configuration-method after">
                <span class="method-name">restApp</span>
                <span class="method-start">1158952 ms</span>
              </div> <!-- configuration-method after -->
              <div class="configuration-method before">
                <span class="method-name">Validate_Login</span>
                <span class="method-start">1164296 ms</span>
              </div> <!-- configuration-method before -->
              <div class="test-method">
                <img src="failed.png">
                </img>
                <span class="method-name">TC17_To_Verify_Correct_Feedback_Shown_After_SCQ_Answer_Selection_In_Practice</span>
                <span class="method-start">1205286 ms</span>
              </div> <!-- test-method -->
              <div class="configuration-method after">
                <span class="method-name">restApp</span>
                <span class="method-start">1261310 ms</span>
              </div> <!-- configuration-method after -->
              <div class="configuration-method before">
                <span class="method-name">Validate_Login</span>
                <span class="method-start">1266407 ms</span>
              </div> <!-- configuration-method before -->
              <div class="test-method">
                <img src="failed.png">
                </img>
                <span class="method-name">TC18_To_Verify_Correct_Incorrect_Feedback_Shown_After_SCQ_Answer_Selection_In_Practice</span>
                <span class="method-start">1299515 ms</span>
              </div> <!-- test-method -->
              <div class="configuration-method after">
                <span class="method-name">restApp</span>
                <span class="method-start">1364478 ms</span>
              </div> <!-- configuration-method after -->
              <div class="configuration-method before">
                <span class="method-name">Validate_Login</span>
                <span class="method-start">1369860 ms</span>
              </div> <!-- configuration-method before -->
              <div class="test-method">
                <img src="failed.png">
                </img>
                <span class="method-name">TC19_To_Verify_Attempting_SCQ_Quiz_Is_Mandatory_In_Practice</span>
                <span class="method-start">1399043 ms</span>
              </div> <!-- test-method -->
              <div class="configuration-method after">
                <span class="method-name">restApp</span>
                <span class="method-start">1467048 ms</span>
              </div> <!-- configuration-method after -->
              <div class="configuration-method before">
                <span class="method-name">Validate_Login</span>
                <span class="method-start">1472138 ms</span>
              </div> <!-- configuration-method before -->
              <div class="test-method">
                <img src="failed.png">
                </img>
                <span class="method-name">TC20_To_Verify_In_Wrong_Answer_Selection_User_Should_Get_1_More_Attempt_For_SCQ_In_Practice</span>
                <span class="method-start">1498624 ms</span>
              </div> <!-- test-method -->
              <div class="configuration-method after">
                <span class="method-name">restApp</span>
                <span class="method-start">1559930 ms</span>
              </div> <!-- configuration-method after -->
              <div class="configuration-method before">
                <span class="method-name">Validate_Login</span>
                <span class="method-start">1564872 ms</span>
              </div> <!-- configuration-method before -->
              <div class="test-method">
                <img src="failed.png">
                </img>
                <span class="method-name">TC21_To_Verify_User_Should_Be_Able_To_Abandon_The_SCQ_In_Practice</span>
                <span class="method-start">1595724 ms</span>
              </div> <!-- test-method -->
              <div class="configuration-method after">
                <span class="method-name">restApp</span>
                <span class="method-start">1661454 ms</span>
              </div> <!-- configuration-method after -->
              <div class="configuration-method before">
                <span class="method-name">Validate_Login</span>
                <span class="method-start">1666673 ms</span>
              </div> <!-- configuration-method before -->
              <div class="test-method">
                <span class="method-name">TC22_To_Verify_Receive_SCQ_Questions_In_Test</span>
                <span class="method-start">1705662 ms</span>
              </div> <!-- test-method -->
              <div class="configuration-method after">
                <span class="method-name">restApp</span>
                <span class="method-start">1767785 ms</span>
              </div> <!-- configuration-method after -->
              <div class="configuration-method before">
                <span class="method-name">Validate_Login</span>
                <span class="method-start">1773044 ms</span>
              </div> <!-- configuration-method before -->
              <div class="test-method">
                <span class="method-name">TC23_Module_Receive_SCQ_Answers_In_Default_State_In_Test</span>
                <span class="method-start">1800661 ms</span>
              </div> <!-- test-method -->
              <div class="configuration-method after">
                <span class="method-name">restApp</span>
                <span class="method-start">1864096 ms</span>
              </div> <!-- configuration-method after -->
              <div class="configuration-method before">
                <span class="method-name">Validate_Login</span>
                <span class="method-start">1870208 ms</span>
              </div> <!-- configuration-method before -->
              <div class="test-method">
                <span class="method-name">TC24_To_Verify_Multiple_Answers_Shown_For_SCQ_In_Test</span>
                <span class="method-start">1912374 ms</span>
              </div> <!-- test-method -->
              <div class="configuration-method after">
                <span class="method-name">restApp</span>
                <span class="method-start">1970761 ms</span>
              </div> <!-- configuration-method after -->
              <div class="configuration-method before">
                <span class="method-name">Validate_Login</span>
                <span class="method-start">1975891 ms</span>
              </div> <!-- configuration-method before -->
              <div class="test-method">
                <span class="method-name">TC25_To_Verify_SCQ_Answers_Can_Be_Select_In_Test</span>
                <span class="method-start">2005503 ms</span>
              </div> <!-- test-method -->
              <div class="configuration-method after">
                <span class="method-name">restApp</span>
                <span class="method-start">2080196 ms</span>
              </div> <!-- configuration-method after -->
              <div class="configuration-method before">
                <img src="failed.png">
                </img>
                <span class="method-name">Validate_Login</span>
                <span class="method-start">2085539 ms</span>
              </div> <!-- configuration-method before -->
              <div class="test-method">
                <span class="method-name">TC26_To_Verify_Only_Single_SCQ_Answer_Can_Be_Select_In_Test</span>
                <span class="method-start">-1610085274090 ms</span>
              </div> <!-- test-method -->
              <div class="test-method">
                <span class="method-name">TC27_To_Verify_Correct_Feedback_Shown_After_SCQ_Answer_Selection_In_Test</span>
                <span class="method-start">-1610085274090 ms</span>
              </div> <!-- test-method -->
              <div class="test-method">
                <span class="method-name">TC28_To_Verify_Correct_Feedback_Shown_Under_Hamburger_Menu_In_Test</span>
                <span class="method-start">-1610085274090 ms</span>
              </div> <!-- test-method -->
              <div class="test-method">
                <span class="method-name">TC29_To_Verify_SCQ_Quiz_Is_Not_Mandetory_In_Test</span>
                <span class="method-start">-1610085274090 ms</span>
              </div> <!-- test-method -->
              <div class="test-method">
                <span class="method-name">TC30_To_Verify_User_Should_Able_To_Flag_SCQ_In_Test</span>
                <span class="method-start">-1610085274090 ms</span>
              </div> <!-- test-method -->
              <div class="test-method">
                <span class="method-name">TC32_To_Verify_Marks_Shown_With_SCQ_In_Test</span>
                <span class="method-start">-1610085274090 ms</span>
              </div> <!-- test-method -->
              <div class="test-method">
                <span class="method-name">TC33_To_Verify_User_Can_Abond_SCQ_Quiz_In_Test</span>
                <span class="method-start">-1610085274090 ms</span>
              </div> <!-- test-method -->
          </div> <!-- main-panel-content rounded-window-bottom -->
        </div> <!-- panel -->
      </div> <!-- main-panel-root -->
    </div> <!-- wrapper -->
  </body>
</html>
