<?xml version="1.0" encoding="UTF-8"?>
<!-- Generated by org.testng.reporters.JUnitReportReporter -->
<testsuite hostname="DESKTOP-T777DIF" name="studi.co.testScripts.Review_Plan_Tab" tests="1" failures="0" timestamp="17 Nov 2020 07:40:09 GMT" time="37.690" errors="1">
  <testcase name="Verify_Review_Plan_Tab" time="37.690" classname="studi.co.testScripts.Review_Plan_Tab">
    <error type="org.openqa.selenium.NoSuchElementException" message="An element could not be located on the page using the given search parameters.
For documentation on this error, please visit: http://seleniumhq.org/exceptions/no_such_element.html
Build info: version: &#039;3.5.3&#039;, revision: &#039;a88d25fe6b&#039;, time: &#039;2017-08-29T12:42:44.417Z&#039;
System info: host: &#039;DESKTOP-T777DIF&#039;, ip: &#039;192.168.225.178&#039;, os.name: &#039;Windows 10&#039;, os.arch: &#039;amd64&#039;, os.version: &#039;10.0&#039;, java.version: &#039;1.8.0_241&#039;
Driver info: org.openqa.selenium.remote.RemoteWebDriver
Capabilities [{appPackage=com.tce.afs, deviceScreenSize=720x1280, networkConnectionEnabled=true, statBarHeight=48, warnings={}, viewportRect={top=48, left=0, width=720, height=1136}, databaseEnabled=false, deviceName=ZY223HQBHZ, platform=LINUX, deviceUDID=ZY223HQBHZ, appActivity=com.tce.view.ui.activities.SplashScreenActivity, desired={appPackage=com.tce.afs, appActivity=com.tce.view.ui.activities.SplashScreenActivity, newCommandTimeout=120, platformVersion=7, platformName=Android, deviceName=ZY223HQBHZ}, newCommandTimeout=120, platformVersion=7.1.1, pixelRatio=2, webStorageEnabled=false, locationContextEnabled=false, takesScreenshot=true, javascriptEnabled=true, deviceScreenDensity=320, deviceModel=Moto G Play, deviceApiLevel=25, deviceManufacturer=motorola, platformName=LINUX}]
Session ID: 7ce7d89c-33e3-4b5d-96f4-a3c264940cd8
*** Element info: {Using=xpath, value=/hierarchy/android.widget.FrameLayout/android.widget.LinearLayout/android.widget.FrameLayout/android.widget.LinearLayout/android.widget.FrameLayout/android.view.ViewGroup/android.view.ViewGroup/android.widget.ScrollView/android.view.ViewGroup/android.view.ViewGroup[2]/android.widget.TextView[7]}">
      <![CDATA[org.openqa.selenium.NoSuchElementException: An element could not be located on the page using the given search parameters.
For documentation on this error, please visit: http://seleniumhq.org/exceptions/no_such_element.html
Build info: version: '3.5.3', revision: 'a88d25fe6b', time: '2017-08-29T12:42:44.417Z'
System info: host: 'DESKTOP-T777DIF', ip: '192.168.225.178', os.name: 'Windows 10', os.arch: 'amd64', os.version: '10.0', java.version: '1.8.0_241'
Driver info: org.openqa.selenium.remote.RemoteWebDriver
Capabilities [{appPackage=com.tce.afs, deviceScreenSize=720x1280, networkConnectionEnabled=true, statBarHeight=48, warnings={}, viewportRect={top=48, left=0, width=720, height=1136}, databaseEnabled=false, deviceName=ZY223HQBHZ, platform=LINUX, deviceUDID=ZY223HQBHZ, appActivity=com.tce.view.ui.activities.SplashScreenActivity, desired={appPackage=com.tce.afs, appActivity=com.tce.view.ui.activities.SplashScreenActivity, newCommandTimeout=120, platformVersion=7, platformName=Android, deviceName=ZY223HQBHZ}, newCommandTimeout=120, platformVersion=7.1.1, pixelRatio=2, webStorageEnabled=false, locationContextEnabled=false, takesScreenshot=true, javascriptEnabled=true, deviceScreenDensity=320, deviceModel=Moto G Play, deviceApiLevel=25, deviceManufacturer=motorola, platformName=LINUX}]
Session ID: 7ce7d89c-33e3-4b5d-96f4-a3c264940cd8
*** Element info: {Using=xpath, value=/hierarchy/android.widget.FrameLayout/android.widget.LinearLayout/android.widget.FrameLayout/android.widget.LinearLayout/android.widget.FrameLayout/android.view.ViewGroup/android.view.ViewGroup/android.widget.ScrollView/android.view.ViewGroup/android.view.ViewGroup[2]/android.widget.TextView[7]}
	at sun.reflect.NativeConstructorAccessorImpl.newInstance0(Native Method)
	at sun.reflect.NativeConstructorAccessorImpl.newInstance(Unknown Source)
	at sun.reflect.DelegatingConstructorAccessorImpl.newInstance(Unknown Source)
	at java.lang.reflect.Constructor.newInstance(Unknown Source)
	at org.openqa.selenium.remote.http.W3CHttpResponseCodec.createException(W3CHttpResponseCodec.java:185)
	at org.openqa.selenium.remote.http.W3CHttpResponseCodec.decode(W3CHttpResponseCodec.java:120)
	at org.openqa.selenium.remote.http.W3CHttpResponseCodec.decode(W3CHttpResponseCodec.java:49)
	at org.openqa.selenium.remote.HttpCommandExecutor.execute(HttpCommandExecutor.java:164)
	at org.openqa.selenium.remote.RemoteWebDriver.execute(RemoteWebDriver.java:646)
	at org.openqa.selenium.remote.RemoteWebDriver.findElement(RemoteWebDriver.java:416)
	at org.openqa.selenium.remote.RemoteWebDriver.findElementByXPath(RemoteWebDriver.java:518)
	at org.openqa.selenium.By$ByXPath.findElement(By.java:361)
	at org.openqa.selenium.remote.RemoteWebDriver.findElement(RemoteWebDriver.java:408)
	at org.openqa.selenium.support.pagefactory.DefaultElementLocator.findElement(DefaultElementLocator.java:69)
	at org.openqa.selenium.support.pagefactory.internal.LocatingElementHandler.invoke(LocatingElementHandler.java:38)
	at com.sun.proxy.$Proxy12.click(Unknown Source)
	at studi.co.pageModules.Module_Review_Plan_Tab.Verify_Review_Plan_Tab(Module_Review_Plan_Tab.java:48)
	at studi.co.testScripts.Review_Plan_Tab.Verify_Review_Plan_Tab(Review_Plan_Tab.java:18)
	at sun.reflect.NativeMethodAccessorImpl.invoke0(Native Method)
	at sun.reflect.NativeMethodAccessorImpl.invoke(Unknown Source)
	at sun.reflect.DelegatingMethodAccessorImpl.invoke(Unknown Source)
	at java.lang.reflect.Method.invoke(Unknown Source)
	at org.testng.internal.MethodInvocationHelper.invokeMethod(MethodInvocationHelper.java:85)
	at org.testng.internal.Invoker.invokeMethod(Invoker.java:663)
	at org.testng.internal.Invoker.invokeTestMethod(Invoker.java:849)
	at org.testng.internal.Invoker.invokeTestMethods(Invoker.java:1157)
	at org.testng.internal.TestMethodWorker.invokeTestMethods(TestMethodWorker.java:124)
	at org.testng.internal.TestMethodWorker.run(TestMethodWorker.java:108)
	at org.testng.TestRunner.privateRun(TestRunner.java:771)
	at org.testng.TestRunner.run(TestRunner.java:621)
	at org.testng.SuiteRunner.runTest(SuiteRunner.java:357)
	at org.testng.SuiteRunner.access$000(SuiteRunner.java:38)
	at org.testng.SuiteRunner$SuiteWorker.run(SuiteRunner.java:391)
	at org.testng.internal.thread.ThreadUtil$2.call(ThreadUtil.java:64)
	at java.util.concurrent.FutureTask.run(Unknown Source)
	at java.util.concurrent.ThreadPoolExecutor.runWorker(Unknown Source)
	at java.util.concurrent.ThreadPoolExecutor$Worker.run(Unknown Source)
	at java.lang.Thread.run(Unknown Source)
]]>
    </error>
  </testcase> <!-- Verify_Review_Plan_Tab -->
</testsuite> <!-- studi.co.testScripts.Review_Plan_Tab -->
