<?xml version="1.0" encoding="UTF-8"?>
<!-- Generated by org.testng.reporters.JUnitReportReporter -->
<testsuite hostname="DESKTOP-JHURRHK" failures="0" tests="24" name="studi.co.testScripts.AFS_UserStory_76" time="95.122" errors="1" timestamp="28 Dec 2020 07:20:45 GMT" skipped="23">
  <testcase classname="studi.co.testScripts.AFS_UserStory_76" name="TC04_Verify_MCQ_Answers_Can_Be_Select_or_Unselect_In_Revision" time="95.122">
    <error message="Can&#039;t locate an element by this strategy: By.chained({By.xpath: //[contains(text(),&#039;Check Answer’)]})" type="org.openqa.selenium.NoSuchElementException">
      <![CDATA[org.openqa.selenium.NoSuchElementException: Can't locate an element by this strategy: By.chained({By.xpath: //[contains(text(),'Check Answer’)]})
at io.appium.java_client.pagefactory.AppiumElementLocator.findElement(AppiumElementLocator.java:126)
at io.appium.java_client.pagefactory.interceptors.InterceptorOfASingleElement.intercept(InterceptorOfASingleElement.java:59)
at io.appium.java_client.android.AndroidElement$$EnhancerByCGLIB$$b598166c.isDisplayed(<generated>)
at studi.co.testScripts.AFS_UserStory_76.TC04_Verify_MCQ_Answers_Can_Be_Select_or_Unselect_In_Revision(AFS_UserStory_76.java:90)
at java.base/jdk.internal.reflect.NativeMethodAccessorImpl.invoke0(Native Method)
at java.base/jdk.internal.reflect.NativeMethodAccessorImpl.invoke(NativeMethodAccessorImpl.java:62)
at java.base/jdk.internal.reflect.DelegatingMethodAccessorImpl.invoke(DelegatingMethodAccessorImpl.java:43)
at java.base/java.lang.reflect.Method.invoke(Method.java:566)
at org.testng.internal.MethodInvocationHelper.invokeMethod(MethodInvocationHelper.java:124)
at org.testng.internal.Invoker.invokeMethod(Invoker.java:583)
at org.testng.internal.Invoker.invokeTestMethod(Invoker.java:719)
at org.testng.internal.Invoker.invokeTestMethods(Invoker.java:989)
at org.testng.internal.TestMethodWorker.invokeTestMethods(TestMethodWorker.java:125)
at org.testng.internal.TestMethodWorker.run(TestMethodWorker.java:109)
at org.testng.TestRunner.privateRun(TestRunner.java:648)
at org.testng.TestRunner.run(TestRunner.java:505)
at org.testng.SuiteRunner.runTest(SuiteRunner.java:455)
at org.testng.SuiteRunner.access$000(SuiteRunner.java:40)
at org.testng.SuiteRunner$SuiteWorker.run(SuiteRunner.java:489)
at org.testng.internal.thread.ThreadUtil$1.call(ThreadUtil.java:52)
at java.base/java.util.concurrent.FutureTask.run(FutureTask.java:264)
at java.base/java.util.concurrent.ThreadPoolExecutor.runWorker(ThreadPoolExecutor.java:1128)
at java.base/java.util.concurrent.ThreadPoolExecutor$Worker.run(ThreadPoolExecutor.java:628)
at java.base/java.lang.Thread.run(Thread.java:834)
Caused by: org.openqa.selenium.TimeoutException: Expected condition failed: waiting for io.appium.java_client.pagefactory.AppiumElementLocator$WaitingFunction@750626be (tried for 1 second(s) with 500 milliseconds interval)
at org.openqa.selenium.support.ui.FluentWait.timeoutException(FluentWait.java:304)
at org.openqa.selenium.support.ui.FluentWait.until(FluentWait.java:272)
at io.appium.java_client.pagefactory.AppiumElementLocator.waitFor(AppiumElementLocator.java:99)
at io.appium.java_client.pagefactory.AppiumElementLocator.findElement(AppiumElementLocator.java:119)
... 23 more
Caused by: org.openqa.selenium.NoSuchElementException: Cannot locate an element using By.chained({By.xpath: //[contains(text(),'Check Answer’)]})
For documentation on this error, please visit: https://www.seleniumhq.org/exceptions/no_such_element.html
Build info: version: '3.141.59', revision: 'e82be7d358', time: '2018-11-14T08:17:03'
System info: host: 'DESKTOP-JHURRHK', ip: '192.168.0.100', os.name: 'Windows 10', os.arch: 'amd64', os.version: '10.0', java.version: '11.0.9'
Driver info: driver.version: AndroidDriver
at io.appium.java_client.pagefactory.bys.builder.ByChained.findElement(ByChained.java:74)
at org.openqa.selenium.remote.RemoteWebDriver.findElement(RemoteWebDriver.java:315)
at io.appium.java_client.DefaultGenericMobileDriver.findElement(DefaultGenericMobileDriver.java:58)
at io.appium.java_client.AppiumDriver.findElement(AppiumDriver.java:1)
at io.appium.java_client.android.AndroidDriver.findElement(AndroidDriver.java:1)
at io.appium.java_client.pagefactory.bys.ContentMappedBy.findElement(ContentMappedBy.java:50)
at org.openqa.selenium.remote.RemoteWebDriver.findElement(RemoteWebDriver.java:315)
at io.appium.java_client.DefaultGenericMobileDriver.findElement(DefaultGenericMobileDriver.java:58)
at io.appium.java_client.AppiumDriver.findElement(AppiumDriver.java:1)
at io.appium.java_client.android.AndroidDriver.findElement(AndroidDriver.java:1)
at io.appium.java_client.pagefactory.AppiumElementLocator.lambda$0(AppiumElementLocator.java:120)
at io.appium.java_client.pagefactory.AppiumElementLocator$WaitingFunction.apply(AppiumElementLocator.java:172)
at io.appium.java_client.pagefactory.AppiumElementLocator$WaitingFunction.apply(AppiumElementLocator.java:1)
at org.openqa.selenium.support.ui.FluentWait.until(FluentWait.java:249)
... 25 more
]]>
    </error>
  </testcase> <!-- TC04_Verify_MCQ_Answers_Can_Be_Select_or_Unselect_In_Revision -->
  <testcase classname="studi.co.testScripts.AFS_UserStory_76" name="Receive_MCQ_Questions_Practice">
    <skipped/>
  </testcase> <!-- Receive_MCQ_Questions_Practice -->
  <testcase classname="studi.co.testScripts.AFS_UserStory_76" name="Review_Plan_Tab">
    <skipped/>
  </testcase> <!-- Review_Plan_Tab -->
  <testcase classname="studi.co.testScripts.AFS_UserStory_76" name="Recieve_MCQ_Questions_Revision">
    <skipped/>
  </testcase> <!-- Recieve_MCQ_Questions_Revision -->
  <testcase classname="studi.co.testScripts.AFS_UserStory_76" name="View_Chapter_Details">
    <skipped/>
  </testcase> <!-- View_Chapter_Details -->
  <testcase classname="studi.co.testScripts.AFS_UserStory_76" name="TC14_Verify_Answer_Options__In_Practice">
    <skipped/>
  </testcase> <!-- TC14_Verify_Answer_Options__In_Practice -->
  <testcase classname="studi.co.testScripts.AFS_UserStory_76" name="TC12_Verify_MCQ_Questions_In_Pratice">
    <skipped/>
  </testcase> <!-- TC12_Verify_MCQ_Questions_In_Pratice -->
  <testcase classname="studi.co.testScripts.AFS_UserStory_76" name="Confirm_Syllabus_Tab">
    <skipped/>
  </testcase> <!-- Confirm_Syllabus_Tab -->
  <testcase classname="studi.co.testScripts.AFS_UserStory_76" name="TC08_Verify_Feedback_For_Answers_In_Revision">
    <skipped/>
  </testcase> <!-- TC08_Verify_Feedback_For_Answers_In_Revision -->
  <testcase classname="studi.co.testScripts.AFS_UserStory_76" name="Mark_Completed_In_School_Manaually">
    <skipped/>
  </testcase> <!-- Mark_Completed_In_School_Manaually -->
  <testcase classname="studi.co.testScripts.AFS_UserStory_76" name="Completed_In_School_Status_Chapter">
    <skipped/>
  </testcase> <!-- Completed_In_School_Status_Chapter -->
  <testcase classname="studi.co.testScripts.AFS_UserStory_76" name="View_Chapter_Listing_Page_Content">
    <skipped/>
  </testcase> <!-- View_Chapter_Listing_Page_Content -->
  <testcase classname="studi.co.testScripts.AFS_UserStory_76" name="TC03_Verify_RadioButtons_For_Answers_In_Revision">
    <skipped/>
  </testcase> <!-- TC03_Verify_RadioButtons_For_Answers_In_Revision -->
  <testcase classname="studi.co.testScripts.AFS_UserStory_76" name="TC20_Verify_Attempts_In_Practice_Module">
    <skipped/>
  </testcase> <!-- TC20_Verify_Attempts_In_Practice_Module -->
  <testcase classname="studi.co.testScripts.AFS_UserStory_76" name="Verify_Create_Study_Plan">
    <skipped/>
  </testcase> <!-- Verify_Create_Study_Plan -->
  <testcase classname="studi.co.testScripts.AFS_UserStory_76" name="TC15_Verify_Answers_Are_Selectable_And_Deselectable_In_Practice">
    <skipped/>
  </testcase> <!-- TC15_Verify_Answers_Are_Selectable_And_Deselectable_In_Practice -->
  <testcase classname="studi.co.testScripts.AFS_UserStory_76" name="TC03_Verify_Answer_Options_In_Revision">
    <skipped/>
  </testcase> <!-- TC03_Verify_Answer_Options_In_Revision -->
  <testcase classname="studi.co.testScripts.AFS_UserStory_76" name="Navigate_Revision_From_Topic_Listing">
    <skipped/>
  </testcase> <!-- Navigate_Revision_From_Topic_Listing -->
  <testcase classname="studi.co.testScripts.AFS_UserStory_76" name="Confirm_Syllabus_Page_Tappable">
    <skipped/>
  </testcase> <!-- Confirm_Syllabus_Page_Tappable -->
  <testcase classname="studi.co.testScripts.AFS_UserStory_76" name="TC10_Select_All_Answers_And_Verify_Feedback">
    <skipped/>
  </testcase> <!-- TC10_Select_All_Answers_And_Verify_Feedback -->
  <testcase classname="studi.co.testScripts.AFS_UserStory_76" name="TC11_Verify_Abandon_Quiz_From_Revision">
    <skipped/>
  </testcase> <!-- TC11_Verify_Abandon_Quiz_From_Revision -->
  <testcase classname="studi.co.testScripts.AFS_UserStory_76" name="Recieve_MCQ_Questions_DefaultState">
    <skipped/>
  </testcase> <!-- Recieve_MCQ_Questions_DefaultState -->
  <testcase classname="studi.co.testScripts.AFS_UserStory_76" name="Mark_Excluded_From_Syllabus_Manually">
    <skipped/>
  </testcase> <!-- Mark_Excluded_From_Syllabus_Manually -->
  <testcase classname="studi.co.testScripts.AFS_UserStory_76" name="TC18_Verify_Answer_Feedback_In_Practice">
    <skipped/>
  </testcase> <!-- TC18_Verify_Answer_Feedback_In_Practice -->
</testsuite> <!-- studi.co.testScripts.AFS_UserStory_76 -->
