<?xml version="1.0" encoding="UTF-8"?>
<!-- Generated by org.testng.reporters.JUnitReportReporter -->
<testsuite hostname="DESKTOP-T777DIF" name="studi.co.testScripts.Login" tests="1" failures="0" timestamp="3 Dec 2020 15:11:58 GMT" time="0.015" errors="1">
  <testcase name="Validate_Login" time="0.015" classname="studi.co.testScripts.Login">
    <error type="org.testng.TestNGException" message="
Parameter &#039;type&#039; is required by @Configuration on method setUpDriver but has not been marked @Optional or defined
in C:\Users\Admin\git\TATA_Studi\testng.xml">
      <![CDATA[org.testng.TestNGException: 
Parameter 'type' is required by @Configuration on method setUpDriver but has not been marked @Optional or defined
in C:\Users\Admin\git\TATA_Studi\testng.xml
	at org.testng.internal.Parameters.createParameters(Parameters.java:159)
	at org.testng.internal.Parameters.createParameters(Parameters.java:372)
	at org.testng.internal.Parameters.createConfigurationParameters(Parameters.java:90)
	at org.testng.internal.Invoker.invokeConfigurations(Invoker.java:199)
	at org.testng.internal.Invoker.invokeConfigurations(Invoker.java:140)
	at org.testng.SuiteRunner.privateRun(SuiteRunner.java:296)
	at org.testng.SuiteRunner.run(SuiteRunner.java:259)
	at org.testng.SuiteRunnerWorker.runSuite(SuiteRunnerWorker.java:52)
	at org.testng.SuiteRunnerWorker.run(SuiteRunnerWorker.java:86)
	at org.testng.TestNG.runSuitesSequentially(TestNG.java:1200)
	at org.testng.TestNG.runSuitesLocally(TestNG.java:1125)
	at org.testng.TestNG.run(TestNG.java:1033)
	at org.testng.remote.RemoteTestNG.run(RemoteTestNG.java:111)
	at org.testng.remote.RemoteTestNG.initAndRun(RemoteTestNG.java:204)
	at org.testng.remote.RemoteTestNG.main(RemoteTestNG.java:175)
]]>
    </error>
  </testcase> <!-- Validate_Login -->
</testsuite> <!-- studi.co.testScripts.Login -->
